<?xml version="1.0" encoding="UTF-8"?>
<testsuite xmlns:xsi="http://www.w3.org/2001/XMLSchema-instance" xsi:noNamespaceSchemaLocation="https://maven.apache.org/surefire/maven-surefire-plugin/xsd/surefire-test-report.xsd" name="com.willpower.clap.web.controller.HomeControllerTest" time="18.337" tests="1" errors="1" skipped="0" failures="0">
  <properties>
    <property name="gopherProxySet" value="false"/>
    <property name="awt.toolkit" value="sun.lwawt.macosx.LWCToolkit"/>
    <property name="file.encoding.pkg" value="sun.io"/>
    <property name="java.specification.version" value="1.8"/>
    <property name="sun.cpu.isalist" value=""/>
    <property name="sun.jnu.encoding" value="UTF-8"/>
    <property name="java.class.path" value="/Users/didi/cf-work/workspace/clap/clap-web/target/test-classes:/Users/didi/cf-work/workspace/clap/clap-web/target/classes:/Users/didi/cf-work/workspace/clap/clap-service/target/clap-service-0.0.1-SNAPSHOT.jar:/Users/didi/cf-work/workspace/clap/clap-model/target/clap-model-0.0.1-SNAPSHOT.jar:/Users/didi/cf-work/workspace/clap/clap-util/target/clap-util-0.0.1-SNAPSHOT.jar:/Users/didi/.m2/repository/org/springframework/spring-context/5.1.5.RELEASE/spring-context-5.1.5.RELEASE.jar:/Users/didi/.m2/repository/com/alibaba/fastjson/1.2.51/fastjson-1.2.51.jar:/Users/didi/cf-work/workspace/clap/clap-api/target/clap-api-0.0.1-SNAPSHOT.jar:/Users/didi/.m2/repository/org/apache/commons/commons-lang3/3.8.1/commons-lang3-3.8.1.jar:/Users/didi/cf-work/workspace/clap/clap-shiro/target/clap-shiro-0.0.1-SNAPSHOT.jar:/Users/didi/.m2/repository/org/apache/shiro/shiro-ehcache/1.4.0/shiro-ehcache-1.4.0.jar:/Users/didi/.m2/repository/org/apache/shiro/shiro-cache/1.4.0/shiro-cache-1.4.0.jar:/Users/didi/.m2/repository/org/springframework/boot/spring-boot-starter/2.1.3.RELEASE/spring-boot-starter-2.1.3.RELEASE.jar:/Users/didi/.m2/repository/org/springframework/boot/spring-boot/2.1.3.RELEASE/spring-boot-2.1.3.RELEASE.jar:/Users/didi/.m2/repository/org/springframework/boot/spring-boot-autoconfigure/2.1.3.RELEASE/spring-boot-autoconfigure-2.1.3.RELEASE.jar:/Users/didi/.m2/repository/org/springframework/boot/spring-boot-starter-logging/2.1.3.RELEASE/spring-boot-starter-logging-2.1.3.RELEASE.jar:/Users/didi/.m2/repository/ch/qos/logback/logback-classic/1.2.3/logback-classic-1.2.3.jar:/Users/didi/.m2/repository/ch/qos/logback/logback-core/1.2.3/logback-core-1.2.3.jar:/Users/didi/.m2/repository/org/apache/logging/log4j/log4j-to-slf4j/2.11.2/log4j-to-slf4j-2.11.2.jar:/Users/didi/.m2/repository/org/apache/logging/log4j/log4j-api/2.11.2/log4j-api-2.11.2.jar:/Users/didi/.m2/repository/org/slf4j/jul-to-slf4j/1.7.25/jul-to-slf4j-1.7.25.jar:/Users/didi/.m2/repository/javax/annotation/javax.annotation-api/1.3.2/javax.annotation-api-1.3.2.jar:/Users/didi/.m2/repository/org/springframework/spring-core/5.1.5.RELEASE/spring-core-5.1.5.RELEASE.jar:/Users/didi/.m2/repository/org/springframework/spring-jcl/5.1.5.RELEASE/spring-jcl-5.1.5.RELEASE.jar:/Users/didi/.m2/repository/org/yaml/snakeyaml/1.23/snakeyaml-1.23.jar:/Users/didi/.m2/repository/org/springframework/boot/spring-boot-starter-test/2.1.3.RELEASE/spring-boot-starter-test-2.1.3.RELEASE.jar:/Users/didi/.m2/repository/org/springframework/boot/spring-boot-test/2.1.3.RELEASE/spring-boot-test-2.1.3.RELEASE.jar:/Users/didi/.m2/repository/org/springframework/boot/spring-boot-test-autoconfigure/2.1.3.RELEASE/spring-boot-test-autoconfigure-2.1.3.RELEASE.jar:/Users/didi/.m2/repository/com/jayway/jsonpath/json-path/2.4.0/json-path-2.4.0.jar:/Users/didi/.m2/repository/net/minidev/json-smart/2.3/json-smart-2.3.jar:/Users/didi/.m2/repository/net/minidev/accessors-smart/1.2/accessors-smart-1.2.jar:/Users/didi/.m2/repository/org/ow2/asm/asm/5.0.4/asm-5.0.4.jar:/Users/didi/.m2/repository/junit/junit/4.12/junit-4.12.jar:/Users/didi/.m2/repository/org/assertj/assertj-core/3.11.1/assertj-core-3.11.1.jar:/Users/didi/.m2/repository/org/mockito/mockito-core/2.23.4/mockito-core-2.23.4.jar:/Users/didi/.m2/repository/net/bytebuddy/byte-buddy/1.9.10/byte-buddy-1.9.10.jar:/Users/didi/.m2/repository/net/bytebuddy/byte-buddy-agent/1.9.10/byte-buddy-agent-1.9.10.jar:/Users/didi/.m2/repository/org/objenesis/objenesis/2.6/objenesis-2.6.jar:/Users/didi/.m2/repository/org/hamcrest/hamcrest-core/1.3/hamcrest-core-1.3.jar:/Users/didi/.m2/repository/org/hamcrest/hamcrest-library/1.3/hamcrest-library-1.3.jar:/Users/didi/.m2/repository/org/skyscreamer/jsonassert/1.5.0/jsonassert-1.5.0.jar:/Users/didi/.m2/repository/com/vaadin/external/google/android-json/0.0.20131108.vaadin1/android-json-0.0.20131108.vaadin1.jar:/Users/didi/.m2/repository/org/springframework/spring-test/5.1.5.RELEASE/spring-test-5.1.5.RELEASE.jar:/Users/didi/.m2/repository/org/xmlunit/xmlunit-core/2.6.2/xmlunit-core-2.6.2.jar:/Users/didi/.m2/repository/org/springframework/boot/spring-boot-starter-web/2.2.0.M1/spring-boot-starter-web-2.2.0.M1.jar:/Users/didi/.m2/repository/org/springframework/boot/spring-boot-starter-json/2.1.3.RELEASE/spring-boot-starter-json-2.1.3.RELEASE.jar:/Users/didi/.m2/repository/com/fasterxml/jackson/core/jackson-databind/2.9.8/jackson-databind-2.9.8.jar:/Users/didi/.m2/repository/com/fasterxml/jackson/core/jackson-core/2.9.8/jackson-core-2.9.8.jar:/Users/didi/.m2/repository/com/fasterxml/jackson/datatype/jackson-datatype-jdk8/2.9.8/jackson-datatype-jdk8-2.9.8.jar:/Users/didi/.m2/repository/com/fasterxml/jackson/datatype/jackson-datatype-jsr310/2.9.8/jackson-datatype-jsr310-2.9.8.jar:/Users/didi/.m2/repository/com/fasterxml/jackson/module/jackson-module-parameter-names/2.9.8/jackson-module-parameter-names-2.9.8.jar:/Users/didi/.m2/repository/org/springframework/boot/spring-boot-starter-tomcat/2.1.3.RELEASE/spring-boot-starter-tomcat-2.1.3.RELEASE.jar:/Users/didi/.m2/repository/org/apache/tomcat/embed/tomcat-embed-core/9.0.16/tomcat-embed-core-9.0.16.jar:/Users/didi/.m2/repository/org/apache/tomcat/embed/tomcat-embed-el/9.0.16/tomcat-embed-el-9.0.16.jar:/Users/didi/.m2/repository/org/apache/tomcat/embed/tomcat-embed-websocket/9.0.16/tomcat-embed-websocket-9.0.16.jar:/Users/didi/.m2/repository/jakarta/validation/jakarta.validation-api/2.0.1/jakarta.validation-api-2.0.1.jar:/Users/didi/.m2/repository/org/hibernate/validator/hibernate-validator/6.0.14.Final/hibernate-validator-6.0.14.Final.jar:/Users/didi/.m2/repository/org/jboss/logging/jboss-logging/3.3.2.Final/jboss-logging-3.3.2.Final.jar:/Users/didi/.m2/repository/org/springframework/spring-webmvc/5.1.5.RELEASE/spring-webmvc-5.1.5.RELEASE.jar:/Users/didi/.m2/repository/org/springframework/spring-aop/5.1.5.RELEASE/spring-aop-5.1.5.RELEASE.jar:/Users/didi/.m2/repository/org/springframework/spring-expression/5.1.5.RELEASE/spring-expression-5.1.5.RELEASE.jar:/Users/didi/.m2/repository/org/springframework/spring-web/5.1.2.RELEASE/spring-web-5.1.2.RELEASE.jar:/Users/didi/.m2/repository/org/springframework/spring-beans/5.1.5.RELEASE/spring-beans-5.1.5.RELEASE.jar:/Users/didi/.m2/repository/org/springframework/boot/spring-boot-starter-thymeleaf/2.1.3.RELEASE/spring-boot-starter-thymeleaf-2.1.3.RELEASE.jar:/Users/didi/.m2/repository/org/thymeleaf/thymeleaf-spring5/3.0.11.RELEASE/thymeleaf-spring5-3.0.11.RELEASE.jar:/Users/didi/.m2/repository/org/thymeleaf/extras/thymeleaf-extras-java8time/3.0.3.RELEASE/thymeleaf-extras-java8time-3.0.3.RELEASE.jar:/Users/didi/.m2/repository/org/springframework/boot/spring-boot-starter-data-jpa/2.1.3.RELEASE/spring-boot-starter-data-jpa-2.1.3.RELEASE.jar:/Users/didi/.m2/repository/org/springframework/boot/spring-boot-starter-aop/2.1.3.RELEASE/spring-boot-starter-aop-2.1.3.RELEASE.jar:/Users/didi/.m2/repository/org/aspectj/aspectjweaver/1.9.2/aspectjweaver-1.9.2.jar:/Users/didi/.m2/repository/org/springframework/boot/spring-boot-starter-jdbc/2.1.3.RELEASE/spring-boot-starter-jdbc-2.1.3.RELEASE.jar:/Users/didi/.m2/repository/com/zaxxer/HikariCP/3.2.0/HikariCP-3.2.0.jar:/Users/didi/.m2/repository/org/springframework/spring-jdbc/5.1.5.RELEASE/spring-jdbc-5.1.5.RELEASE.jar:/Users/didi/.m2/repository/javax/transaction/javax.transaction-api/1.3/javax.transaction-api-1.3.jar:/Users/didi/.m2/repository/javax/xml/bind/jaxb-api/2.3.1/jaxb-api-2.3.1.jar:/Users/didi/.m2/repository/javax/activation/javax.activation-api/1.2.0/javax.activation-api-1.2.0.jar:/Users/didi/.m2/repository/org/hibernate/hibernate-core/5.3.7.Final/hibernate-core-5.3.7.Final.jar:/Users/didi/.m2/repository/javax/persistence/javax.persistence-api/2.2/javax.persistence-api-2.2.jar:/Users/didi/.m2/repository/org/javassist/javassist/3.23.1-GA/javassist-3.23.1-GA.jar:/Users/didi/.m2/repository/antlr/antlr/2.7.7/antlr-2.7.7.jar:/Users/didi/.m2/repository/org/jboss/jandex/2.0.5.Final/jandex-2.0.5.Final.jar:/Users/didi/.m2/repository/org/dom4j/dom4j/2.1.1/dom4j-2.1.1.jar:/Users/didi/.m2/repository/org/hibernate/common/hibernate-commons-annotations/5.0.4.Final/hibernate-commons-annotations-5.0.4.Final.jar:/Users/didi/.m2/repository/org/springframework/data/spring-data-jpa/2.1.5.RELEASE/spring-data-jpa-2.1.5.RELEASE.jar:/Users/didi/.m2/repository/org/springframework/data/spring-data-commons/2.1.5.RELEASE/spring-data-commons-2.1.5.RELEASE.jar:/Users/didi/.m2/repository/org/springframework/spring-orm/5.1.5.RELEASE/spring-orm-5.1.5.RELEASE.jar:/Users/didi/.m2/repository/org/springframework/spring-tx/5.1.5.RELEASE/spring-tx-5.1.5.RELEASE.jar:/Users/didi/.m2/repository/org/springframework/spring-aspects/5.1.5.RELEASE/spring-aspects-5.1.5.RELEASE.jar:/Users/didi/.m2/repository/org/mybatis/spring/boot/mybatis-spring-boot-starter/1.3.0/mybatis-spring-boot-starter-1.3.0.jar:/Users/didi/.m2/repository/org/mybatis/spring/boot/mybatis-spring-boot-autoconfigure/1.3.0/mybatis-spring-boot-autoconfigure-1.3.0.jar:/Users/didi/.m2/repository/org/mybatis/mybatis/3.4.4/mybatis-3.4.4.jar:/Users/didi/.m2/repository/org/mybatis/mybatis-spring/1.3.1/mybatis-spring-1.3.1.jar:/Users/didi/.m2/repository/mysql/mysql-connector-java/5.1.41/mysql-connector-java-5.1.41.jar:/Users/didi/.m2/repository/net/sourceforge/nekohtml/nekohtml/1.9.22/nekohtml-1.9.22.jar:/Users/didi/.m2/repository/xerces/xercesImpl/2.11.0/xercesImpl-2.11.0.jar:/Users/didi/.m2/repository/xml-apis/xml-apis/1.4.01/xml-apis-1.4.01.jar:/Users/didi/.m2/repository/org/projectlombok/lombok/1.18.6/lombok-1.18.6.jar:/Users/didi/.m2/repository/org/thymeleaf/thymeleaf-spring4/3.0.11.RELEASE/thymeleaf-spring4-3.0.11.RELEASE.jar:/Users/didi/.m2/repository/org/slf4j/slf4j-api/1.7.25/slf4j-api-1.7.25.jar:/Users/didi/.m2/repository/org/thymeleaf/thymeleaf/3.0.11.RELEASE/thymeleaf-3.0.11.RELEASE.jar:/Users/didi/.m2/repository/ognl/ognl/3.1.12/ognl-3.1.12.jar:/Users/didi/.m2/repository/org/attoparser/attoparser/2.0.5.RELEASE/attoparser-2.0.5.RELEASE.jar:/Users/didi/.m2/repository/org/unbescape/unbescape/1.1.6.RELEASE/unbescape-1.1.6.RELEASE.jar:/Users/didi/.m2/repository/org/apache/shiro/shiro-spring/1.4.0/shiro-spring-1.4.0.jar:/Users/didi/.m2/repository/org/apache/shiro/shiro-core/1.4.0/shiro-core-1.4.0.jar:/Users/didi/.m2/repository/org/apache/shiro/shiro-lang/1.4.0/shiro-lang-1.4.0.jar:/Users/didi/.m2/repository/org/apache/shiro/shiro-crypto-hash/1.4.0/shiro-crypto-hash-1.4.0.jar:/Users/didi/.m2/repository/org/apache/shiro/shiro-crypto-core/1.4.0/shiro-crypto-core-1.4.0.jar:/Users/didi/.m2/repository/org/apache/shiro/shiro-crypto-cipher/1.4.0/shiro-crypto-cipher-1.4.0.jar:/Users/didi/.m2/repository/org/apache/shiro/shiro-config-core/1.4.0/shiro-config-core-1.4.0.jar:/Users/didi/.m2/repository/org/apache/shiro/shiro-config-ogdl/1.4.0/shiro-config-ogdl-1.4.0.jar:/Users/didi/.m2/repository/commons-beanutils/commons-beanutils/1.9.3/commons-beanutils-1.9.3.jar:/Users/didi/.m2/repository/commons-collections/commons-collections/3.2.2/commons-collections-3.2.2.jar:/Users/didi/.m2/repository/org/apache/shiro/shiro-event/1.4.0/shiro-event-1.4.0.jar:/Users/didi/.m2/repository/org/apache/shiro/shiro-web/1.4.0/shiro-web-1.4.0.jar:/Users/didi/.m2/repository/net/sf/ehcache/ehcache-core/2.6.11/ehcache-core-2.6.11.jar:/Users/didi/.m2/repository/com/github/pagehelper/pagehelper-spring-boot-starter/1.2.5/pagehelper-spring-boot-starter-1.2.5.jar:/Users/didi/.m2/repository/com/github/pagehelper/pagehelper-spring-boot-autoconfigure/1.2.5/pagehelper-spring-boot-autoconfigure-1.2.5.jar:/Users/didi/.m2/repository/com/github/pagehelper/pagehelper/5.1.4/pagehelper-5.1.4.jar:/Users/didi/.m2/repository/com/github/jsqlparser/jsqlparser/1.0/jsqlparser-1.0.jar:/Users/didi/.m2/repository/io/springfox/springfox-swagger2/2.6.1/springfox-swagger2-2.6.1.jar:/Users/didi/.m2/repository/io/swagger/swagger-annotations/1.5.10/swagger-annotations-1.5.10.jar:/Users/didi/.m2/repository/io/swagger/swagger-models/1.5.10/swagger-models-1.5.10.jar:/Users/didi/.m2/repository/com/fasterxml/jackson/core/jackson-annotations/2.9.0/jackson-annotations-2.9.0.jar:/Users/didi/.m2/repository/io/springfox/springfox-spi/2.6.1/springfox-spi-2.6.1.jar:/Users/didi/.m2/repository/io/springfox/springfox-core/2.6.1/springfox-core-2.6.1.jar:/Users/didi/.m2/repository/io/springfox/springfox-schema/2.6.1/springfox-schema-2.6.1.jar:/Users/didi/.m2/repository/io/springfox/springfox-swagger-common/2.6.1/springfox-swagger-common-2.6.1.jar:/Users/didi/.m2/repository/io/springfox/springfox-spring-web/2.6.1/springfox-spring-web-2.6.1.jar:/Users/didi/.m2/repository/com/google/guava/guava/18.0/guava-18.0.jar:/Users/didi/.m2/repository/com/fasterxml/classmate/1.4.0/classmate-1.4.0.jar:/Users/didi/.m2/repository/org/springframework/plugin/spring-plugin-core/1.2.0.RELEASE/spring-plugin-core-1.2.0.RELEASE.jar:/Users/didi/.m2/repository/org/springframework/plugin/spring-plugin-metadata/1.2.0.RELEASE/spring-plugin-metadata-1.2.0.RELEASE.jar:/Users/didi/.m2/repository/org/mapstruct/mapstruct/1.0.0.Final/mapstruct-1.0.0.Final.jar:/Users/didi/.m2/repository/io/springfox/springfox-swagger-ui/2.6.1/springfox-swagger-ui-2.6.1.jar:"/>
    <property name="java.vm.vendor" value="Oracle Corporation"/>
    <property name="sun.arch.data.model" value="64"/>
    <property name="java.vendor.url" value="http://java.oracle.com/"/>
    <property name="user.timezone" value=""/>
    <property name="java.vm.specification.version" value="1.8"/>
    <property name="os.name" value="Mac OS X"/>
    <property name="user.country" value="CN"/>
    <property name="sun.java.launcher" value="SUN_STANDARD"/>
    <property name="sun.boot.library.path" value="/Library/Java/JavaVirtualMachines/jdk1.8.0_131.jdk/Contents/Home/jre/lib"/>
    <property name="sun.java.command" value="/Users/didi/cf-work/workspace/clap/clap-web/target/surefire/surefirebooter3730771382365934699.jar /Users/didi/cf-work/workspace/clap/clap-web/target/surefire 2019-04-22T16-43-34_042-jvmRun1 surefire2592254897089216718tmp surefire_05551402733489958644tmp"/>
    <property name="surefire.test.class.path" value="/Users/didi/cf-work/workspace/clap/clap-web/target/test-classes:/Users/didi/cf-work/workspace/clap/clap-web/target/classes:/Users/didi/cf-work/workspace/clap/clap-service/target/clap-service-0.0.1-SNAPSHOT.jar:/Users/didi/cf-work/workspace/clap/clap-model/target/clap-model-0.0.1-SNAPSHOT.jar:/Users/didi/cf-work/workspace/clap/clap-util/target/clap-util-0.0.1-SNAPSHOT.jar:/Users/didi/.m2/repository/org/springframework/spring-context/5.1.5.RELEASE/spring-context-5.1.5.RELEASE.jar:/Users/didi/.m2/repository/com/alibaba/fastjson/1.2.51/fastjson-1.2.51.jar:/Users/didi/cf-work/workspace/clap/clap-api/target/clap-api-0.0.1-SNAPSHOT.jar:/Users/didi/.m2/repository/org/apache/commons/commons-lang3/3.8.1/commons-lang3-3.8.1.jar:/Users/didi/cf-work/workspace/clap/clap-shiro/target/clap-shiro-0.0.1-SNAPSHOT.jar:/Users/didi/.m2/repository/org/apache/shiro/shiro-ehcache/1.4.0/shiro-ehcache-1.4.0.jar:/Users/didi/.m2/repository/org/apache/shiro/shiro-cache/1.4.0/shiro-cache-1.4.0.jar:/Users/didi/.m2/repository/org/springframework/boot/spring-boot-starter/2.1.3.RELEASE/spring-boot-starter-2.1.3.RELEASE.jar:/Users/didi/.m2/repository/org/springframework/boot/spring-boot/2.1.3.RELEASE/spring-boot-2.1.3.RELEASE.jar:/Users/didi/.m2/repository/org/springframework/boot/spring-boot-autoconfigure/2.1.3.RELEASE/spring-boot-autoconfigure-2.1.3.RELEASE.jar:/Users/didi/.m2/repository/org/springframework/boot/spring-boot-starter-logging/2.1.3.RELEASE/spring-boot-starter-logging-2.1.3.RELEASE.jar:/Users/didi/.m2/repository/ch/qos/logback/logback-classic/1.2.3/logback-classic-1.2.3.jar:/Users/didi/.m2/repository/ch/qos/logback/logback-core/1.2.3/logback-core-1.2.3.jar:/Users/didi/.m2/repository/org/apache/logging/log4j/log4j-to-slf4j/2.11.2/log4j-to-slf4j-2.11.2.jar:/Users/didi/.m2/repository/org/apache/logging/log4j/log4j-api/2.11.2/log4j-api-2.11.2.jar:/Users/didi/.m2/repository/org/slf4j/jul-to-slf4j/1.7.25/jul-to-slf4j-1.7.25.jar:/Users/didi/.m2/repository/javax/annotation/javax.annotation-api/1.3.2/javax.annotation-api-1.3.2.jar:/Users/didi/.m2/repository/org/springframework/spring-core/5.1.5.RELEASE/spring-core-5.1.5.RELEASE.jar:/Users/didi/.m2/repository/org/springframework/spring-jcl/5.1.5.RELEASE/spring-jcl-5.1.5.RELEASE.jar:/Users/didi/.m2/repository/org/yaml/snakeyaml/1.23/snakeyaml-1.23.jar:/Users/didi/.m2/repository/org/springframework/boot/spring-boot-starter-test/2.1.3.RELEASE/spring-boot-starter-test-2.1.3.RELEASE.jar:/Users/didi/.m2/repository/org/springframework/boot/spring-boot-test/2.1.3.RELEASE/spring-boot-test-2.1.3.RELEASE.jar:/Users/didi/.m2/repository/org/springframework/boot/spring-boot-test-autoconfigure/2.1.3.RELEASE/spring-boot-test-autoconfigure-2.1.3.RELEASE.jar:/Users/didi/.m2/repository/com/jayway/jsonpath/json-path/2.4.0/json-path-2.4.0.jar:/Users/didi/.m2/repository/net/minidev/json-smart/2.3/json-smart-2.3.jar:/Users/didi/.m2/repository/net/minidev/accessors-smart/1.2/accessors-smart-1.2.jar:/Users/didi/.m2/repository/org/ow2/asm/asm/5.0.4/asm-5.0.4.jar:/Users/didi/.m2/repository/junit/junit/4.12/junit-4.12.jar:/Users/didi/.m2/repository/org/assertj/assertj-core/3.11.1/assertj-core-3.11.1.jar:/Users/didi/.m2/repository/org/mockito/mockito-core/2.23.4/mockito-core-2.23.4.jar:/Users/didi/.m2/repository/net/bytebuddy/byte-buddy/1.9.10/byte-buddy-1.9.10.jar:/Users/didi/.m2/repository/net/bytebuddy/byte-buddy-agent/1.9.10/byte-buddy-agent-1.9.10.jar:/Users/didi/.m2/repository/org/objenesis/objenesis/2.6/objenesis-2.6.jar:/Users/didi/.m2/repository/org/hamcrest/hamcrest-core/1.3/hamcrest-core-1.3.jar:/Users/didi/.m2/repository/org/hamcrest/hamcrest-library/1.3/hamcrest-library-1.3.jar:/Users/didi/.m2/repository/org/skyscreamer/jsonassert/1.5.0/jsonassert-1.5.0.jar:/Users/didi/.m2/repository/com/vaadin/external/google/android-json/0.0.20131108.vaadin1/android-json-0.0.20131108.vaadin1.jar:/Users/didi/.m2/repository/org/springframework/spring-test/5.1.5.RELEASE/spring-test-5.1.5.RELEASE.jar:/Users/didi/.m2/repository/org/xmlunit/xmlunit-core/2.6.2/xmlunit-core-2.6.2.jar:/Users/didi/.m2/repository/org/springframework/boot/spring-boot-starter-web/2.2.0.M1/spring-boot-starter-web-2.2.0.M1.jar:/Users/didi/.m2/repository/org/springframework/boot/spring-boot-starter-json/2.1.3.RELEASE/spring-boot-starter-json-2.1.3.RELEASE.jar:/Users/didi/.m2/repository/com/fasterxml/jackson/core/jackson-databind/2.9.8/jackson-databind-2.9.8.jar:/Users/didi/.m2/repository/com/fasterxml/jackson/core/jackson-core/2.9.8/jackson-core-2.9.8.jar:/Users/didi/.m2/repository/com/fasterxml/jackson/datatype/jackson-datatype-jdk8/2.9.8/jackson-datatype-jdk8-2.9.8.jar:/Users/didi/.m2/repository/com/fasterxml/jackson/datatype/jackson-datatype-jsr310/2.9.8/jackson-datatype-jsr310-2.9.8.jar:/Users/didi/.m2/repository/com/fasterxml/jackson/module/jackson-module-parameter-names/2.9.8/jackson-module-parameter-names-2.9.8.jar:/Users/didi/.m2/repository/org/springframework/boot/spring-boot-starter-tomcat/2.1.3.RELEASE/spring-boot-starter-tomcat-2.1.3.RELEASE.jar:/Users/didi/.m2/repository/org/apache/tomcat/embed/tomcat-embed-core/9.0.16/tomcat-embed-core-9.0.16.jar:/Users/didi/.m2/repository/org/apache/tomcat/embed/tomcat-embed-el/9.0.16/tomcat-embed-el-9.0.16.jar:/Users/didi/.m2/repository/org/apache/tomcat/embed/tomcat-embed-websocket/9.0.16/tomcat-embed-websocket-9.0.16.jar:/Users/didi/.m2/repository/jakarta/validation/jakarta.validation-api/2.0.1/jakarta.validation-api-2.0.1.jar:/Users/didi/.m2/repository/org/hibernate/validator/hibernate-validator/6.0.14.Final/hibernate-validator-6.0.14.Final.jar:/Users/didi/.m2/repository/org/jboss/logging/jboss-logging/3.3.2.Final/jboss-logging-3.3.2.Final.jar:/Users/didi/.m2/repository/org/springframework/spring-webmvc/5.1.5.RELEASE/spring-webmvc-5.1.5.RELEASE.jar:/Users/didi/.m2/repository/org/springframework/spring-aop/5.1.5.RELEASE/spring-aop-5.1.5.RELEASE.jar:/Users/didi/.m2/repository/org/springframework/spring-expression/5.1.5.RELEASE/spring-expression-5.1.5.RELEASE.jar:/Users/didi/.m2/repository/org/springframework/spring-web/5.1.2.RELEASE/spring-web-5.1.2.RELEASE.jar:/Users/didi/.m2/repository/org/springframework/spring-beans/5.1.5.RELEASE/spring-beans-5.1.5.RELEASE.jar:/Users/didi/.m2/repository/org/springframework/boot/spring-boot-starter-thymeleaf/2.1.3.RELEASE/spring-boot-starter-thymeleaf-2.1.3.RELEASE.jar:/Users/didi/.m2/repository/org/thymeleaf/thymeleaf-spring5/3.0.11.RELEASE/thymeleaf-spring5-3.0.11.RELEASE.jar:/Users/didi/.m2/repository/org/thymeleaf/extras/thymeleaf-extras-java8time/3.0.3.RELEASE/thymeleaf-extras-java8time-3.0.3.RELEASE.jar:/Users/didi/.m2/repository/org/springframework/boot/spring-boot-starter-data-jpa/2.1.3.RELEASE/spring-boot-starter-data-jpa-2.1.3.RELEASE.jar:/Users/didi/.m2/repository/org/springframework/boot/spring-boot-starter-aop/2.1.3.RELEASE/spring-boot-starter-aop-2.1.3.RELEASE.jar:/Users/didi/.m2/repository/org/aspectj/aspectjweaver/1.9.2/aspectjweaver-1.9.2.jar:/Users/didi/.m2/repository/org/springframework/boot/spring-boot-starter-jdbc/2.1.3.RELEASE/spring-boot-starter-jdbc-2.1.3.RELEASE.jar:/Users/didi/.m2/repository/com/zaxxer/HikariCP/3.2.0/HikariCP-3.2.0.jar:/Users/didi/.m2/repository/org/springframework/spring-jdbc/5.1.5.RELEASE/spring-jdbc-5.1.5.RELEASE.jar:/Users/didi/.m2/repository/javax/transaction/javax.transaction-api/1.3/javax.transaction-api-1.3.jar:/Users/didi/.m2/repository/javax/xml/bind/jaxb-api/2.3.1/jaxb-api-2.3.1.jar:/Users/didi/.m2/repository/javax/activation/javax.activation-api/1.2.0/javax.activation-api-1.2.0.jar:/Users/didi/.m2/repository/org/hibernate/hibernate-core/5.3.7.Final/hibernate-core-5.3.7.Final.jar:/Users/didi/.m2/repository/javax/persistence/javax.persistence-api/2.2/javax.persistence-api-2.2.jar:/Users/didi/.m2/repository/org/javassist/javassist/3.23.1-GA/javassist-3.23.1-GA.jar:/Users/didi/.m2/repository/antlr/antlr/2.7.7/antlr-2.7.7.jar:/Users/didi/.m2/repository/org/jboss/jandex/2.0.5.Final/jandex-2.0.5.Final.jar:/Users/didi/.m2/repository/org/dom4j/dom4j/2.1.1/dom4j-2.1.1.jar:/Users/didi/.m2/repository/org/hibernate/common/hibernate-commons-annotations/5.0.4.Final/hibernate-commons-annotations-5.0.4.Final.jar:/Users/didi/.m2/repository/org/springframework/data/spring-data-jpa/2.1.5.RELEASE/spring-data-jpa-2.1.5.RELEASE.jar:/Users/didi/.m2/repository/org/springframework/data/spring-data-commons/2.1.5.RELEASE/spring-data-commons-2.1.5.RELEASE.jar:/Users/didi/.m2/repository/org/springframework/spring-orm/5.1.5.RELEASE/spring-orm-5.1.5.RELEASE.jar:/Users/didi/.m2/repository/org/springframework/spring-tx/5.1.5.RELEASE/spring-tx-5.1.5.RELEASE.jar:/Users/didi/.m2/repository/org/springframework/spring-aspects/5.1.5.RELEASE/spring-aspects-5.1.5.RELEASE.jar:/Users/didi/.m2/repository/org/mybatis/spring/boot/mybatis-spring-boot-starter/1.3.0/mybatis-spring-boot-starter-1.3.0.jar:/Users/didi/.m2/repository/org/mybatis/spring/boot/mybatis-spring-boot-autoconfigure/1.3.0/mybatis-spring-boot-autoconfigure-1.3.0.jar:/Users/didi/.m2/repository/org/mybatis/mybatis/3.4.4/mybatis-3.4.4.jar:/Users/didi/.m2/repository/org/mybatis/mybatis-spring/1.3.1/mybatis-spring-1.3.1.jar:/Users/didi/.m2/repository/mysql/mysql-connector-java/5.1.41/mysql-connector-java-5.1.41.jar:/Users/didi/.m2/repository/net/sourceforge/nekohtml/nekohtml/1.9.22/nekohtml-1.9.22.jar:/Users/didi/.m2/repository/xerces/xercesImpl/2.11.0/xercesImpl-2.11.0.jar:/Users/didi/.m2/repository/xml-apis/xml-apis/1.4.01/xml-apis-1.4.01.jar:/Users/didi/.m2/repository/org/projectlombok/lombok/1.18.6/lombok-1.18.6.jar:/Users/didi/.m2/repository/org/thymeleaf/thymeleaf-spring4/3.0.11.RELEASE/thymeleaf-spring4-3.0.11.RELEASE.jar:/Users/didi/.m2/repository/org/slf4j/slf4j-api/1.7.25/slf4j-api-1.7.25.jar:/Users/didi/.m2/repository/org/thymeleaf/thymeleaf/3.0.11.RELEASE/thymeleaf-3.0.11.RELEASE.jar:/Users/didi/.m2/repository/ognl/ognl/3.1.12/ognl-3.1.12.jar:/Users/didi/.m2/repository/org/attoparser/attoparser/2.0.5.RELEASE/attoparser-2.0.5.RELEASE.jar:/Users/didi/.m2/repository/org/unbescape/unbescape/1.1.6.RELEASE/unbescape-1.1.6.RELEASE.jar:/Users/didi/.m2/repository/org/apache/shiro/shiro-spring/1.4.0/shiro-spring-1.4.0.jar:/Users/didi/.m2/repository/org/apache/shiro/shiro-core/1.4.0/shiro-core-1.4.0.jar:/Users/didi/.m2/repository/org/apache/shiro/shiro-lang/1.4.0/shiro-lang-1.4.0.jar:/Users/didi/.m2/repository/org/apache/shiro/shiro-crypto-hash/1.4.0/shiro-crypto-hash-1.4.0.jar:/Users/didi/.m2/repository/org/apache/shiro/shiro-crypto-core/1.4.0/shiro-crypto-core-1.4.0.jar:/Users/didi/.m2/repository/org/apache/shiro/shiro-crypto-cipher/1.4.0/shiro-crypto-cipher-1.4.0.jar:/Users/didi/.m2/repository/org/apache/shiro/shiro-config-core/1.4.0/shiro-config-core-1.4.0.jar:/Users/didi/.m2/repository/org/apache/shiro/shiro-config-ogdl/1.4.0/shiro-config-ogdl-1.4.0.jar:/Users/didi/.m2/repository/commons-beanutils/commons-beanutils/1.9.3/commons-beanutils-1.9.3.jar:/Users/didi/.m2/repository/commons-collections/commons-collections/3.2.2/commons-collections-3.2.2.jar:/Users/didi/.m2/repository/org/apache/shiro/shiro-event/1.4.0/shiro-event-1.4.0.jar:/Users/didi/.m2/repository/org/apache/shiro/shiro-web/1.4.0/shiro-web-1.4.0.jar:/Users/didi/.m2/repository/net/sf/ehcache/ehcache-core/2.6.11/ehcache-core-2.6.11.jar:/Users/didi/.m2/repository/com/github/pagehelper/pagehelper-spring-boot-starter/1.2.5/pagehelper-spring-boot-starter-1.2.5.jar:/Users/didi/.m2/repository/com/github/pagehelper/pagehelper-spring-boot-autoconfigure/1.2.5/pagehelper-spring-boot-autoconfigure-1.2.5.jar:/Users/didi/.m2/repository/com/github/pagehelper/pagehelper/5.1.4/pagehelper-5.1.4.jar:/Users/didi/.m2/repository/com/github/jsqlparser/jsqlparser/1.0/jsqlparser-1.0.jar:/Users/didi/.m2/repository/io/springfox/springfox-swagger2/2.6.1/springfox-swagger2-2.6.1.jar:/Users/didi/.m2/repository/io/swagger/swagger-annotations/1.5.10/swagger-annotations-1.5.10.jar:/Users/didi/.m2/repository/io/swagger/swagger-models/1.5.10/swagger-models-1.5.10.jar:/Users/didi/.m2/repository/com/fasterxml/jackson/core/jackson-annotations/2.9.0/jackson-annotations-2.9.0.jar:/Users/didi/.m2/repository/io/springfox/springfox-spi/2.6.1/springfox-spi-2.6.1.jar:/Users/didi/.m2/repository/io/springfox/springfox-core/2.6.1/springfox-core-2.6.1.jar:/Users/didi/.m2/repository/io/springfox/springfox-schema/2.6.1/springfox-schema-2.6.1.jar:/Users/didi/.m2/repository/io/springfox/springfox-swagger-common/2.6.1/springfox-swagger-common-2.6.1.jar:/Users/didi/.m2/repository/io/springfox/springfox-spring-web/2.6.1/springfox-spring-web-2.6.1.jar:/Users/didi/.m2/repository/com/google/guava/guava/18.0/guava-18.0.jar:/Users/didi/.m2/repository/com/fasterxml/classmate/1.4.0/classmate-1.4.0.jar:/Users/didi/.m2/repository/org/springframework/plugin/spring-plugin-core/1.2.0.RELEASE/spring-plugin-core-1.2.0.RELEASE.jar:/Users/didi/.m2/repository/org/springframework/plugin/spring-plugin-metadata/1.2.0.RELEASE/spring-plugin-metadata-1.2.0.RELEASE.jar:/Users/didi/.m2/repository/org/mapstruct/mapstruct/1.0.0.Final/mapstruct-1.0.0.Final.jar:/Users/didi/.m2/repository/io/springfox/springfox-swagger-ui/2.6.1/springfox-swagger-ui-2.6.1.jar:"/>
    <property name="sun.cpu.endian" value="little"/>
    <property name="user.home" value="/Users/didi"/>
    <property name="user.language" value="zh"/>
    <property name="java.specification.vendor" value="Oracle Corporation"/>
    <property name="java.home" value="/Library/Java/JavaVirtualMachines/jdk1.8.0_131.jdk/Contents/Home/jre"/>
    <property name="basedir" value="/Users/didi/cf-work/workspace/clap/clap-web"/>
    <property name="file.separator" value="/"/>
    <property name="line.separator" value="&#10;"/>
    <property name="java.vm.specification.vendor" value="Oracle Corporation"/>
    <property name="java.specification.name" value="Java Platform API Specification"/>
    <property name="java.awt.graphicsenv" value="sun.awt.CGraphicsEnvironment"/>
    <property name="surefire.real.class.path" value="/Users/didi/cf-work/workspace/clap/clap-web/target/surefire/surefirebooter3730771382365934699.jar"/>
    <property name="sun.boot.class.path" value="/Library/Java/JavaVirtualMachines/jdk1.8.0_131.jdk/Contents/Home/jre/lib/resources.jar:/Library/Java/JavaVirtualMachines/jdk1.8.0_131.jdk/Contents/Home/jre/lib/rt.jar:/Library/Java/JavaVirtualMachines/jdk1.8.0_131.jdk/Contents/Home/jre/lib/sunrsasign.jar:/Library/Java/JavaVirtualMachines/jdk1.8.0_131.jdk/Contents/Home/jre/lib/jsse.jar:/Library/Java/JavaVirtualMachines/jdk1.8.0_131.jdk/Contents/Home/jre/lib/jce.jar:/Library/Java/JavaVirtualMachines/jdk1.8.0_131.jdk/Contents/Home/jre/lib/charsets.jar:/Library/Java/JavaVirtualMachines/jdk1.8.0_131.jdk/Contents/Home/jre/lib/jfr.jar:/Library/Java/JavaVirtualMachines/jdk1.8.0_131.jdk/Contents/Home/jre/classes"/>
    <property name="sun.management.compiler" value="HotSpot 64-Bit Tiered Compilers"/>
    <property name="java.runtime.version" value="1.8.0_131-b11"/>
    <property name="user.name" value="didi"/>
    <property name="path.separator" value=":"/>
    <property name="os.version" value="10.13.3"/>
    <property name="java.endorsed.dirs" value="/Library/Java/JavaVirtualMachines/jdk1.8.0_131.jdk/Contents/Home/jre/lib/endorsed"/>
    <property name="java.runtime.name" value="Java(TM) SE Runtime Environment"/>
    <property name="file.encoding" value="UTF-8"/>
    <property name="java.vm.name" value="Java HotSpot(TM) 64-Bit Server VM"/>
    <property name="localRepository" value="/Users/didi/.m2/repository"/>
    <property name="java.vendor.url.bug" value="http://bugreport.sun.com/bugreport/"/>
    <property name="java.io.tmpdir" value="/var/folders/tk/v9nks16x3gn6jlfl4qm7s4lr0000gn/T/"/>
    <property name="java.version" value="1.8.0_131"/>
    <property name="user.dir" value="/Users/didi/cf-work/workspace/clap/clap-web"/>
    <property name="os.arch" value="x86_64"/>
    <property name="java.vm.specification.name" value="Java Virtual Machine Specification"/>
    <property name="java.awt.printerjob" value="sun.lwawt.macosx.CPrinterJob"/>
    <property name="sun.os.patch.level" value="unknown"/>
    <property name="java.library.path" value="/Users/didi/Library/Java/Extensions:/Library/Java/Extensions:/Network/Library/Java/Extensions:/System/Library/Java/Extensions:/usr/lib/java:."/>
    <property name="java.vm.info" value="mixed mode"/>
    <property name="java.vendor" value="Oracle Corporation"/>
    <property name="java.vm.version" value="25.131-b11"/>
    <property name="java.ext.dirs" value="/Users/didi/Library/Java/Extensions:/Library/Java/JavaVirtualMachines/jdk1.8.0_131.jdk/Contents/Home/jre/lib/ext:/Library/Java/Extensions:/Network/Library/Java/Extensions:/System/Library/Java/Extensions:/usr/lib/java"/>
    <property name="sun.io.unicode.encoding" value="UnicodeBig"/>
    <property name="java.class.version" value="52.0"/>
  </properties>
  <testcase name="login" classname="com.willpower.clap.web.controller.HomeControllerTest" time="0.376">
    <error message="Request processing failed; nested exception is org.apache.shiro.UnavailableSecurityManagerException: No SecurityManager accessible to the calling code, either bound to the org.apache.shiro.util.ThreadContext or as a vm static singleton.  This is an invalid application configuration." type="org.springframework.web.util.NestedServletException">org.springframework.web.util.NestedServletException: Request processing failed; nested exception is org.apache.shiro.UnavailableSecurityManagerException: No SecurityManager accessible to the calling code, either bound to the org.apache.shiro.util.ThreadContext or as a vm static singleton.  This is an invalid application configuration.
	at com.willpower.clap.web.controller.HomeControllerTest.login(HomeControllerTest.java:51)
Caused by: org.apache.shiro.UnavailableSecurityManagerException: No SecurityManager accessible to the calling code, either bound to the org.apache.shiro.util.ThreadContext or as a vm static singleton.  This is an invalid application configuration.
	at com.willpower.clap.web.controller.HomeControllerTest.login(HomeControllerTest.java:51)
</error>
    <system-out><![CDATA[16:43:48,931 |-INFO in ch.qos.logback.classic.LoggerContext[default] - Could NOT find resource [logback-test.xml]
16:43:48,931 |-INFO in ch.qos.logback.classic.LoggerContext[default] - Could NOT find resource [logback.groovy]
16:43:48,931 |-INFO in ch.qos.logback.classic.LoggerContext[default] - Found resource [logback.xml] at [file:/Users/didi/cf-work/workspace/clap/clap-web/target/classes/logback.xml]
16:43:49,112 |-INFO in ch.qos.logback.classic.joran.action.ConfigurationAction - debug attribute not set
16:43:49,119 |-INFO in ch.qos.logback.classic.joran.action.ConfigurationAction - Will scan for changes in [file:/Users/didi/cf-work/workspace/clap/clap-web/target/classes/logback.xml] 
16:43:49,119 |-INFO in ch.qos.logback.classic.joran.action.ConfigurationAction - Setting ReconfigureOnChangeTask scanning period to 3 seconds
16:43:49,120 |-INFO in ch.qos.logback.core.joran.action.AppenderAction - About to instantiate appender of type [ch.qos.logback.core.ConsoleAppender]
16:43:49,123 |-INFO in ch.qos.logback.core.joran.action.AppenderAction - Naming appender as [STDOUT]
16:43:49,131 |-INFO in ch.qos.logback.core.joran.action.NestedComplexPropertyIA - Assuming default type [ch.qos.logback.classic.encoder.PatternLayoutEncoder] for [encoder] property
16:43:49,186 |-INFO in ch.qos.logback.core.joran.action.AppenderAction - About to instantiate appender of type [ch.qos.logback.core.rolling.RollingFileAppender]
16:43:49,190 |-INFO in ch.qos.logback.core.joran.action.AppenderAction - Naming appender as [FILE]
16:43:49,197 |-INFO in c.q.l.core.rolling.TimeBasedRollingPolicy@824208363 - Will use zip compression
16:43:49,199 |-INFO in c.q.l.core.rolling.TimeBasedRollingPolicy@824208363 - Will use the pattern /Users/didi/tmp/logs/clap.%d{yyyy-MM-dd_HH-mm}.log for the active file
16:43:49,203 |-INFO in c.q.l.core.rolling.DefaultTimeBasedFileNamingAndTriggeringPolicy - The date pattern is 'yyyy-MM-dd_HH-mm' from file name pattern '/Users/didi/tmp/logs/clap.%d{yyyy-MM-dd_HH-mm}.log.zip'.
16:43:49,203 |-INFO in c.q.l.core.rolling.DefaultTimeBasedFileNamingAndTriggeringPolicy - Roll-over every minute.
16:43:49,206 |-INFO in c.q.l.core.rolling.DefaultTimeBasedFileNamingAndTriggeringPolicy - Setting initial period to Mon Apr 22 16:31:47 CST 2019
16:43:49,208 |-WARN in ch.qos.logback.core.rolling.RollingFileAppender[FILE] - This appender no longer admits a layout as a sub-component, set an encoder instead.
16:43:49,208 |-WARN in ch.qos.logback.core.rolling.RollingFileAppender[FILE] - To ensure compatibility, wrapping your layout in LayoutWrappingEncoder.
16:43:49,208 |-WARN in ch.qos.logback.core.rolling.RollingFileAppender[FILE] - See also http://logback.qos.ch/codes.html#layoutInsteadOfEncoder for details
16:43:49,210 |-INFO in ch.qos.logback.core.rolling.RollingFileAppender[FILE] - Active log file name: clap.log
16:43:49,210 |-INFO in ch.qos.logback.core.rolling.RollingFileAppender[FILE] - File property is set to [clap.log]
16:43:49,211 |-INFO in ch.qos.logback.classic.joran.action.LevelAction - ROOT level set to DEBUG
16:43:49,211 |-INFO in ch.qos.logback.core.joran.action.AppenderRefAction - Attaching appender named [STDOUT] to Logger[ROOT]
16:43:49,212 |-INFO in ch.qos.logback.core.joran.action.AppenderRefAction - Attaching appender named [FILE] to Logger[ROOT]
16:43:49,212 |-INFO in ch.qos.logback.classic.joran.action.ConfigurationAction - End of configuration.
16:43:49,213 |-INFO in ch.qos.logback.classic.joran.JoranConfigurator@3e77a1ed - Registering current configuration as safe fallback point

2019-04-22 16:43:49.293 [DEBUG] [o.s.t.c.j.SpringJUnit4ClassRunner] SpringJUnit4ClassRunner constructor called with [class com.willpower.clap.web.controller.HomeControllerTest]
2019-04-22 16:43:49.302 [DEBUG] [o.s.test.context.BootstrapUtils] Instantiating CacheAwareContextLoaderDelegate from class [org.springframework.test.context.cache.DefaultCacheAwareContextLoaderDelegate]
2019-04-22 16:43:49.314 [DEBUG] [o.s.test.context.BootstrapUtils] Instantiating BootstrapContext using constructor [public org.springframework.test.context.support.DefaultBootstrapContext(java.lang.Class,org.springframework.test.context.CacheAwareContextLoaderDelegate)]
2019-04-22 16:43:49.344 [DEBUG] [o.s.test.context.BootstrapUtils] Instantiating TestContextBootstrapper for test class [com.willpower.clap.web.controller.HomeControllerTest] from class [org.springframework.boot.test.context.SpringBootTestContextBootstrapper]
2019-04-22 16:43:49.382 [INFO ] [o.s.b.t.c.SpringBootTestContextBootstrapper] Neither @ContextConfiguration nor @ContextHierarchy found for test class [com.willpower.clap.web.controller.HomeControllerTest], using SpringBootContextLoader
2019-04-22 16:43:49.388 [DEBUG] [o.s.t.c.s.AbstractContextLoader] Did not detect default resource location for test class [com.willpower.clap.web.controller.HomeControllerTest]: class path resource [com/willpower/clap/web/controller/HomeControllerTest-context.xml] does not exist
2019-04-22 16:43:49.389 [DEBUG] [o.s.t.c.s.AbstractContextLoader] Did not detect default resource location for test class [com.willpower.clap.web.controller.HomeControllerTest]: class path resource [com/willpower/clap/web/controller/HomeControllerTestContext.groovy] does not exist
2019-04-22 16:43:49.389 [INFO ] [o.s.t.c.s.AbstractContextLoader] Could not detect default resource locations for test class [com.willpower.clap.web.controller.HomeControllerTest]: no resource found for suffixes {-context.xml, Context.groovy}.
2019-04-22 16:43:49.391 [INFO ] [o.s.t.c.s.AnnotationConfigContextLoaderUtils] Could not detect default configuration classes for test class [com.willpower.clap.web.controller.HomeControllerTest]: HomeControllerTest does not declare any static, non-private, non-final, nested classes annotated with @Configuration.
2019-04-22 16:43:49.444 [DEBUG] [o.s.t.c.s.ActiveProfilesUtils] Could not find an 'annotation declaring class' for annotation type [org.springframework.test.context.ActiveProfiles] and class [com.willpower.clap.web.controller.HomeControllerTest]
2019-04-22 16:43:49.603 [DEBUG] [o.s.c.a.ClassPathScanningCandidateComponentProvider] Identified candidate component class: URL [jar:file:/Users/didi/cf-work/workspace/clap/clap-service/target/clap-service-0.0.1-SNAPSHOT.jar!/com/willpower/clap/ServiceApplication.class]
2019-04-22 16:43:49.605 [INFO ] [o.s.b.t.c.SpringBootTestContextBootstrapper] Found @SpringBootConfiguration com.willpower.clap.ServiceApplication for test class com.willpower.clap.web.controller.HomeControllerTest
2019-04-22 16:43:49.745 [DEBUG] [o.s.b.t.c.SpringBootTestContextBootstrapper] @TestExecutionListeners is not present for class [com.willpower.clap.web.controller.HomeControllerTest]: using defaults.
2019-04-22 16:43:49.746 [INFO ] [o.s.b.t.c.SpringBootTestContextBootstrapper] Loaded default TestExecutionListener class names from location [META-INF/spring.factories]: [org.springframework.boot.test.mock.mockito.MockitoTestExecutionListener, org.springframework.boot.test.mock.mockito.ResetMocksTestExecutionListener, org.springframework.boot.test.autoconfigure.restdocs.RestDocsTestExecutionListener, org.springframework.boot.test.autoconfigure.web.client.MockRestServiceServerResetTestExecutionListener, org.springframework.boot.test.autoconfigure.web.servlet.MockMvcPrintOnlyOnFailureTestExecutionListener, org.springframework.boot.test.autoconfigure.web.servlet.WebDriverTestExecutionListener, org.springframework.test.context.web.ServletTestExecutionListener, org.springframework.test.context.support.DirtiesContextBeforeModesTestExecutionListener, org.springframework.test.context.support.DependencyInjectionTestExecutionListener, org.springframework.test.context.support.DirtiesContextTestExecutionListener, org.springframework.test.context.transaction.TransactionalTestExecutionListener, org.springframework.test.context.jdbc.SqlScriptsTestExecutionListener]
2019-04-22 16:43:49.772 [INFO ] [o.s.b.t.c.SpringBootTestContextBootstrapper] Using TestExecutionListeners: [org.springframework.test.context.web.ServletTestExecutionListener@2cf3d63b, org.springframework.test.context.support.DirtiesContextBeforeModesTestExecutionListener@7674f035, org.springframework.boot.test.mock.mockito.MockitoTestExecutionListener@69e153c5, org.springframework.boot.test.autoconfigure.SpringBootDependencyInjectionTestExecutionListener@173ed316, org.springframework.test.context.support.DirtiesContextTestExecutionListener@25ce9dc4, org.springframework.test.context.transaction.TransactionalTestExecutionListener@74ea2410, org.springframework.test.context.jdbc.SqlScriptsTestExecutionListener@17f62e33, org.springframework.boot.test.mock.mockito.ResetMocksTestExecutionListener@76b1e9b8, org.springframework.boot.test.autoconfigure.restdocs.RestDocsTestExecutionListener@27406a17, org.springframework.boot.test.autoconfigure.web.client.MockRestServiceServerResetTestExecutionListener@2af004b, org.springframework.boot.test.autoconfigure.web.servlet.MockMvcPrintOnlyOnFailureTestExecutionListener@248e319b, org.springframework.boot.test.autoconfigure.web.servlet.WebDriverTestExecutionListener@5d0bf09b]
2019-04-22 16:43:49.775 [DEBUG] [o.s.t.a.ProfileValueUtils] Retrieved @ProfileValueSourceConfiguration [null] for test class [com.willpower.clap.web.controller.HomeControllerTest]
2019-04-22 16:43:49.775 [DEBUG] [o.s.t.a.ProfileValueUtils] Retrieved ProfileValueSource type [class org.springframework.test.annotation.SystemProfileValueSource] for class [com.willpower.clap.web.controller.HomeControllerTest]
2019-04-22 16:43:49.777 [DEBUG] [o.s.t.a.ProfileValueUtils] Retrieved @ProfileValueSourceConfiguration [null] for test class [com.willpower.clap.web.controller.HomeControllerTest]
2019-04-22 16:43:49.777 [DEBUG] [o.s.t.a.ProfileValueUtils] Retrieved ProfileValueSource type [class org.springframework.test.annotation.SystemProfileValueSource] for class [com.willpower.clap.web.controller.HomeControllerTest]
2019-04-22 16:43:49.779 [DEBUG] [o.s.t.a.ProfileValueUtils] Retrieved @ProfileValueSourceConfiguration [null] for test class [com.willpower.clap.web.controller.HomeControllerTest]
2019-04-22 16:43:49.781 [DEBUG] [o.s.t.a.ProfileValueUtils] Retrieved ProfileValueSource type [class org.springframework.test.annotation.SystemProfileValueSource] for class [com.willpower.clap.web.controller.HomeControllerTest]
2019-04-22 16:43:49.789 [DEBUG] [o.s.t.c.s.AbstractDirtiesContextTestExecutionListener] Before test class: context [DefaultTestContext@1c5920df testClass = HomeControllerTest, testInstance = [null], testMethod = [null], testException = [null], mergedContextConfiguration = [WebMergedContextConfiguration@17f9d882 testClass = HomeControllerTest, locations = '{}', classes = '{class com.willpower.clap.ServiceApplication}', contextInitializerClasses = '[]', activeProfiles = '{}', propertySourceLocations = '{}', propertySourceProperties = '{org.springframework.boot.test.context.SpringBootTestContextBootstrapper=true, server.port=0}', contextCustomizers = set[org.springframework.boot.test.context.filter.ExcludeFilterContextCustomizer@3911c2a7, org.springframework.boot.test.json.DuplicateJsonObjectContextCustomizerFactory$DuplicateJsonObjectContextCustomizer@76508ed1, org.springframework.boot.test.mock.mockito.MockitoContextCustomizer@0, org.springframework.boot.test.web.client.TestRestTemplateContextCustomizer@50eac852, org.springframework.boot.test.autoconfigure.properties.PropertyMappingContextCustomizer@0, org.springframework.boot.test.autoconfigure.web.servlet.WebDriverContextCustomizerFactory$Customizer@6e171cd7], resourceBasePath = 'src/main/webapp', contextLoader = 'org.springframework.boot.test.context.SpringBootContextLoader', parent = [null]], attributes = map['org.springframework.test.context.web.ServletTestExecutionListener.activateListener' -> false]], class annotated with @DirtiesContext [false] with mode [null].
2019-04-22 16:43:49.792 [DEBUG] [o.s.t.a.ProfileValueUtils] Retrieved @ProfileValueSourceConfiguration [null] for test class [com.willpower.clap.web.controller.HomeControllerTest]
2019-04-22 16:43:49.793 [DEBUG] [o.s.t.a.ProfileValueUtils] Retrieved ProfileValueSource type [class org.springframework.test.annotation.SystemProfileValueSource] for class [com.willpower.clap.web.controller.HomeControllerTest]
2019-04-22 16:43:49.801 [DEBUG] [o.s.t.c.s.DependencyInjectionTestExecutionListener] Performing dependency injection for test context [[DefaultTestContext@1c5920df testClass = HomeControllerTest, testInstance = com.willpower.clap.web.controller.HomeControllerTest@7a35b0f5, testMethod = [null], testException = [null], mergedContextConfiguration = [WebMergedContextConfiguration@17f9d882 testClass = HomeControllerTest, locations = '{}', classes = '{class com.willpower.clap.ServiceApplication}', contextInitializerClasses = '[]', activeProfiles = '{}', propertySourceLocations = '{}', propertySourceProperties = '{org.springframework.boot.test.context.SpringBootTestContextBootstrapper=true, server.port=0}', contextCustomizers = set[org.springframework.boot.test.context.filter.ExcludeFilterContextCustomizer@3911c2a7, org.springframework.boot.test.json.DuplicateJsonObjectContextCustomizerFactory$DuplicateJsonObjectContextCustomizer@76508ed1, org.springframework.boot.test.mock.mockito.MockitoContextCustomizer@0, org.springframework.boot.test.web.client.TestRestTemplateContextCustomizer@50eac852, org.springframework.boot.test.autoconfigure.properties.PropertyMappingContextCustomizer@0, org.springframework.boot.test.autoconfigure.web.servlet.WebDriverContextCustomizerFactory$Customizer@6e171cd7], resourceBasePath = 'src/main/webapp', contextLoader = 'org.springframework.boot.test.context.SpringBootContextLoader', parent = [null]], attributes = map['org.springframework.test.context.web.ServletTestExecutionListener.activateListener' -> false]]].
2019-04-22 16:43:49.820 [DEBUG] [o.s.t.c.s.TestPropertySourceUtils] Adding inlined properties to environment: {spring.jmx.enabled=false, org.springframework.boot.test.context.SpringBootTestContextBootstrapper=true, server.port=0}
2019-04-22 16:43:50.088 [DEBUG] [o.s.b.c.l.ClasspathLoggingApplicationListener] Application started with classpath: [file:/Users/didi/cf-work/workspace/clap/clap-web/target/surefire/surefirebooter3730771382365934699.jar]

  .   ____          _            __ _ _
 /\\ / ___'_ __ _ _(_)_ __  __ _ \ \ \ \
( ( )\___ | '_ | '_| | '_ \/ _` | \ \ \ \
 \\/  ___)| |_)| | | | | || (_| |  ) ) ) )
  '  |____| .__|_| |_|_| |_\__, | / / / /
 =========|_|==============|___/=/_/_/_/
 :: Spring Boot ::        (v2.1.3.RELEASE)

2019-04-22 16:43:50.230 [DEBUG] [o.h.v.m.ResourceBundleMessageInterpolator] Loaded expression factory via original TCCL
2019-04-22 16:43:50.239 [DEBUG] [o.h.v.i.e.ValidatorFactoryImpl] HV000234: Using org.hibernate.validator.messageinterpolation.ResourceBundleMessageInterpolator as ValidatorFactory-scoped message interpolator.
2019-04-22 16:43:50.239 [DEBUG] [o.h.v.i.e.ValidatorFactoryImpl] HV000234: Using org.hibernate.validator.internal.engine.resolver.JPATraversableResolver as ValidatorFactory-scoped traversable resolver.
2019-04-22 16:43:50.241 [DEBUG] [o.h.v.i.e.ValidatorFactoryImpl] HV000234: Using org.hibernate.validator.internal.util.ExecutableParameterNameProvider as ValidatorFactory-scoped parameter name provider.
2019-04-22 16:43:50.242 [DEBUG] [o.h.v.i.e.ValidatorFactoryImpl] HV000234: Using org.hibernate.validator.internal.engine.DefaultClockProvider as ValidatorFactory-scoped clock provider.
2019-04-22 16:43:50.243 [DEBUG] [o.h.v.i.e.ValidatorFactoryImpl] HV000234: Using org.hibernate.validator.internal.engine.scripting.DefaultScriptEvaluatorFactory as ValidatorFactory-scoped script evaluator factory.
2019-04-22 16:43:50.308 [INFO ] [c.w.c.w.c.HomeControllerTest] Starting HomeControllerTest on localhost with PID 53560 (started by didi in /Users/didi/cf-work/workspace/clap/clap-web)
2019-04-22 16:43:50.310 [DEBUG] [c.w.c.w.c.HomeControllerTest] Running with Spring Boot v2.1.3.RELEASE, Spring v5.1.5.RELEASE
2019-04-22 16:43:50.311 [INFO ] [c.w.c.w.c.HomeControllerTest] No active profile set, falling back to default profiles: default
2019-04-22 16:43:50.313 [DEBUG] [o.s.boot.SpringApplication] Loading source class com.willpower.clap.ServiceApplication
2019-04-22 16:43:50.360 [DEBUG] [o.s.b.c.c.ConfigFileApplicationListener] Loaded config file 'file:/Users/didi/cf-work/workspace/clap/clap-web/target/classes/application.properties' (classpath:/application.properties)
2019-04-22 16:43:50.362 [DEBUG] [o.s.b.w.s.c.AnnotationConfigServletWebServerApplicationContext] Refreshing org.springframework.boot.web.servlet.context.AnnotationConfigServletWebServerApplicationContext@1b8a29df
2019-04-22 16:43:50.393 [DEBUG] [o.s.b.f.s.DefaultListableBeanFactory] Creating shared instance of singleton bean 'org.springframework.context.annotation.internalConfigurationAnnotationProcessor'
2019-04-22 16:43:50.539 [DEBUG] [o.s.b.f.s.DefaultListableBeanFactory] Creating shared instance of singleton bean 'org.springframework.boot.autoconfigure.internalCachingMetadataReaderFactory'
2019-04-22 16:43:50.606 [DEBUG] [o.s.c.a.ClassPathBeanDefinitionScanner] Identified candidate component class: file [/Users/didi/cf-work/workspace/clap/clap-web/target/classes/com/willpower/clap/ClapApplication.class]
2019-04-22 16:43:50.608 [DEBUG] [o.s.c.a.ClassPathBeanDefinitionScanner] Identified candidate component class: file [/Users/didi/cf-work/workspace/clap/clap-web/target/classes/com/willpower/clap/web/conf/SpringWebMvcConfig.class]
2019-04-22 16:43:50.609 [DEBUG] [o.s.c.a.ClassPathBeanDefinitionScanner] Identified candidate component class: file [/Users/didi/cf-work/workspace/clap/clap-web/target/classes/com/willpower/clap/web/conf/Swagger2.class]
2019-04-22 16:43:50.612 [DEBUG] [o.s.c.a.ClassPathBeanDefinitionScanner] Identified candidate component class: file [/Users/didi/cf-work/workspace/clap/clap-web/target/classes/com/willpower/clap/web/controller/HomeController.class]
2019-04-22 16:43:50.614 [DEBUG] [o.s.c.a.ClassPathBeanDefinitionScanner] Identified candidate component class: file [/Users/didi/cf-work/workspace/clap/clap-web/target/classes/com/willpower/clap/web/controller/PersonsController.class]
2019-04-22 16:43:50.616 [DEBUG] [o.s.c.a.ClassPathBeanDefinitionScanner] Identified candidate component class: file [/Users/didi/cf-work/workspace/clap/clap-web/target/classes/com/willpower/clap/web/controller/RoleController.class]
2019-04-22 16:43:50.618 [DEBUG] [o.s.c.a.ClassPathBeanDefinitionScanner] Identified candidate component class: file [/Users/didi/cf-work/workspace/clap/clap-web/target/classes/com/willpower/clap/web/controller/UserInfoController.class]
2019-04-22 16:43:50.621 [DEBUG] [o.s.c.a.ClassPathBeanDefinitionScanner] Identified candidate component class: URL [jar:file:/Users/didi/cf-work/workspace/clap/clap-service/target/clap-service-0.0.1-SNAPSHOT.jar!/com/willpower/clap/service/impl/UserInfoServiceImpl.class]
2019-04-22 16:43:50.623 [DEBUG] [o.s.c.a.ClassPathBeanDefinitionScanner] Identified candidate component class: URL [jar:file:/Users/didi/cf-work/workspace/clap/clap-service/target/clap-service-0.0.1-SNAPSHOT.jar!/com/willpower/clap/service/impl/PersonsServiceImpl.class]
2019-04-22 16:43:50.625 [DEBUG] [o.s.c.a.ClassPathBeanDefinitionScanner] Identified candidate component class: URL [jar:file:/Users/didi/cf-work/workspace/clap/clap-service/target/clap-service-0.0.1-SNAPSHOT.jar!/com/willpower/clap/service/impl/RoleServiceImpl.class]
2019-04-22 16:43:50.665 [DEBUG] [o.s.c.a.ClassPathBeanDefinitionScanner] Ignored because not a concrete top-level class: URL [jar:file:/Users/didi/cf-work/workspace/clap/clap-model/target/clap-model-0.0.1-SNAPSHOT.jar!/com/willpower/clap/mapper/SysRoleMapper.class]
2019-04-22 16:43:50.668 [DEBUG] [o.s.c.a.ClassPathBeanDefinitionScanner] Ignored because not a concrete top-level class: URL [jar:file:/Users/didi/cf-work/workspace/clap/clap-model/target/clap-model-0.0.1-SNAPSHOT.jar!/com/willpower/clap/mapper/UserInfoMapper.class]
2019-04-22 16:43:50.686 [DEBUG] [o.s.c.a.ClassPathBeanDefinitionScanner] Identified candidate component class: URL [jar:file:/Users/didi/cf-work/workspace/clap/clap-shiro/target/clap-shiro-0.0.1-SNAPSHOT.jar!/com/willpower/clap/shiro/ShiroConfig.class]
2019-04-22 16:43:50.745 [DEBUG] [o.s.c.a.ClassPathBeanDefinitionScanner] Identified candidate component class: file [/Users/didi/cf-work/workspace/clap/clap-web/target/classes/com/willpower/clap/web/conf/SpringWebMvcConfig.class]
2019-04-22 16:43:50.745 [DEBUG] [o.s.c.a.ClassPathBeanDefinitionScanner] Identified candidate component class: file [/Users/didi/cf-work/workspace/clap/clap-web/target/classes/com/willpower/clap/web/conf/Swagger2.class]
2019-04-22 16:43:50.746 [DEBUG] [o.s.c.a.ClassPathBeanDefinitionScanner] Identified candidate component class: file [/Users/didi/cf-work/workspace/clap/clap-web/target/classes/com/willpower/clap/web/controller/HomeController.class]
2019-04-22 16:43:50.746 [DEBUG] [o.s.c.a.ClassPathBeanDefinitionScanner] Identified candidate component class: file [/Users/didi/cf-work/workspace/clap/clap-web/target/classes/com/willpower/clap/web/controller/PersonsController.class]
2019-04-22 16:43:50.747 [DEBUG] [o.s.c.a.ClassPathBeanDefinitionScanner] Identified candidate component class: file [/Users/didi/cf-work/workspace/clap/clap-web/target/classes/com/willpower/clap/web/controller/RoleController.class]
2019-04-22 16:43:50.747 [DEBUG] [o.s.c.a.ClassPathBeanDefinitionScanner] Identified candidate component class: file [/Users/didi/cf-work/workspace/clap/clap-web/target/classes/com/willpower/clap/web/controller/UserInfoController.class]
2019-04-22 16:43:50.748 [DEBUG] [o.s.c.a.ClassPathBeanDefinitionScanner] Identified candidate component class: URL [jar:file:/Users/didi/cf-work/workspace/clap/clap-service/target/clap-service-0.0.1-SNAPSHOT.jar!/com/willpower/clap/ServiceApplication.class]
2019-04-22 16:43:50.749 [DEBUG] [o.s.c.a.ClassPathBeanDefinitionScanner] Identified candidate component class: URL [jar:file:/Users/didi/cf-work/workspace/clap/clap-service/target/clap-service-0.0.1-SNAPSHOT.jar!/com/willpower/clap/service/impl/UserInfoServiceImpl.class]
2019-04-22 16:43:50.750 [DEBUG] [o.s.c.a.ClassPathBeanDefinitionScanner] Identified candidate component class: URL [jar:file:/Users/didi/cf-work/workspace/clap/clap-service/target/clap-service-0.0.1-SNAPSHOT.jar!/com/willpower/clap/service/impl/PersonsServiceImpl.class]
2019-04-22 16:43:50.750 [DEBUG] [o.s.c.a.ClassPathBeanDefinitionScanner] Identified candidate component class: URL [jar:file:/Users/didi/cf-work/workspace/clap/clap-service/target/clap-service-0.0.1-SNAPSHOT.jar!/com/willpower/clap/service/impl/RoleServiceImpl.class]
2019-04-22 16:43:50.751 [DEBUG] [o.s.c.a.ClassPathBeanDefinitionScanner] Ignored because not a concrete top-level class: URL [jar:file:/Users/didi/cf-work/workspace/clap/clap-model/target/clap-model-0.0.1-SNAPSHOT.jar!/com/willpower/clap/mapper/SysRoleMapper.class]
2019-04-22 16:43:50.751 [DEBUG] [o.s.c.a.ClassPathBeanDefinitionScanner] Ignored because not a concrete top-level class: URL [jar:file:/Users/didi/cf-work/workspace/clap/clap-model/target/clap-model-0.0.1-SNAPSHOT.jar!/com/willpower/clap/mapper/UserInfoMapper.class]
2019-04-22 16:43:50.752 [DEBUG] [o.s.c.a.ClassPathBeanDefinitionScanner] Identified candidate component class: URL [jar:file:/Users/didi/cf-work/workspace/clap/clap-shiro/target/clap-shiro-0.0.1-SNAPSHOT.jar!/com/willpower/clap/shiro/ShiroConfig.class]
2019-04-22 16:43:50.834 [DEBUG] [o.s.c.a.ClassPathBeanDefinitionScanner] Identified candidate component class: URL [jar:file:/Users/didi/.m2/repository/io/springfox/springfox-swagger2/2.6.1/springfox-swagger2-2.6.1.jar!/springfox/documentation/swagger2/web/Swagger2Controller.class]
2019-04-22 16:43:50.884 [DEBUG] [o.s.c.a.ClassPathBeanDefinitionScanner] Identified candidate component class: URL [jar:file:/Users/didi/.m2/repository/io/springfox/springfox-swagger2/2.6.1/springfox-swagger2-2.6.1.jar!/springfox/documentation/swagger2/mappers/LicenseMapperImpl.class]
2019-04-22 16:43:50.891 [DEBUG] [o.s.c.a.ClassPathBeanDefinitionScanner] Identified candidate component class: URL [jar:file:/Users/didi/.m2/repository/io/springfox/springfox-swagger2/2.6.1/springfox-swagger2-2.6.1.jar!/springfox/documentation/swagger2/mappers/ModelMapperImpl.class]
2019-04-22 16:43:50.893 [DEBUG] [o.s.c.a.ClassPathBeanDefinitionScanner] Identified candidate component class: URL [jar:file:/Users/didi/.m2/repository/io/springfox/springfox-swagger2/2.6.1/springfox-swagger2-2.6.1.jar!/springfox/documentation/swagger2/mappers/ParameterMapperImpl.class]
2019-04-22 16:43:50.903 [DEBUG] [o.s.c.a.ClassPathBeanDefinitionScanner] Identified candidate component class: URL [jar:file:/Users/didi/.m2/repository/io/springfox/springfox-swagger2/2.6.1/springfox-swagger2-2.6.1.jar!/springfox/documentation/swagger2/mappers/SecurityMapperImpl.class]
2019-04-22 16:43:50.915 [DEBUG] [o.s.c.a.ClassPathBeanDefinitionScanner] Identified candidate component class: URL [jar:file:/Users/didi/.m2/repository/io/springfox/springfox-swagger2/2.6.1/springfox-swagger2-2.6.1.jar!/springfox/documentation/swagger2/mappers/ServiceModelToSwagger2MapperImpl.class]
2019-04-22 16:43:50.918 [DEBUG] [o.s.c.a.ClassPathBeanDefinitionScanner] Identified candidate component class: URL [jar:file:/Users/didi/.m2/repository/io/springfox/springfox-swagger2/2.6.1/springfox-swagger2-2.6.1.jar!/springfox/documentation/swagger2/mappers/VendorExtensionsMapperImpl.class]
2019-04-22 16:43:50.964 [DEBUG] [o.s.c.a.ClassPathBeanDefinitionScanner] Identified candidate component class: URL [jar:file:/Users/didi/.m2/repository/io/springfox/springfox-spring-web/2.6.1/springfox-spring-web-2.6.1.jar!/springfox/documentation/spring/web/scanners/ApiDescriptionLookup.class]
2019-04-22 16:43:50.965 [DEBUG] [o.s.c.a.ClassPathBeanDefinitionScanner] Identified candidate component class: URL [jar:file:/Users/didi/.m2/repository/io/springfox/springfox-spring-web/2.6.1/springfox-spring-web-2.6.1.jar!/springfox/documentation/spring/web/scanners/ApiDescriptionReader.class]
2019-04-22 16:43:50.966 [DEBUG] [o.s.c.a.ClassPathBeanDefinitionScanner] Identified candidate component class: URL [jar:file:/Users/didi/.m2/repository/io/springfox/springfox-spring-web/2.6.1/springfox-spring-web-2.6.1.jar!/springfox/documentation/spring/web/scanners/ApiDocumentationScanner.class]
2019-04-22 16:43:50.967 [DEBUG] [o.s.c.a.ClassPathBeanDefinitionScanner] Identified candidate component class: URL [jar:file:/Users/didi/.m2/repository/io/springfox/springfox-spring-web/2.6.1/springfox-spring-web-2.6.1.jar!/springfox/documentation/spring/web/scanners/ApiListingReader.class]
2019-04-22 16:43:50.968 [DEBUG] [o.s.c.a.ClassPathBeanDefinitionScanner] Identified candidate component class: URL [jar:file:/Users/didi/.m2/repository/io/springfox/springfox-spring-web/2.6.1/springfox-spring-web-2.6.1.jar!/springfox/documentation/spring/web/scanners/ApiListingReferenceScanner.class]
2019-04-22 16:43:50.969 [DEBUG] [o.s.c.a.ClassPathBeanDefinitionScanner] Identified candidate component class: URL [jar:file:/Users/didi/.m2/repository/io/springfox/springfox-spring-web/2.6.1/springfox-spring-web-2.6.1.jar!/springfox/documentation/spring/web/scanners/ApiListingScanner.class]
2019-04-22 16:43:50.970 [DEBUG] [o.s.c.a.ClassPathBeanDefinitionScanner] Identified candidate component class: URL [jar:file:/Users/didi/.m2/repository/io/springfox/springfox-spring-web/2.6.1/springfox-spring-web-2.6.1.jar!/springfox/documentation/spring/web/scanners/ApiModelReader.class]
2019-04-22 16:43:50.972 [DEBUG] [o.s.c.a.ClassPathBeanDefinitionScanner] Identified candidate component class: URL [jar:file:/Users/didi/.m2/repository/io/springfox/springfox-spring-web/2.6.1/springfox-spring-web-2.6.1.jar!/springfox/documentation/spring/web/scanners/CachingOperationReader.class]
2019-04-22 16:43:50.972 [DEBUG] [o.s.c.a.ClassPathBeanDefinitionScanner] Identified candidate component class: URL [jar:file:/Users/didi/.m2/repository/io/springfox/springfox-spring-web/2.6.1/springfox-spring-web-2.6.1.jar!/springfox/documentation/spring/web/scanners/MediaTypeReader.class]
2019-04-22 16:43:50.987 [DEBUG] [o.s.c.a.ClassPathBeanDefinitionScanner] Identified candidate component class: URL [jar:file:/Users/didi/.m2/repository/io/springfox/springfox-spring-web/2.6.1/springfox-spring-web-2.6.1.jar!/springfox/documentation/spring/web/readers/operation/ApiOperationReader.class]
2019-04-22 16:43:50.988 [DEBUG] [o.s.c.a.ClassPathBeanDefinitionScanner] Identified candidate component class: URL [jar:file:/Users/didi/.m2/repository/io/springfox/springfox-spring-web/2.6.1/springfox-spring-web-2.6.1.jar!/springfox/documentation/spring/web/readers/operation/CachingOperationNameGenerator.class]
2019-04-22 16:43:50.988 [DEBUG] [o.s.c.a.ClassPathBeanDefinitionScanner] Identified candidate component class: URL [jar:file:/Users/didi/.m2/repository/io/springfox/springfox-spring-web/2.6.1/springfox-spring-web-2.6.1.jar!/springfox/documentation/spring/web/readers/operation/DefaultOperationReader.class]
2019-04-22 16:43:50.990 [DEBUG] [o.s.c.a.ClassPathBeanDefinitionScanner] Identified candidate component class: URL [jar:file:/Users/didi/.m2/repository/io/springfox/springfox-spring-web/2.6.1/springfox-spring-web-2.6.1.jar!/springfox/documentation/spring/web/readers/operation/DefaultTagsProvider.class]
2019-04-22 16:43:50.993 [DEBUG] [o.s.c.a.ClassPathBeanDefinitionScanner] Identified candidate component class: URL [jar:file:/Users/didi/.m2/repository/io/springfox/springfox-spring-web/2.6.1/springfox-spring-web-2.6.1.jar!/springfox/documentation/spring/web/readers/operation/OperationDeprecatedReader.class]
2019-04-22 16:43:50.994 [DEBUG] [o.s.c.a.ClassPathBeanDefinitionScanner] Identified candidate component class: URL [jar:file:/Users/didi/.m2/repository/io/springfox/springfox-spring-web/2.6.1/springfox-spring-web-2.6.1.jar!/springfox/documentation/spring/web/readers/operation/OperationModelsProvider.class]
2019-04-22 16:43:50.995 [DEBUG] [o.s.c.a.ClassPathBeanDefinitionScanner] Identified candidate component class: URL [jar:file:/Users/didi/.m2/repository/io/springfox/springfox-spring-web/2.6.1/springfox-spring-web-2.6.1.jar!/springfox/documentation/spring/web/readers/operation/OperationParameterHeadersConditionReader.class]
2019-04-22 16:43:50.996 [DEBUG] [o.s.c.a.ClassPathBeanDefinitionScanner] Identified candidate component class: URL [jar:file:/Users/didi/.m2/repository/io/springfox/springfox-spring-web/2.6.1/springfox-spring-web-2.6.1.jar!/springfox/documentation/spring/web/readers/operation/OperationParameterReader.class]
2019-04-22 16:43:50.997 [DEBUG] [o.s.c.a.ClassPathBeanDefinitionScanner] Identified candidate component class: URL [jar:file:/Users/didi/.m2/repository/io/springfox/springfox-spring-web/2.6.1/springfox-spring-web-2.6.1.jar!/springfox/documentation/spring/web/readers/operation/OperationParameterRequestConditionReader.class]
2019-04-22 16:43:51.001 [DEBUG] [o.s.c.a.ClassPathBeanDefinitionScanner] Identified candidate component class: URL [jar:file:/Users/didi/.m2/repository/io/springfox/springfox-spring-web/2.6.1/springfox-spring-web-2.6.1.jar!/springfox/documentation/spring/web/readers/operation/OperationResponseClassReader.class]
2019-04-22 16:43:51.001 [DEBUG] [o.s.c.a.ClassPathBeanDefinitionScanner] Identified candidate component class: URL [jar:file:/Users/didi/.m2/repository/io/springfox/springfox-spring-web/2.6.1/springfox-spring-web-2.6.1.jar!/springfox/documentation/spring/web/readers/operation/OperationTagsReader.class]
2019-04-22 16:43:51.002 [DEBUG] [o.s.c.a.ClassPathBeanDefinitionScanner] Identified candidate component class: URL [jar:file:/Users/didi/.m2/repository/io/springfox/springfox-spring-web/2.6.1/springfox-spring-web-2.6.1.jar!/springfox/documentation/spring/web/readers/operation/ResponseMessagesReader.class]
2019-04-22 16:43:51.006 [DEBUG] [o.s.c.a.ClassPathBeanDefinitionScanner] Identified candidate component class: URL [jar:file:/Users/didi/.m2/repository/io/springfox/springfox-spring-web/2.6.1/springfox-spring-web-2.6.1.jar!/springfox/documentation/spring/web/readers/parameter/ExpandedParameterBuilder.class]
2019-04-22 16:43:51.010 [DEBUG] [o.s.c.a.ClassPathBeanDefinitionScanner] Identified candidate component class: URL [jar:file:/Users/didi/.m2/repository/io/springfox/springfox-spring-web/2.6.1/springfox-spring-web-2.6.1.jar!/springfox/documentation/spring/web/readers/parameter/ModelAttributeParameterExpander.class]
2019-04-22 16:43:51.011 [DEBUG] [o.s.c.a.ClassPathBeanDefinitionScanner] Identified candidate component class: URL [jar:file:/Users/didi/.m2/repository/io/springfox/springfox-spring-web/2.6.1/springfox-spring-web-2.6.1.jar!/springfox/documentation/spring/web/readers/parameter/ParameterDataTypeReader.class]
2019-04-22 16:43:51.012 [DEBUG] [o.s.c.a.ClassPathBeanDefinitionScanner] Identified candidate component class: URL [jar:file:/Users/didi/.m2/repository/io/springfox/springfox-spring-web/2.6.1/springfox-spring-web-2.6.1.jar!/springfox/documentation/spring/web/readers/parameter/ParameterDefaultReader.class]
2019-04-22 16:43:51.012 [DEBUG] [o.s.c.a.ClassPathBeanDefinitionScanner] Identified candidate component class: URL [jar:file:/Users/didi/.m2/repository/io/springfox/springfox-spring-web/2.6.1/springfox-spring-web-2.6.1.jar!/springfox/documentation/spring/web/readers/parameter/ParameterMultiplesReader.class]
2019-04-22 16:43:51.014 [DEBUG] [o.s.c.a.ClassPathBeanDefinitionScanner] Identified candidate component class: URL [jar:file:/Users/didi/.m2/repository/io/springfox/springfox-spring-web/2.6.1/springfox-spring-web-2.6.1.jar!/springfox/documentation/spring/web/readers/parameter/ParameterNameReader.class]
2019-04-22 16:43:51.014 [DEBUG] [o.s.c.a.ClassPathBeanDefinitionScanner] Identified candidate component class: URL [jar:file:/Users/didi/.m2/repository/io/springfox/springfox-spring-web/2.6.1/springfox-spring-web-2.6.1.jar!/springfox/documentation/spring/web/readers/parameter/ParameterRequiredReader.class]
2019-04-22 16:43:51.015 [DEBUG] [o.s.c.a.ClassPathBeanDefinitionScanner] Identified candidate component class: URL [jar:file:/Users/didi/.m2/repository/io/springfox/springfox-spring-web/2.6.1/springfox-spring-web-2.6.1.jar!/springfox/documentation/spring/web/readers/parameter/ParameterTypeReader.class]
2019-04-22 16:43:51.019 [DEBUG] [o.s.c.a.ClassPathBeanDefinitionScanner] Identified candidate component class: URL [jar:file:/Users/didi/.m2/repository/io/springfox/springfox-spring-web/2.6.1/springfox-spring-web-2.6.1.jar!/springfox/documentation/spring/web/plugins/DocumentationPluginsBootstrapper.class]
2019-04-22 16:43:51.021 [DEBUG] [o.s.c.a.ClassPathBeanDefinitionScanner] Identified candidate component class: URL [jar:file:/Users/didi/.m2/repository/io/springfox/springfox-spring-web/2.6.1/springfox-spring-web-2.6.1.jar!/springfox/documentation/spring/web/plugins/DocumentationPluginsManager.class]
2019-04-22 16:43:51.028 [DEBUG] [o.s.c.a.ClassPathBeanDefinitionScanner] Identified candidate component class: URL [jar:file:/Users/didi/.m2/repository/io/springfox/springfox-spring-web/2.6.1/springfox-spring-web-2.6.1.jar!/springfox/documentation/spring/web/plugins/WebMvcRequestHandlerProvider.class]
2019-04-22 16:43:51.031 [DEBUG] [o.s.c.a.ClassPathBeanDefinitionScanner] Identified candidate component class: URL [jar:file:/Users/didi/.m2/repository/io/springfox/springfox-spring-web/2.6.1/springfox-spring-web-2.6.1.jar!/springfox/documentation/spring/web/paths/OperationPathDecorator.class]
2019-04-22 16:43:51.032 [DEBUG] [o.s.c.a.ClassPathBeanDefinitionScanner] Identified candidate component class: URL [jar:file:/Users/didi/.m2/repository/io/springfox/springfox-spring-web/2.6.1/springfox-spring-web-2.6.1.jar!/springfox/documentation/spring/web/paths/PathMappingDecorator.class]
2019-04-22 16:43:51.033 [DEBUG] [o.s.c.a.ClassPathBeanDefinitionScanner] Identified candidate component class: URL [jar:file:/Users/didi/.m2/repository/io/springfox/springfox-spring-web/2.6.1/springfox-spring-web-2.6.1.jar!/springfox/documentation/spring/web/paths/PathSanitizer.class]
2019-04-22 16:43:51.035 [DEBUG] [o.s.c.a.ClassPathBeanDefinitionScanner] Identified candidate component class: URL [jar:file:/Users/didi/.m2/repository/io/springfox/springfox-spring-web/2.6.1/springfox-spring-web-2.6.1.jar!/springfox/documentation/spring/web/paths/QueryStringUriTemplateDecorator.class]
2019-04-22 16:43:51.106 [DEBUG] [o.s.c.a.ClassPathBeanDefinitionScanner] Identified candidate component class: URL [jar:file:/Users/didi/.m2/repository/io/springfox/springfox-schema/2.6.1/springfox-schema-2.6.1.jar!/springfox/documentation/schema/CachingModelDependencyProvider.class]
2019-04-22 16:43:51.107 [DEBUG] [o.s.c.a.ClassPathBeanDefinitionScanner] Identified candidate component class: URL [jar:file:/Users/didi/.m2/repository/io/springfox/springfox-schema/2.6.1/springfox-schema-2.6.1.jar!/springfox/documentation/schema/CachingModelProvider.class]
2019-04-22 16:43:51.111 [DEBUG] [o.s.c.a.ClassPathBeanDefinitionScanner] Identified candidate component class: URL [jar:file:/Users/didi/.m2/repository/io/springfox/springfox-schema/2.6.1/springfox-schema-2.6.1.jar!/springfox/documentation/schema/DefaultModelDependencyProvider.class]
2019-04-22 16:43:51.112 [DEBUG] [o.s.c.a.ClassPathBeanDefinitionScanner] Identified candidate component class: URL [jar:file:/Users/didi/.m2/repository/io/springfox/springfox-schema/2.6.1/springfox-schema-2.6.1.jar!/springfox/documentation/schema/DefaultModelProvider.class]
2019-04-22 16:43:51.115 [DEBUG] [o.s.c.a.ClassPathBeanDefinitionScanner] Identified candidate component class: URL [jar:file:/Users/didi/.m2/repository/io/springfox/springfox-schema/2.6.1/springfox-schema-2.6.1.jar!/springfox/documentation/schema/plugins/SchemaPluginsManager.class]
2019-04-22 16:43:51.117 [DEBUG] [o.s.c.a.ClassPathBeanDefinitionScanner] Identified candidate component class: URL [jar:file:/Users/didi/.m2/repository/io/springfox/springfox-schema/2.6.1/springfox-schema-2.6.1.jar!/springfox/documentation/schema/property/bean/AccessorsProvider.class]
2019-04-22 16:43:51.119 [DEBUG] [o.s.c.a.ClassPathBeanDefinitionScanner] Identified candidate component class: URL [jar:file:/Users/didi/.m2/repository/io/springfox/springfox-schema/2.6.1/springfox-schema-2.6.1.jar!/springfox/documentation/schema/property/CachingModelPropertiesProvider.class]
2019-04-22 16:43:51.120 [DEBUG] [o.s.c.a.ClassPathBeanDefinitionScanner] Identified candidate component class: URL [jar:file:/Users/didi/.m2/repository/io/springfox/springfox-schema/2.6.1/springfox-schema-2.6.1.jar!/springfox/documentation/schema/property/FactoryMethodProvider.class]
2019-04-22 16:43:51.121 [DEBUG] [o.s.c.a.ClassPathBeanDefinitionScanner] Identified candidate component class: URL [jar:file:/Users/didi/.m2/repository/io/springfox/springfox-schema/2.6.1/springfox-schema-2.6.1.jar!/springfox/documentation/schema/property/field/FieldProvider.class]
2019-04-22 16:43:51.123 [DEBUG] [o.s.c.a.ClassPathBeanDefinitionScanner] Identified candidate component class: URL [jar:file:/Users/didi/.m2/repository/io/springfox/springfox-schema/2.6.1/springfox-schema-2.6.1.jar!/springfox/documentation/schema/property/ObjectMapperBeanPropertyNamingStrategy.class]
2019-04-22 16:43:51.127 [DEBUG] [o.s.c.a.ClassPathBeanDefinitionScanner] Identified candidate component class: URL [jar:file:/Users/didi/.m2/repository/io/springfox/springfox-schema/2.6.1/springfox-schema-2.6.1.jar!/springfox/documentation/schema/property/OptimizedModelPropertiesProvider.class]
2019-04-22 16:43:51.128 [DEBUG] [o.s.c.a.ClassPathBeanDefinitionScanner] Identified candidate component class: URL [jar:file:/Users/didi/.m2/repository/io/springfox/springfox-schema/2.6.1/springfox-schema-2.6.1.jar!/springfox/documentation/schema/TypeNameExtractor.class]
2019-04-22 16:43:51.167 [DEBUG] [o.s.c.a.ClassPathBeanDefinitionScanner] Identified candidate component class: URL [jar:file:/Users/didi/.m2/repository/io/springfox/springfox-swagger-common/2.6.1/springfox-swagger-common-2.6.1.jar!/springfox/documentation/swagger/schema/ApiModelBuilder.class]
2019-04-22 16:43:51.170 [DEBUG] [o.s.c.a.ClassPathBeanDefinitionScanner] Identified candidate component class: URL [jar:file:/Users/didi/.m2/repository/io/springfox/springfox-swagger-common/2.6.1/springfox-swagger-common-2.6.1.jar!/springfox/documentation/swagger/schema/ApiModelPropertyPropertyBuilder.class]
2019-04-22 16:43:51.171 [DEBUG] [o.s.c.a.ClassPathBeanDefinitionScanner] Identified candidate component class: URL [jar:file:/Users/didi/.m2/repository/io/springfox/springfox-swagger-common/2.6.1/springfox-swagger-common-2.6.1.jar!/springfox/documentation/swagger/schema/ApiModelTypeNameProvider.class]
2019-04-22 16:43:51.175 [DEBUG] [o.s.c.a.ClassPathBeanDefinitionScanner] Identified candidate component class: URL [jar:file:/Users/didi/.m2/repository/io/springfox/springfox-swagger-common/2.6.1/springfox-swagger-common-2.6.1.jar!/springfox/documentation/swagger/readers/operation/OperationAuthReader.class]
2019-04-22 16:43:51.176 [DEBUG] [o.s.c.a.ClassPathBeanDefinitionScanner] Identified candidate component class: URL [jar:file:/Users/didi/.m2/repository/io/springfox/springfox-swagger-common/2.6.1/springfox-swagger-common-2.6.1.jar!/springfox/documentation/swagger/readers/operation/OperationHiddenReader.class]
2019-04-22 16:43:51.177 [DEBUG] [o.s.c.a.ClassPathBeanDefinitionScanner] Identified candidate component class: URL [jar:file:/Users/didi/.m2/repository/io/springfox/springfox-swagger-common/2.6.1/springfox-swagger-common-2.6.1.jar!/springfox/documentation/swagger/readers/operation/OperationHttpMethodReader.class]
2019-04-22 16:43:51.179 [DEBUG] [o.s.c.a.ClassPathBeanDefinitionScanner] Identified candidate component class: URL [jar:file:/Users/didi/.m2/repository/io/springfox/springfox-swagger-common/2.6.1/springfox-swagger-common-2.6.1.jar!/springfox/documentation/swagger/readers/operation/OperationImplicitParameterReader.class]
2019-04-22 16:43:51.180 [DEBUG] [o.s.c.a.ClassPathBeanDefinitionScanner] Identified candidate component class: URL [jar:file:/Users/didi/.m2/repository/io/springfox/springfox-swagger-common/2.6.1/springfox-swagger-common-2.6.1.jar!/springfox/documentation/swagger/readers/operation/OperationImplicitParametersReader.class]
2019-04-22 16:43:51.181 [DEBUG] [o.s.c.a.ClassPathBeanDefinitionScanner] Identified candidate component class: URL [jar:file:/Users/didi/.m2/repository/io/springfox/springfox-swagger-common/2.6.1/springfox-swagger-common-2.6.1.jar!/springfox/documentation/swagger/readers/operation/OperationNicknameIntoUniqueIdReader.class]
2019-04-22 16:43:51.182 [DEBUG] [o.s.c.a.ClassPathBeanDefinitionScanner] Identified candidate component class: URL [jar:file:/Users/didi/.m2/repository/io/springfox/springfox-swagger-common/2.6.1/springfox-swagger-common-2.6.1.jar!/springfox/documentation/swagger/readers/operation/OperationNotesReader.class]
2019-04-22 16:43:51.184 [DEBUG] [o.s.c.a.ClassPathBeanDefinitionScanner] Identified candidate component class: URL [jar:file:/Users/didi/.m2/repository/io/springfox/springfox-swagger-common/2.6.1/springfox-swagger-common-2.6.1.jar!/springfox/documentation/swagger/readers/operation/OperationPositionReader.class]
2019-04-22 16:43:51.185 [DEBUG] [o.s.c.a.ClassPathBeanDefinitionScanner] Identified candidate component class: URL [jar:file:/Users/didi/.m2/repository/io/springfox/springfox-swagger-common/2.6.1/springfox-swagger-common-2.6.1.jar!/springfox/documentation/swagger/readers/operation/OperationSummaryReader.class]
2019-04-22 16:43:51.186 [DEBUG] [o.s.c.a.ClassPathBeanDefinitionScanner] Identified candidate component class: URL [jar:file:/Users/didi/.m2/repository/io/springfox/springfox-swagger-common/2.6.1/springfox-swagger-common-2.6.1.jar!/springfox/documentation/swagger/readers/operation/SwaggerMediaTypeReader.class]
2019-04-22 16:43:51.187 [DEBUG] [o.s.c.a.ClassPathBeanDefinitionScanner] Identified candidate component class: URL [jar:file:/Users/didi/.m2/repository/io/springfox/springfox-swagger-common/2.6.1/springfox-swagger-common-2.6.1.jar!/springfox/documentation/swagger/readers/operation/SwaggerOperationModelsProvider.class]
2019-04-22 16:43:51.188 [DEBUG] [o.s.c.a.ClassPathBeanDefinitionScanner] Identified candidate component class: URL [jar:file:/Users/didi/.m2/repository/io/springfox/springfox-swagger-common/2.6.1/springfox-swagger-common-2.6.1.jar!/springfox/documentation/swagger/readers/operation/SwaggerOperationResponseClassReader.class]
2019-04-22 16:43:51.191 [DEBUG] [o.s.c.a.ClassPathBeanDefinitionScanner] Identified candidate component class: URL [jar:file:/Users/didi/.m2/repository/io/springfox/springfox-swagger-common/2.6.1/springfox-swagger-common-2.6.1.jar!/springfox/documentation/swagger/readers/operation/SwaggerOperationTagsReader.class]
2019-04-22 16:43:51.191 [DEBUG] [o.s.c.a.ClassPathBeanDefinitionScanner] Identified candidate component class: URL [jar:file:/Users/didi/.m2/repository/io/springfox/springfox-swagger-common/2.6.1/springfox-swagger-common-2.6.1.jar!/springfox/documentation/swagger/readers/operation/SwaggerResponseMessageReader.class]
2019-04-22 16:43:51.192 [DEBUG] [o.s.c.a.ClassPathBeanDefinitionScanner] Identified candidate component class: URL [jar:file:/Users/didi/.m2/repository/io/springfox/springfox-swagger-common/2.6.1/springfox-swagger-common-2.6.1.jar!/springfox/documentation/swagger/readers/operation/VendorExtensionsReader.class]
2019-04-22 16:43:51.193 [DEBUG] [o.s.c.a.ClassPathBeanDefinitionScanner] Identified candidate component class: URL [jar:file:/Users/didi/.m2/repository/io/springfox/springfox-swagger-common/2.6.1/springfox-swagger-common-2.6.1.jar!/springfox/documentation/swagger/readers/parameter/ApiParamParameterBuilder.class]
2019-04-22 16:43:51.195 [DEBUG] [o.s.c.a.ClassPathBeanDefinitionScanner] Identified candidate component class: URL [jar:file:/Users/didi/.m2/repository/io/springfox/springfox-swagger-common/2.6.1/springfox-swagger-common-2.6.1.jar!/springfox/documentation/swagger/readers/parameter/SwaggerExpandedParameterBuilder.class]
2019-04-22 16:43:51.200 [DEBUG] [o.s.c.a.ClassPathBeanDefinitionScanner] Identified candidate component class: URL [jar:file:/Users/didi/.m2/repository/io/springfox/springfox-swagger-common/2.6.1/springfox-swagger-common-2.6.1.jar!/springfox/documentation/swagger/web/ApiResourceController.class]
2019-04-22 16:43:51.205 [DEBUG] [o.s.c.a.ClassPathBeanDefinitionScanner] Identified candidate component class: URL [jar:file:/Users/didi/.m2/repository/io/springfox/springfox-swagger-common/2.6.1/springfox-swagger-common-2.6.1.jar!/springfox/documentation/swagger/web/ClassOrApiAnnotationResourceGrouping.class]
2019-04-22 16:43:51.207 [DEBUG] [o.s.c.a.ClassPathBeanDefinitionScanner] Identified candidate component class: URL [jar:file:/Users/didi/.m2/repository/io/springfox/springfox-swagger-common/2.6.1/springfox-swagger-common-2.6.1.jar!/springfox/documentation/swagger/web/InMemorySwaggerResourcesProvider.class]
2019-04-22 16:43:51.216 [DEBUG] [o.s.c.a.ClassPathBeanDefinitionScanner] Identified candidate component class: URL [jar:file:/Users/didi/.m2/repository/io/springfox/springfox-swagger-common/2.6.1/springfox-swagger-common-2.6.1.jar!/springfox/documentation/swagger/web/SwaggerApiListingReader.class]
2019-04-22 16:43:51.655 [DEBUG] [o.s.c.e.PropertySourcesPropertyResolver] Found key 'spring.thymeleaf.prefix' in PropertySource 'configurationProperties' with value of type String
2019-04-22 16:43:51.709 [DEBUG] [o.s.c.e.PropertySourcesPropertyResolver] Found key 'spring.jmx.enabled' in PropertySource 'configurationProperties' with value of type String
2019-04-22 16:43:51.737 [DEBUG] [o.s.c.e.PropertySourcesPropertyResolver] Found key 'spring.jmx.enabled' in PropertySource 'configurationProperties' with value of type String
2019-04-22 16:43:51.952 [DEBUG] [o.s.c.e.PropertySourcesPropertyResolver] Found key 'spring.thymeleaf.enabled' in PropertySource 'configurationProperties' with value of type String
2019-04-22 16:43:52.081 [DEBUG] [o.s.b.f.s.DefaultListableBeanFactory] Creating shared instance of singleton bean 'org.springframework.boot.autoconfigure.condition.BeanTypeRegistry'
2019-04-22 16:43:52.246 [DEBUG] [o.s.c.e.PropertySourcesPropertyResolver] Found key 'spring.thymeleaf.prefix' in PropertySource 'configurationProperties' with value of type String
2019-04-22 16:43:52.310 [DEBUG] [o.m.s.b.a.MybatisAutoConfiguration] Searching for mappers annotated with @Mapper
2019-04-22 16:43:52.314 [DEBUG] [o.s.b.f.s.DefaultListableBeanFactory] Creating shared instance of singleton bean 'org.springframework.boot.autoconfigure.AutoConfigurationPackages'
2019-04-22 16:43:52.334 [DEBUG] [o.s.b.a.AutoConfigurationPackages] @EnableAutoConfiguration was declared on a class in the package 'com.willpower.clap'. Automatic @Repository and @Entity scanning is enabled.
2019-04-22 16:43:52.334 [DEBUG] [o.m.s.b.a.MybatisAutoConfiguration] Using auto-configuration base package 'com.willpower.clap'
2019-04-22 16:43:52.341 [DEBUG] [o.m.s.m.ClassPathMapperScanner] Identified candidate component class: URL [jar:file:/Users/didi/cf-work/workspace/clap/clap-model/target/clap-model-0.0.1-SNAPSHOT.jar!/com/willpower/clap/mapper/PersonsMapper.class]
2019-04-22 16:43:52.342 [DEBUG] [o.m.s.m.ClassPathMapperScanner] Identified candidate component class: URL [jar:file:/Users/didi/cf-work/workspace/clap/clap-model/target/clap-model-0.0.1-SNAPSHOT.jar!/com/willpower/clap/mapper/SysRoleMapper.class]
2019-04-22 16:43:52.342 [DEBUG] [o.m.s.m.ClassPathMapperScanner] Identified candidate component class: URL [jar:file:/Users/didi/cf-work/workspace/clap/clap-model/target/clap-model-0.0.1-SNAPSHOT.jar!/com/willpower/clap/mapper/UserInfoMapper.class]
2019-04-22 16:43:52.343 [DEBUG] [o.m.s.m.ClassPathMapperScanner] Identified candidate component class: URL [jar:file:/Users/didi/cf-work/workspace/clap/clap-model/target/clap-model-0.0.1-SNAPSHOT.jar!/com/willpower/clap/mapper/SysPermissionMapper.class]
2019-04-22 16:43:52.348 [DEBUG] [o.m.s.m.ClassPathMapperScanner] Creating MapperFactoryBean with name 'personsMapper' and 'com.willpower.clap.mapper.PersonsMapper' mapperInterface
2019-04-22 16:43:52.348 [DEBUG] [o.m.s.m.ClassPathMapperScanner] Enabling autowire by type for MapperFactoryBean with name 'personsMapper'.
2019-04-22 16:43:52.348 [DEBUG] [o.m.s.m.ClassPathMapperScanner] Creating MapperFactoryBean with name 'sysRoleMapper' and 'com.willpower.clap.mapper.SysRoleMapper' mapperInterface
2019-04-22 16:43:52.348 [DEBUG] [o.m.s.m.ClassPathMapperScanner] Enabling autowire by type for MapperFactoryBean with name 'sysRoleMapper'.
2019-04-22 16:43:52.349 [DEBUG] [o.m.s.m.ClassPathMapperScanner] Creating MapperFactoryBean with name 'userInfoMapper' and 'com.willpower.clap.mapper.UserInfoMapper' mapperInterface
2019-04-22 16:43:52.349 [DEBUG] [o.m.s.m.ClassPathMapperScanner] Enabling autowire by type for MapperFactoryBean with name 'userInfoMapper'.
2019-04-22 16:43:52.349 [DEBUG] [o.m.s.m.ClassPathMapperScanner] Creating MapperFactoryBean with name 'sysPermissionMapper' and 'com.willpower.clap.mapper.SysPermissionMapper' mapperInterface
2019-04-22 16:43:52.349 [DEBUG] [o.m.s.m.ClassPathMapperScanner] Enabling autowire by type for MapperFactoryBean with name 'sysPermissionMapper'.
2019-04-22 16:43:52.436 [INFO ] [o.s.d.r.c.RepositoryConfigurationDelegate] Bootstrapping Spring Data repositories in DEFAULT mode.
2019-04-22 16:43:52.452 [DEBUG] [o.s.d.r.c.RepositoryConfigurationDelegate] Scanning for repositories in packages com.willpower.clap.
2019-04-22 16:43:52.489 [INFO ] [o.s.d.r.c.RepositoryConfigurationDelegate] Finished Spring Data repository scanning in 36ms. Found 0 repository interfaces.
2019-04-22 16:43:52.585 [DEBUG] [o.s.c.e.PropertySourcesPropertyResolver] Found key 'spring.thymeleaf.enabled' in PropertySource 'configurationProperties' with value of type String
2019-04-22 16:43:52.680 [DEBUG] [o.s.b.f.s.DefaultListableBeanFactory] Creating shared instance of singleton bean 'org.springframework.boot.test.web.client.TestRestTemplateContextCustomizer$TestRestTemplateRegistrar'
2019-04-22 16:43:53.039 [DEBUG] [o.s.b.f.s.DefaultListableBeanFactory] Creating shared instance of singleton bean 'propertySourcesPlaceholderConfigurer'
2019-04-22 16:43:53.054 [DEBUG] [o.s.b.f.s.DefaultListableBeanFactory] Creating shared instance of singleton bean 'org.springframework.boot.test.mock.mockito.MockitoPostProcessor'
2019-04-22 16:43:53.056 [DEBUG] [o.s.b.f.s.DefaultListableBeanFactory] Creating shared instance of singleton bean 'emBeanDefinitionRegistrarPostProcessor'
2019-04-22 16:43:53.172 [DEBUG] [o.s.b.f.s.DefaultListableBeanFactory] Creating shared instance of singleton bean 'org.springframework.context.event.internalEventListenerProcessor'
2019-04-22 16:43:53.174 [DEBUG] [o.s.b.f.s.DefaultListableBeanFactory] Creating shared instance of singleton bean 'org.springframework.boot.context.properties.ConfigurationBeanFactoryMetadata'
2019-04-22 16:43:53.176 [DEBUG] [o.s.b.f.s.DefaultListableBeanFactory] Creating shared instance of singleton bean 'preserveErrorControllerTargetClassPostProcessor'
2019-04-22 16:43:53.187 [DEBUG] [o.s.b.f.s.DefaultListableBeanFactory] Creating shared instance of singleton bean 'org.springframework.context.event.internalEventListenerFactory'
2019-04-22 16:43:53.189 [DEBUG] [o.s.b.f.s.DefaultListableBeanFactory] Creating shared instance of singleton bean 'org.springframework.transaction.config.internalTransactionalEventListenerFactory'
2019-04-22 16:43:53.217 [DEBUG] [o.s.b.f.s.DefaultListableBeanFactory] Creating shared instance of singleton bean 'org.springframework.context.annotation.internalAutowiredAnnotationProcessor'
2019-04-22 16:43:53.218 [DEBUG] [o.s.b.f.s.DefaultListableBeanFactory] Creating shared instance of singleton bean 'org.springframework.context.annotation.internalCommonAnnotationProcessor'
2019-04-22 16:43:53.236 [DEBUG] [o.s.b.f.s.DefaultListableBeanFactory] Creating shared instance of singleton bean 'org.springframework.context.annotation.internalPersistenceAnnotationProcessor'
2019-04-22 16:43:53.244 [DEBUG] [o.s.b.f.s.DefaultListableBeanFactory] Creating shared instance of singleton bean 'org.springframework.boot.test.mock.mockito.MockitoPostProcessor$SpyPostProcessor'
2019-04-22 16:43:53.245 [DEBUG] [o.s.b.f.s.DefaultListableBeanFactory] Creating shared instance of singleton bean 'org.springframework.boot.context.properties.ConfigurationPropertiesBindingPostProcessor'
2019-04-22 16:43:53.249 [DEBUG] [o.s.b.f.s.DefaultListableBeanFactory] Creating shared instance of singleton bean 'methodValidationPostProcessor'
2019-04-22 16:43:53.273 [DEBUG] [o.s.b.f.s.DefaultListableBeanFactory] Autowiring by type from bean name 'methodValidationPostProcessor' via factory method to bean named 'environment'
2019-04-22 16:43:53.325 [DEBUG] [o.s.b.f.s.DefaultListableBeanFactory] Creating shared instance of singleton bean 'dataSourceInitializerPostProcessor'
2019-04-22 16:43:53.333 [DEBUG] [o.s.b.f.s.DefaultListableBeanFactory] Creating shared instance of singleton bean 'org.springframework.aop.config.internalAutoProxyCreator'
2019-04-22 16:43:53.391 [DEBUG] [o.s.b.f.s.DefaultListableBeanFactory] Creating shared instance of singleton bean 'persistenceExceptionTranslationPostProcessor'
2019-04-22 16:43:53.392 [DEBUG] [o.s.b.f.s.DefaultListableBeanFactory] Autowiring by type from bean name 'persistenceExceptionTranslationPostProcessor' via factory method to bean named 'environment'
2019-04-22 16:43:53.405 [DEBUG] [o.s.b.f.s.DefaultListableBeanFactory] Creating shared instance of singleton bean 'objectMapperConfigurer'
2019-04-22 16:43:53.407 [DEBUG] [o.s.b.f.s.DefaultListableBeanFactory] Creating shared instance of singleton bean 'authorizationAttributeSourceAdvisor'
2019-04-22 16:43:53.408 [DEBUG] [o.s.b.f.s.DefaultListableBeanFactory] Creating shared instance of singleton bean 'shiroConfig'
2019-04-22 16:43:53.408 [DEBUG] [o.s.b.f.s.DefaultListableBeanFactory] Creating shared instance of singleton bean 'org.springframework.transaction.config.internalTransactionAdvisor'
2019-04-22 16:43:53.409 [DEBUG] [o.s.b.f.s.DefaultListableBeanFactory] Creating shared instance of singleton bean 'org.springframework.transaction.annotation.ProxyTransactionManagementConfiguration'
2019-04-22 16:43:53.463 [INFO ] [o.s.c.s.PostProcessorRegistrationDelegate$BeanPostProcessorChecker] Bean 'org.springframework.transaction.annotation.ProxyTransactionManagementConfiguration' of type [org.springframework.transaction.annotation.ProxyTransactionManagementConfiguration$$EnhancerBySpringCGLIB$$db52df18] is not eligible for getting processed by all BeanPostProcessors (for example: not eligible for auto-proxying)
2019-04-22 16:43:53.495 [DEBUG] [o.s.b.f.s.DefaultListableBeanFactory] Creating shared instance of singleton bean 'transactionAttributeSource'
2019-04-22 16:43:53.514 [DEBUG] [o.s.b.f.s.DefaultListableBeanFactory] Creating shared instance of singleton bean 'transactionInterceptor'
2019-04-22 16:43:53.573 [INFO ] [o.s.c.s.PostProcessorRegistrationDelegate$BeanPostProcessorChecker] Bean 'shiroConfig' of type [com.willpower.clap.shiro.ShiroConfig$$EnhancerBySpringCGLIB$$94444c05] is not eligible for getting processed by all BeanPostProcessors (for example: not eligible for auto-proxying)
2019-04-22 16:43:53.582 [DEBUG] [o.s.b.f.s.DefaultListableBeanFactory] Creating shared instance of singleton bean 'securityManager'
2019-04-22 16:43:53.889 [DEBUG] [o.s.b.f.s.DefaultListableBeanFactory] Creating shared instance of singleton bean 'myShiroRealm'
2019-04-22 16:43:53.894 [DEBUG] [o.s.b.f.s.DefaultListableBeanFactory] Creating shared instance of singleton bean 'hashedCredentialsMatcher'
2019-04-22 16:43:53.902 [INFO ] [o.s.c.s.PostProcessorRegistrationDelegate$BeanPostProcessorChecker] Bean 'hashedCredentialsMatcher' of type [org.apache.shiro.authc.credential.HashedCredentialsMatcher] is not eligible for getting processed by all BeanPostProcessors (for example: not eligible for auto-proxying)
2019-04-22 16:43:53.930 [DEBUG] [o.s.b.f.s.DefaultListableBeanFactory] Creating shared instance of singleton bean 'userInfoServiceImpl'
2019-04-22 16:43:53.944 [DEBUG] [o.s.b.f.s.DefaultListableBeanFactory] Creating shared instance of singleton bean 'userInfoMapper'
2019-04-22 16:43:53.956 [DEBUG] [o.s.b.f.s.DefaultListableBeanFactory] Creating shared instance of singleton bean 'sqlSessionFactory'
2019-04-22 16:43:53.957 [DEBUG] [o.s.b.f.s.DefaultListableBeanFactory] Creating shared instance of singleton bean 'org.mybatis.spring.boot.autoconfigure.MybatisAutoConfiguration'
2019-04-22 16:43:53.958 [DEBUG] [o.s.c.LocalVariableTableParameterNameDiscoverer] Cannot find '.class' file for class [class org.mybatis.spring.boot.autoconfigure.MybatisAutoConfiguration$$EnhancerBySpringCGLIB$$e273048] - unable to determine constructor/method parameter names
2019-04-22 16:43:53.960 [DEBUG] [o.s.b.f.s.DefaultListableBeanFactory] Creating shared instance of singleton bean 'mybatis-org.mybatis.spring.boot.autoconfigure.MybatisProperties'
2019-04-22 16:43:54.053 [DEBUG] [o.a.ibatis.logging.LogFactory] Logging initialized using 'class org.apache.ibatis.logging.slf4j.Slf4jImpl' adapter.
Logging initialized using 'class org.apache.ibatis.logging.stdout.StdOutImpl' adapter.
2019-04-22 16:43:54.282 [INFO ] [o.s.c.s.PostProcessorRegistrationDelegate$BeanPostProcessorChecker] Bean 'mybatis-org.mybatis.spring.boot.autoconfigure.MybatisProperties' of type [org.mybatis.spring.boot.autoconfigure.MybatisProperties] is not eligible for getting processed by all BeanPostProcessors (for example: not eligible for auto-proxying)
2019-04-22 16:43:54.287 [DEBUG] [o.s.b.f.s.DefaultListableBeanFactory] Autowiring by type from bean name 'org.mybatis.spring.boot.autoconfigure.MybatisAutoConfiguration' via constructor to bean named 'mybatis-org.mybatis.spring.boot.autoconfigure.MybatisProperties'
2019-04-22 16:43:54.287 [DEBUG] [o.s.b.f.s.DefaultListableBeanFactory] Autowiring by type from bean name 'org.mybatis.spring.boot.autoconfigure.MybatisAutoConfiguration' via constructor to bean named 'org.springframework.boot.web.servlet.context.AnnotationConfigServletWebServerApplicationContext@1b8a29df'
2019-04-22 16:43:54.318 [INFO ] [o.s.c.s.PostProcessorRegistrationDelegate$BeanPostProcessorChecker] Bean 'org.mybatis.spring.boot.autoconfigure.MybatisAutoConfiguration' of type [org.mybatis.spring.boot.autoconfigure.MybatisAutoConfiguration$$EnhancerBySpringCGLIB$$e273048] is not eligible for getting processed by all BeanPostProcessors (for example: not eligible for auto-proxying)
2019-04-22 16:43:54.326 [DEBUG] [o.s.b.f.s.DefaultListableBeanFactory] Creating shared instance of singleton bean 'dataSource'
2019-04-22 16:43:54.327 [DEBUG] [o.s.b.f.s.DefaultListableBeanFactory] Creating shared instance of singleton bean 'org.springframework.boot.autoconfigure.jdbc.DataSourceConfiguration$Hikari'
2019-04-22 16:43:54.331 [INFO ] [o.s.c.s.PostProcessorRegistrationDelegate$BeanPostProcessorChecker] Bean 'org.springframework.boot.autoconfigure.jdbc.DataSourceConfiguration$Hikari' of type [org.springframework.boot.autoconfigure.jdbc.DataSourceConfiguration$Hikari] is not eligible for getting processed by all BeanPostProcessors (for example: not eligible for auto-proxying)
2019-04-22 16:43:54.333 [DEBUG] [o.s.b.f.s.DefaultListableBeanFactory] Creating shared instance of singleton bean 'spring.datasource-org.springframework.boot.autoconfigure.jdbc.DataSourceProperties'
2019-04-22 16:43:54.354 [INFO ] [o.s.c.s.PostProcessorRegistrationDelegate$BeanPostProcessorChecker] Bean 'spring.datasource-org.springframework.boot.autoconfigure.jdbc.DataSourceProperties' of type [org.springframework.boot.autoconfigure.jdbc.DataSourceProperties] is not eligible for getting processed by all BeanPostProcessors (for example: not eligible for auto-proxying)
2019-04-22 16:43:54.355 [DEBUG] [o.s.b.f.s.DefaultListableBeanFactory] Autowiring by type from bean name 'dataSource' via factory method to bean named 'spring.datasource-org.springframework.boot.autoconfigure.jdbc.DataSourceProperties'
2019-04-22 16:43:54.376 [DEBUG] [com.zaxxer.hikari.HikariConfig] Driver class com.mysql.jdbc.Driver found in Thread context class loader sun.misc.Launcher$AppClassLoader@28d93b30
2019-04-22 16:43:54.409 [INFO ] [o.s.c.s.PostProcessorRegistrationDelegate$BeanPostProcessorChecker] Bean 'dataSource' of type [com.zaxxer.hikari.HikariDataSource] is not eligible for getting processed by all BeanPostProcessors (for example: not eligible for auto-proxying)
2019-04-22 16:43:54.431 [DEBUG] [o.s.b.f.s.DefaultListableBeanFactory] Creating shared instance of singleton bean 'org.springframework.boot.autoconfigure.jdbc.DataSourceInitializerInvoker'
2019-04-22 16:43:54.437 [DEBUG] [o.s.b.f.s.DefaultListableBeanFactory] Autowiring by type from bean name 'org.springframework.boot.autoconfigure.jdbc.DataSourceInitializerInvoker' via constructor to bean named 'spring.datasource-org.springframework.boot.autoconfigure.jdbc.DataSourceProperties'
2019-04-22 16:43:54.437 [DEBUG] [o.s.b.f.s.DefaultListableBeanFactory] Autowiring by type from bean name 'org.springframework.boot.autoconfigure.jdbc.DataSourceInitializerInvoker' via constructor to bean named 'org.springframework.boot.web.servlet.context.AnnotationConfigServletWebServerApplicationContext@1b8a29df'
2019-04-22 16:43:54.446 [INFO ] [o.s.c.s.PostProcessorRegistrationDelegate$BeanPostProcessorChecker] Bean 'org.springframework.boot.autoconfigure.jdbc.DataSourceInitializerInvoker' of type [org.springframework.boot.autoconfigure.jdbc.DataSourceInitializerInvoker] is not eligible for getting processed by all BeanPostProcessors (for example: not eligible for auto-proxying)
2019-04-22 16:43:54.447 [DEBUG] [o.s.b.f.s.DefaultListableBeanFactory] Autowiring by type from bean name 'sqlSessionFactory' via factory method to bean named 'dataSource'
Using VFS adapter org.mybatis.spring.boot.autoconfigure.SpringBootVFS
Checking to see if class com.willpower.clap.entity.Persons matches criteria [is assignable to Object]
Checking to see if class com.willpower.clap.entity.SysPermission matches criteria [is assignable to Object]
Checking to see if class com.willpower.clap.entity.UserInfo matches criteria [is assignable to Object]
Checking to see if class com.willpower.clap.entity.SysRole matches criteria [is assignable to Object]
Scanned package: 'com.willpower.clap.entity' for aliases
Parsed mapper file: 'class path resource [mapper/SysPermissionMapper.xml]'
Parsed mapper file: 'class path resource [mapper/SysRoleMapper.xml]'
Parsed mapper file: 'class path resource [mapper/PersonsMapper.xml]'
Parsed mapper file: 'class path resource [mapper/UserInfoMapper.xml]'
2019-04-22 16:43:54.879 [INFO ] [o.s.c.s.PostProcessorRegistrationDelegate$BeanPostProcessorChecker] Bean 'sqlSessionFactory' of type [org.apache.ibatis.session.defaults.DefaultSqlSessionFactory] is not eligible for getting processed by all BeanPostProcessors (for example: not eligible for auto-proxying)
2019-04-22 16:43:54.882 [DEBUG] [o.s.b.f.s.DefaultListableBeanFactory] Creating shared instance of singleton bean 'sqlSessionTemplate'
2019-04-22 16:43:54.883 [DEBUG] [o.s.b.f.s.DefaultListableBeanFactory] Autowiring by type from bean name 'sqlSessionTemplate' via factory method to bean named 'sqlSessionFactory'
2019-04-22 16:43:54.897 [INFO ] [o.s.c.s.PostProcessorRegistrationDelegate$BeanPostProcessorChecker] Bean 'sqlSessionTemplate' of type [org.mybatis.spring.SqlSessionTemplate] is not eligible for getting processed by all BeanPostProcessors (for example: not eligible for auto-proxying)
2019-04-22 16:43:54.900 [INFO ] [o.s.c.s.PostProcessorRegistrationDelegate$BeanPostProcessorChecker] Bean 'userInfoMapper' of type [org.mybatis.spring.mapper.MapperFactoryBean] is not eligible for getting processed by all BeanPostProcessors (for example: not eligible for auto-proxying)
2019-04-22 16:43:54.903 [INFO ] [o.s.c.s.PostProcessorRegistrationDelegate$BeanPostProcessorChecker] Bean 'userInfoMapper' of type [com.sun.proxy.$Proxy84] is not eligible for getting processed by all BeanPostProcessors (for example: not eligible for auto-proxying)
2019-04-22 16:43:54.906 [INFO ] [o.s.c.s.PostProcessorRegistrationDelegate$BeanPostProcessorChecker] Bean 'userInfoServiceImpl' of type [com.willpower.clap.service.impl.UserInfoServiceImpl] is not eligible for getting processed by all BeanPostProcessors (for example: not eligible for auto-proxying)
2019-04-22 16:43:54.909 [DEBUG] [o.s.b.f.s.DefaultListableBeanFactory] Creating shared instance of singleton bean 'sysRoleMapper'
2019-04-22 16:43:54.914 [INFO ] [o.s.c.s.PostProcessorRegistrationDelegate$BeanPostProcessorChecker] Bean 'sysRoleMapper' of type [org.mybatis.spring.mapper.MapperFactoryBean] is not eligible for getting processed by all BeanPostProcessors (for example: not eligible for auto-proxying)
2019-04-22 16:43:54.916 [INFO ] [o.s.c.s.PostProcessorRegistrationDelegate$BeanPostProcessorChecker] Bean 'sysRoleMapper' of type [com.sun.proxy.$Proxy86] is not eligible for getting processed by all BeanPostProcessors (for example: not eligible for auto-proxying)
2019-04-22 16:43:54.919 [DEBUG] [o.s.b.f.s.DefaultListableBeanFactory] Creating shared instance of singleton bean 'sysPermissionMapper'
2019-04-22 16:43:54.924 [INFO ] [o.s.c.s.PostProcessorRegistrationDelegate$BeanPostProcessorChecker] Bean 'sysPermissionMapper' of type [org.mybatis.spring.mapper.MapperFactoryBean] is not eligible for getting processed by all BeanPostProcessors (for example: not eligible for auto-proxying)
2019-04-22 16:43:54.928 [INFO ] [o.s.c.s.PostProcessorRegistrationDelegate$BeanPostProcessorChecker] Bean 'sysPermissionMapper' of type [com.sun.proxy.$Proxy87] is not eligible for getting processed by all BeanPostProcessors (for example: not eligible for auto-proxying)
2019-04-22 16:43:54.931 [INFO ] [o.s.c.s.PostProcessorRegistrationDelegate$BeanPostProcessorChecker] Bean 'myShiroRealm' of type [com.willpower.clap.shiro.MyShiroRealm] is not eligible for getting processed by all BeanPostProcessors (for example: not eligible for auto-proxying)
2019-04-22 16:43:54.934 [DEBUG] [o.s.b.f.s.DefaultListableBeanFactory] Creating shared instance of singleton bean 'ehCacheManager'
ShiroConfiguration.getEhCacheManager()
2019-04-22 16:43:54.941 [INFO ] [o.s.c.s.PostProcessorRegistrationDelegate$BeanPostProcessorChecker] Bean 'ehCacheManager' of type [org.apache.shiro.cache.ehcache.EhCacheManager] is not eligible for getting processed by all BeanPostProcessors (for example: not eligible for auto-proxying)
2019-04-22 16:43:54.942 [DEBUG] [o.a.shiro.realm.AuthorizingRealm] No authorizationCache instance set.  Checking for a cacheManager...
2019-04-22 16:43:54.942 [DEBUG] [o.a.shiro.realm.AuthorizingRealm] CacheManager [org.apache.shiro.cache.ehcache.EhCacheManager@2a39aa2b] has been configured.  Building authorization cache named [com.willpower.clap.shiro.MyShiroRealm.authorizationCache]
2019-04-22 16:43:54.942 [DEBUG] [o.a.s.c.ehcache.EhCacheManager] cacheManager property not set.  Constructing CacheManager instance... 
2019-04-22 16:43:54.952 [DEBUG] [o.apache.shiro.io.ResourceUtils] Opening resource from class path [ehcache-shiro.xml]
2019-04-22 16:43:54.964 [DEBUG] [n.s.e.c.ConfigurationFactory] Configuring ehcache from InputStream
2019-04-22 16:43:54.996 [DEBUG] [n.s.e.c.DiskStoreConfiguration] Disk Store Path: /var/folders/tk/v9nks16x3gn6jlfl4qm7s4lr0000gn/T/
2019-04-22 16:43:55.015 [DEBUG] [net.sf.ehcache.util.PropertyUtil] propertiesString is null.
2019-04-22 16:43:55.047 [DEBUG] [n.s.e.config.ConfigurationHelper] No CacheManagerEventListenerFactory class specified. Skipping...
2019-04-22 16:43:55.073 [DEBUG] [net.sf.ehcache.Cache] No BootstrapCacheLoaderFactory class specified. Skipping...
2019-04-22 16:43:55.073 [DEBUG] [net.sf.ehcache.Cache] CacheWriter factory not configured. Skipping...
2019-04-22 16:43:55.076 [DEBUG] [n.s.e.config.ConfigurationHelper] No CacheExceptionHandlerFactory class specified. Skipping...
2019-04-22 16:43:55.086 [DEBUG] [net.sf.ehcache.Cache] No BootstrapCacheLoaderFactory class specified. Skipping...
2019-04-22 16:43:55.086 [DEBUG] [net.sf.ehcache.Cache] CacheWriter factory not configured. Skipping...
2019-04-22 16:43:55.087 [DEBUG] [n.s.e.config.ConfigurationHelper] No CacheExceptionHandlerFactory class specified. Skipping...
2019-04-22 16:43:55.147 [DEBUG] [net.sf.ehcache.store.MemoryStore] Initialized net.sf.ehcache.store.NotifyingMemoryStore for passwordRetryCache
2019-04-22 16:43:55.157 [DEBUG] [net.sf.ehcache.Cache] Initialised cache: passwordRetryCache
2019-04-22 16:43:55.158 [DEBUG] [n.s.e.config.ConfigurationHelper] CacheDecoratorFactory not configured. Skipping for 'passwordRetryCache'.
2019-04-22 16:43:55.158 [DEBUG] [n.s.e.config.ConfigurationHelper] CacheDecoratorFactory not configured for defaultCache. Skipping for 'passwordRetryCache'.
2019-04-22 16:43:55.159 [DEBUG] [o.a.s.c.ehcache.EhCacheManager] implicit cacheManager created successfully.
2019-04-22 16:43:55.159 [INFO ] [o.a.s.c.ehcache.EhCacheManager] Cache with name 'com.willpower.clap.shiro.MyShiroRealm.authorizationCache' does not yet exist.  Creating now.
2019-04-22 16:43:55.160 [DEBUG] [net.sf.ehcache.store.MemoryStore] Initialized net.sf.ehcache.store.NotifyingMemoryStore for com.willpower.clap.shiro.MyShiroRealm.authorizationCache
2019-04-22 16:43:55.161 [DEBUG] [net.sf.ehcache.Cache] Initialised cache: com.willpower.clap.shiro.MyShiroRealm.authorizationCache
2019-04-22 16:43:55.161 [DEBUG] [n.s.e.config.ConfigurationHelper] CacheDecoratorFactory not configured for defaultCache. Skipping for 'com.willpower.clap.shiro.MyShiroRealm.authorizationCache'.
2019-04-22 16:43:55.161 [INFO ] [o.a.s.c.ehcache.EhCacheManager] Added EhCache named [com.willpower.clap.shiro.MyShiroRealm.authorizationCache]
2019-04-22 16:43:55.163 [DEBUG] [o.s.b.f.s.DefaultListableBeanFactory] Creating shared instance of singleton bean 'cookieRememberMeManager'
ShiroConfiguration.rememberMeManager()
2019-04-22 16:43:55.164 [DEBUG] [o.s.b.f.s.DefaultListableBeanFactory] Creating shared instance of singleton bean 'rememberMeCookie'
ShiroConfiguration.rememberMeCookie()
2019-04-22 16:43:55.170 [INFO ] [o.s.c.s.PostProcessorRegistrationDelegate$BeanPostProcessorChecker] Bean 'rememberMeCookie' of type [org.apache.shiro.web.servlet.SimpleCookie] is not eligible for getting processed by all BeanPostProcessors (for example: not eligible for auto-proxying)
2019-04-22 16:43:55.180 [INFO ] [o.s.c.s.PostProcessorRegistrationDelegate$BeanPostProcessorChecker] Bean 'cookieRememberMeManager' of type [org.apache.shiro.web.mgt.CookieRememberMeManager] is not eligible for getting processed by all BeanPostProcessors (for example: not eligible for auto-proxying)
2019-04-22 16:43:55.208 [INFO ] [o.s.c.s.PostProcessorRegistrationDelegate$BeanPostProcessorChecker] Bean 'securityManager' of type [org.apache.shiro.web.mgt.DefaultWebSecurityManager] is not eligible for getting processed by all BeanPostProcessors (for example: not eligible for auto-proxying)
2019-04-22 16:43:55.211 [DEBUG] [o.s.b.f.s.DefaultListableBeanFactory] Autowiring by type from bean name 'shiroFilterFactoryBean' via factory method to bean named 'securityManager'
2019-04-22 16:43:55.217 [DEBUG] [o.s.b.f.s.DefaultListableBeanFactory] Autowiring by type from bean name 'authorizationAttributeSourceAdvisor' via factory method to bean named 'securityManager'
2019-04-22 16:43:55.272 [INFO ] [o.s.c.s.PostProcessorRegistrationDelegate$BeanPostProcessorChecker] Bean 'authorizationAttributeSourceAdvisor' of type [org.apache.shiro.spring.security.interceptor.AuthorizationAttributeSourceAdvisor] is not eligible for getting processed by all BeanPostProcessors (for example: not eligible for auto-proxying)
2019-04-22 16:43:55.285 [DEBUG] [o.s.b.f.s.DefaultListableBeanFactory] Creating shared instance of singleton bean 'shiroFilterFactoryBean'
2019-04-22 16:43:55.294 [DEBUG] [o.s.b.f.s.DefaultListableBeanFactory] Creating shared instance of singleton bean 'webServerFactoryCustomizerBeanPostProcessor'
2019-04-22 16:43:55.301 [DEBUG] [o.s.b.f.s.DefaultListableBeanFactory] Creating shared instance of singleton bean 'errorPageRegistrarBeanPostProcessor'
2019-04-22 16:43:55.312 [DEBUG] [o.s.b.f.s.DefaultListableBeanFactory] Creating shared instance of singleton bean 'dataSourceInitializedPublisher'
2019-04-22 16:43:55.333 [DEBUG] [o.s.b.f.s.DefaultListableBeanFactory] Creating shared instance of singleton bean 'projectingArgumentResolverBeanPostProcessor'
2019-04-22 16:43:55.380 [DEBUG] [o.s.u.c.s.UiApplicationContextUtils] Unable to locate ThemeSource with name 'themeSource': using default [org.springframework.ui.context.support.ResourceBundleThemeSource@30ec7d21]
2019-04-22 16:43:55.382 [DEBUG] [o.s.b.f.s.DefaultListableBeanFactory] Creating shared instance of singleton bean 'tomcatServletWebServerFactory'
2019-04-22 16:43:55.383 [DEBUG] [o.s.b.f.s.DefaultListableBeanFactory] Creating shared instance of singleton bean 'org.springframework.boot.autoconfigure.web.servlet.ServletWebServerFactoryConfiguration$EmbeddedTomcat'
2019-04-22 16:43:55.493 [DEBUG] [o.s.b.f.s.DefaultListableBeanFactory] Creating shared instance of singleton bean 'websocketServletWebServerCustomizer'
2019-04-22 16:43:55.494 [DEBUG] [o.s.b.f.s.DefaultListableBeanFactory] Creating shared instance of singleton bean 'org.springframework.boot.autoconfigure.websocket.servlet.WebSocketServletAutoConfiguration$TomcatWebSocketConfiguration'
2019-04-22 16:43:55.530 [DEBUG] [o.s.b.f.s.DefaultListableBeanFactory] Creating shared instance of singleton bean 'servletWebServerFactoryCustomizer'
2019-04-22 16:43:55.530 [DEBUG] [o.s.b.f.s.DefaultListableBeanFactory] Creating shared instance of singleton bean 'org.springframework.boot.autoconfigure.web.servlet.ServletWebServerFactoryAutoConfiguration'
2019-04-22 16:43:55.540 [DEBUG] [o.s.b.f.s.DefaultListableBeanFactory] Creating shared instance of singleton bean 'server-org.springframework.boot.autoconfigure.web.ServerProperties'
2019-04-22 16:43:55.582 [DEBUG] [o.s.b.f.s.DefaultListableBeanFactory] Autowiring by type from bean name 'servletWebServerFactoryCustomizer' via factory method to bean named 'server-org.springframework.boot.autoconfigure.web.ServerProperties'
2019-04-22 16:43:55.593 [DEBUG] [o.s.b.f.s.DefaultListableBeanFactory] Creating shared instance of singleton bean 'tomcatServletWebServerFactoryCustomizer'
2019-04-22 16:43:55.595 [DEBUG] [o.s.b.f.s.DefaultListableBeanFactory] Autowiring by type from bean name 'tomcatServletWebServerFactoryCustomizer' via factory method to bean named 'server-org.springframework.boot.autoconfigure.web.ServerProperties'
2019-04-22 16:43:55.599 [DEBUG] [o.s.b.f.s.DefaultListableBeanFactory] Creating shared instance of singleton bean 'tomcatWebServerFactoryCustomizer'
2019-04-22 16:43:55.600 [DEBUG] [o.s.b.f.s.DefaultListableBeanFactory] Creating shared instance of singleton bean 'org.springframework.boot.autoconfigure.web.embedded.EmbeddedWebServerFactoryCustomizerAutoConfiguration$TomcatWebServerFactoryCustomizerConfiguration'
2019-04-22 16:43:55.609 [DEBUG] [o.s.b.f.s.DefaultListableBeanFactory] Autowiring by type from bean name 'tomcatWebServerFactoryCustomizer' via factory method to bean named 'environment'
2019-04-22 16:43:55.610 [DEBUG] [o.s.b.f.s.DefaultListableBeanFactory] Autowiring by type from bean name 'tomcatWebServerFactoryCustomizer' via factory method to bean named 'server-org.springframework.boot.autoconfigure.web.ServerProperties'
2019-04-22 16:43:55.618 [DEBUG] [o.s.b.f.s.DefaultListableBeanFactory] Creating shared instance of singleton bean 'localeCharsetMappingsCustomizer'
2019-04-22 16:43:55.618 [DEBUG] [o.s.b.f.s.DefaultListableBeanFactory] Creating shared instance of singleton bean 'org.springframework.boot.autoconfigure.web.servlet.HttpEncodingAutoConfiguration'
2019-04-22 16:43:55.618 [DEBUG] [o.s.c.LocalVariableTableParameterNameDiscoverer] Cannot find '.class' file for class [class org.springframework.boot.autoconfigure.web.servlet.HttpEncodingAutoConfiguration$$EnhancerBySpringCGLIB$$aea795ba] - unable to determine constructor/method parameter names
2019-04-22 16:43:55.622 [DEBUG] [o.s.b.f.s.DefaultListableBeanFactory] Creating shared instance of singleton bean 'spring.http-org.springframework.boot.autoconfigure.http.HttpProperties'
2019-04-22 16:43:55.640 [DEBUG] [o.s.b.f.s.DefaultListableBeanFactory] Autowiring by type from bean name 'org.springframework.boot.autoconfigure.web.servlet.HttpEncodingAutoConfiguration' via constructor to bean named 'spring.http-org.springframework.boot.autoconfigure.http.HttpProperties'
2019-04-22 16:43:55.703 [DEBUG] [o.s.b.f.s.DefaultListableBeanFactory] Creating shared instance of singleton bean 'errorPageCustomizer'
2019-04-22 16:43:55.704 [DEBUG] [o.s.b.f.s.DefaultListableBeanFactory] Creating shared instance of singleton bean 'org.springframework.boot.autoconfigure.web.servlet.error.ErrorMvcAutoConfiguration'
2019-04-22 16:43:55.705 [DEBUG] [o.s.c.LocalVariableTableParameterNameDiscoverer] Cannot find '.class' file for class [class org.springframework.boot.autoconfigure.web.servlet.error.ErrorMvcAutoConfiguration$$EnhancerBySpringCGLIB$$6fee49d] - unable to determine constructor/method parameter names
2019-04-22 16:43:55.709 [DEBUG] [o.s.b.f.s.DefaultListableBeanFactory] Creating shared instance of singleton bean 'dispatcherServletRegistration'
2019-04-22 16:43:55.711 [DEBUG] [o.s.b.f.s.DefaultListableBeanFactory] Creating shared instance of singleton bean 'org.springframework.boot.autoconfigure.web.servlet.DispatcherServletAutoConfiguration$DispatcherServletRegistrationConfiguration'
2019-04-22 16:43:55.713 [DEBUG] [o.s.c.LocalVariableTableParameterNameDiscoverer] Cannot find '.class' file for class [class org.springframework.boot.autoconfigure.web.servlet.DispatcherServletAutoConfiguration$DispatcherServletRegistrationConfiguration$$EnhancerBySpringCGLIB$$8d5a0388] - unable to determine constructor/method parameter names
2019-04-22 16:43:55.716 [DEBUG] [o.s.b.f.s.DefaultListableBeanFactory] Creating shared instance of singleton bean 'spring.mvc-org.springframework.boot.autoconfigure.web.servlet.WebMvcProperties'
2019-04-22 16:43:55.730 [DEBUG] [o.s.b.f.s.DefaultListableBeanFactory] Autowiring by type from bean name 'org.springframework.boot.autoconfigure.web.servlet.DispatcherServletAutoConfiguration$DispatcherServletRegistrationConfiguration' via constructor to bean named 'spring.mvc-org.springframework.boot.autoconfigure.web.servlet.WebMvcProperties'
2019-04-22 16:43:55.732 [DEBUG] [o.s.b.f.s.DefaultListableBeanFactory] Creating shared instance of singleton bean 'multipartConfigElement'
2019-04-22 16:43:55.732 [DEBUG] [o.s.b.f.s.DefaultListableBeanFactory] Creating shared instance of singleton bean 'org.springframework.boot.autoconfigure.web.servlet.MultipartAutoConfiguration'
2019-04-22 16:43:55.733 [DEBUG] [o.s.c.LocalVariableTableParameterNameDiscoverer] Cannot find '.class' file for class [class org.springframework.boot.autoconfigure.web.servlet.MultipartAutoConfiguration$$EnhancerBySpringCGLIB$$1d981dc7] - unable to determine constructor/method parameter names
2019-04-22 16:43:55.734 [DEBUG] [o.s.b.f.s.DefaultListableBeanFactory] Creating shared instance of singleton bean 'spring.servlet.multipart-org.springframework.boot.autoconfigure.web.servlet.MultipartProperties'
2019-04-22 16:43:55.742 [DEBUG] [o.s.b.f.s.DefaultListableBeanFactory] Autowiring by type from bean name 'org.springframework.boot.autoconfigure.web.servlet.MultipartAutoConfiguration' via constructor to bean named 'spring.servlet.multipart-org.springframework.boot.autoconfigure.web.servlet.MultipartProperties'
2019-04-22 16:43:55.766 [DEBUG] [o.s.b.f.s.DefaultListableBeanFactory] Creating shared instance of singleton bean 'dispatcherServlet'
2019-04-22 16:43:55.766 [DEBUG] [o.s.b.f.s.DefaultListableBeanFactory] Creating shared instance of singleton bean 'org.springframework.boot.autoconfigure.web.servlet.DispatcherServletAutoConfiguration$DispatcherServletConfiguration'
2019-04-22 16:43:55.768 [DEBUG] [o.s.c.LocalVariableTableParameterNameDiscoverer] Cannot find '.class' file for class [class org.springframework.boot.autoconfigure.web.servlet.DispatcherServletAutoConfiguration$DispatcherServletConfiguration$$EnhancerBySpringCGLIB$$2b526ee1] - unable to determine constructor/method parameter names
2019-04-22 16:43:55.771 [DEBUG] [o.s.b.f.s.DefaultListableBeanFactory] Autowiring by type from bean name 'org.springframework.boot.autoconfigure.web.servlet.DispatcherServletAutoConfiguration$DispatcherServletConfiguration' via constructor to bean named 'spring.http-org.springframework.boot.autoconfigure.http.HttpProperties'
2019-04-22 16:43:55.771 [DEBUG] [o.s.b.f.s.DefaultListableBeanFactory] Autowiring by type from bean name 'org.springframework.boot.autoconfigure.web.servlet.DispatcherServletAutoConfiguration$DispatcherServletConfiguration' via constructor to bean named 'spring.mvc-org.springframework.boot.autoconfigure.web.servlet.WebMvcProperties'
2019-04-22 16:43:55.866 [DEBUG] [o.s.b.f.s.DefaultListableBeanFactory] Autowiring by type from bean name 'dispatcherServletRegistration' via factory method to bean named 'dispatcherServlet'
2019-04-22 16:43:55.886 [DEBUG] [o.s.b.f.s.DefaultListableBeanFactory] Autowiring by type from bean name 'org.springframework.boot.autoconfigure.web.servlet.error.ErrorMvcAutoConfiguration' via constructor to bean named 'server-org.springframework.boot.autoconfigure.web.ServerProperties'
2019-04-22 16:43:55.887 [DEBUG] [o.s.b.f.s.DefaultListableBeanFactory] Autowiring by type from bean name 'org.springframework.boot.autoconfigure.web.servlet.error.ErrorMvcAutoConfiguration' via constructor to bean named 'dispatcherServletRegistration'
2019-04-22 16:43:55.889 [DEBUG] [o.s.b.f.s.DefaultListableBeanFactory] Creating shared instance of singleton bean 'conventionErrorViewResolver'
2019-04-22 16:43:55.889 [DEBUG] [o.s.b.f.s.DefaultListableBeanFactory] Creating shared instance of singleton bean 'org.springframework.boot.autoconfigure.web.servlet.error.ErrorMvcAutoConfiguration$DefaultErrorViewResolverConfiguration'
2019-04-22 16:43:55.890 [DEBUG] [o.s.c.LocalVariableTableParameterNameDiscoverer] Cannot find '.class' file for class [class org.springframework.boot.autoconfigure.web.servlet.error.ErrorMvcAutoConfiguration$DefaultErrorViewResolverConfiguration$$EnhancerBySpringCGLIB$$1b93b93d] - unable to determine constructor/method parameter names
2019-04-22 16:43:55.892 [DEBUG] [o.s.b.f.s.DefaultListableBeanFactory] Creating shared instance of singleton bean 'spring.resources-org.springframework.boot.autoconfigure.web.ResourceProperties'
2019-04-22 16:43:55.904 [DEBUG] [o.s.b.f.s.DefaultListableBeanFactory] Autowiring by type from bean name 'org.springframework.boot.autoconfigure.web.servlet.error.ErrorMvcAutoConfiguration$DefaultErrorViewResolverConfiguration' via constructor to bean named 'org.springframework.boot.web.servlet.context.AnnotationConfigServletWebServerApplicationContext@1b8a29df'
2019-04-22 16:43:55.905 [DEBUG] [o.s.b.f.s.DefaultListableBeanFactory] Autowiring by type from bean name 'org.springframework.boot.autoconfigure.web.servlet.error.ErrorMvcAutoConfiguration$DefaultErrorViewResolverConfiguration' via constructor to bean named 'spring.resources-org.springframework.boot.autoconfigure.web.ResourceProperties'
2019-04-22 16:43:56.193 [DEBUG] [o.s.b.w.e.t.TomcatServletWebServerFactory] Code archive: /Users/didi/.m2/repository/org/springframework/boot/spring-boot/2.1.3.RELEASE/spring-boot-2.1.3.RELEASE.jar
2019-04-22 16:43:56.194 [DEBUG] [o.s.b.w.e.t.TomcatServletWebServerFactory] Code archive: /Users/didi/.m2/repository/org/springframework/boot/spring-boot/2.1.3.RELEASE/spring-boot-2.1.3.RELEASE.jar
2019-04-22 16:43:56.194 [DEBUG] [o.s.b.w.e.t.TomcatServletWebServerFactory] None of the document roots [src/main/webapp, public, static] point to a directory and will be ignored.
2019-04-22 16:43:56.293 [INFO ] [o.s.b.w.e.tomcat.TomcatWebServer] Tomcat initialized with port(s): 0 (http)
2019-04-22 16:43:56.354 [INFO ] [o.a.c.http11.Http11NioProtocol] Initializing ProtocolHandler ["http-nio-auto-1"]
2019-04-22 16:43:56.406 [INFO ] [o.a.c.core.StandardService] Starting service [Tomcat]
2019-04-22 16:43:56.408 [INFO ] [o.a.catalina.core.StandardEngine] Starting Servlet engine: [Apache Tomcat/9.0.16]
2019-04-22 16:43:56.426 [INFO ] [o.a.c.core.AprLifecycleListener] The APR based Apache Tomcat Native library which allows optimal performance in production environments was not found on the java.library.path: [/Users/didi/Library/Java/Extensions:/Library/Java/Extensions:/Network/Library/Java/Extensions:/System/Library/Java/Extensions:/usr/lib/java:.]
2019-04-22 16:43:56.464 [DEBUG] [n.sf.ehcache.util.UpdateChecker] Update check failed: 
java.io.IOException: Server returned HTTP response code: 403 for URL: http://www.terracotta.org/kit/reflector?pageID=update.properties&kitID=ehcache.default&id=2130706433&os-name=Mac+OS+X&jvm-name=Java+HotSpot%28TM%29+64-Bit+Server+VM&jvm-version=1.8.0_131&platform=x86_64&tc-version=2.6.11&tc-product=Ehcache+Core+2.6.11&source=Ehcache+Core&uptime-secs=1&patch=UNKNOWN
	at sun.net.www.protocol.http.HttpURLConnection.getInputStream0(HttpURLConnection.java:1876)
	at sun.net.www.protocol.http.HttpURLConnection.getInputStream(HttpURLConnection.java:1474)
	at net.sf.ehcache.util.UpdateChecker.getUpdateProperties(UpdateChecker.java:108)
	at net.sf.ehcache.util.UpdateChecker.doCheck(UpdateChecker.java:72)
	at net.sf.ehcache.util.UpdateChecker.checkForUpdate(UpdateChecker.java:60)
	at net.sf.ehcache.util.UpdateChecker.run(UpdateChecker.java:51)
	at java.util.TimerThread.mainLoop(Timer.java:555)
	at java.util.TimerThread.run(Timer.java:505)
2019-04-22 16:43:56.728 [INFO ] [o.a.c.c.C.[.[localhost].[/]] Initializing Spring embedded WebApplicationContext
2019-04-22 16:43:56.728 [DEBUG] [o.s.web.context.ContextLoader] Published root WebApplicationContext as ServletContext attribute with name [org.springframework.web.context.WebApplicationContext.ROOT]
2019-04-22 16:43:56.729 [INFO ] [o.s.web.context.ContextLoader] Root WebApplicationContext: initialization completed in 6367 ms
2019-04-22 16:43:56.741 [DEBUG] [o.a.s.s.w.ShiroFilterFactoryBean] Creating Shiro Filter instance.
2019-04-22 16:43:56.767 [DEBUG] [o.a.s.w.f.m.DefaultFilterChainManager] Creating chain [/static/**] from String definition [anon]
2019-04-22 16:43:56.768 [DEBUG] [o.a.s.w.f.m.DefaultFilterChainManager] Attempting to apply path [/static/**] to filter [anon] with config [null]
2019-04-22 16:43:56.769 [DEBUG] [o.a.s.w.f.m.DefaultFilterChainManager] Creating chain [/person/**] from String definition [anon]
2019-04-22 16:43:56.769 [DEBUG] [o.a.s.w.f.m.DefaultFilterChainManager] Attempting to apply path [/person/**] to filter [anon] with config [null]
2019-04-22 16:43:56.770 [DEBUG] [o.a.s.w.f.m.DefaultFilterChainManager] Creating chain [/favicon.ico] from String definition [anon]
2019-04-22 16:43:56.770 [DEBUG] [o.a.s.w.f.m.DefaultFilterChainManager] Attempting to apply path [/favicon.ico] to filter [anon] with config [null]
2019-04-22 16:43:56.770 [DEBUG] [o.a.s.w.f.m.DefaultFilterChainManager] Creating chain [/swagger-ui.html] from String definition [anon]
2019-04-22 16:43:56.770 [DEBUG] [o.a.s.w.f.m.DefaultFilterChainManager] Attempting to apply path [/swagger-ui.html] to filter [anon] with config [null]
2019-04-22 16:43:56.770 [DEBUG] [o.a.s.w.f.m.DefaultFilterChainManager] Creating chain [/swagger-resources] from String definition [anon]
2019-04-22 16:43:56.770 [DEBUG] [o.a.s.w.f.m.DefaultFilterChainManager] Attempting to apply path [/swagger-resources] to filter [anon] with config [null]
2019-04-22 16:43:56.770 [DEBUG] [o.a.s.w.f.m.DefaultFilterChainManager] Creating chain [/v2/api-docs] from String definition [anon]
2019-04-22 16:43:56.770 [DEBUG] [o.a.s.w.f.m.DefaultFilterChainManager] Attempting to apply path [/v2/api-docs] to filter [anon] with config [null]
2019-04-22 16:43:56.770 [DEBUG] [o.a.s.w.f.m.DefaultFilterChainManager] Creating chain [/webjars/springfox-swagger-ui/**] from String definition [anon]
2019-04-22 16:43:56.771 [DEBUG] [o.a.s.w.f.m.DefaultFilterChainManager] Attempting to apply path [/webjars/springfox-swagger-ui/**] to filter [anon] with config [null]
2019-04-22 16:43:56.771 [DEBUG] [o.a.s.w.f.m.DefaultFilterChainManager] Creating chain [/logout] from String definition [logout]
2019-04-22 16:43:56.771 [DEBUG] [o.a.s.w.f.m.DefaultFilterChainManager] Attempting to apply path [/logout] to filter [logout] with config [null]
2019-04-22 16:43:56.771 [DEBUG] [o.a.s.w.f.m.DefaultFilterChainManager] Creating chain [/index] from String definition [user]
2019-04-22 16:43:56.771 [DEBUG] [o.a.s.w.f.m.DefaultFilterChainManager] Attempting to apply path [/index] to filter [user] with config [null]
2019-04-22 16:43:56.771 [DEBUG] [o.a.s.w.f.m.DefaultFilterChainManager] Creating chain [/] from String definition [user]
2019-04-22 16:43:56.771 [DEBUG] [o.a.s.w.f.m.DefaultFilterChainManager] Attempting to apply path [/] to filter [user] with config [null]
2019-04-22 16:43:56.771 [DEBUG] [o.a.s.w.f.m.DefaultFilterChainManager] Creating chain [/api/userinfo/**] from String definition [authc]
2019-04-22 16:43:56.771 [DEBUG] [o.a.s.w.f.m.DefaultFilterChainManager] Attempting to apply path [/api/userinfo/**] to filter [authc] with config [null]
2019-04-22 16:43:56.795 [DEBUG] [o.s.b.f.s.DefaultListableBeanFactory] Creating shared instance of singleton bean 'characterEncodingFilter'
2019-04-22 16:43:56.859 [DEBUG] [o.a.s.s.w.ShiroFilterFactoryBean] Found filter chain candidate filter 'characterEncodingFilter'
2019-04-22 16:43:56.878 [DEBUG] [o.s.b.w.s.ServletContextInitializerBeans] Mapping filters: characterEncodingFilter urls=[/*], shiroFilterFactoryBean urls=[/*]
2019-04-22 16:43:56.878 [DEBUG] [o.s.b.w.s.ServletContextInitializerBeans] Mapping servlets: dispatcherServlet urls=[/]
2019-04-22 16:43:56.916 [DEBUG] [o.s.b.w.s.f.OrderedCharacterEncodingFilter] Filter 'characterEncodingFilter' configured for use
2019-04-22 16:43:56.928 [DEBUG] [o.s.b.f.s.DefaultListableBeanFactory] Creating shared instance of singleton bean 'entityManagerFactory'
2019-04-22 16:43:56.929 [DEBUG] [o.s.b.f.s.DefaultListableBeanFactory] Creating shared instance of singleton bean 'org.springframework.boot.autoconfigure.orm.jpa.HibernateJpaConfiguration'
2019-04-22 16:43:56.930 [DEBUG] [o.s.c.LocalVariableTableParameterNameDiscoverer] Cannot find '.class' file for class [class org.springframework.boot.autoconfigure.orm.jpa.HibernateJpaConfiguration$$EnhancerBySpringCGLIB$$fa29a187] - unable to determine constructor/method parameter names
2019-04-22 16:43:56.933 [DEBUG] [o.s.b.f.s.DefaultListableBeanFactory] Creating shared instance of singleton bean 'spring.jpa-org.springframework.boot.autoconfigure.orm.jpa.JpaProperties'
2019-04-22 16:43:56.944 [DEBUG] [o.s.b.f.s.DefaultListableBeanFactory] Creating shared instance of singleton bean 'spring.jpa.hibernate-org.springframework.boot.autoconfigure.orm.jpa.HibernateProperties'
2019-04-22 16:43:56.949 [DEBUG] [o.s.b.f.s.DefaultListableBeanFactory] Autowiring by type from bean name 'org.springframework.boot.autoconfigure.orm.jpa.HibernateJpaConfiguration' via constructor to bean named 'dataSource'
2019-04-22 16:43:56.949 [DEBUG] [o.s.b.f.s.DefaultListableBeanFactory] Autowiring by type from bean name 'org.springframework.boot.autoconfigure.orm.jpa.HibernateJpaConfiguration' via constructor to bean named 'spring.jpa-org.springframework.boot.autoconfigure.orm.jpa.JpaProperties'
2019-04-22 16:43:56.949 [DEBUG] [o.s.b.f.s.DefaultListableBeanFactory] Autowiring by type from bean name 'org.springframework.boot.autoconfigure.orm.jpa.HibernateJpaConfiguration' via constructor to bean named 'org.springframework.beans.factory.support.DefaultListableBeanFactory@6155d082'
2019-04-22 16:43:56.949 [DEBUG] [o.s.b.f.s.DefaultListableBeanFactory] Autowiring by type from bean name 'org.springframework.boot.autoconfigure.orm.jpa.HibernateJpaConfiguration' via constructor to bean named 'spring.jpa.hibernate-org.springframework.boot.autoconfigure.orm.jpa.HibernateProperties'
2019-04-22 16:43:56.952 [DEBUG] [o.s.b.f.s.DefaultListableBeanFactory] Creating shared instance of singleton bean 'platformTransactionManagerCustomizers'
2019-04-22 16:43:56.952 [DEBUG] [o.s.b.f.s.DefaultListableBeanFactory] Creating shared instance of singleton bean 'org.springframework.boot.autoconfigure.transaction.TransactionAutoConfiguration'
2019-04-22 16:43:56.965 [DEBUG] [o.s.b.f.s.DefaultListableBeanFactory] Creating shared instance of singleton bean 'spring.transaction-org.springframework.boot.autoconfigure.transaction.TransactionProperties'
2019-04-22 16:43:56.979 [DEBUG] [o.s.b.f.s.DefaultListableBeanFactory] Creating shared instance of singleton bean 'hikariPoolDataSourceMetadataProvider'
2019-04-22 16:43:56.980 [DEBUG] [o.s.b.f.s.DefaultListableBeanFactory] Creating shared instance of singleton bean 'org.springframework.boot.autoconfigure.jdbc.metadata.DataSourcePoolMetadataProvidersConfiguration$HikariPoolDataSourceMetadataProviderConfiguration'
2019-04-22 16:43:57.028 [DEBUG] [o.s.b.f.s.DefaultListableBeanFactory] Creating shared instance of singleton bean 'entityManagerFactoryBuilder'
2019-04-22 16:43:57.032 [DEBUG] [o.s.b.f.s.DefaultListableBeanFactory] Creating shared instance of singleton bean 'jpaVendorAdapter'
2019-04-22 16:43:57.091 [DEBUG] [o.s.j.datasource.DataSourceUtils] Fetching JDBC Connection from DataSource
2019-04-22 16:43:57.093 [DEBUG] [com.zaxxer.hikari.HikariConfig] HikariPool-1 - configuration:
2019-04-22 16:43:57.105 [DEBUG] [com.zaxxer.hikari.HikariConfig] allowPoolSuspension.............false
2019-04-22 16:43:57.106 [DEBUG] [com.zaxxer.hikari.HikariConfig] autoCommit......................true
2019-04-22 16:43:57.109 [DEBUG] [com.zaxxer.hikari.HikariConfig] catalog.........................none
2019-04-22 16:43:57.109 [DEBUG] [com.zaxxer.hikari.HikariConfig] connectionInitSql...............none
2019-04-22 16:43:57.109 [DEBUG] [com.zaxxer.hikari.HikariConfig] connectionTestQuery.............none
2019-04-22 16:43:57.110 [DEBUG] [com.zaxxer.hikari.HikariConfig] connectionTimeout...............30000
2019-04-22 16:43:57.110 [DEBUG] [com.zaxxer.hikari.HikariConfig] dataSource......................none
2019-04-22 16:43:57.110 [DEBUG] [com.zaxxer.hikari.HikariConfig] dataSourceClassName.............none
2019-04-22 16:43:57.110 [DEBUG] [com.zaxxer.hikari.HikariConfig] dataSourceJNDI..................none
2019-04-22 16:43:57.111 [DEBUG] [com.zaxxer.hikari.HikariConfig] dataSourceProperties............{password=<masked>}
2019-04-22 16:43:57.111 [DEBUG] [com.zaxxer.hikari.HikariConfig] driverClassName................."com.mysql.jdbc.Driver"
2019-04-22 16:43:57.112 [DEBUG] [com.zaxxer.hikari.HikariConfig] healthCheckProperties...........{}
2019-04-22 16:43:57.112 [DEBUG] [com.zaxxer.hikari.HikariConfig] healthCheckRegistry.............none
2019-04-22 16:43:57.112 [DEBUG] [com.zaxxer.hikari.HikariConfig] idleTimeout.....................600000
2019-04-22 16:43:57.112 [DEBUG] [com.zaxxer.hikari.HikariConfig] initializationFailTimeout.......1
2019-04-22 16:43:57.112 [DEBUG] [com.zaxxer.hikari.HikariConfig] isolateInternalQueries..........false
2019-04-22 16:43:57.113 [DEBUG] [com.zaxxer.hikari.HikariConfig] jdbcUrl.........................jdbc:mysql://localhost:3306/clap
2019-04-22 16:43:57.113 [DEBUG] [com.zaxxer.hikari.HikariConfig] leakDetectionThreshold..........0
2019-04-22 16:43:57.113 [DEBUG] [com.zaxxer.hikari.HikariConfig] maxLifetime.....................1800000
2019-04-22 16:43:57.113 [DEBUG] [com.zaxxer.hikari.HikariConfig] maximumPoolSize.................10
2019-04-22 16:43:57.113 [DEBUG] [com.zaxxer.hikari.HikariConfig] metricRegistry..................none
2019-04-22 16:43:57.125 [DEBUG] [com.zaxxer.hikari.HikariConfig] metricsTrackerFactory...........none
2019-04-22 16:43:57.125 [DEBUG] [com.zaxxer.hikari.HikariConfig] minimumIdle.....................10
2019-04-22 16:43:57.125 [DEBUG] [com.zaxxer.hikari.HikariConfig] password........................<masked>
2019-04-22 16:43:57.125 [DEBUG] [com.zaxxer.hikari.HikariConfig] poolName........................"HikariPool-1"
2019-04-22 16:43:57.126 [DEBUG] [com.zaxxer.hikari.HikariConfig] readOnly........................false
2019-04-22 16:43:57.126 [DEBUG] [com.zaxxer.hikari.HikariConfig] registerMbeans..................false
2019-04-22 16:43:57.126 [DEBUG] [com.zaxxer.hikari.HikariConfig] scheduledExecutor...............none
2019-04-22 16:43:57.126 [DEBUG] [com.zaxxer.hikari.HikariConfig] schema..........................none
2019-04-22 16:43:57.127 [DEBUG] [com.zaxxer.hikari.HikariConfig] threadFactory...................internal
2019-04-22 16:43:57.127 [DEBUG] [com.zaxxer.hikari.HikariConfig] transactionIsolation............default
2019-04-22 16:43:57.128 [DEBUG] [com.zaxxer.hikari.HikariConfig] username........................"root"
2019-04-22 16:43:57.128 [DEBUG] [com.zaxxer.hikari.HikariConfig] validationTimeout...............5000
2019-04-22 16:43:57.128 [INFO ] [c.zaxxer.hikari.HikariDataSource] HikariPool-1 - Starting...
2019-04-22 16:43:57.708 [DEBUG] [c.zaxxer.hikari.pool.HikariPool] HikariPool-1 - Added connection com.mysql.jdbc.JDBC4Connection@310a7859
2019-04-22 16:43:57.711 [INFO ] [c.zaxxer.hikari.HikariDataSource] HikariPool-1 - Start completed.
2019-04-22 16:43:57.740 [DEBUG] [o.s.b.f.s.DefaultListableBeanFactory] Autowiring by type from bean name 'entityManagerFactoryBuilder' via factory method to bean named 'jpaVendorAdapter'
2019-04-22 16:43:57.811 [DEBUG] [c.zaxxer.hikari.pool.HikariPool] HikariPool-1 - Pool stats (total=1, active=0, idle=1, waiting=0)
2019-04-22 16:43:57.849 [DEBUG] [c.zaxxer.hikari.pool.HikariPool] HikariPool-1 - Added connection com.mysql.jdbc.JDBC4Connection@122651a8
2019-04-22 16:43:57.882 [DEBUG] [c.zaxxer.hikari.pool.HikariPool] HikariPool-1 - Added connection com.mysql.jdbc.JDBC4Connection@bb6cc90
2019-04-22 16:43:57.902 [DEBUG] [c.zaxxer.hikari.pool.HikariPool] HikariPool-1 - Added connection com.mysql.jdbc.JDBC4Connection@59daf95f
2019-04-22 16:43:57.925 [DEBUG] [c.zaxxer.hikari.pool.HikariPool] HikariPool-1 - Added connection com.mysql.jdbc.JDBC4Connection@281d7265
2019-04-22 16:43:58.085 [DEBUG] [c.zaxxer.hikari.pool.HikariPool] HikariPool-1 - Added connection com.mysql.jdbc.JDBC4Connection@6baa766e
2019-04-22 16:43:58.137 [DEBUG] [c.zaxxer.hikari.pool.HikariPool] HikariPool-1 - Added connection com.mysql.jdbc.JDBC4Connection@3148b43c
2019-04-22 16:43:58.164 [DEBUG] [o.s.b.f.s.DefaultListableBeanFactory] Autowiring by type from bean name 'entityManagerFactory' via factory method to bean named 'entityManagerFactoryBuilder'
2019-04-22 16:43:58.271 [DEBUG] [o.s.o.j.LocalContainerEntityManagerFactoryBean] Building JPA container EntityManagerFactory for persistence unit 'default'
2019-04-22 16:43:58.282 [DEBUG] [c.zaxxer.hikari.pool.HikariPool] HikariPool-1 - Added connection com.mysql.jdbc.JDBC4Connection@6366d7b1
2019-04-22 16:43:58.327 [DEBUG] [c.zaxxer.hikari.pool.HikariPool] HikariPool-1 - Added connection com.mysql.jdbc.JDBC4Connection@7e47ba7a
2019-04-22 16:43:58.425 [DEBUG] [c.zaxxer.hikari.pool.HikariPool] HikariPool-1 - Added connection com.mysql.jdbc.JDBC4Connection@3778c5d5
2019-04-22 16:43:58.425 [DEBUG] [c.zaxxer.hikari.pool.HikariPool] HikariPool-1 - After adding stats (total=10, active=0, idle=10, waiting=0)
2019-04-22 16:43:58.678 [DEBUG] [o.h.jpa.internal.util.LogHelper] PersistenceUnitInfo [
	name: default
	persistence provider classname: null
	classloader: sun.misc.Launcher$AppClassLoader@28d93b30
	excludeUnlistedClasses: true
	JTA datasource: null
	Non JTA datasource: HikariDataSource (HikariPool-1)
	Transaction type: RESOURCE_LOCAL
	PU root URL: file:/Users/didi/cf-work/workspace/clap/clap-web/target/test-classes/
	Shared Cache Mode: UNSPECIFIED
	Validation Mode: AUTO
	Jar files URLs []
	Managed classes names []
	Mapping files names []
	Properties []
2019-04-22 16:43:58.788 [DEBUG] [o.h.i.i.IntegratorServiceImpl] Adding Integrator [org.hibernate.cfg.beanvalidation.BeanValidationIntegrator].
2019-04-22 16:43:58.805 [DEBUG] [o.h.i.i.IntegratorServiceImpl] Adding Integrator [org.hibernate.secure.spi.JaccIntegrator].
2019-04-22 16:43:58.823 [DEBUG] [o.h.i.i.IntegratorServiceImpl] Adding Integrator [org.hibernate.cache.internal.CollectionCacheInvalidator].
2019-04-22 16:43:59.091 [INFO ] [org.hibernate.Version] HHH000412: Hibernate Core {5.3.7.Final}
2019-04-22 16:43:59.094 [INFO ] [org.hibernate.cfg.Environment] HHH000206: hibernate.properties not found
2019-04-22 16:43:59.369 [DEBUG] [o.h.service.spi.ServiceBinding] Overriding existing service binding [org.hibernate.secure.spi.JaccService]
2019-04-22 16:43:59.415 [DEBUG] [o.h.c.i.RegionFactoryInitiator] Cannot default RegionFactory based on registered strategies as `[]` RegionFactory strategies were registered
2019-04-22 16:43:59.417 [DEBUG] [o.h.c.i.RegionFactoryInitiator] Cache region factory : org.hibernate.cache.internal.NoCachingRegionFactory
2019-04-22 16:43:59.450 [INFO ] [o.h.annotations.common.Version] HCANN000001: Hibernate Commons Annotations {5.0.4.Final}
2019-04-22 16:43:59.548 [DEBUG] [o.h.type.BasicTypeRegistry] Adding type registration boolean -> org.hibernate.type.BooleanType@4eb9ae4d
2019-04-22 16:43:59.549 [DEBUG] [o.h.type.BasicTypeRegistry] Adding type registration boolean -> org.hibernate.type.BooleanType@4eb9ae4d
2019-04-22 16:43:59.549 [DEBUG] [o.h.type.BasicTypeRegistry] Adding type registration java.lang.Boolean -> org.hibernate.type.BooleanType@4eb9ae4d
2019-04-22 16:43:59.550 [DEBUG] [o.h.type.BasicTypeRegistry] Adding type registration numeric_boolean -> org.hibernate.type.NumericBooleanType@48f2054d
2019-04-22 16:43:59.551 [DEBUG] [o.h.type.BasicTypeRegistry] Adding type registration true_false -> org.hibernate.type.TrueFalseType@2f4d32bf
2019-04-22 16:43:59.552 [DEBUG] [o.h.type.BasicTypeRegistry] Adding type registration yes_no -> org.hibernate.type.YesNoType@2bf2d6eb
2019-04-22 16:43:59.554 [DEBUG] [o.h.type.BasicTypeRegistry] Adding type registration byte -> org.hibernate.type.ByteType@3f68a7f8
2019-04-22 16:43:59.554 [DEBUG] [o.h.type.BasicTypeRegistry] Adding type registration byte -> org.hibernate.type.ByteType@3f68a7f8
2019-04-22 16:43:59.554 [DEBUG] [o.h.type.BasicTypeRegistry] Adding type registration java.lang.Byte -> org.hibernate.type.ByteType@3f68a7f8
2019-04-22 16:43:59.556 [DEBUG] [o.h.type.BasicTypeRegistry] Adding type registration character -> org.hibernate.type.CharacterType@56a05324
2019-04-22 16:43:59.556 [DEBUG] [o.h.type.BasicTypeRegistry] Adding type registration char -> org.hibernate.type.CharacterType@56a05324
2019-04-22 16:43:59.557 [DEBUG] [o.h.type.BasicTypeRegistry] Adding type registration java.lang.Character -> org.hibernate.type.CharacterType@56a05324
2019-04-22 16:43:59.560 [DEBUG] [o.h.type.BasicTypeRegistry] Adding type registration short -> org.hibernate.type.ShortType@7f0d8eff
2019-04-22 16:43:59.561 [DEBUG] [o.h.type.BasicTypeRegistry] Adding type registration short -> org.hibernate.type.ShortType@7f0d8eff
2019-04-22 16:43:59.562 [DEBUG] [o.h.type.BasicTypeRegistry] Adding type registration java.lang.Short -> org.hibernate.type.ShortType@7f0d8eff
2019-04-22 16:43:59.565 [DEBUG] [o.h.type.BasicTypeRegistry] Adding type registration integer -> org.hibernate.type.IntegerType@781654f8
2019-04-22 16:43:59.565 [DEBUG] [o.h.type.BasicTypeRegistry] Adding type registration int -> org.hibernate.type.IntegerType@781654f8
2019-04-22 16:43:59.565 [DEBUG] [o.h.type.BasicTypeRegistry] Adding type registration java.lang.Integer -> org.hibernate.type.IntegerType@781654f8
2019-04-22 16:43:59.568 [DEBUG] [o.h.type.BasicTypeRegistry] Adding type registration long -> org.hibernate.type.LongType@73e1ecd0
2019-04-22 16:43:59.568 [DEBUG] [o.h.type.BasicTypeRegistry] Adding type registration long -> org.hibernate.type.LongType@73e1ecd0
2019-04-22 16:43:59.568 [DEBUG] [o.h.type.BasicTypeRegistry] Adding type registration java.lang.Long -> org.hibernate.type.LongType@73e1ecd0
2019-04-22 16:43:59.571 [DEBUG] [o.h.type.BasicTypeRegistry] Adding type registration float -> org.hibernate.type.FloatType@19ad75e5
2019-04-22 16:43:59.572 [DEBUG] [o.h.type.BasicTypeRegistry] Adding type registration float -> org.hibernate.type.FloatType@19ad75e5
2019-04-22 16:43:59.572 [DEBUG] [o.h.type.BasicTypeRegistry] Adding type registration java.lang.Float -> org.hibernate.type.FloatType@19ad75e5
2019-04-22 16:43:59.574 [DEBUG] [o.h.type.BasicTypeRegistry] Adding type registration double -> org.hibernate.type.DoubleType@7ec3a8bd
2019-04-22 16:43:59.574 [DEBUG] [o.h.type.BasicTypeRegistry] Adding type registration double -> org.hibernate.type.DoubleType@7ec3a8bd
2019-04-22 16:43:59.574 [DEBUG] [o.h.type.BasicTypeRegistry] Adding type registration java.lang.Double -> org.hibernate.type.DoubleType@7ec3a8bd
2019-04-22 16:43:59.576 [DEBUG] [o.h.type.BasicTypeRegistry] Adding type registration big_decimal -> org.hibernate.type.BigDecimalType@5b066c33
2019-04-22 16:43:59.576 [DEBUG] [o.h.type.BasicTypeRegistry] Adding type registration java.math.BigDecimal -> org.hibernate.type.BigDecimalType@5b066c33
2019-04-22 16:43:59.578 [DEBUG] [o.h.type.BasicTypeRegistry] Adding type registration big_integer -> org.hibernate.type.BigIntegerType@71166348
2019-04-22 16:43:59.579 [DEBUG] [o.h.type.BasicTypeRegistry] Adding type registration java.math.BigInteger -> org.hibernate.type.BigIntegerType@71166348
2019-04-22 16:43:59.581 [DEBUG] [o.h.type.BasicTypeRegistry] Adding type registration string -> org.hibernate.type.StringType@6c07ad6b
2019-04-22 16:43:59.582 [DEBUG] [o.h.type.BasicTypeRegistry] Adding type registration java.lang.String -> org.hibernate.type.StringType@6c07ad6b
2019-04-22 16:43:59.583 [DEBUG] [o.h.type.BasicTypeRegistry] Adding type registration nstring -> org.hibernate.type.StringNVarcharType@23121d14
2019-04-22 16:43:59.585 [DEBUG] [o.h.type.BasicTypeRegistry] Adding type registration ncharacter -> org.hibernate.type.CharacterNCharType@7faa0680
2019-04-22 16:43:59.587 [DEBUG] [o.h.type.BasicTypeRegistry] Adding type registration url -> org.hibernate.type.UrlType@3cc9632d
2019-04-22 16:43:59.587 [DEBUG] [o.h.type.BasicTypeRegistry] Adding type registration java.net.URL -> org.hibernate.type.UrlType@3cc9632d
2019-04-22 16:43:59.591 [DEBUG] [o.h.type.BasicTypeRegistry] Adding type registration Duration -> org.hibernate.type.DurationType@150fc7a7
2019-04-22 16:43:59.592 [DEBUG] [o.h.type.BasicTypeRegistry] Adding type registration java.time.Duration -> org.hibernate.type.DurationType@150fc7a7
2019-04-22 16:43:59.599 [DEBUG] [o.h.type.BasicTypeRegistry] Adding type registration Instant -> org.hibernate.type.InstantType@649b5891
2019-04-22 16:43:59.600 [DEBUG] [o.h.type.BasicTypeRegistry] Adding type registration java.time.Instant -> org.hibernate.type.InstantType@649b5891
2019-04-22 16:43:59.604 [DEBUG] [o.h.type.BasicTypeRegistry] Adding type registration LocalDateTime -> org.hibernate.type.LocalDateTimeType@632cf7d3
2019-04-22 16:43:59.604 [DEBUG] [o.h.type.BasicTypeRegistry] Adding type registration java.time.LocalDateTime -> org.hibernate.type.LocalDateTimeType@632cf7d3
2019-04-22 16:43:59.610 [DEBUG] [o.h.type.BasicTypeRegistry] Adding type registration LocalDate -> org.hibernate.type.LocalDateType@751d7425
2019-04-22 16:43:59.610 [DEBUG] [o.h.type.BasicTypeRegistry] Adding type registration java.time.LocalDate -> org.hibernate.type.LocalDateType@751d7425
2019-04-22 16:43:59.612 [DEBUG] [o.h.type.BasicTypeRegistry] Adding type registration LocalTime -> org.hibernate.type.LocalTimeType@7cf8f45a
2019-04-22 16:43:59.612 [DEBUG] [o.h.type.BasicTypeRegistry] Adding type registration java.time.LocalTime -> org.hibernate.type.LocalTimeType@7cf8f45a
2019-04-22 16:43:59.615 [DEBUG] [o.h.type.BasicTypeRegistry] Adding type registration OffsetDateTime -> org.hibernate.type.OffsetDateTimeType@49491770
2019-04-22 16:43:59.616 [DEBUG] [o.h.type.BasicTypeRegistry] Adding type registration java.time.OffsetDateTime -> org.hibernate.type.OffsetDateTimeType@49491770
2019-04-22 16:43:59.618 [DEBUG] [o.h.type.BasicTypeRegistry] Adding type registration OffsetTime -> org.hibernate.type.OffsetTimeType@47569167
2019-04-22 16:43:59.618 [DEBUG] [o.h.type.BasicTypeRegistry] Adding type registration java.time.OffsetTime -> org.hibernate.type.OffsetTimeType@47569167
2019-04-22 16:43:59.628 [DEBUG] [o.h.type.BasicTypeRegistry] Adding type registration ZonedDateTime -> org.hibernate.type.ZonedDateTimeType@341c6ac2
2019-04-22 16:43:59.628 [DEBUG] [o.h.type.BasicTypeRegistry] Adding type registration java.time.ZonedDateTime -> org.hibernate.type.ZonedDateTimeType@341c6ac2
2019-04-22 16:43:59.630 [DEBUG] [o.h.type.BasicTypeRegistry] Adding type registration date -> org.hibernate.type.DateType@101330ad
2019-04-22 16:43:59.631 [DEBUG] [o.h.type.BasicTypeRegistry] Adding type registration java.sql.Date -> org.hibernate.type.DateType@101330ad
2019-04-22 16:43:59.633 [DEBUG] [o.h.type.BasicTypeRegistry] Adding type registration time -> org.hibernate.type.TimeType@36510e73
2019-04-22 16:43:59.633 [DEBUG] [o.h.type.BasicTypeRegistry] Adding type registration java.sql.Time -> org.hibernate.type.TimeType@36510e73
2019-04-22 16:43:59.639 [DEBUG] [o.h.type.BasicTypeRegistry] Adding type registration timestamp -> org.hibernate.type.TimestampType@74697863
2019-04-22 16:43:59.641 [DEBUG] [o.h.type.BasicTypeRegistry] Adding type registration java.sql.Timestamp -> org.hibernate.type.TimestampType@74697863
2019-04-22 16:43:59.642 [DEBUG] [o.h.type.BasicTypeRegistry] Adding type registration java.util.Date -> org.hibernate.type.TimestampType@74697863
2019-04-22 16:43:59.644 [DEBUG] [o.h.type.BasicTypeRegistry] Adding type registration dbtimestamp -> org.hibernate.type.DbTimestampType@26c7b1c6
2019-04-22 16:43:59.647 [DEBUG] [o.h.type.BasicTypeRegistry] Adding type registration calendar -> org.hibernate.type.CalendarType@684ce74c
2019-04-22 16:43:59.648 [DEBUG] [o.h.type.BasicTypeRegistry] Adding type registration java.util.Calendar -> org.hibernate.type.CalendarType@684ce74c
2019-04-22 16:43:59.648 [DEBUG] [o.h.type.BasicTypeRegistry] Adding type registration java.util.GregorianCalendar -> org.hibernate.type.CalendarType@684ce74c
2019-04-22 16:43:59.649 [DEBUG] [o.h.type.BasicTypeRegistry] Adding type registration calendar_date -> org.hibernate.type.CalendarDateType@68bd8ca7
2019-04-22 16:43:59.652 [DEBUG] [o.h.type.BasicTypeRegistry] Adding type registration locale -> org.hibernate.type.LocaleType@4d69d288
2019-04-22 16:43:59.653 [DEBUG] [o.h.type.BasicTypeRegistry] Adding type registration java.util.Locale -> org.hibernate.type.LocaleType@4d69d288
2019-04-22 16:43:59.655 [DEBUG] [o.h.type.BasicTypeRegistry] Adding type registration currency -> org.hibernate.type.CurrencyType@70f148dc
2019-04-22 16:43:59.656 [DEBUG] [o.h.type.BasicTypeRegistry] Adding type registration java.util.Currency -> org.hibernate.type.CurrencyType@70f148dc
2019-04-22 16:43:59.659 [DEBUG] [o.h.type.BasicTypeRegistry] Adding type registration timezone -> org.hibernate.type.TimeZoneType@3a3883c4
2019-04-22 16:43:59.660 [DEBUG] [o.h.type.BasicTypeRegistry] Adding type registration java.util.TimeZone -> org.hibernate.type.TimeZoneType@3a3883c4
2019-04-22 16:43:59.661 [DEBUG] [o.h.type.BasicTypeRegistry] Adding type registration class -> org.hibernate.type.ClassType@7767bd4e
2019-04-22 16:43:59.661 [DEBUG] [o.h.type.BasicTypeRegistry] Adding type registration java.lang.Class -> org.hibernate.type.ClassType@7767bd4e
2019-04-22 16:43:59.663 [DEBUG] [o.h.type.BasicTypeRegistry] Adding type registration uuid-binary -> org.hibernate.type.UUIDBinaryType@359ceb13
2019-04-22 16:43:59.663 [DEBUG] [o.h.type.BasicTypeRegistry] Adding type registration java.util.UUID -> org.hibernate.type.UUIDBinaryType@359ceb13
2019-04-22 16:43:59.664 [DEBUG] [o.h.type.BasicTypeRegistry] Adding type registration uuid-char -> org.hibernate.type.UUIDCharType@71789580
2019-04-22 16:43:59.666 [DEBUG] [o.h.type.BasicTypeRegistry] Adding type registration binary -> org.hibernate.type.BinaryType@9d3d54e
2019-04-22 16:43:59.666 [DEBUG] [o.h.type.BasicTypeRegistry] Adding type registration byte[] -> org.hibernate.type.BinaryType@9d3d54e
2019-04-22 16:43:59.666 [DEBUG] [o.h.type.BasicTypeRegistry] Adding type registration [B -> org.hibernate.type.BinaryType@9d3d54e
2019-04-22 16:43:59.668 [DEBUG] [o.h.type.BasicTypeRegistry] Adding type registration wrapper-binary -> org.hibernate.type.WrapperBinaryType@c14e5a5
2019-04-22 16:43:59.668 [DEBUG] [o.h.type.BasicTypeRegistry] Adding type registration Byte[] -> org.hibernate.type.WrapperBinaryType@c14e5a5
2019-04-22 16:43:59.668 [DEBUG] [o.h.type.BasicTypeRegistry] Adding type registration [Ljava.lang.Byte; -> org.hibernate.type.WrapperBinaryType@c14e5a5
2019-04-22 16:43:59.673 [DEBUG] [o.h.type.BasicTypeRegistry] Adding type registration row_version -> org.hibernate.type.RowVersionType@40a1b6d4
2019-04-22 16:43:59.674 [DEBUG] [o.h.type.BasicTypeRegistry] Adding type registration image -> org.hibernate.type.ImageType@2baf72d5
2019-04-22 16:43:59.676 [DEBUG] [o.h.type.BasicTypeRegistry] Adding type registration characters -> org.hibernate.type.CharArrayType@25ad25f5
2019-04-22 16:43:59.676 [DEBUG] [o.h.type.BasicTypeRegistry] Adding type registration char[] -> org.hibernate.type.CharArrayType@25ad25f5
2019-04-22 16:43:59.677 [DEBUG] [o.h.type.BasicTypeRegistry] Adding type registration [C -> org.hibernate.type.CharArrayType@25ad25f5
2019-04-22 16:43:59.679 [DEBUG] [o.h.type.BasicTypeRegistry] Adding type registration wrapper-characters -> org.hibernate.type.CharacterArrayType@283ab206
2019-04-22 16:43:59.680 [DEBUG] [o.h.type.BasicTypeRegistry] Adding type registration [Ljava.lang.Character; -> org.hibernate.type.CharacterArrayType@283ab206
2019-04-22 16:43:59.680 [DEBUG] [o.h.type.BasicTypeRegistry] Adding type registration Character[] -> org.hibernate.type.CharacterArrayType@283ab206
2019-04-22 16:43:59.681 [DEBUG] [o.h.type.BasicTypeRegistry] Adding type registration text -> org.hibernate.type.TextType@9b3be1c
2019-04-22 16:43:59.682 [DEBUG] [o.h.type.BasicTypeRegistry] Adding type registration ntext -> org.hibernate.type.NTextType@35d7386b
2019-04-22 16:43:59.686 [DEBUG] [o.h.type.BasicTypeRegistry] Adding type registration blob -> org.hibernate.type.BlobType@1537c744
2019-04-22 16:43:59.686 [DEBUG] [o.h.type.BasicTypeRegistry] Adding type registration java.sql.Blob -> org.hibernate.type.BlobType@1537c744
2019-04-22 16:43:59.687 [DEBUG] [o.h.type.BasicTypeRegistry] Adding type registration materialized_blob -> org.hibernate.type.MaterializedBlobType@569348e1
2019-04-22 16:43:59.693 [DEBUG] [o.h.type.BasicTypeRegistry] Adding type registration clob -> org.hibernate.type.ClobType@414b2df5
2019-04-22 16:43:59.693 [DEBUG] [o.h.type.BasicTypeRegistry] Adding type registration java.sql.Clob -> org.hibernate.type.ClobType@414b2df5
2019-04-22 16:43:59.696 [DEBUG] [o.h.type.BasicTypeRegistry] Adding type registration nclob -> org.hibernate.type.NClobType@2d70f312
2019-04-22 16:43:59.696 [DEBUG] [o.h.type.BasicTypeRegistry] Adding type registration java.sql.NClob -> org.hibernate.type.NClobType@2d70f312
2019-04-22 16:43:59.698 [DEBUG] [o.h.type.BasicTypeRegistry] Adding type registration materialized_clob -> org.hibernate.type.MaterializedClobType@74123110
2019-04-22 16:43:59.700 [DEBUG] [o.h.type.BasicTypeRegistry] Adding type registration materialized_nclob -> org.hibernate.type.MaterializedNClobType@3a9b41a0
2019-04-22 16:43:59.712 [DEBUG] [o.h.type.BasicTypeRegistry] Adding type registration serializable -> org.hibernate.type.SerializableType@133aacbe
2019-04-22 16:43:59.721 [DEBUG] [o.h.type.BasicTypeRegistry] Adding type registration object -> org.hibernate.type.ObjectType@27c53c32
2019-04-22 16:43:59.722 [DEBUG] [o.h.type.BasicTypeRegistry] Adding type registration java.lang.Object -> org.hibernate.type.ObjectType@27c53c32
2019-04-22 16:43:59.728 [DEBUG] [o.h.type.BasicTypeRegistry] Adding type registration imm_date -> org.hibernate.type.AdaptedImmutableType@1d60059f
2019-04-22 16:43:59.730 [DEBUG] [o.h.type.BasicTypeRegistry] Adding type registration imm_time -> org.hibernate.type.AdaptedImmutableType@134a8ead
2019-04-22 16:43:59.731 [DEBUG] [o.h.type.BasicTypeRegistry] Adding type registration imm_timestamp -> org.hibernate.type.AdaptedImmutableType@427308f8
2019-04-22 16:43:59.731 [DEBUG] [o.h.type.BasicTypeRegistry] Adding type registration imm_dbtimestamp -> org.hibernate.type.AdaptedImmutableType@54247647
2019-04-22 16:43:59.731 [DEBUG] [o.h.type.BasicTypeRegistry] Adding type registration imm_calendar -> org.hibernate.type.AdaptedImmutableType@4975dda1
2019-04-22 16:43:59.732 [DEBUG] [o.h.type.BasicTypeRegistry] Adding type registration imm_calendar_date -> org.hibernate.type.AdaptedImmutableType@e0d1dc4
2019-04-22 16:43:59.732 [DEBUG] [o.h.type.BasicTypeRegistry] Adding type registration imm_binary -> org.hibernate.type.AdaptedImmutableType@5463f035
2019-04-22 16:43:59.732 [DEBUG] [o.h.type.BasicTypeRegistry] Adding type registration imm_serializable -> org.hibernate.type.AdaptedImmutableType@230232b0
2019-04-22 16:43:59.764 [DEBUG] [o.h.b.i.BootstrapContextImpl] Injecting JPA temp ClassLoader [org.springframework.instrument.classloading.SimpleThrowawayClassLoader@52621501] into BootstrapContext; was [null]
2019-04-22 16:43:59.764 [DEBUG] [o.h.b.i.ClassLoaderAccessImpl] ClassLoaderAccessImpl#injectTempClassLoader(org.springframework.instrument.classloading.SimpleThrowawayClassLoader@52621501) [was null]
2019-04-22 16:43:59.765 [DEBUG] [o.h.b.i.BootstrapContextImpl] Injecting ScanEnvironment [org.hibernate.jpa.boot.internal.StandardJpaScanEnvironmentImpl@18c880ea] into BootstrapContext; was [null]
2019-04-22 16:43:59.765 [DEBUG] [o.h.b.i.BootstrapContextImpl] Injecting ScanOptions [org.hibernate.boot.archive.scan.internal.StandardScanOptions@5ac044ef] into BootstrapContext; was [org.hibernate.boot.archive.scan.internal.StandardScanOptions@6afbe6a1]
2019-04-22 16:43:59.939 [DEBUG] [o.h.b.i.BootstrapContextImpl] Injecting JPA temp ClassLoader [null] into BootstrapContext; was [org.springframework.instrument.classloading.SimpleThrowawayClassLoader@52621501]
2019-04-22 16:43:59.940 [DEBUG] [o.h.b.i.ClassLoaderAccessImpl] ClassLoaderAccessImpl#injectTempClassLoader(null) [was org.springframework.instrument.classloading.SimpleThrowawayClassLoader@52621501]
2019-04-22 16:43:59.963 [DEBUG] [o.h.i.f.i.DefaultIdentifierGeneratorFactory] Registering IdentifierGenerator strategy [uuid2] -> [org.hibernate.id.UUIDGenerator]
2019-04-22 16:43:59.964 [DEBUG] [o.h.i.f.i.DefaultIdentifierGeneratorFactory] Registering IdentifierGenerator strategy [guid] -> [org.hibernate.id.GUIDGenerator]
2019-04-22 16:43:59.965 [DEBUG] [o.h.i.f.i.DefaultIdentifierGeneratorFactory] Registering IdentifierGenerator strategy [uuid] -> [org.hibernate.id.UUIDHexGenerator]
2019-04-22 16:43:59.966 [DEBUG] [o.h.i.f.i.DefaultIdentifierGeneratorFactory] Registering IdentifierGenerator strategy [uuid.hex] -> [org.hibernate.id.UUIDHexGenerator]
2019-04-22 16:43:59.967 [DEBUG] [o.h.i.f.i.DefaultIdentifierGeneratorFactory] Registering IdentifierGenerator strategy [assigned] -> [org.hibernate.id.Assigned]
2019-04-22 16:43:59.968 [DEBUG] [o.h.i.f.i.DefaultIdentifierGeneratorFactory] Registering IdentifierGenerator strategy [identity] -> [org.hibernate.id.IdentityGenerator]
2019-04-22 16:43:59.969 [DEBUG] [o.h.i.f.i.DefaultIdentifierGeneratorFactory] Registering IdentifierGenerator strategy [select] -> [org.hibernate.id.SelectGenerator]
2019-04-22 16:43:59.972 [DEBUG] [o.h.i.f.i.DefaultIdentifierGeneratorFactory] Registering IdentifierGenerator strategy [sequence] -> [org.hibernate.id.enhanced.SequenceStyleGenerator]
2019-04-22 16:43:59.976 [DEBUG] [o.h.i.f.i.DefaultIdentifierGeneratorFactory] Registering IdentifierGenerator strategy [seqhilo] -> [org.hibernate.id.SequenceHiLoGenerator]
2019-04-22 16:43:59.981 [DEBUG] [o.h.i.f.i.DefaultIdentifierGeneratorFactory] Registering IdentifierGenerator strategy [increment] -> [org.hibernate.id.IncrementGenerator]
2019-04-22 16:43:59.983 [DEBUG] [o.h.i.f.i.DefaultIdentifierGeneratorFactory] Registering IdentifierGenerator strategy [foreign] -> [org.hibernate.id.ForeignGenerator]
2019-04-22 16:43:59.984 [DEBUG] [o.h.i.f.i.DefaultIdentifierGeneratorFactory] Registering IdentifierGenerator strategy [sequence-identity] -> [org.hibernate.id.SequenceIdentityGenerator]
2019-04-22 16:43:59.984 [DEBUG] [o.h.i.f.i.DefaultIdentifierGeneratorFactory] Registering IdentifierGenerator strategy [enhanced-sequence] -> [org.hibernate.id.enhanced.SequenceStyleGenerator]
2019-04-22 16:43:59.985 [DEBUG] [o.h.i.f.i.DefaultIdentifierGeneratorFactory] Registering IdentifierGenerator strategy [enhanced-table] -> [org.hibernate.id.enhanced.TableGenerator]
2019-04-22 16:44:00.006 [DEBUG] [o.h.e.j.e.i.JdbcEnvironmentInitiator] Database ->
       name : MySQL
    version : 5.7.18
      major : 5
      minor : 7
2019-04-22 16:44:00.015 [DEBUG] [o.h.e.j.e.i.JdbcEnvironmentInitiator] Driver ->
       name : MySQL Connector Java
    version : mysql-connector-java-5.1.41 ( Revision: 83c6dc41b96809df81444362933043b20a1d49d5 )
      major : 5
      minor : 1
2019-04-22 16:44:00.016 [DEBUG] [o.h.e.j.e.i.JdbcEnvironmentInitiator] JDBC version : 4.0
2019-04-22 16:44:00.056 [INFO ] [org.hibernate.dialect.Dialect] HHH000400: Using dialect: org.hibernate.dialect.MySQL5Dialect
2019-04-22 16:44:00.123 [DEBUG] [o.h.e.j.e.s.IdentifierHelperBuilder] JDBC driver metadata reported database stores quoted identifiers in more than one case
2019-04-22 16:44:00.127 [DEBUG] [o.h.e.j.e.s.IdentifierHelperBuilder] IdentifierCaseStrategy for both quoted and unquoted identifiers was set to the same strategy [MIXED]; that will likely lead to problems in schema update and validation if using quoted identifiers
2019-04-22 16:44:00.162 [DEBUG] [o.h.b.model.relational.Namespace] Created database namespace [logicalName=Name{catalog=null, schema=null}, physicalName=Name{catalog=null, schema=null}]
2019-04-22 16:44:00.174 [DEBUG] [o.h.t.s.TypeConfiguration$Scope] Scoping TypeConfiguration [org.hibernate.type.spi.TypeConfiguration@5e5a8718] to MetadataBuildingContext [org.hibernate.boot.internal.MetadataBuildingContextRootImpl@7404ddca]
2019-04-22 16:44:00.338 [DEBUG] [o.h.internal.SessionFactoryImpl] Building session factory
2019-04-22 16:44:00.340 [DEBUG] [org.hibernate.cfg.Settings] SessionFactory name : null
2019-04-22 16:44:00.341 [DEBUG] [org.hibernate.cfg.Settings] Automatic flush during beforeCompletion(): enabled
2019-04-22 16:44:00.341 [DEBUG] [org.hibernate.cfg.Settings] Automatic session close at end of transaction: disabled
2019-04-22 16:44:00.341 [DEBUG] [org.hibernate.cfg.Settings] Statistics: disabled
2019-04-22 16:44:00.341 [DEBUG] [org.hibernate.cfg.Settings] Deleted entity synthetic identifier rollback: disabled
2019-04-22 16:44:00.341 [DEBUG] [org.hibernate.cfg.Settings] Default entity-mode: pojo
2019-04-22 16:44:00.341 [DEBUG] [org.hibernate.cfg.Settings] Check Nullability in Core (should be disabled when Bean Validation is on): enabled
2019-04-22 16:44:00.342 [DEBUG] [org.hibernate.cfg.Settings] Allow initialization of lazy state outside session : disabled
2019-04-22 16:44:00.342 [DEBUG] [org.hibernate.cfg.Settings] Using BatchFetchStyle : LEGACY
2019-04-22 16:44:00.342 [DEBUG] [org.hibernate.cfg.Settings] Default batch fetch size: -1
2019-04-22 16:44:00.343 [DEBUG] [org.hibernate.cfg.Settings] Maximum outer join fetch depth: 2
2019-04-22 16:44:00.343 [DEBUG] [org.hibernate.cfg.Settings] Default null ordering: NONE
2019-04-22 16:44:00.343 [DEBUG] [org.hibernate.cfg.Settings] Order SQL updates by primary key: disabled
2019-04-22 16:44:00.343 [DEBUG] [org.hibernate.cfg.Settings] Order SQL inserts for batching: disabled
2019-04-22 16:44:00.344 [DEBUG] [org.hibernate.cfg.Settings] multi-tenancy strategy : NONE
2019-04-22 16:44:00.344 [DEBUG] [org.hibernate.cfg.Settings] JTA Track by Thread: enabled
2019-04-22 16:44:00.344 [DEBUG] [org.hibernate.cfg.Settings] Query language substitutions: {}
2019-04-22 16:44:00.344 [DEBUG] [org.hibernate.cfg.Settings] Named query checking : enabled
2019-04-22 16:44:00.345 [DEBUG] [org.hibernate.cfg.Settings] Second-level cache: disabled
2019-04-22 16:44:00.347 [DEBUG] [org.hibernate.cfg.Settings] Second-level query cache: disabled
2019-04-22 16:44:00.347 [DEBUG] [org.hibernate.cfg.Settings] Second-level query cache factory: null
2019-04-22 16:44:00.348 [DEBUG] [org.hibernate.cfg.Settings] Second-level cache region prefix: null
2019-04-22 16:44:00.357 [DEBUG] [org.hibernate.cfg.Settings] Optimize second-level cache for minimal puts: disabled
2019-04-22 16:44:00.358 [DEBUG] [org.hibernate.cfg.Settings] Structured second-level cache entries: disabled
2019-04-22 16:44:00.358 [DEBUG] [org.hibernate.cfg.Settings] Second-level cache direct-reference entries: disabled
2019-04-22 16:44:00.358 [DEBUG] [org.hibernate.cfg.Settings] Automatic eviction of collection cache: disabled
2019-04-22 16:44:00.358 [DEBUG] [org.hibernate.cfg.Settings] JDBC batch size: 15
2019-04-22 16:44:00.358 [DEBUG] [org.hibernate.cfg.Settings] JDBC batch updates for versioned data: enabled
2019-04-22 16:44:00.358 [DEBUG] [org.hibernate.cfg.Settings] Scrollable result sets: enabled
2019-04-22 16:44:00.359 [DEBUG] [org.hibernate.cfg.Settings] Wrap result sets: disabled
2019-04-22 16:44:00.359 [DEBUG] [org.hibernate.cfg.Settings] JDBC3 getGeneratedKeys(): enabled
2019-04-22 16:44:00.359 [DEBUG] [org.hibernate.cfg.Settings] JDBC result set fetch size: null
2019-04-22 16:44:00.359 [DEBUG] [org.hibernate.cfg.Settings] Connection release mode: ON_CLOSE
2019-04-22 16:44:00.359 [DEBUG] [org.hibernate.cfg.Settings] Generate SQL with comments: disabled
2019-04-22 16:44:00.359 [DEBUG] [org.hibernate.cfg.Settings] JPA compliance - query : 
2019-04-22 16:44:00.359 [DEBUG] [org.hibernate.cfg.Settings] JPA compliance - closed-handling : 
2019-04-22 16:44:00.359 [DEBUG] [org.hibernate.cfg.Settings] JPA compliance - lists : 
2019-04-22 16:44:00.360 [DEBUG] [org.hibernate.cfg.Settings] JPA compliance - transactions : 
2019-04-22 16:44:00.514 [DEBUG] [o.h.internal.SessionFactoryImpl] Session factory constructed with filter configurations : {}
2019-04-22 16:44:00.514 [DEBUG] [o.h.internal.SessionFactoryImpl] Instantiating session factory with properties: {gopherProxySet=false, awt.toolkit=sun.lwawt.macosx.LWCToolkit, hibernate.id.new_generator_mappings=true, file.encoding.pkg=sun.io, java.specification.version=1.8, sun.cpu.isalist=, hibernate.resource.beans.container=org.springframework.orm.hibernate5.SpringBeanContainer@bd4ee01, hibernate.connection.handling_mode=DELAYED_ACQUISITION_AND_HOLD, sun.jnu.encoding=UTF-8, hibernate.dialect=org.hibernate.dialect.MySQL5Dialect, hibernate.implicit_naming_strategy=org.springframework.boot.orm.jpa.hibernate.SpringImplicitNamingStrategy, java.class.path=/Users/didi/cf-work/workspace/clap/clap-web/target/test-classes:/Users/didi/cf-work/workspace/clap/clap-web/target/classes:/Users/didi/cf-work/workspace/clap/clap-service/target/clap-service-0.0.1-SNAPSHOT.jar:/Users/didi/cf-work/workspace/clap/clap-model/target/clap-model-0.0.1-SNAPSHOT.jar:/Users/didi/cf-work/workspace/clap/clap-util/target/clap-util-0.0.1-SNAPSHOT.jar:/Users/didi/.m2/repository/org/springframework/spring-context/5.1.5.RELEASE/spring-context-5.1.5.RELEASE.jar:/Users/didi/.m2/repository/com/alibaba/fastjson/1.2.51/fastjson-1.2.51.jar:/Users/didi/cf-work/workspace/clap/clap-api/target/clap-api-0.0.1-SNAPSHOT.jar:/Users/didi/.m2/repository/org/apache/commons/commons-lang3/3.8.1/commons-lang3-3.8.1.jar:/Users/didi/cf-work/workspace/clap/clap-shiro/target/clap-shiro-0.0.1-SNAPSHOT.jar:/Users/didi/.m2/repository/org/apache/shiro/shiro-ehcache/1.4.0/shiro-ehcache-1.4.0.jar:/Users/didi/.m2/repository/org/apache/shiro/shiro-cache/1.4.0/shiro-cache-1.4.0.jar:/Users/didi/.m2/repository/org/springframework/boot/spring-boot-starter/2.1.3.RELEASE/spring-boot-starter-2.1.3.RELEASE.jar:/Users/didi/.m2/repository/org/springframework/boot/spring-boot/2.1.3.RELEASE/spring-boot-2.1.3.RELEASE.jar:/Users/didi/.m2/repository/org/springframework/boot/spring-boot-autoconfigure/2.1.3.RELEASE/spring-boot-autoconfigure-2.1.3.RELEASE.jar:/Users/didi/.m2/repository/org/springframework/boot/spring-boot-starter-logging/2.1.3.RELEASE/spring-boot-starter-logging-2.1.3.RELEASE.jar:/Users/didi/.m2/repository/ch/qos/logback/logback-classic/1.2.3/logback-classic-1.2.3.jar:/Users/didi/.m2/repository/ch/qos/logback/logback-core/1.2.3/logback-core-1.2.3.jar:/Users/didi/.m2/repository/org/apache/logging/log4j/log4j-to-slf4j/2.11.2/log4j-to-slf4j-2.11.2.jar:/Users/didi/.m2/repository/org/apache/logging/log4j/log4j-api/2.11.2/log4j-api-2.11.2.jar:/Users/didi/.m2/repository/org/slf4j/jul-to-slf4j/1.7.25/jul-to-slf4j-1.7.25.jar:/Users/didi/.m2/repository/javax/annotation/javax.annotation-api/1.3.2/javax.annotation-api-1.3.2.jar:/Users/didi/.m2/repository/org/springframework/spring-core/5.1.5.RELEASE/spring-core-5.1.5.RELEASE.jar:/Users/didi/.m2/repository/org/springframework/spring-jcl/5.1.5.RELEASE/spring-jcl-5.1.5.RELEASE.jar:/Users/didi/.m2/repository/org/yaml/snakeyaml/1.23/snakeyaml-1.23.jar:/Users/didi/.m2/repository/org/springframework/boot/spring-boot-starter-test/2.1.3.RELEASE/spring-boot-starter-test-2.1.3.RELEASE.jar:/Users/didi/.m2/repository/org/springframework/boot/spring-boot-test/2.1.3.RELEASE/spring-boot-test-2.1.3.RELEASE.jar:/Users/didi/.m2/repository/org/springframework/boot/spring-boot-test-autoconfigure/2.1.3.RELEASE/spring-boot-test-autoconfigure-2.1.3.RELEASE.jar:/Users/didi/.m2/repository/com/jayway/jsonpath/json-path/2.4.0/json-path-2.4.0.jar:/Users/didi/.m2/repository/net/minidev/json-smart/2.3/json-smart-2.3.jar:/Users/didi/.m2/repository/net/minidev/accessors-smart/1.2/accessors-smart-1.2.jar:/Users/didi/.m2/repository/org/ow2/asm/asm/5.0.4/asm-5.0.4.jar:/Users/didi/.m2/repository/junit/junit/4.12/junit-4.12.jar:/Users/didi/.m2/repository/org/assertj/assertj-core/3.11.1/assertj-core-3.11.1.jar:/Users/didi/.m2/repository/org/mockito/mockito-core/2.23.4/mockito-core-2.23.4.jar:/Users/didi/.m2/repository/net/bytebuddy/byte-buddy/1.9.10/byte-buddy-1.9.10.jar:/Users/didi/.m2/repository/net/bytebuddy/byte-buddy-agent/1.9.10/byte-buddy-agent-1.9.10.jar:/Users/didi/.m2/repository/org/objenesis/objenesis/2.6/objenesis-2.6.jar:/Users/didi/.m2/repository/org/hamcrest/hamcrest-core/1.3/hamcrest-core-1.3.jar:/Users/didi/.m2/repository/org/hamcrest/hamcrest-library/1.3/hamcrest-library-1.3.jar:/Users/didi/.m2/repository/org/skyscreamer/jsonassert/1.5.0/jsonassert-1.5.0.jar:/Users/didi/.m2/repository/com/vaadin/external/google/android-json/0.0.20131108.vaadin1/android-json-0.0.20131108.vaadin1.jar:/Users/didi/.m2/repository/org/springframework/spring-test/5.1.5.RELEASE/spring-test-5.1.5.RELEASE.jar:/Users/didi/.m2/repository/org/xmlunit/xmlunit-core/2.6.2/xmlunit-core-2.6.2.jar:/Users/didi/.m2/repository/org/springframework/boot/spring-boot-starter-web/2.2.0.M1/spring-boot-starter-web-2.2.0.M1.jar:/Users/didi/.m2/repository/org/springframework/boot/spring-boot-starter-json/2.1.3.RELEASE/spring-boot-starter-json-2.1.3.RELEASE.jar:/Users/didi/.m2/repository/com/fasterxml/jackson/core/jackson-databind/2.9.8/jackson-databind-2.9.8.jar:/Users/didi/.m2/repository/com/fasterxml/jackson/core/jackson-core/2.9.8/jackson-core-2.9.8.jar:/Users/didi/.m2/repository/com/fasterxml/jackson/datatype/jackson-datatype-jdk8/2.9.8/jackson-datatype-jdk8-2.9.8.jar:/Users/didi/.m2/repository/com/fasterxml/jackson/datatype/jackson-datatype-jsr310/2.9.8/jackson-datatype-jsr310-2.9.8.jar:/Users/didi/.m2/repository/com/fasterxml/jackson/module/jackson-module-parameter-names/2.9.8/jackson-module-parameter-names-2.9.8.jar:/Users/didi/.m2/repository/org/springframework/boot/spring-boot-starter-tomcat/2.1.3.RELEASE/spring-boot-starter-tomcat-2.1.3.RELEASE.jar:/Users/didi/.m2/repository/org/apache/tomcat/embed/tomcat-embed-core/9.0.16/tomcat-embed-core-9.0.16.jar:/Users/didi/.m2/repository/org/apache/tomcat/embed/tomcat-embed-el/9.0.16/tomcat-embed-el-9.0.16.jar:/Users/didi/.m2/repository/org/apache/tomcat/embed/tomcat-embed-websocket/9.0.16/tomcat-embed-websocket-9.0.16.jar:/Users/didi/.m2/repository/jakarta/validation/jakarta.validation-api/2.0.1/jakarta.validation-api-2.0.1.jar:/Users/didi/.m2/repository/org/hibernate/validator/hibernate-validator/6.0.14.Final/hibernate-validator-6.0.14.Final.jar:/Users/didi/.m2/repository/org/jboss/logging/jboss-logging/3.3.2.Final/jboss-logging-3.3.2.Final.jar:/Users/didi/.m2/repository/org/springframework/spring-webmvc/5.1.5.RELEASE/spring-webmvc-5.1.5.RELEASE.jar:/Users/didi/.m2/repository/org/springframework/spring-aop/5.1.5.RELEASE/spring-aop-5.1.5.RELEASE.jar:/Users/didi/.m2/repository/org/springframework/spring-expression/5.1.5.RELEASE/spring-expression-5.1.5.RELEASE.jar:/Users/didi/.m2/repository/org/springframework/spring-web/5.1.2.RELEASE/spring-web-5.1.2.RELEASE.jar:/Users/didi/.m2/repository/org/springframework/spring-beans/5.1.5.RELEASE/spring-beans-5.1.5.RELEASE.jar:/Users/didi/.m2/repository/org/springframework/boot/spring-boot-starter-thymeleaf/2.1.3.RELEASE/spring-boot-starter-thymeleaf-2.1.3.RELEASE.jar:/Users/didi/.m2/repository/org/thymeleaf/thymeleaf-spring5/3.0.11.RELEASE/thymeleaf-spring5-3.0.11.RELEASE.jar:/Users/didi/.m2/repository/org/thymeleaf/extras/thymeleaf-extras-java8time/3.0.3.RELEASE/thymeleaf-extras-java8time-3.0.3.RELEASE.jar:/Users/didi/.m2/repository/org/springframework/boot/spring-boot-starter-data-jpa/2.1.3.RELEASE/spring-boot-starter-data-jpa-2.1.3.RELEASE.jar:/Users/didi/.m2/repository/org/springframework/boot/spring-boot-starter-aop/2.1.3.RELEASE/spring-boot-starter-aop-2.1.3.RELEASE.jar:/Users/didi/.m2/repository/org/aspectj/aspectjweaver/1.9.2/aspectjweaver-1.9.2.jar:/Users/didi/.m2/repository/org/springframework/boot/spring-boot-starter-jdbc/2.1.3.RELEASE/spring-boot-starter-jdbc-2.1.3.RELEASE.jar:/Users/didi/.m2/repository/com/zaxxer/HikariCP/3.2.0/HikariCP-3.2.0.jar:/Users/didi/.m2/repository/org/springframework/spring-jdbc/5.1.5.RELEASE/spring-jdbc-5.1.5.RELEASE.jar:/Users/didi/.m2/repository/javax/transaction/javax.transaction-api/1.3/javax.transaction-api-1.3.jar:/Users/didi/.m2/repository/javax/xml/bind/jaxb-api/2.3.1/jaxb-api-2.3.1.jar:/Users/didi/.m2/repository/javax/activation/javax.activation-api/1.2.0/javax.activation-api-1.2.0.jar:/Users/didi/.m2/repository/org/hibernate/hibernate-core/5.3.7.Final/hibernate-core-5.3.7.Final.jar:/Users/didi/.m2/repository/javax/persistence/javax.persistence-api/2.2/javax.persistence-api-2.2.jar:/Users/didi/.m2/repository/org/javassist/javassist/3.23.1-GA/javassist-3.23.1-GA.jar:/Users/didi/.m2/repository/antlr/antlr/2.7.7/antlr-2.7.7.jar:/Users/didi/.m2/repository/org/jboss/jandex/2.0.5.Final/jandex-2.0.5.Final.jar:/Users/didi/.m2/repository/org/dom4j/dom4j/2.1.1/dom4j-2.1.1.jar:/Users/didi/.m2/repository/org/hibernate/common/hibernate-commons-annotations/5.0.4.Final/hibernate-commons-annotations-5.0.4.Final.jar:/Users/didi/.m2/repository/org/springframework/data/spring-data-jpa/2.1.5.RELEASE/spring-data-jpa-2.1.5.RELEASE.jar:/Users/didi/.m2/repository/org/springframework/data/spring-data-commons/2.1.5.RELEASE/spring-data-commons-2.1.5.RELEASE.jar:/Users/didi/.m2/repository/org/springframework/spring-orm/5.1.5.RELEASE/spring-orm-5.1.5.RELEASE.jar:/Users/didi/.m2/repository/org/springframework/spring-tx/5.1.5.RELEASE/spring-tx-5.1.5.RELEASE.jar:/Users/didi/.m2/repository/org/springframework/spring-aspects/5.1.5.RELEASE/spring-aspects-5.1.5.RELEASE.jar:/Users/didi/.m2/repository/org/mybatis/spring/boot/mybatis-spring-boot-starter/1.3.0/mybatis-spring-boot-starter-1.3.0.jar:/Users/didi/.m2/repository/org/mybatis/spring/boot/mybatis-spring-boot-autoconfigure/1.3.0/mybatis-spring-boot-autoconfigure-1.3.0.jar:/Users/didi/.m2/repository/org/mybatis/mybatis/3.4.4/mybatis-3.4.4.jar:/Users/didi/.m2/repository/org/mybatis/mybatis-spring/1.3.1/mybatis-spring-1.3.1.jar:/Users/didi/.m2/repository/mysql/mysql-connector-java/5.1.41/mysql-connector-java-5.1.41.jar:/Users/didi/.m2/repository/net/sourceforge/nekohtml/nekohtml/1.9.22/nekohtml-1.9.22.jar:/Users/didi/.m2/repository/xerces/xercesImpl/2.11.0/xercesImpl-2.11.0.jar:/Users/didi/.m2/repository/xml-apis/xml-apis/1.4.01/xml-apis-1.4.01.jar:/Users/didi/.m2/repository/org/projectlombok/lombok/1.18.6/lombok-1.18.6.jar:/Users/didi/.m2/repository/org/thymeleaf/thymeleaf-spring4/3.0.11.RELEASE/thymeleaf-spring4-3.0.11.RELEASE.jar:/Users/didi/.m2/repository/org/slf4j/slf4j-api/1.7.25/slf4j-api-1.7.25.jar:/Users/didi/.m2/repository/org/thymeleaf/thymeleaf/3.0.11.RELEASE/thymeleaf-3.0.11.RELEASE.jar:/Users/didi/.m2/repository/ognl/ognl/3.1.12/ognl-3.1.12.jar:/Users/didi/.m2/repository/org/attoparser/attoparser/2.0.5.RELEASE/attoparser-2.0.5.RELEASE.jar:/Users/didi/.m2/repository/org/unbescape/unbescape/1.1.6.RELEASE/unbescape-1.1.6.RELEASE.jar:/Users/didi/.m2/repository/org/apache/shiro/shiro-spring/1.4.0/shiro-spring-1.4.0.jar:/Users/didi/.m2/repository/org/apache/shiro/shiro-core/1.4.0/shiro-core-1.4.0.jar:/Users/didi/.m2/repository/org/apache/shiro/shiro-lang/1.4.0/shiro-lang-1.4.0.jar:/Users/didi/.m2/repository/org/apache/shiro/shiro-crypto-hash/1.4.0/shiro-crypto-hash-1.4.0.jar:/Users/didi/.m2/repository/org/apache/shiro/shiro-crypto-core/1.4.0/shiro-crypto-core-1.4.0.jar:/Users/didi/.m2/repository/org/apache/shiro/shiro-crypto-cipher/1.4.0/shiro-crypto-cipher-1.4.0.jar:/Users/didi/.m2/repository/org/apache/shiro/shiro-config-core/1.4.0/shiro-config-core-1.4.0.jar:/Users/didi/.m2/repository/org/apache/shiro/shiro-config-ogdl/1.4.0/shiro-config-ogdl-1.4.0.jar:/Users/didi/.m2/repository/commons-beanutils/commons-beanutils/1.9.3/commons-beanutils-1.9.3.jar:/Users/didi/.m2/repository/commons-collections/commons-collections/3.2.2/commons-collections-3.2.2.jar:/Users/didi/.m2/repository/org/apache/shiro/shiro-event/1.4.0/shiro-event-1.4.0.jar:/Users/didi/.m2/repository/org/apache/shiro/shiro-web/1.4.0/shiro-web-1.4.0.jar:/Users/didi/.m2/repository/net/sf/ehcache/ehcache-core/2.6.11/ehcache-core-2.6.11.jar:/Users/didi/.m2/repository/com/github/pagehelper/pagehelper-spring-boot-starter/1.2.5/pagehelper-spring-boot-starter-1.2.5.jar:/Users/didi/.m2/repository/com/github/pagehelper/pagehelper-spring-boot-autoconfigure/1.2.5/pagehelper-spring-boot-autoconfigure-1.2.5.jar:/Users/didi/.m2/repository/com/github/pagehelper/pagehelper/5.1.4/pagehelper-5.1.4.jar:/Users/didi/.m2/repository/com/github/jsqlparser/jsqlparser/1.0/jsqlparser-1.0.jar:/Users/didi/.m2/repository/io/springfox/springfox-swagger2/2.6.1/springfox-swagger2-2.6.1.jar:/Users/didi/.m2/repository/io/swagger/swagger-annotations/1.5.10/swagger-annotations-1.5.10.jar:/Users/didi/.m2/repository/io/swagger/swagger-models/1.5.10/swagger-models-1.5.10.jar:/Users/didi/.m2/repository/com/fasterxml/jackson/core/jackson-annotations/2.9.0/jackson-annotations-2.9.0.jar:/Users/didi/.m2/repository/io/springfox/springfox-spi/2.6.1/springfox-spi-2.6.1.jar:/Users/didi/.m2/repository/io/springfox/springfox-core/2.6.1/springfox-core-2.6.1.jar:/Users/didi/.m2/repository/io/springfox/springfox-schema/2.6.1/springfox-schema-2.6.1.jar:/Users/didi/.m2/repository/io/springfox/springfox-swagger-common/2.6.1/springfox-swagger-common-2.6.1.jar:/Users/didi/.m2/repository/io/springfox/springfox-spring-web/2.6.1/springfox-spring-web-2.6.1.jar:/Users/didi/.m2/repository/com/google/guava/guava/18.0/guava-18.0.jar:/Users/didi/.m2/repository/com/fasterxml/classmate/1.4.0/classmate-1.4.0.jar:/Users/didi/.m2/repository/org/springframework/plugin/spring-plugin-core/1.2.0.RELEASE/spring-plugin-core-1.2.0.RELEASE.jar:/Users/didi/.m2/repository/org/springframework/plugin/spring-plugin-metadata/1.2.0.RELEASE/spring-plugin-metadata-1.2.0.RELEASE.jar:/Users/didi/.m2/repository/org/mapstruct/mapstruct/1.0.0.Final/mapstruct-1.0.0.Final.jar:/Users/didi/.m2/repository/io/springfox/springfox-swagger-ui/2.6.1/springfox-swagger-ui-2.6.1.jar:, java.vm.vendor=Oracle Corporation, sun.arch.data.model=64, catalina.useNaming=false, java.vendor.url=http://java.oracle.com/, user.timezone=Asia/Shanghai, os.name=Mac OS X, java.vm.specification.version=1.8, javax.persistence.validation.mode=AUTO, sun.java.launcher=SUN_STANDARD, user.country=CN, sun.boot.library.path=/Library/Java/JavaVirtualMachines/jdk1.8.0_131.jdk/Contents/Home/jre/lib, sun.java.command=/Users/didi/cf-work/workspace/clap/clap-web/target/surefire/surefirebooter3730771382365934699.jar /Users/didi/cf-work/workspace/clap/clap-web/target/surefire 2019-04-22T16-43-34_042-jvmRun1 surefire2592254897089216718tmp surefire_05551402733489958644tmp, hibernate.transaction.jta.platform=org.hibernate.engine.transaction.jta.platform.internal.NoJtaPlatform@7f93f4c, javax.persistence.sharedCache.mode=UNSPECIFIED, surefire.test.class.path=/Users/didi/cf-work/workspace/clap/clap-web/target/test-classes:/Users/didi/cf-work/workspace/clap/clap-web/target/classes:/Users/didi/cf-work/workspace/clap/clap-service/target/clap-service-0.0.1-SNAPSHOT.jar:/Users/didi/cf-work/workspace/clap/clap-model/target/clap-model-0.0.1-SNAPSHOT.jar:/Users/didi/cf-work/workspace/clap/clap-util/target/clap-util-0.0.1-SNAPSHOT.jar:/Users/didi/.m2/repository/org/springframework/spring-context/5.1.5.RELEASE/spring-context-5.1.5.RELEASE.jar:/Users/didi/.m2/repository/com/alibaba/fastjson/1.2.51/fastjson-1.2.51.jar:/Users/didi/cf-work/workspace/clap/clap-api/target/clap-api-0.0.1-SNAPSHOT.jar:/Users/didi/.m2/repository/org/apache/commons/commons-lang3/3.8.1/commons-lang3-3.8.1.jar:/Users/didi/cf-work/workspace/clap/clap-shiro/target/clap-shiro-0.0.1-SNAPSHOT.jar:/Users/didi/.m2/repository/org/apache/shiro/shiro-ehcache/1.4.0/shiro-ehcache-1.4.0.jar:/Users/didi/.m2/repository/org/apache/shiro/shiro-cache/1.4.0/shiro-cache-1.4.0.jar:/Users/didi/.m2/repository/org/springframework/boot/spring-boot-starter/2.1.3.RELEASE/spring-boot-starter-2.1.3.RELEASE.jar:/Users/didi/.m2/repository/org/springframework/boot/spring-boot/2.1.3.RELEASE/spring-boot-2.1.3.RELEASE.jar:/Users/didi/.m2/repository/org/springframework/boot/spring-boot-autoconfigure/2.1.3.RELEASE/spring-boot-autoconfigure-2.1.3.RELEASE.jar:/Users/didi/.m2/repository/org/springframework/boot/spring-boot-starter-logging/2.1.3.RELEASE/spring-boot-starter-logging-2.1.3.RELEASE.jar:/Users/didi/.m2/repository/ch/qos/logback/logback-classic/1.2.3/logback-classic-1.2.3.jar:/Users/didi/.m2/repository/ch/qos/logback/logback-core/1.2.3/logback-core-1.2.3.jar:/Users/didi/.m2/repository/org/apache/logging/log4j/log4j-to-slf4j/2.11.2/log4j-to-slf4j-2.11.2.jar:/Users/didi/.m2/repository/org/apache/logging/log4j/log4j-api/2.11.2/log4j-api-2.11.2.jar:/Users/didi/.m2/repository/org/slf4j/jul-to-slf4j/1.7.25/jul-to-slf4j-1.7.25.jar:/Users/didi/.m2/repository/javax/annotation/javax.annotation-api/1.3.2/javax.annotation-api-1.3.2.jar:/Users/didi/.m2/repository/org/springframework/spring-core/5.1.5.RELEASE/spring-core-5.1.5.RELEASE.jar:/Users/didi/.m2/repository/org/springframework/spring-jcl/5.1.5.RELEASE/spring-jcl-5.1.5.RELEASE.jar:/Users/didi/.m2/repository/org/yaml/snakeyaml/1.23/snakeyaml-1.23.jar:/Users/didi/.m2/repository/org/springframework/boot/spring-boot-starter-test/2.1.3.RELEASE/spring-boot-starter-test-2.1.3.RELEASE.jar:/Users/didi/.m2/repository/org/springframework/boot/spring-boot-test/2.1.3.RELEASE/spring-boot-test-2.1.3.RELEASE.jar:/Users/didi/.m2/repository/org/springframework/boot/spring-boot-test-autoconfigure/2.1.3.RELEASE/spring-boot-test-autoconfigure-2.1.3.RELEASE.jar:/Users/didi/.m2/repository/com/jayway/jsonpath/json-path/2.4.0/json-path-2.4.0.jar:/Users/didi/.m2/repository/net/minidev/json-smart/2.3/json-smart-2.3.jar:/Users/didi/.m2/repository/net/minidev/accessors-smart/1.2/accessors-smart-1.2.jar:/Users/didi/.m2/repository/org/ow2/asm/asm/5.0.4/asm-5.0.4.jar:/Users/didi/.m2/repository/junit/junit/4.12/junit-4.12.jar:/Users/didi/.m2/repository/org/assertj/assertj-core/3.11.1/assertj-core-3.11.1.jar:/Users/didi/.m2/repository/org/mockito/mockito-core/2.23.4/mockito-core-2.23.4.jar:/Users/didi/.m2/repository/net/bytebuddy/byte-buddy/1.9.10/byte-buddy-1.9.10.jar:/Users/didi/.m2/repository/net/bytebuddy/byte-buddy-agent/1.9.10/byte-buddy-agent-1.9.10.jar:/Users/didi/.m2/repository/org/objenesis/objenesis/2.6/objenesis-2.6.jar:/Users/didi/.m2/repository/org/hamcrest/hamcrest-core/1.3/hamcrest-core-1.3.jar:/Users/didi/.m2/repository/org/hamcrest/hamcrest-library/1.3/hamcrest-library-1.3.jar:/Users/didi/.m2/repository/org/skyscreamer/jsonassert/1.5.0/jsonassert-1.5.0.jar:/Users/didi/.m2/repository/com/vaadin/external/google/android-json/0.0.20131108.vaadin1/android-json-0.0.20131108.vaadin1.jar:/Users/didi/.m2/repository/org/springframework/spring-test/5.1.5.RELEASE/spring-test-5.1.5.RELEASE.jar:/Users/didi/.m2/repository/org/xmlunit/xmlunit-core/2.6.2/xmlunit-core-2.6.2.jar:/Users/didi/.m2/repository/org/springframework/boot/spring-boot-starter-web/2.2.0.M1/spring-boot-starter-web-2.2.0.M1.jar:/Users/didi/.m2/repository/org/springframework/boot/spring-boot-starter-json/2.1.3.RELEASE/spring-boot-starter-json-2.1.3.RELEASE.jar:/Users/didi/.m2/repository/com/fasterxml/jackson/core/jackson-databind/2.9.8/jackson-databind-2.9.8.jar:/Users/didi/.m2/repository/com/fasterxml/jackson/core/jackson-core/2.9.8/jackson-core-2.9.8.jar:/Users/didi/.m2/repository/com/fasterxml/jackson/datatype/jackson-datatype-jdk8/2.9.8/jackson-datatype-jdk8-2.9.8.jar:/Users/didi/.m2/repository/com/fasterxml/jackson/datatype/jackson-datatype-jsr310/2.9.8/jackson-datatype-jsr310-2.9.8.jar:/Users/didi/.m2/repository/com/fasterxml/jackson/module/jackson-module-parameter-names/2.9.8/jackson-module-parameter-names-2.9.8.jar:/Users/didi/.m2/repository/org/springframework/boot/spring-boot-starter-tomcat/2.1.3.RELEASE/spring-boot-starter-tomcat-2.1.3.RELEASE.jar:/Users/didi/.m2/repository/org/apache/tomcat/embed/tomcat-embed-core/9.0.16/tomcat-embed-core-9.0.16.jar:/Users/didi/.m2/repository/org/apache/tomcat/embed/tomcat-embed-el/9.0.16/tomcat-embed-el-9.0.16.jar:/Users/didi/.m2/repository/org/apache/tomcat/embed/tomcat-embed-websocket/9.0.16/tomcat-embed-websocket-9.0.16.jar:/Users/didi/.m2/repository/jakarta/validation/jakarta.validation-api/2.0.1/jakarta.validation-api-2.0.1.jar:/Users/didi/.m2/repository/org/hibernate/validator/hibernate-validator/6.0.14.Final/hibernate-validator-6.0.14.Final.jar:/Users/didi/.m2/repository/org/jboss/logging/jboss-logging/3.3.2.Final/jboss-logging-3.3.2.Final.jar:/Users/didi/.m2/repository/org/springframework/spring-webmvc/5.1.5.RELEASE/spring-webmvc-5.1.5.RELEASE.jar:/Users/didi/.m2/repository/org/springframework/spring-aop/5.1.5.RELEASE/spring-aop-5.1.5.RELEASE.jar:/Users/didi/.m2/repository/org/springframework/spring-expression/5.1.5.RELEASE/spring-expression-5.1.5.RELEASE.jar:/Users/didi/.m2/repository/org/springframework/spring-web/5.1.2.RELEASE/spring-web-5.1.2.RELEASE.jar:/Users/didi/.m2/repository/org/springframework/spring-beans/5.1.5.RELEASE/spring-beans-5.1.5.RELEASE.jar:/Users/didi/.m2/repository/org/springframework/boot/spring-boot-starter-thymeleaf/2.1.3.RELEASE/spring-boot-starter-thymeleaf-2.1.3.RELEASE.jar:/Users/didi/.m2/repository/org/thymeleaf/thymeleaf-spring5/3.0.11.RELEASE/thymeleaf-spring5-3.0.11.RELEASE.jar:/Users/didi/.m2/repository/org/thymeleaf/extras/thymeleaf-extras-java8time/3.0.3.RELEASE/thymeleaf-extras-java8time-3.0.3.RELEASE.jar:/Users/didi/.m2/repository/org/springframework/boot/spring-boot-starter-data-jpa/2.1.3.RELEASE/spring-boot-starter-data-jpa-2.1.3.RELEASE.jar:/Users/didi/.m2/repository/org/springframework/boot/spring-boot-starter-aop/2.1.3.RELEASE/spring-boot-starter-aop-2.1.3.RELEASE.jar:/Users/didi/.m2/repository/org/aspectj/aspectjweaver/1.9.2/aspectjweaver-1.9.2.jar:/Users/didi/.m2/repository/org/springframework/boot/spring-boot-starter-jdbc/2.1.3.RELEASE/spring-boot-starter-jdbc-2.1.3.RELEASE.jar:/Users/didi/.m2/repository/com/zaxxer/HikariCP/3.2.0/HikariCP-3.2.0.jar:/Users/didi/.m2/repository/org/springframework/spring-jdbc/5.1.5.RELEASE/spring-jdbc-5.1.5.RELEASE.jar:/Users/didi/.m2/repository/javax/transaction/javax.transaction-api/1.3/javax.transaction-api-1.3.jar:/Users/didi/.m2/repository/javax/xml/bind/jaxb-api/2.3.1/jaxb-api-2.3.1.jar:/Users/didi/.m2/repository/javax/activation/javax.activation-api/1.2.0/javax.activation-api-1.2.0.jar:/Users/didi/.m2/repository/org/hibernate/hibernate-core/5.3.7.Final/hibernate-core-5.3.7.Final.jar:/Users/didi/.m2/repository/javax/persistence/javax.persistence-api/2.2/javax.persistence-api-2.2.jar:/Users/didi/.m2/repository/org/javassist/javassist/3.23.1-GA/javassist-3.23.1-GA.jar:/Users/didi/.m2/repository/antlr/antlr/2.7.7/antlr-2.7.7.jar:/Users/didi/.m2/repository/org/jboss/jandex/2.0.5.Final/jandex-2.0.5.Final.jar:/Users/didi/.m2/repository/org/dom4j/dom4j/2.1.1/dom4j-2.1.1.jar:/Users/didi/.m2/repository/org/hibernate/common/hibernate-commons-annotations/5.0.4.Final/hibernate-commons-annotations-5.0.4.Final.jar:/Users/didi/.m2/repository/org/springframework/data/spring-data-jpa/2.1.5.RELEASE/spring-data-jpa-2.1.5.RELEASE.jar:/Users/didi/.m2/repository/org/springframework/data/spring-data-commons/2.1.5.RELEASE/spring-data-commons-2.1.5.RELEASE.jar:/Users/didi/.m2/repository/org/springframework/spring-orm/5.1.5.RELEASE/spring-orm-5.1.5.RELEASE.jar:/Users/didi/.m2/repository/org/springframework/spring-tx/5.1.5.RELEASE/spring-tx-5.1.5.RELEASE.jar:/Users/didi/.m2/repository/org/springframework/spring-aspects/5.1.5.RELEASE/spring-aspects-5.1.5.RELEASE.jar:/Users/didi/.m2/repository/org/mybatis/spring/boot/mybatis-spring-boot-starter/1.3.0/mybatis-spring-boot-starter-1.3.0.jar:/Users/didi/.m2/repository/org/mybatis/spring/boot/mybatis-spring-boot-autoconfigure/1.3.0/mybatis-spring-boot-autoconfigure-1.3.0.jar:/Users/didi/.m2/repository/org/mybatis/mybatis/3.4.4/mybatis-3.4.4.jar:/Users/didi/.m2/repository/org/mybatis/mybatis-spring/1.3.1/mybatis-spring-1.3.1.jar:/Users/didi/.m2/repository/mysql/mysql-connector-java/5.1.41/mysql-connector-java-5.1.41.jar:/Users/didi/.m2/repository/net/sourceforge/nekohtml/nekohtml/1.9.22/nekohtml-1.9.22.jar:/Users/didi/.m2/repository/xerces/xercesImpl/2.11.0/xercesImpl-2.11.0.jar:/Users/didi/.m2/repository/xml-apis/xml-apis/1.4.01/xml-apis-1.4.01.jar:/Users/didi/.m2/repository/org/projectlombok/lombok/1.18.6/lombok-1.18.6.jar:/Users/didi/.m2/repository/org/thymeleaf/thymeleaf-spring4/3.0.11.RELEASE/thymeleaf-spring4-3.0.11.RELEASE.jar:/Users/didi/.m2/repository/org/slf4j/slf4j-api/1.7.25/slf4j-api-1.7.25.jar:/Users/didi/.m2/repository/org/thymeleaf/thymeleaf/3.0.11.RELEASE/thymeleaf-3.0.11.RELEASE.jar:/Users/didi/.m2/repository/ognl/ognl/3.1.12/ognl-3.1.12.jar:/Users/didi/.m2/repository/org/attoparser/attoparser/2.0.5.RELEASE/attoparser-2.0.5.RELEASE.jar:/Users/didi/.m2/repository/org/unbescape/unbescape/1.1.6.RELEASE/unbescape-1.1.6.RELEASE.jar:/Users/didi/.m2/repository/org/apache/shiro/shiro-spring/1.4.0/shiro-spring-1.4.0.jar:/Users/didi/.m2/repository/org/apache/shiro/shiro-core/1.4.0/shiro-core-1.4.0.jar:/Users/didi/.m2/repository/org/apache/shiro/shiro-lang/1.4.0/shiro-lang-1.4.0.jar:/Users/didi/.m2/repository/org/apache/shiro/shiro-crypto-hash/1.4.0/shiro-crypto-hash-1.4.0.jar:/Users/didi/.m2/repository/org/apache/shiro/shiro-crypto-core/1.4.0/shiro-crypto-core-1.4.0.jar:/Users/didi/.m2/repository/org/apache/shiro/shiro-crypto-cipher/1.4.0/shiro-crypto-cipher-1.4.0.jar:/Users/didi/.m2/repository/org/apache/shiro/shiro-config-core/1.4.0/shiro-config-core-1.4.0.jar:/Users/didi/.m2/repository/org/apache/shiro/shiro-config-ogdl/1.4.0/shiro-config-ogdl-1.4.0.jar:/Users/didi/.m2/repository/commons-beanutils/commons-beanutils/1.9.3/commons-beanutils-1.9.3.jar:/Users/didi/.m2/repository/commons-collections/commons-collections/3.2.2/commons-collections-3.2.2.jar:/Users/didi/.m2/repository/org/apache/shiro/shiro-event/1.4.0/shiro-event-1.4.0.jar:/Users/didi/.m2/repository/org/apache/shiro/shiro-web/1.4.0/shiro-web-1.4.0.jar:/Users/didi/.m2/repository/net/sf/ehcache/ehcache-core/2.6.11/ehcache-core-2.6.11.jar:/Users/didi/.m2/repository/com/github/pagehelper/pagehelper-spring-boot-starter/1.2.5/pagehelper-spring-boot-starter-1.2.5.jar:/Users/didi/.m2/repository/com/github/pagehelper/pagehelper-spring-boot-autoconfigure/1.2.5/pagehelper-spring-boot-autoconfigure-1.2.5.jar:/Users/didi/.m2/repository/com/github/pagehelper/pagehelper/5.1.4/pagehelper-5.1.4.jar:/Users/didi/.m2/repository/com/github/jsqlparser/jsqlparser/1.0/jsqlparser-1.0.jar:/Users/didi/.m2/repository/io/springfox/springfox-swagger2/2.6.1/springfox-swagger2-2.6.1.jar:/Users/didi/.m2/repository/io/swagger/swagger-annotations/1.5.10/swagger-annotations-1.5.10.jar:/Users/didi/.m2/repository/io/swagger/swagger-models/1.5.10/swagger-models-1.5.10.jar:/Users/didi/.m2/repository/com/fasterxml/jackson/core/jackson-annotations/2.9.0/jackson-annotations-2.9.0.jar:/Users/didi/.m2/repository/io/springfox/springfox-spi/2.6.1/springfox-spi-2.6.1.jar:/Users/didi/.m2/repository/io/springfox/springfox-core/2.6.1/springfox-core-2.6.1.jar:/Users/didi/.m2/repository/io/springfox/springfox-schema/2.6.1/springfox-schema-2.6.1.jar:/Users/didi/.m2/repository/io/springfox/springfox-swagger-common/2.6.1/springfox-swagger-common-2.6.1.jar:/Users/didi/.m2/repository/io/springfox/springfox-spring-web/2.6.1/springfox-spring-web-2.6.1.jar:/Users/didi/.m2/repository/com/google/guava/guava/18.0/guava-18.0.jar:/Users/didi/.m2/repository/com/fasterxml/classmate/1.4.0/classmate-1.4.0.jar:/Users/didi/.m2/repository/org/springframework/plugin/spring-plugin-core/1.2.0.RELEASE/spring-plugin-core-1.2.0.RELEASE.jar:/Users/didi/.m2/repository/org/springframework/plugin/spring-plugin-metadata/1.2.0.RELEASE/spring-plugin-metadata-1.2.0.RELEASE.jar:/Users/didi/.m2/repository/org/mapstruct/mapstruct/1.0.0.Final/mapstruct-1.0.0.Final.jar:/Users/didi/.m2/repository/io/springfox/springfox-swagger-ui/2.6.1/springfox-swagger-ui-2.6.1.jar:, sun.cpu.endian=little, user.home=/Users/didi, user.language=zh, java.specification.vendor=Oracle Corporation, java.home=/Library/Java/JavaVirtualMachines/jdk1.8.0_131.jdk/Contents/Home/jre, file.separator=/, basedir=/Users/didi/cf-work/workspace/clap/clap-web, line.separator=
, java.vm.specification.vendor=Oracle Corporation, java.specification.name=Java Platform API Specification, hibernate.transaction.coordinator_class=class org.hibernate.resource.transaction.backend.jdbc.internal.JdbcResourceLocalTransactionCoordinatorBuilderImpl, java.awt.graphicsenv=sun.awt.CGraphicsEnvironment, java.awt.headless=true, surefire.real.class.path=/Users/didi/cf-work/workspace/clap/clap-web/target/surefire/surefirebooter3730771382365934699.jar, sun.boot.class.path=/Library/Java/JavaVirtualMachines/jdk1.8.0_131.jdk/Contents/Home/jre/lib/resources.jar:/Library/Java/JavaVirtualMachines/jdk1.8.0_131.jdk/Contents/Home/jre/lib/rt.jar:/Library/Java/JavaVirtualMachines/jdk1.8.0_131.jdk/Contents/Home/jre/lib/sunrsasign.jar:/Library/Java/JavaVirtualMachines/jdk1.8.0_131.jdk/Contents/Home/jre/lib/jsse.jar:/Library/Java/JavaVirtualMachines/jdk1.8.0_131.jdk/Contents/Home/jre/lib/jce.jar:/Library/Java/JavaVirtualMachines/jdk1.8.0_131.jdk/Contents/Home/jre/lib/charsets.jar:/Library/Java/JavaVirtualMachines/jdk1.8.0_131.jdk/Contents/Home/jre/lib/jfr.jar:/Library/Java/JavaVirtualMachines/jdk1.8.0_131.jdk/Contents/Home/jre/classes, hibernate.hbm2ddl.auto=update, sun.management.compiler=HotSpot 64-Bit Tiered Compilers, java.runtime.version=1.8.0_131-b11, user.name=didi, path.separator=:, os.version=10.13.3, java.endorsed.dirs=/Library/Java/JavaVirtualMachines/jdk1.8.0_131.jdk/Contents/Home/jre/lib/endorsed, java.runtime.name=Java(TM) SE Runtime Environment, hibernate.ejb.persistenceUnitName=default, file.encoding=UTF-8, spring.beaninfo.ignore=true, java.vm.name=Java HotSpot(TM) 64-Bit Server VM, hibernate.show_sql=true, localRepository=/Users/didi/.m2/repository, java.vendor.url.bug=http://bugreport.sun.com/bugreport/, java.io.tmpdir=/var/folders/tk/v9nks16x3gn6jlfl4qm7s4lr0000gn/T/, com.zaxxer.hikari.pool_number=1, catalina.home=/private/var/folders/tk/v9nks16x3gn6jlfl4qm7s4lr0000gn/T/tomcat.7311763006145701854.0, java.version=1.8.0_131, hibernate.physical_naming_strategy=org.springframework.boot.orm.jpa.hibernate.SpringPhysicalNamingStrategy, user.dir=/Users/didi/cf-work/workspace/clap/clap-web, os.arch=x86_64, PID=53560, java.vm.specification.name=Java Virtual Machine Specification, java.awt.printerjob=sun.lwawt.macosx.CPrinterJob, sun.os.patch.level=unknown, catalina.base=/private/var/folders/tk/v9nks16x3gn6jlfl4qm7s4lr0000gn/T/tomcat.7311763006145701854.0, hibernate.boot.CfgXmlAccessService.key=org.hibernate.boot.cfgxml.spi.LoadedConfig@598657cd, java.library.path=/Users/didi/Library/Java/Extensions:/Library/Java/Extensions:/Network/Library/Java/Extensions:/System/Library/Java/Extensions:/usr/lib/java:., java.vendor=Oracle Corporation, java.vm.info=mixed mode, java.vm.version=25.131-b11, hibernate.bytecode.use_reflection_optimizer=false, hibernate.connection.datasource=HikariDataSource (HikariPool-1), sun.io.unicode.encoding=UnicodeBig, java.ext.dirs=/Users/didi/Library/Java/Extensions:/Library/Java/JavaVirtualMachines/jdk1.8.0_131.jdk/Contents/Home/jre/lib/ext:/Library/Java/Extensions:/Network/Library/Java/Extensions:/System/Library/Java/Extensions:/usr/lib/java, java.class.version=52.0}
2019-04-22 16:44:00.547 [DEBUG] [o.h.v.i.e.r.TraversableResolvers] Found javax.persistence.Persistence on classpath containing 'getPersistenceUtil'. Assuming JPA 2 environment. Trying to instantiate JPA aware TraversableResolver
2019-04-22 16:44:00.547 [DEBUG] [o.h.v.i.e.r.TraversableResolvers] Instantiated JPA aware TraversableResolver of type org.hibernate.validator.internal.engine.resolver.JPATraversableResolver.
2019-04-22 16:44:00.548 [DEBUG] [o.h.v.i.x.c.ValidationXmlParser] Trying to load META-INF/validation.xml for XML based Validator configuration.
2019-04-22 16:44:00.548 [DEBUG] [o.h.v.i.x.c.ResourceLoaderHelper] Trying to load META-INF/validation.xml via TCCL
2019-04-22 16:44:00.549 [DEBUG] [o.h.v.i.x.c.ResourceLoaderHelper] Trying to load META-INF/validation.xml via Hibernate Validator's class loader
2019-04-22 16:44:00.550 [DEBUG] [o.h.v.i.x.c.ValidationXmlParser] No META-INF/validation.xml found. Using annotation based configuration only.
2019-04-22 16:44:00.562 [DEBUG] [o.h.v.m.ResourceBundleMessageInterpolator] Loaded expression factory via original TCCL
2019-04-22 16:44:00.563 [DEBUG] [o.h.v.i.e.ValidatorFactoryImpl] HV000234: Using org.hibernate.validator.messageinterpolation.ResourceBundleMessageInterpolator as ValidatorFactory-scoped message interpolator.
2019-04-22 16:44:00.563 [DEBUG] [o.h.v.i.e.ValidatorFactoryImpl] HV000234: Using org.hibernate.validator.internal.engine.resolver.JPATraversableResolver as ValidatorFactory-scoped traversable resolver.
2019-04-22 16:44:00.563 [DEBUG] [o.h.v.i.e.ValidatorFactoryImpl] HV000234: Using org.hibernate.validator.internal.util.ExecutableParameterNameProvider as ValidatorFactory-scoped parameter name provider.
2019-04-22 16:44:00.563 [DEBUG] [o.h.v.i.e.ValidatorFactoryImpl] HV000234: Using org.hibernate.validator.internal.engine.DefaultClockProvider as ValidatorFactory-scoped clock provider.
2019-04-22 16:44:00.564 [DEBUG] [o.h.v.i.e.ValidatorFactoryImpl] HV000234: Using org.hibernate.validator.internal.engine.scripting.DefaultScriptEvaluatorFactory as ValidatorFactory-scoped script evaluator factory.
2019-04-22 16:44:00.573 [DEBUG] [o.h.secure.spi.JaccIntegrator] Skipping JACC integration as it was not enabled
2019-04-22 16:44:00.575 [DEBUG] [o.h.internal.SessionFactoryImpl] Instantiated session factory
2019-04-22 16:44:00.575 [DEBUG] [o.h.t.s.TypeConfiguration$Scope] Scoping TypeConfiguration [org.hibernate.type.spi.TypeConfiguration@5e5a8718] to SessionFactoryImpl [org.hibernate.internal.SessionFactoryImpl@4e7bc939]
2019-04-22 16:44:00.737 [DEBUG] [o.h.q.spi.NamedQueryRepository] Checking 0 named HQL queries
2019-04-22 16:44:00.738 [DEBUG] [o.h.q.spi.NamedQueryRepository] Checking 0 named SQL queries
2019-04-22 16:44:00.741 [DEBUG] [o.h.i.SessionFactoryRegistry] Initializing SessionFactoryRegistry : org.hibernate.internal.SessionFactoryRegistry@7a2a7492
2019-04-22 16:44:00.741 [DEBUG] [o.h.i.SessionFactoryRegistry] Registering SessionFactory: 88cdb216-7888-4a40-bb5f-9864453fcf3e (<unnamed>)
2019-04-22 16:44:00.742 [DEBUG] [o.h.i.SessionFactoryRegistry] Not binding SessionFactory to JNDI, no JNDI name configured
2019-04-22 16:44:00.742 [INFO ] [o.s.o.j.LocalContainerEntityManagerFactoryBean] Initialized JPA EntityManagerFactory for persistence unit 'default'
2019-04-22 16:44:00.760 [DEBUG] [o.s.b.f.s.DefaultListableBeanFactory] Creating shared instance of singleton bean 'serviceApplication'
2019-04-22 16:44:00.771 [DEBUG] [o.s.b.f.s.DefaultListableBeanFactory] Creating shared instance of singleton bean 'clapApplication'
2019-04-22 16:44:00.778 [DEBUG] [o.s.b.f.s.DefaultListableBeanFactory] Creating shared instance of singleton bean 'springWebMvcConfig'
2019-04-22 16:44:00.801 [DEBUG] [o.s.b.f.s.DefaultListableBeanFactory] Creating shared instance of singleton bean 'swagger2'
2019-04-22 16:44:00.807 [DEBUG] [o.s.b.f.s.DefaultListableBeanFactory] Creating shared instance of singleton bean 'homeController'
2019-04-22 16:44:00.824 [DEBUG] [o.s.b.f.s.DefaultListableBeanFactory] Creating shared instance of singleton bean 'personsController'
2019-04-22 16:44:00.831 [DEBUG] [o.s.b.f.s.DefaultListableBeanFactory] Creating shared instance of singleton bean 'personsServiceImpl'
2019-04-22 16:44:00.842 [DEBUG] [o.s.b.f.s.DefaultListableBeanFactory] Creating shared instance of singleton bean 'personsMapper'
2019-04-22 16:44:00.860 [DEBUG] [o.s.b.f.s.DefaultListableBeanFactory] Creating shared instance of singleton bean 'roleController'
2019-04-22 16:44:00.864 [DEBUG] [o.s.b.f.s.DefaultListableBeanFactory] Creating shared instance of singleton bean 'roleServiceImpl'
2019-04-22 16:44:00.878 [DEBUG] [o.s.b.f.s.DefaultListableBeanFactory] Creating shared instance of singleton bean 'userInfoController'
2019-04-22 16:44:00.932 [DEBUG] [o.s.b.f.s.DefaultListableBeanFactory] Creating shared instance of singleton bean 'swagger2Controller'
2019-04-22 16:44:00.965 [DEBUG] [o.s.b.f.s.DefaultListableBeanFactory] Creating shared instance of singleton bean 'resourceGroupCache'
2019-04-22 16:44:00.966 [DEBUG] [o.s.b.f.s.DefaultListableBeanFactory] Creating shared instance of singleton bean 'springfox.documentation.spring.web.SpringfoxWebMvcConfiguration'
2019-04-22 16:44:01.010 [DEBUG] [o.s.b.f.s.DefaultListableBeanFactory] Creating shared instance of singleton bean 'serviceModelToSwagger2MapperImpl'
2019-04-22 16:44:01.021 [DEBUG] [o.s.b.f.s.DefaultListableBeanFactory] Creating shared instance of singleton bean 'modelMapperImpl'
2019-04-22 16:44:01.035 [DEBUG] [o.s.b.f.s.DefaultListableBeanFactory] Creating shared instance of singleton bean 'parameterMapperImpl'
2019-04-22 16:44:01.060 [DEBUG] [o.s.b.f.s.DefaultListableBeanFactory] Creating shared instance of singleton bean 'securityMapperImpl'
2019-04-22 16:44:01.090 [DEBUG] [o.s.b.f.s.DefaultListableBeanFactory] Creating shared instance of singleton bean 'licenseMapperImpl'
2019-04-22 16:44:01.101 [DEBUG] [o.s.b.f.s.DefaultListableBeanFactory] Creating shared instance of singleton bean 'vendorExtensionsMapperImpl'
2019-04-22 16:44:01.128 [DEBUG] [o.s.b.f.s.DefaultListableBeanFactory] Creating shared instance of singleton bean 'jsonSerializer'
2019-04-22 16:44:01.136 [DEBUG] [o.s.b.f.s.DefaultListableBeanFactory] Creating shared instance of singleton bean 'swagger2Module'
2019-04-22 16:44:01.137 [DEBUG] [o.s.b.f.s.DefaultListableBeanFactory] Creating shared instance of singleton bean 'springfox.documentation.swagger2.configuration.Swagger2DocumentationConfiguration'
2019-04-22 16:44:01.299 [DEBUG] [o.s.b.f.s.DefaultListableBeanFactory] Autowiring by type from bean name 'jsonSerializer' via factory method to bean named 'swagger2Module'
2019-04-22 16:44:01.344 [DEBUG] [o.s.b.f.s.DefaultListableBeanFactory] Creating shared instance of singleton bean 'apiDescriptionLookup'
2019-04-22 16:44:01.363 [DEBUG] [o.s.b.f.s.DefaultListableBeanFactory] Creating shared instance of singleton bean 'apiDescriptionReader'
2019-04-22 16:44:01.404 [DEBUG] [o.s.b.f.s.DefaultListableBeanFactory] Creating shared instance of singleton bean 'cachingOperationReader'
2019-04-22 16:44:01.406 [DEBUG] [o.s.b.f.s.DefaultListableBeanFactory] Creating shared instance of singleton bean 'apiOperationReader'
2019-04-22 16:44:01.410 [DEBUG] [o.s.b.f.s.DefaultListableBeanFactory] Creating shared instance of singleton bean 'documentationPluginsManager'
2019-04-22 16:44:01.442 [DEBUG] [o.s.b.f.s.DefaultListableBeanFactory] Creating shared instance of singleton bean 'documentationPluginRegistry'
2019-04-22 16:44:01.474 [DEBUG] [o.s.b.f.s.DefaultListableBeanFactory] Creating shared instance of singleton bean 'apiListingBuilderPluginRegistry'
2019-04-22 16:44:01.482 [DEBUG] [o.s.b.f.s.DefaultListableBeanFactory] Creating shared instance of singleton bean 'parameterBuilderPluginRegistry'
2019-04-22 16:44:01.486 [DEBUG] [o.s.b.f.s.DefaultListableBeanFactory] Creating shared instance of singleton bean 'expandedParameterBuilderPluginRegistry'
2019-04-22 16:44:01.491 [DEBUG] [o.s.b.f.s.DefaultListableBeanFactory] Creating shared instance of singleton bean 'operationBuilderPluginRegistry'
2019-04-22 16:44:01.496 [DEBUG] [o.s.b.f.s.DefaultListableBeanFactory] Creating shared instance of singleton bean 'resourceGroupingStrategyRegistry'
2019-04-22 16:44:01.501 [DEBUG] [o.s.b.f.s.DefaultListableBeanFactory] Creating shared instance of singleton bean 'operationModelsProviderPluginRegistry'
2019-04-22 16:44:01.507 [DEBUG] [o.s.b.f.s.DefaultListableBeanFactory] Creating shared instance of singleton bean 'defaultsProviderPluginRegistry'
2019-04-22 16:44:01.513 [DEBUG] [o.s.b.f.s.DefaultListableBeanFactory] Creating shared instance of singleton bean 'pathDecoratorRegistry'
2019-04-22 16:44:01.522 [DEBUG] [o.s.b.f.s.DefaultListableBeanFactory] Creating shared instance of singleton bean 'cachingOperationNameGenerator'
2019-04-22 16:44:01.530 [DEBUG] [o.s.b.f.s.DefaultListableBeanFactory] Autowiring by type from bean name 'apiOperationReader' via constructor to bean named 'documentationPluginsManager'
2019-04-22 16:44:01.531 [DEBUG] [o.s.b.f.s.DefaultListableBeanFactory] Autowiring by type from bean name 'apiOperationReader' via constructor to bean named 'cachingOperationNameGenerator'
2019-04-22 16:44:01.548 [DEBUG] [o.s.b.f.s.DefaultListableBeanFactory] Autowiring by type from bean name 'cachingOperationReader' via constructor to bean named 'apiOperationReader'
2019-04-22 16:44:01.630 [DEBUG] [o.s.b.f.s.DefaultListableBeanFactory] Autowiring by type from bean name 'apiDescriptionReader' via constructor to bean named 'cachingOperationReader'
2019-04-22 16:44:01.630 [DEBUG] [o.s.b.f.s.DefaultListableBeanFactory] Autowiring by type from bean name 'apiDescriptionReader' via constructor to bean named 'documentationPluginsManager'
2019-04-22 16:44:01.630 [DEBUG] [o.s.b.f.s.DefaultListableBeanFactory] Autowiring by type from bean name 'apiDescriptionReader' via constructor to bean named 'apiDescriptionLookup'
2019-04-22 16:44:01.633 [DEBUG] [o.s.b.f.s.DefaultListableBeanFactory] Creating shared instance of singleton bean 'apiDocumentationScanner'
2019-04-22 16:44:01.638 [DEBUG] [o.s.b.f.s.DefaultListableBeanFactory] Creating shared instance of singleton bean 'apiListingReferenceScanner'
2019-04-22 16:44:01.658 [DEBUG] [o.s.b.f.s.DefaultListableBeanFactory] Creating shared instance of singleton bean 'apiListingScanner'
2019-04-22 16:44:01.663 [DEBUG] [o.s.b.f.s.DefaultListableBeanFactory] Creating shared instance of singleton bean 'apiModelReader'
2019-04-22 16:44:01.666 [DEBUG] [o.s.b.f.s.DefaultListableBeanFactory] Creating shared instance of singleton bean 'cachingModelProvider'
2019-04-22 16:44:01.668 [DEBUG] [o.s.b.f.s.DefaultListableBeanFactory] Creating shared instance of singleton bean 'defaultModelProvider'
2019-04-22 16:44:01.671 [DEBUG] [o.s.b.f.s.DefaultListableBeanFactory] Creating shared instance of singleton bean 'typeResolver'
2019-04-22 16:44:01.672 [DEBUG] [o.s.b.f.s.DefaultListableBeanFactory] Creating shared instance of singleton bean 'springfox.documentation.schema.configuration.ModelsConfiguration'
2019-04-22 16:44:01.713 [DEBUG] [o.s.b.f.s.DefaultListableBeanFactory] Creating shared instance of singleton bean 'cachingModelPropertiesProvider'
2019-04-22 16:44:01.715 [DEBUG] [o.s.b.f.s.DefaultListableBeanFactory] Creating shared instance of singleton bean 'optimized'
2019-04-22 16:44:01.721 [DEBUG] [o.s.b.f.s.DefaultListableBeanFactory] Creating shared instance of singleton bean 'accessorsProvider'
2019-04-22 16:44:01.724 [DEBUG] [o.s.b.f.s.DefaultListableBeanFactory] Autowiring by type from bean name 'accessorsProvider' via constructor to bean named 'typeResolver'
2019-04-22 16:44:01.735 [DEBUG] [o.s.b.f.s.DefaultListableBeanFactory] Creating shared instance of singleton bean 'fieldProvider'
2019-04-22 16:44:01.739 [DEBUG] [o.s.b.f.s.DefaultListableBeanFactory] Autowiring by type from bean name 'fieldProvider' via constructor to bean named 'typeResolver'
2019-04-22 16:44:01.745 [DEBUG] [o.s.b.f.s.DefaultListableBeanFactory] Creating shared instance of singleton bean 'factoryMethodProvider'
2019-04-22 16:44:01.746 [DEBUG] [o.s.b.f.s.DefaultListableBeanFactory] Autowiring by type from bean name 'factoryMethodProvider' via constructor to bean named 'typeResolver'
2019-04-22 16:44:01.751 [DEBUG] [o.s.b.f.s.DefaultListableBeanFactory] Creating shared instance of singleton bean 'objectMapperBeanPropertyNamingStrategy'
2019-04-22 16:44:01.759 [DEBUG] [o.s.b.f.s.DefaultListableBeanFactory] Creating shared instance of singleton bean 'schemaPluginsManager'
2019-04-22 16:44:01.764 [DEBUG] [o.s.b.f.s.DefaultListableBeanFactory] Creating shared instance of singleton bean 'modelPropertyBuilderPluginRegistry'
2019-04-22 16:44:01.774 [DEBUG] [o.s.b.f.s.DefaultListableBeanFactory] Creating shared instance of singleton bean 'modelBuilderPluginRegistry'
2019-04-22 16:44:01.778 [DEBUG] [o.s.b.f.s.DefaultListableBeanFactory] Autowiring by type from bean name 'schemaPluginsManager' via constructor to bean named 'modelPropertyBuilderPluginRegistry'
2019-04-22 16:44:01.779 [DEBUG] [o.s.b.f.s.DefaultListableBeanFactory] Autowiring by type from bean name 'schemaPluginsManager' via constructor to bean named 'modelBuilderPluginRegistry'
2019-04-22 16:44:01.786 [DEBUG] [o.s.b.f.s.DefaultListableBeanFactory] Creating shared instance of singleton bean 'typeNameExtractor'
2019-04-22 16:44:01.791 [DEBUG] [o.s.b.f.s.DefaultListableBeanFactory] Creating shared instance of singleton bean 'typeNameProviderPluginRegistry'
2019-04-22 16:44:01.801 [DEBUG] [o.s.b.f.s.DefaultListableBeanFactory] Autowiring by type from bean name 'typeNameExtractor' via constructor to bean named 'typeResolver'
2019-04-22 16:44:01.801 [DEBUG] [o.s.b.f.s.DefaultListableBeanFactory] Autowiring by type from bean name 'typeNameExtractor' via constructor to bean named 'typeNameProviderPluginRegistry'
2019-04-22 16:44:01.808 [DEBUG] [o.s.b.f.s.DefaultListableBeanFactory] Autowiring by type from bean name 'optimized' via constructor to bean named 'accessorsProvider'
2019-04-22 16:44:01.808 [DEBUG] [o.s.b.f.s.DefaultListableBeanFactory] Autowiring by type from bean name 'optimized' via constructor to bean named 'fieldProvider'
2019-04-22 16:44:01.808 [DEBUG] [o.s.b.f.s.DefaultListableBeanFactory] Autowiring by type from bean name 'optimized' via constructor to bean named 'factoryMethodProvider'
2019-04-22 16:44:01.808 [DEBUG] [o.s.b.f.s.DefaultListableBeanFactory] Autowiring by type from bean name 'optimized' via constructor to bean named 'typeResolver'
2019-04-22 16:44:01.808 [DEBUG] [o.s.b.f.s.DefaultListableBeanFactory] Autowiring by type from bean name 'optimized' via constructor to bean named 'objectMapperBeanPropertyNamingStrategy'
2019-04-22 16:44:01.809 [DEBUG] [o.s.b.f.s.DefaultListableBeanFactory] Autowiring by type from bean name 'optimized' via constructor to bean named 'schemaPluginsManager'
2019-04-22 16:44:01.809 [DEBUG] [o.s.b.f.s.DefaultListableBeanFactory] Autowiring by type from bean name 'optimized' via constructor to bean named 'typeNameExtractor'
2019-04-22 16:44:01.814 [DEBUG] [o.s.b.f.s.DefaultListableBeanFactory] Autowiring by type from bean name 'cachingModelPropertiesProvider' via constructor to bean named 'typeResolver'
2019-04-22 16:44:01.814 [DEBUG] [o.s.b.f.s.DefaultListableBeanFactory] Autowiring by type from bean name 'cachingModelPropertiesProvider' via constructor to bean named 'optimized'
2019-04-22 16:44:01.820 [DEBUG] [o.s.b.f.s.DefaultListableBeanFactory] Creating shared instance of singleton bean 'cachingModelDependencyProvider'
2019-04-22 16:44:01.821 [DEBUG] [o.s.b.f.s.DefaultListableBeanFactory] Creating shared instance of singleton bean 'defaultModelDependencyProvider'
2019-04-22 16:44:01.825 [DEBUG] [o.s.b.f.s.DefaultListableBeanFactory] Autowiring by type from bean name 'defaultModelDependencyProvider' via constructor to bean named 'typeResolver'
2019-04-22 16:44:01.825 [DEBUG] [o.s.b.f.s.DefaultListableBeanFactory] Autowiring by type from bean name 'defaultModelDependencyProvider' via constructor to bean named 'cachingModelPropertiesProvider'
2019-04-22 16:44:01.825 [DEBUG] [o.s.b.f.s.DefaultListableBeanFactory] Autowiring by type from bean name 'defaultModelDependencyProvider' via constructor to bean named 'typeNameExtractor'
2019-04-22 16:44:01.830 [DEBUG] [o.s.b.f.s.DefaultListableBeanFactory] Autowiring by type from bean name 'cachingModelDependencyProvider' via constructor to bean named 'defaultModelDependencyProvider'
2019-04-22 16:44:01.833 [DEBUG] [o.s.b.f.s.DefaultListableBeanFactory] Autowiring by type from bean name 'defaultModelProvider' via constructor to bean named 'typeResolver'
2019-04-22 16:44:01.833 [DEBUG] [o.s.b.f.s.DefaultListableBeanFactory] Autowiring by type from bean name 'defaultModelProvider' via constructor to bean named 'cachingModelPropertiesProvider'
2019-04-22 16:44:01.833 [DEBUG] [o.s.b.f.s.DefaultListableBeanFactory] Autowiring by type from bean name 'defaultModelProvider' via constructor to bean named 'cachingModelDependencyProvider'
2019-04-22 16:44:01.833 [DEBUG] [o.s.b.f.s.DefaultListableBeanFactory] Autowiring by type from bean name 'defaultModelProvider' via constructor to bean named 'schemaPluginsManager'
2019-04-22 16:44:01.833 [DEBUG] [o.s.b.f.s.DefaultListableBeanFactory] Autowiring by type from bean name 'defaultModelProvider' via constructor to bean named 'typeNameExtractor'
2019-04-22 16:44:01.847 [DEBUG] [o.s.b.f.s.DefaultListableBeanFactory] Autowiring by type from bean name 'cachingModelProvider' via constructor to bean named 'defaultModelProvider'
2019-04-22 16:44:01.850 [DEBUG] [o.s.b.f.s.DefaultListableBeanFactory] Autowiring by type from bean name 'apiModelReader' via constructor to bean named 'cachingModelProvider'
2019-04-22 16:44:01.851 [DEBUG] [o.s.b.f.s.DefaultListableBeanFactory] Autowiring by type from bean name 'apiModelReader' via constructor to bean named 'typeResolver'
2019-04-22 16:44:01.851 [DEBUG] [o.s.b.f.s.DefaultListableBeanFactory] Autowiring by type from bean name 'apiModelReader' via constructor to bean named 'documentationPluginsManager'
2019-04-22 16:44:01.854 [DEBUG] [o.s.b.f.s.DefaultListableBeanFactory] Autowiring by type from bean name 'apiListingScanner' via constructor to bean named 'apiDescriptionReader'
2019-04-22 16:44:01.854 [DEBUG] [o.s.b.f.s.DefaultListableBeanFactory] Autowiring by type from bean name 'apiListingScanner' via constructor to bean named 'apiModelReader'
2019-04-22 16:44:01.854 [DEBUG] [o.s.b.f.s.DefaultListableBeanFactory] Autowiring by type from bean name 'apiListingScanner' via constructor to bean named 'documentationPluginsManager'
2019-04-22 16:44:01.856 [DEBUG] [o.s.b.f.s.DefaultListableBeanFactory] Autowiring by type from bean name 'apiDocumentationScanner' via constructor to bean named 'apiListingReferenceScanner'
2019-04-22 16:44:01.856 [DEBUG] [o.s.b.f.s.DefaultListableBeanFactory] Autowiring by type from bean name 'apiDocumentationScanner' via constructor to bean named 'apiListingScanner'
2019-04-22 16:44:01.858 [DEBUG] [o.s.b.f.s.DefaultListableBeanFactory] Creating shared instance of singleton bean 'apiListingReader'
2019-04-22 16:44:01.863 [DEBUG] [o.s.b.f.s.DefaultListableBeanFactory] Creating shared instance of singleton bean 'mediaTypeReader'
2019-04-22 16:44:01.864 [DEBUG] [o.s.b.f.s.DefaultListableBeanFactory] Autowiring by type from bean name 'mediaTypeReader' via constructor to bean named 'typeResolver'
2019-04-22 16:44:01.884 [DEBUG] [o.s.b.f.s.DefaultListableBeanFactory] Creating shared instance of singleton bean 'defaultOperationReader'
2019-04-22 16:44:01.889 [DEBUG] [o.s.b.f.s.DefaultListableBeanFactory] Creating shared instance of singleton bean 'defaultTagsProvider'
2019-04-22 16:44:01.891 [DEBUG] [o.s.b.f.s.DefaultListableBeanFactory] Creating shared instance of singleton bean 'operationDeprecatedReader'
2019-04-22 16:44:01.895 [DEBUG] [o.s.b.f.s.DefaultListableBeanFactory] Creating shared instance of singleton bean 'operationModelsProvider'
2019-04-22 16:44:01.897 [DEBUG] [o.s.b.f.s.DefaultListableBeanFactory] Autowiring by type from bean name 'operationModelsProvider' via constructor to bean named 'typeResolver'
2019-04-22 16:44:01.901 [DEBUG] [o.s.b.f.s.DefaultListableBeanFactory] Creating shared instance of singleton bean 'operationParameterHeadersConditionReader'
2019-04-22 16:44:01.903 [DEBUG] [o.s.b.f.s.DefaultListableBeanFactory] Autowiring by type from bean name 'operationParameterHeadersConditionReader' via constructor to bean named 'typeResolver'
2019-04-22 16:44:01.909 [DEBUG] [o.s.b.f.s.DefaultListableBeanFactory] Creating shared instance of singleton bean 'operationParameterReader'
2019-04-22 16:44:01.913 [DEBUG] [o.s.b.f.s.DefaultListableBeanFactory] Creating shared instance of singleton bean 'modelAttributeParameterExpander'
2019-04-22 16:44:01.915 [DEBUG] [o.s.b.f.s.DefaultListableBeanFactory] Autowiring by type from bean name 'modelAttributeParameterExpander' via constructor to bean named 'fieldProvider'
2019-04-22 16:44:01.918 [DEBUG] [o.s.b.f.s.DefaultListableBeanFactory] Autowiring by type from bean name 'operationParameterReader' via constructor to bean named 'modelAttributeParameterExpander'
2019-04-22 16:44:01.922 [DEBUG] [o.s.b.f.s.DefaultListableBeanFactory] Creating shared instance of singleton bean 'operationParameterRequestConditionReader'
2019-04-22 16:44:01.923 [DEBUG] [o.s.b.f.s.DefaultListableBeanFactory] Autowiring by type from bean name 'operationParameterRequestConditionReader' via constructor to bean named 'typeResolver'
2019-04-22 16:44:01.926 [DEBUG] [o.s.b.f.s.DefaultListableBeanFactory] Creating shared instance of singleton bean 'operationResponseClassReader'
2019-04-22 16:44:01.928 [DEBUG] [o.s.b.f.s.DefaultListableBeanFactory] Autowiring by type from bean name 'operationResponseClassReader' via constructor to bean named 'typeResolver'
2019-04-22 16:44:01.928 [DEBUG] [o.s.b.f.s.DefaultListableBeanFactory] Autowiring by type from bean name 'operationResponseClassReader' via constructor to bean named 'typeNameExtractor'
2019-04-22 16:44:01.932 [DEBUG] [o.s.b.f.s.DefaultListableBeanFactory] Creating shared instance of singleton bean 'operationTagsReader'
2019-04-22 16:44:01.935 [DEBUG] [o.s.b.f.s.DefaultListableBeanFactory] Autowiring by type from bean name 'operationTagsReader' via constructor to bean named 'defaultTagsProvider'
2019-04-22 16:44:01.942 [DEBUG] [o.s.b.f.s.DefaultListableBeanFactory] Creating shared instance of singleton bean 'responseMessagesReader'
2019-04-22 16:44:01.943 [DEBUG] [o.s.b.f.s.DefaultListableBeanFactory] Autowiring by type from bean name 'responseMessagesReader' via constructor to bean named 'typeResolver'
2019-04-22 16:44:01.943 [DEBUG] [o.s.b.f.s.DefaultListableBeanFactory] Autowiring by type from bean name 'responseMessagesReader' via constructor to bean named 'typeNameExtractor'
2019-04-22 16:44:01.946 [DEBUG] [o.s.b.f.s.DefaultListableBeanFactory] Creating shared instance of singleton bean 'expandedParameterBuilder'
2019-04-22 16:44:01.948 [DEBUG] [o.s.b.f.s.DefaultListableBeanFactory] Autowiring by type from bean name 'expandedParameterBuilder' via constructor to bean named 'typeResolver'
2019-04-22 16:44:01.951 [DEBUG] [o.s.b.f.s.DefaultListableBeanFactory] Creating shared instance of singleton bean 'parameterDataTypeReader'
2019-04-22 16:44:01.952 [DEBUG] [o.s.b.f.s.DefaultListableBeanFactory] Autowiring by type from bean name 'parameterDataTypeReader' via constructor to bean named 'typeNameExtractor'
2019-04-22 16:44:01.952 [DEBUG] [o.s.b.f.s.DefaultListableBeanFactory] Autowiring by type from bean name 'parameterDataTypeReader' via constructor to bean named 'typeResolver'
2019-04-22 16:44:01.955 [DEBUG] [o.s.b.f.s.DefaultListableBeanFactory] Creating shared instance of singleton bean 'parameterDefaultReader'
2019-04-22 16:44:01.958 [DEBUG] [o.s.b.f.s.DefaultListableBeanFactory] Creating shared instance of singleton bean 'parameterMultiplesReader'
2019-04-22 16:44:01.999 [DEBUG] [o.s.b.f.s.DefaultListableBeanFactory] Creating shared instance of singleton bean 'parameterNameReader'
2019-04-22 16:44:02.005 [DEBUG] [o.s.b.f.s.DefaultListableBeanFactory] Creating shared instance of singleton bean 'parameterRequiredReader'
2019-04-22 16:44:02.011 [DEBUG] [o.s.b.f.s.DefaultListableBeanFactory] Creating shared instance of singleton bean 'parameterTypeReader'
2019-04-22 16:44:02.014 [DEBUG] [o.s.b.f.s.DefaultListableBeanFactory] Creating shared instance of singleton bean 'documentationPluginsBootstrapper'
2019-04-22 16:44:02.018 [DEBUG] [o.s.b.f.s.DefaultListableBeanFactory] Creating shared instance of singleton bean 'webMvcRequestHandlerProvider'
2019-04-22 16:44:02.021 [DEBUG] [o.s.b.f.s.DefaultListableBeanFactory] Creating shared instance of singleton bean 'requestMappingHandlerMapping'
2019-04-22 16:44:02.068 [DEBUG] [o.s.b.f.s.DefaultListableBeanFactory] Creating shared instance of singleton bean 'mvcConversionService'
2019-04-22 16:44:02.103 [DEBUG] [o.s.b.f.s.DefaultListableBeanFactory] Creating shared instance of singleton bean 'mvcResourceUrlProvider'
2019-04-22 16:44:02.112 [DEBUG] [o.s.b.f.s.DefaultListableBeanFactory] Creating shared instance of singleton bean 'mvcContentNegotiationManager'
2019-04-22 16:44:02.251 [DEBUG] [o.s.w.s.m.m.a.RequestMappingHandlerMapping] 18 mappings in 'requestMappingHandlerMapping'
2019-04-22 16:44:02.276 [DEBUG] [o.s.b.f.s.DefaultListableBeanFactory] Autowiring by type from bean name 'webMvcRequestHandlerProvider' via constructor to bean named 'requestMappingHandlerMapping'
2019-04-22 16:44:02.284 [DEBUG] [o.s.b.f.s.DefaultListableBeanFactory] Creating shared instance of singleton bean 'defaults'
2019-04-22 16:44:02.666 [DEBUG] [o.s.b.f.s.DefaultListableBeanFactory] Autowiring by type from bean name 'documentationPluginsBootstrapper' via constructor to bean named 'documentationPluginsManager'
2019-04-22 16:44:02.667 [DEBUG] [o.s.b.f.s.DefaultListableBeanFactory] Autowiring by type from bean name 'documentationPluginsBootstrapper' via constructor to bean named 'webMvcRequestHandlerProvider'
2019-04-22 16:44:02.667 [DEBUG] [o.s.b.f.s.DefaultListableBeanFactory] Autowiring by type from bean name 'documentationPluginsBootstrapper' via constructor to bean named 'resourceGroupCache'
2019-04-22 16:44:02.667 [DEBUG] [o.s.b.f.s.DefaultListableBeanFactory] Autowiring by type from bean name 'documentationPluginsBootstrapper' via constructor to bean named 'apiDocumentationScanner'
2019-04-22 16:44:02.667 [DEBUG] [o.s.b.f.s.DefaultListableBeanFactory] Autowiring by type from bean name 'documentationPluginsBootstrapper' via constructor to bean named 'typeResolver'
2019-04-22 16:44:02.667 [DEBUG] [o.s.b.f.s.DefaultListableBeanFactory] Autowiring by type from bean name 'documentationPluginsBootstrapper' via constructor to bean named 'defaults'
2019-04-22 16:44:02.667 [DEBUG] [o.s.b.f.s.DefaultListableBeanFactory] Autowiring by type from bean name 'documentationPluginsBootstrapper' via constructor to bean named 'servletContext'
2019-04-22 16:44:02.671 [DEBUG] [o.s.b.f.s.DefaultListableBeanFactory] Creating shared instance of singleton bean 'operationPathDecorator'
2019-04-22 16:44:02.674 [DEBUG] [o.s.b.f.s.DefaultListableBeanFactory] Creating shared instance of singleton bean 'pathMappingDecorator'
2019-04-22 16:44:02.687 [DEBUG] [o.s.b.f.s.DefaultListableBeanFactory] Creating shared instance of singleton bean 'pathSanitizer'
2019-04-22 16:44:02.699 [DEBUG] [o.s.b.f.s.DefaultListableBeanFactory] Creating shared instance of singleton bean 'queryStringUriTemplateDecorator'
2019-04-22 16:44:02.703 [DEBUG] [o.s.b.f.s.DefaultListableBeanFactory] Creating shared instance of singleton bean 'apiModelBuilder'
2019-04-22 16:44:02.705 [DEBUG] [o.s.b.f.s.DefaultListableBeanFactory] Autowiring by type from bean name 'apiModelBuilder' via constructor to bean named 'typeResolver'
2019-04-22 16:44:02.708 [DEBUG] [o.s.b.f.s.DefaultListableBeanFactory] Creating shared instance of singleton bean 'apiModelPropertyPropertyBuilder'
2019-04-22 16:44:02.714 [DEBUG] [o.s.b.f.s.DefaultListableBeanFactory] Creating shared instance of singleton bean 'apiModelTypeNameProvider'
2019-04-22 16:44:02.730 [DEBUG] [o.s.b.f.s.DefaultListableBeanFactory] Creating shared instance of singleton bean 'operationAuthReader'
2019-04-22 16:44:02.734 [DEBUG] [o.s.b.f.s.DefaultListableBeanFactory] Creating shared instance of singleton bean 'operationHiddenReader'
2019-04-22 16:44:02.737 [DEBUG] [o.s.b.f.s.DefaultListableBeanFactory] Creating shared instance of singleton bean 'operationHttpMethodReader'
2019-04-22 16:44:02.739 [DEBUG] [o.s.b.f.s.DefaultListableBeanFactory] Creating shared instance of singleton bean 'operationImplicitParameterReader'
2019-04-22 16:44:02.745 [DEBUG] [o.s.b.f.s.DefaultListableBeanFactory] Creating shared instance of singleton bean 'operationImplicitParametersReader'
2019-04-22 16:44:02.749 [DEBUG] [o.s.b.f.s.DefaultListableBeanFactory] Creating shared instance of singleton bean 'operationNicknameIntoUniqueIdReader'
2019-04-22 16:44:02.752 [DEBUG] [o.s.b.f.s.DefaultListableBeanFactory] Creating shared instance of singleton bean 'operationNotesReader'
2019-04-22 16:44:02.757 [DEBUG] [o.s.b.f.s.DefaultListableBeanFactory] Creating shared instance of singleton bean 'operationPositionReader'
2019-04-22 16:44:02.761 [DEBUG] [o.s.b.f.s.DefaultListableBeanFactory] Creating shared instance of singleton bean 'operationSummaryReader'
2019-04-22 16:44:02.764 [DEBUG] [o.s.b.f.s.DefaultListableBeanFactory] Creating shared instance of singleton bean 'swaggerMediaTypeReader'
2019-04-22 16:44:02.767 [DEBUG] [o.s.b.f.s.DefaultListableBeanFactory] Creating shared instance of singleton bean 'swaggerOperationModelsProvider'
2019-04-22 16:44:02.768 [DEBUG] [o.s.b.f.s.DefaultListableBeanFactory] Autowiring by type from bean name 'swaggerOperationModelsProvider' via constructor to bean named 'typeResolver'
2019-04-22 16:44:02.771 [DEBUG] [o.s.b.f.s.DefaultListableBeanFactory] Creating shared instance of singleton bean 'swaggerOperationResponseClassReader'
2019-04-22 16:44:02.772 [DEBUG] [o.s.b.f.s.DefaultListableBeanFactory] Autowiring by type from bean name 'swaggerOperationResponseClassReader' via constructor to bean named 'typeResolver'
2019-04-22 16:44:02.772 [DEBUG] [o.s.b.f.s.DefaultListableBeanFactory] Autowiring by type from bean name 'swaggerOperationResponseClassReader' via constructor to bean named 'typeNameExtractor'
2019-04-22 16:44:02.775 [DEBUG] [o.s.b.f.s.DefaultListableBeanFactory] Creating shared instance of singleton bean 'swaggerOperationTagsReader'
2019-04-22 16:44:02.776 [DEBUG] [o.s.b.f.s.DefaultListableBeanFactory] Autowiring by type from bean name 'swaggerOperationTagsReader' via constructor to bean named 'defaultTagsProvider'
2019-04-22 16:44:02.784 [DEBUG] [o.s.b.f.s.DefaultListableBeanFactory] Creating shared instance of singleton bean 'swaggerResponseMessageReader'
2019-04-22 16:44:02.788 [DEBUG] [o.s.b.f.s.DefaultListableBeanFactory] Autowiring by type from bean name 'swaggerResponseMessageReader' via constructor to bean named 'typeNameExtractor'
2019-04-22 16:44:02.788 [DEBUG] [o.s.b.f.s.DefaultListableBeanFactory] Autowiring by type from bean name 'swaggerResponseMessageReader' via constructor to bean named 'typeResolver'
2019-04-22 16:44:02.793 [DEBUG] [o.s.b.f.s.DefaultListableBeanFactory] Creating shared instance of singleton bean 'vendorExtensionsReader'
2019-04-22 16:44:02.796 [DEBUG] [o.s.b.f.s.DefaultListableBeanFactory] Creating shared instance of singleton bean 'swaggerParameterDescriptionReader'
2019-04-22 16:44:02.799 [DEBUG] [o.s.b.f.s.DefaultListableBeanFactory] Creating shared instance of singleton bean 'swaggerExpandedParameterBuilder'
2019-04-22 16:44:02.803 [DEBUG] [o.s.b.f.s.DefaultListableBeanFactory] Creating shared instance of singleton bean 'apiResourceController'
2019-04-22 16:44:02.806 [DEBUG] [o.s.b.f.s.DefaultListableBeanFactory] Creating shared instance of singleton bean 'inMemorySwaggerResourcesProvider'
2019-04-22 16:44:02.808 [DEBUG] [o.s.b.f.s.DefaultListableBeanFactory] Autowiring by type from bean name 'inMemorySwaggerResourcesProvider' via constructor to bean named 'resourceGroupCache'
2019-04-22 16:44:02.838 [DEBUG] [o.s.b.f.s.DefaultListableBeanFactory] Autowiring by type from bean name 'apiResourceController' via constructor to bean named 'inMemorySwaggerResourcesProvider'
2019-04-22 16:44:02.846 [DEBUG] [o.s.b.f.s.DefaultListableBeanFactory] Creating shared instance of singleton bean 'classOrApiAnnotationResourceGrouping'
2019-04-22 16:44:02.863 [DEBUG] [o.s.b.f.s.DefaultListableBeanFactory] Creating shared instance of singleton bean 'swaggerApiListingReader'
2019-04-22 16:44:02.914 [DEBUG] [o.s.b.f.s.DefaultListableBeanFactory] Creating shared instance of singleton bean 'springfox.documentation.swagger.configuration.SwaggerCommonConfiguration'
2019-04-22 16:44:02.920 [DEBUG] [o.s.b.f.s.DefaultListableBeanFactory] Creating shared instance of singleton bean 'mvcPathMatcher'
2019-04-22 16:44:02.935 [DEBUG] [o.s.b.f.s.DefaultListableBeanFactory] Creating shared instance of singleton bean 'mvcUrlPathHelper'
2019-04-22 16:44:02.945 [DEBUG] [o.s.b.f.s.DefaultListableBeanFactory] Creating shared instance of singleton bean 'viewControllerHandlerMapping'
2019-04-22 16:44:02.948 [DEBUG] [o.s.b.f.s.DefaultListableBeanFactory] Creating shared instance of singleton bean 'beanNameHandlerMapping'
2019-04-22 16:44:02.985 [DEBUG] [o.s.b.f.s.DefaultListableBeanFactory] Creating shared instance of singleton bean 'resourceHandlerMapping'
2019-04-22 16:44:03.044 [DEBUG] [o.s.w.s.h.SimpleUrlHandlerMapping] Patterns [/static/**, /**, /swagger-ui.html, /webjars/**] in 'resourceHandlerMapping'
2019-04-22 16:44:03.048 [DEBUG] [o.s.b.f.s.DefaultListableBeanFactory] Creating shared instance of singleton bean 'defaultServletHandlerMapping'
2019-04-22 16:44:03.050 [DEBUG] [o.s.b.f.s.DefaultListableBeanFactory] Creating shared instance of singleton bean 'requestMappingHandlerAdapter'
2019-04-22 16:44:03.074 [DEBUG] [o.s.b.f.s.DefaultListableBeanFactory] Creating shared instance of singleton bean 'mvcValidator'
2019-04-22 16:44:03.094 [DEBUG] [o.h.v.i.e.r.TraversableResolvers] Found javax.persistence.Persistence on classpath containing 'getPersistenceUtil'. Assuming JPA 2 environment. Trying to instantiate JPA aware TraversableResolver
2019-04-22 16:44:03.094 [DEBUG] [o.h.v.i.e.r.TraversableResolvers] Instantiated JPA aware TraversableResolver of type org.hibernate.validator.internal.engine.resolver.JPATraversableResolver.
2019-04-22 16:44:03.095 [DEBUG] [o.h.v.m.ResourceBundleMessageInterpolator] Loaded expression factory via original TCCL
2019-04-22 16:44:03.101 [DEBUG] [o.h.v.i.engine.ConfigurationImpl] Setting custom MessageInterpolator of type org.springframework.validation.beanvalidation.LocaleContextMessageInterpolator
2019-04-22 16:44:03.102 [DEBUG] [o.h.v.i.engine.ConfigurationImpl] Setting custom ConstraintValidatorFactory of type org.springframework.validation.beanvalidation.SpringConstraintValidatorFactory
2019-04-22 16:44:03.104 [DEBUG] [o.h.v.i.engine.ConfigurationImpl] Setting custom ParameterNameProvider of type org.springframework.validation.beanvalidation.LocalValidatorFactoryBean$1
2019-04-22 16:44:03.109 [DEBUG] [o.h.v.i.x.c.ValidationXmlParser] Trying to load META-INF/validation.xml for XML based Validator configuration.
2019-04-22 16:44:03.110 [DEBUG] [o.h.v.i.x.c.ResourceLoaderHelper] Trying to load META-INF/validation.xml via user class loader
2019-04-22 16:44:03.111 [DEBUG] [o.h.v.i.x.c.ResourceLoaderHelper] Trying to load META-INF/validation.xml via TCCL
2019-04-22 16:44:03.112 [DEBUG] [o.h.v.i.x.c.ResourceLoaderHelper] Trying to load META-INF/validation.xml via Hibernate Validator's class loader
2019-04-22 16:44:03.112 [DEBUG] [o.h.v.i.x.c.ValidationXmlParser] No META-INF/validation.xml found. Using annotation based configuration only.
2019-04-22 16:44:03.119 [DEBUG] [o.h.v.i.e.ValidatorFactoryImpl] HV000234: Using org.springframework.validation.beanvalidation.LocaleContextMessageInterpolator as ValidatorFactory-scoped message interpolator.
2019-04-22 16:44:03.119 [DEBUG] [o.h.v.i.e.ValidatorFactoryImpl] HV000234: Using org.hibernate.validator.internal.engine.resolver.JPATraversableResolver as ValidatorFactory-scoped traversable resolver.
2019-04-22 16:44:03.119 [DEBUG] [o.h.v.i.e.ValidatorFactoryImpl] HV000234: Using org.hibernate.validator.internal.util.ExecutableParameterNameProvider as ValidatorFactory-scoped parameter name provider.
2019-04-22 16:44:03.119 [DEBUG] [o.h.v.i.e.ValidatorFactoryImpl] HV000234: Using org.hibernate.validator.internal.engine.DefaultClockProvider as ValidatorFactory-scoped clock provider.
2019-04-22 16:44:03.119 [DEBUG] [o.h.v.i.e.ValidatorFactoryImpl] HV000234: Using org.hibernate.validator.internal.engine.scripting.DefaultScriptEvaluatorFactory as ValidatorFactory-scoped script evaluator factory.
2019-04-22 16:44:03.205 [DEBUG] [o.s.w.s.m.m.a.RequestMappingHandlerAdapter] ControllerAdvice beans: 0 @ModelAttribute, 0 @InitBinder, 1 RequestBodyAdvice, 1 ResponseBodyAdvice
2019-04-22 16:44:03.269 [DEBUG] [o.s.b.f.s.DefaultListableBeanFactory] Creating shared instance of singleton bean 'mvcUriComponentsContributor'
2019-04-22 16:44:03.274 [DEBUG] [o.s.b.f.s.DefaultListableBeanFactory] Creating shared instance of singleton bean 'httpRequestHandlerAdapter'
2019-04-22 16:44:03.278 [DEBUG] [o.s.b.f.s.DefaultListableBeanFactory] Creating shared instance of singleton bean 'simpleControllerHandlerAdapter'
2019-04-22 16:44:03.299 [DEBUG] [o.s.b.f.s.DefaultListableBeanFactory] Creating shared instance of singleton bean 'handlerExceptionResolver'
2019-04-22 16:44:03.364 [DEBUG] [o.s.w.s.m.m.a.ExceptionHandlerExceptionResolver] ControllerAdvice beans: 0 @ExceptionHandler, 1 ResponseBodyAdvice
2019-04-22 16:44:03.377 [DEBUG] [o.s.b.f.s.DefaultListableBeanFactory] Creating shared instance of singleton bean 'mvcViewResolver'
2019-04-22 16:44:03.414 [DEBUG] [o.s.b.f.s.DefaultListableBeanFactory] Creating shared instance of singleton bean 'createRestApi'
2019-04-22 16:44:03.487 [DEBUG] [o.s.b.f.s.DefaultListableBeanFactory] Creating shared instance of singleton bean 'resolver'
2019-04-22 16:44:03.520 [DEBUG] [o.s.b.f.s.DefaultListableBeanFactory] Creating shared instance of singleton bean 'org.springframework.boot.autoconfigure.context.PropertyPlaceholderAutoConfiguration'
2019-04-22 16:44:03.566 [DEBUG] [o.s.b.f.s.DefaultListableBeanFactory] Creating shared instance of singleton bean 'org.springframework.boot.autoconfigure.websocket.servlet.WebSocketServletAutoConfiguration'
2019-04-22 16:44:03.572 [DEBUG] [o.s.b.f.s.DefaultListableBeanFactory] Creating shared instance of singleton bean 'org.springframework.boot.autoconfigure.web.servlet.DispatcherServletAutoConfiguration'
2019-04-22 16:44:03.578 [DEBUG] [o.s.b.f.s.DefaultListableBeanFactory] Creating shared instance of singleton bean 'org.springframework.boot.autoconfigure.task.TaskExecutionAutoConfiguration'
2019-04-22 16:44:03.579 [DEBUG] [o.s.c.LocalVariableTableParameterNameDiscoverer] Cannot find '.class' file for class [class org.springframework.boot.autoconfigure.task.TaskExecutionAutoConfiguration$$EnhancerBySpringCGLIB$$66f277ee] - unable to determine constructor/method parameter names
2019-04-22 16:44:03.581 [DEBUG] [o.s.b.f.s.DefaultListableBeanFactory] Creating shared instance of singleton bean 'spring.task.execution-org.springframework.boot.autoconfigure.task.TaskExecutionProperties'
2019-04-22 16:44:03.592 [DEBUG] [o.s.b.f.s.DefaultListableBeanFactory] Autowiring by type from bean name 'org.springframework.boot.autoconfigure.task.TaskExecutionAutoConfiguration' via constructor to bean named 'spring.task.execution-org.springframework.boot.autoconfigure.task.TaskExecutionProperties'
2019-04-22 16:44:03.609 [DEBUG] [o.s.b.f.s.DefaultListableBeanFactory] Creating shared instance of singleton bean 'taskExecutorBuilder'
2019-04-22 16:44:03.625 [DEBUG] [o.s.b.f.s.DefaultListableBeanFactory] Creating shared instance of singleton bean 'org.springframework.boot.autoconfigure.validation.ValidationAutoConfiguration'
2019-04-22 16:44:03.633 [DEBUG] [o.s.b.f.s.DefaultListableBeanFactory] Creating shared instance of singleton bean 'defaultValidator'
2019-04-22 16:44:03.639 [DEBUG] [o.h.v.i.e.r.TraversableResolvers] Found javax.persistence.Persistence on classpath containing 'getPersistenceUtil'. Assuming JPA 2 environment. Trying to instantiate JPA aware TraversableResolver
2019-04-22 16:44:03.639 [DEBUG] [o.h.v.i.e.r.TraversableResolvers] Instantiated JPA aware TraversableResolver of type org.hibernate.validator.internal.engine.resolver.JPATraversableResolver.
2019-04-22 16:44:03.639 [DEBUG] [o.h.v.m.ResourceBundleMessageInterpolator] Loaded expression factory via original TCCL
2019-04-22 16:44:03.646 [DEBUG] [o.h.v.i.e.r.TraversableResolvers] Found javax.persistence.Persistence on classpath containing 'getPersistenceUtil'. Assuming JPA 2 environment. Trying to instantiate JPA aware TraversableResolver
2019-04-22 16:44:03.646 [DEBUG] [o.h.v.i.e.r.TraversableResolvers] Instantiated JPA aware TraversableResolver of type org.hibernate.validator.internal.engine.resolver.JPATraversableResolver.
2019-04-22 16:44:03.646 [DEBUG] [o.h.v.i.engine.ConfigurationImpl] Setting custom MessageInterpolator of type org.springframework.validation.beanvalidation.LocaleContextMessageInterpolator
2019-04-22 16:44:03.646 [DEBUG] [o.h.v.i.engine.ConfigurationImpl] Setting custom ConstraintValidatorFactory of type org.springframework.validation.beanvalidation.SpringConstraintValidatorFactory
2019-04-22 16:44:03.646 [DEBUG] [o.h.v.i.engine.ConfigurationImpl] Setting custom ParameterNameProvider of type org.springframework.validation.beanvalidation.LocalValidatorFactoryBean$1
2019-04-22 16:44:03.647 [DEBUG] [o.h.v.i.x.c.ValidationXmlParser] Trying to load META-INF/validation.xml for XML based Validator configuration.
2019-04-22 16:44:03.647 [DEBUG] [o.h.v.i.x.c.ResourceLoaderHelper] Trying to load META-INF/validation.xml via user class loader
2019-04-22 16:44:03.647 [DEBUG] [o.h.v.i.x.c.ResourceLoaderHelper] Trying to load META-INF/validation.xml via TCCL
2019-04-22 16:44:03.647 [DEBUG] [o.h.v.i.x.c.ResourceLoaderHelper] Trying to load META-INF/validation.xml via Hibernate Validator's class loader
2019-04-22 16:44:03.648 [DEBUG] [o.h.v.i.x.c.ValidationXmlParser] No META-INF/validation.xml found. Using annotation based configuration only.
2019-04-22 16:44:03.671 [DEBUG] [o.h.v.i.e.ValidatorFactoryImpl] HV000234: Using org.springframework.validation.beanvalidation.LocaleContextMessageInterpolator as ValidatorFactory-scoped message interpolator.
2019-04-22 16:44:03.671 [DEBUG] [o.h.v.i.e.ValidatorFactoryImpl] HV000234: Using org.hibernate.validator.internal.engine.resolver.JPATraversableResolver as ValidatorFactory-scoped traversable resolver.
2019-04-22 16:44:03.672 [DEBUG] [o.h.v.i.e.ValidatorFactoryImpl] HV000234: Using org.hibernate.validator.internal.util.ExecutableParameterNameProvider as ValidatorFactory-scoped parameter name provider.
2019-04-22 16:44:03.672 [DEBUG] [o.h.v.i.e.ValidatorFactoryImpl] HV000234: Using org.hibernate.validator.internal.engine.DefaultClockProvider as ValidatorFactory-scoped clock provider.
2019-04-22 16:44:03.672 [DEBUG] [o.h.v.i.e.ValidatorFactoryImpl] HV000234: Using org.hibernate.validator.internal.engine.scripting.DefaultScriptEvaluatorFactory as ValidatorFactory-scoped script evaluator factory.
2019-04-22 16:44:03.679 [DEBUG] [o.s.b.f.s.DefaultListableBeanFactory] Creating shared instance of singleton bean 'org.springframework.boot.autoconfigure.web.servlet.error.ErrorMvcAutoConfiguration$WhitelabelErrorViewConfiguration'
2019-04-22 16:44:03.686 [DEBUG] [o.s.b.f.s.DefaultListableBeanFactory] Creating shared instance of singleton bean 'error'
2019-04-22 16:44:03.694 [DEBUG] [o.s.b.f.s.DefaultListableBeanFactory] Creating shared instance of singleton bean 'beanNameViewResolver'
2019-04-22 16:44:03.702 [DEBUG] [o.s.b.f.s.DefaultListableBeanFactory] Creating shared instance of singleton bean 'errorAttributes'
2019-04-22 16:44:03.707 [DEBUG] [o.s.b.f.s.DefaultListableBeanFactory] Creating shared instance of singleton bean 'basicErrorController'
2019-04-22 16:44:03.709 [DEBUG] [o.s.b.f.s.DefaultListableBeanFactory] Autowiring by type from bean name 'basicErrorController' via factory method to bean named 'errorAttributes'
2019-04-22 16:44:03.713 [DEBUG] [o.s.b.f.s.DefaultListableBeanFactory] Creating shared instance of singleton bean 'org.springframework.boot.autoconfigure.transaction.jta.JtaAutoConfiguration'
2019-04-22 16:44:03.724 [DEBUG] [o.s.b.f.s.DefaultListableBeanFactory] Creating shared instance of singleton bean 'org.springframework.boot.autoconfigure.jdbc.DataSourceAutoConfiguration$PooledDataSourceConfiguration'
2019-04-22 16:44:03.733 [DEBUG] [o.s.b.f.s.DefaultListableBeanFactory] Creating shared instance of singleton bean 'org.springframework.boot.autoconfigure.jdbc.metadata.DataSourcePoolMetadataProvidersConfiguration'
2019-04-22 16:44:03.737 [DEBUG] [o.s.b.f.s.DefaultListableBeanFactory] Creating shared instance of singleton bean 'org.springframework.boot.autoconfigure.jdbc.DataSourceInitializationConfiguration'
2019-04-22 16:44:03.742 [DEBUG] [o.s.b.f.s.DefaultListableBeanFactory] Creating shared instance of singleton bean 'org.springframework.boot.autoconfigure.jdbc.DataSourceAutoConfiguration'
2019-04-22 16:44:03.748 [DEBUG] [o.s.b.f.s.DefaultListableBeanFactory] Creating shared instance of singleton bean 'org.mybatis.spring.boot.autoconfigure.MybatisAutoConfiguration$MapperScannerRegistrarNotFoundConfiguration'
2019-04-22 16:44:03.775 [DEBUG] [o.m.s.b.a.MybatisAutoConfiguration] No org.mybatis.spring.mapper.MapperFactoryBean found.
2019-04-22 16:44:03.778 [DEBUG] [o.s.b.f.s.DefaultListableBeanFactory] Creating shared instance of singleton bean 'com.github.pagehelper.autoconfigure.PageHelperAutoConfiguration'
2019-04-22 16:44:03.798 [DEBUG] [o.s.b.f.s.DefaultListableBeanFactory] Creating shared instance of singleton bean 'pagehelper-com.github.pagehelper.autoconfigure.PageHelperProperties'
2019-04-22 16:44:03.810 [DEBUG] [o.s.b.f.s.DefaultListableBeanFactory] Creating shared instance of singleton bean 'pageHelperProperties'
2019-04-22 16:44:03.873 [DEBUG] [o.s.b.f.s.DefaultListableBeanFactory] Creating shared instance of singleton bean 'org.springframework.boot.autoconfigure.aop.AopAutoConfiguration$CglibAutoProxyConfiguration'
2019-04-22 16:44:03.896 [DEBUG] [o.s.b.f.s.DefaultListableBeanFactory] Creating shared instance of singleton bean 'org.springframework.boot.autoconfigure.aop.AopAutoConfiguration'
2019-04-22 16:44:03.905 [DEBUG] [o.s.b.f.s.DefaultListableBeanFactory] Creating shared instance of singleton bean 'org.springframework.boot.autoconfigure.orm.jpa.JpaBaseConfiguration$JpaWebConfiguration$JpaWebMvcConfiguration'
2019-04-22 16:44:03.906 [DEBUG] [o.s.c.LocalVariableTableParameterNameDiscoverer] Cannot find '.class' file for class [class org.springframework.boot.autoconfigure.orm.jpa.JpaBaseConfiguration$JpaWebConfiguration$JpaWebMvcConfiguration$$EnhancerBySpringCGLIB$$248dec10] - unable to determine constructor/method parameter names
2019-04-22 16:44:03.907 [DEBUG] [o.s.b.f.s.DefaultListableBeanFactory] Autowiring by type from bean name 'org.springframework.boot.autoconfigure.orm.jpa.JpaBaseConfiguration$JpaWebConfiguration$JpaWebMvcConfiguration' via constructor to bean named 'spring.jpa-org.springframework.boot.autoconfigure.orm.jpa.JpaProperties'
2019-04-22 16:44:03.916 [DEBUG] [o.s.b.f.s.DefaultListableBeanFactory] Creating shared instance of singleton bean 'openEntityManagerInViewInterceptor'
2019-04-22 16:44:03.922 [WARN ] [o.s.b.a.o.j.JpaBaseConfiguration$JpaWebConfiguration$JpaWebMvcConfiguration] spring.jpa.open-in-view is enabled by default. Therefore, database queries may be performed during view rendering. Explicitly configure spring.jpa.open-in-view to disable this warning
2019-04-22 16:44:03.937 [DEBUG] [o.s.b.f.s.DefaultListableBeanFactory] Creating shared instance of singleton bean 'org.springframework.boot.autoconfigure.orm.jpa.JpaBaseConfiguration$JpaWebConfiguration'
2019-04-22 16:44:03.944 [DEBUG] [o.s.b.f.s.DefaultListableBeanFactory] Creating shared instance of singleton bean 'transactionManager'
2019-04-22 16:44:03.969 [DEBUG] [o.s.b.f.s.DefaultListableBeanFactory] Creating shared instance of singleton bean 'org.springframework.boot.autoconfigure.orm.jpa.HibernateJpaAutoConfiguration'
2019-04-22 16:44:03.983 [DEBUG] [o.s.b.f.s.DefaultListableBeanFactory] Creating shared instance of singleton bean 'org.springframework.boot.autoconfigure.context.ConfigurationPropertiesAutoConfiguration'
2019-04-22 16:44:03.990 [DEBUG] [o.s.b.f.s.DefaultListableBeanFactory] Creating shared instance of singleton bean 'org.springframework.boot.autoconfigure.dao.PersistenceExceptionTranslationAutoConfiguration'
2019-04-22 16:44:03.998 [DEBUG] [o.s.b.f.s.DefaultListableBeanFactory] Creating shared instance of singleton bean 'org.springframework.boot.autoconfigure.data.jpa.JpaRepositoriesAutoConfiguration'
2019-04-22 16:44:04.007 [DEBUG] [o.s.b.f.s.DefaultListableBeanFactory] Creating shared instance of singleton bean 'org.springframework.data.jpa.util.JpaMetamodelCacheCleanup'
2019-04-22 16:44:04.011 [DEBUG] [o.s.b.f.s.DefaultListableBeanFactory] Creating shared instance of singleton bean 'org.springframework.boot.autoconfigure.jackson.JacksonAutoConfiguration$Jackson2ObjectMapperBuilderCustomizerConfiguration'
2019-04-22 16:44:04.017 [DEBUG] [o.s.b.f.s.DefaultListableBeanFactory] Creating shared instance of singleton bean 'standardJacksonObjectMapperBuilderCustomizer'
2019-04-22 16:44:04.022 [DEBUG] [o.s.b.f.s.DefaultListableBeanFactory] Creating shared instance of singleton bean 'spring.jackson-org.springframework.boot.autoconfigure.jackson.JacksonProperties'
2019-04-22 16:44:04.032 [DEBUG] [o.s.b.f.s.DefaultListableBeanFactory] Autowiring by type from bean name 'standardJacksonObjectMapperBuilderCustomizer' via factory method to bean named 'org.springframework.boot.web.servlet.context.AnnotationConfigServletWebServerApplicationContext@1b8a29df'
2019-04-22 16:44:04.033 [DEBUG] [o.s.b.f.s.DefaultListableBeanFactory] Autowiring by type from bean name 'standardJacksonObjectMapperBuilderCustomizer' via factory method to bean named 'spring.jackson-org.springframework.boot.autoconfigure.jackson.JacksonProperties'
2019-04-22 16:44:04.042 [DEBUG] [o.s.b.f.s.DefaultListableBeanFactory] Creating shared instance of singleton bean 'org.springframework.boot.autoconfigure.jackson.JacksonAutoConfiguration$JacksonObjectMapperBuilderConfiguration'
2019-04-22 16:44:04.045 [DEBUG] [o.s.c.LocalVariableTableParameterNameDiscoverer] Cannot find '.class' file for class [class org.springframework.boot.autoconfigure.jackson.JacksonAutoConfiguration$JacksonObjectMapperBuilderConfiguration$$EnhancerBySpringCGLIB$$e93320c2] - unable to determine constructor/method parameter names
2019-04-22 16:44:04.045 [DEBUG] [o.s.b.f.s.DefaultListableBeanFactory] Autowiring by type from bean name 'org.springframework.boot.autoconfigure.jackson.JacksonAutoConfiguration$JacksonObjectMapperBuilderConfiguration' via constructor to bean named 'org.springframework.boot.web.servlet.context.AnnotationConfigServletWebServerApplicationContext@1b8a29df'
2019-04-22 16:44:04.054 [DEBUG] [o.s.b.f.s.DefaultListableBeanFactory] Creating shared instance of singleton bean 'jacksonObjectMapperBuilder'
2019-04-22 16:44:04.062 [DEBUG] [o.s.b.f.s.DefaultListableBeanFactory] Autowiring by type from bean name 'jacksonObjectMapperBuilder' via factory method to bean named 'standardJacksonObjectMapperBuilderCustomizer'
2019-04-22 16:44:04.069 [DEBUG] [o.s.b.f.s.DefaultListableBeanFactory] Creating shared instance of singleton bean 'parameterNamesModule'
2019-04-22 16:44:04.070 [DEBUG] [o.s.b.f.s.DefaultListableBeanFactory] Creating shared instance of singleton bean 'org.springframework.boot.autoconfigure.jackson.JacksonAutoConfiguration$ParameterNamesModuleConfiguration'
2019-04-22 16:44:04.099 [DEBUG] [o.s.b.f.s.DefaultListableBeanFactory] Creating shared instance of singleton bean 'jsonComponentModule'
2019-04-22 16:44:04.100 [DEBUG] [o.s.b.f.s.DefaultListableBeanFactory] Creating shared instance of singleton bean 'org.springframework.boot.autoconfigure.jackson.JacksonAutoConfiguration'
2019-04-22 16:44:04.141 [DEBUG] [o.s.b.f.s.DefaultListableBeanFactory] Creating shared instance of singleton bean 'jacksonGeoModule'
2019-04-22 16:44:04.142 [DEBUG] [o.s.b.f.s.DefaultListableBeanFactory] Creating shared instance of singleton bean 'org.springframework.data.web.config.SpringDataJacksonConfiguration'
2019-04-22 16:44:04.184 [DEBUG] [o.s.b.f.s.DefaultListableBeanFactory] Creating shared instance of singleton bean 'org.springframework.boot.autoconfigure.jackson.JacksonAutoConfiguration$JacksonObjectMapperConfiguration'
2019-04-22 16:44:04.192 [DEBUG] [o.s.b.f.s.DefaultListableBeanFactory] Creating shared instance of singleton bean 'jacksonObjectMapper'
2019-04-22 16:44:04.194 [DEBUG] [o.s.b.f.s.DefaultListableBeanFactory] Autowiring by type from bean name 'jacksonObjectMapper' via factory method to bean named 'jacksonObjectMapperBuilder'
2019-04-22 16:44:04.257 [DEBUG] [o.s.b.f.s.DefaultListableBeanFactory] Creating shared instance of singleton bean 'org.springframework.boot.autoconfigure.http.HttpMessageConvertersAutoConfiguration$StringHttpMessageConverterConfiguration'
2019-04-22 16:44:04.258 [DEBUG] [o.s.c.LocalVariableTableParameterNameDiscoverer] Cannot find '.class' file for class [class org.springframework.boot.autoconfigure.http.HttpMessageConvertersAutoConfiguration$StringHttpMessageConverterConfiguration$$EnhancerBySpringCGLIB$$2894714c] - unable to determine constructor/method parameter names
2019-04-22 16:44:04.260 [DEBUG] [o.s.b.f.s.DefaultListableBeanFactory] Autowiring by type from bean name 'org.springframework.boot.autoconfigure.http.HttpMessageConvertersAutoConfiguration$StringHttpMessageConverterConfiguration' via constructor to bean named 'spring.http-org.springframework.boot.autoconfigure.http.HttpProperties'
2019-04-22 16:44:04.266 [DEBUG] [o.s.b.f.s.DefaultListableBeanFactory] Creating shared instance of singleton bean 'stringHttpMessageConverter'
2019-04-22 16:44:04.326 [DEBUG] [o.s.b.f.s.DefaultListableBeanFactory] Creating shared instance of singleton bean 'org.springframework.boot.autoconfigure.http.JacksonHttpMessageConvertersConfiguration$MappingJackson2HttpMessageConverterConfiguration'
2019-04-22 16:44:04.332 [DEBUG] [o.s.b.f.s.DefaultListableBeanFactory] Creating shared instance of singleton bean 'mappingJackson2HttpMessageConverter'
2019-04-22 16:44:04.334 [DEBUG] [o.s.b.f.s.DefaultListableBeanFactory] Autowiring by type from bean name 'mappingJackson2HttpMessageConverter' via factory method to bean named 'jacksonObjectMapper'
2019-04-22 16:44:04.367 [DEBUG] [o.s.b.f.s.DefaultListableBeanFactory] Creating shared instance of singleton bean 'org.springframework.boot.autoconfigure.http.JacksonHttpMessageConvertersConfiguration'
2019-04-22 16:44:04.374 [DEBUG] [o.s.b.f.s.DefaultListableBeanFactory] Creating shared instance of singleton bean 'org.springframework.boot.autoconfigure.http.HttpMessageConvertersAutoConfiguration'
2019-04-22 16:44:04.376 [DEBUG] [o.s.c.LocalVariableTableParameterNameDiscoverer] Cannot find '.class' file for class [class org.springframework.boot.autoconfigure.http.HttpMessageConvertersAutoConfiguration$$EnhancerBySpringCGLIB$$f586aaac] - unable to determine constructor/method parameter names
2019-04-22 16:44:04.386 [DEBUG] [o.s.b.f.s.DefaultListableBeanFactory] Creating shared instance of singleton bean 'messageConverters'
2019-04-22 16:44:04.427 [DEBUG] [o.s.b.f.s.DefaultListableBeanFactory] Creating shared instance of singleton bean 'org.springframework.data.web.config.ProjectingArgumentResolverRegistrar'
2019-04-22 16:44:04.432 [DEBUG] [o.s.b.f.s.DefaultListableBeanFactory] Creating shared instance of singleton bean 'org.springframework.data.web.config.SpringDataWebConfiguration'
2019-04-22 16:44:04.432 [DEBUG] [o.s.c.LocalVariableTableParameterNameDiscoverer] Cannot find '.class' file for class [class org.springframework.data.web.config.SpringDataWebConfiguration$$EnhancerBySpringCGLIB$$3cb70d6b] - unable to determine constructor/method parameter names
2019-04-22 16:44:04.432 [DEBUG] [o.s.b.f.s.DefaultListableBeanFactory] Autowiring by type from bean name 'org.springframework.data.web.config.SpringDataWebConfiguration' via constructor to bean named 'org.springframework.boot.web.servlet.context.AnnotationConfigServletWebServerApplicationContext@1b8a29df'
2019-04-22 16:44:04.443 [DEBUG] [o.s.b.f.s.DefaultListableBeanFactory] Creating shared instance of singleton bean 'pageableCustomizer'
2019-04-22 16:44:04.444 [DEBUG] [o.s.b.f.s.DefaultListableBeanFactory] Creating shared instance of singleton bean 'org.springframework.boot.autoconfigure.data.web.SpringDataWebAutoConfiguration'
2019-04-22 16:44:04.445 [DEBUG] [o.s.c.LocalVariableTableParameterNameDiscoverer] Cannot find '.class' file for class [class org.springframework.boot.autoconfigure.data.web.SpringDataWebAutoConfiguration$$EnhancerBySpringCGLIB$$c6e99539] - unable to determine constructor/method parameter names
2019-04-22 16:44:04.446 [DEBUG] [o.s.b.f.s.DefaultListableBeanFactory] Creating shared instance of singleton bean 'spring.data.web-org.springframework.boot.autoconfigure.data.web.SpringDataWebProperties'
2019-04-22 16:44:04.450 [DEBUG] [o.s.b.f.s.DefaultListableBeanFactory] Autowiring by type from bean name 'org.springframework.boot.autoconfigure.data.web.SpringDataWebAutoConfiguration' via constructor to bean named 'spring.data.web-org.springframework.boot.autoconfigure.data.web.SpringDataWebProperties'
2019-04-22 16:44:04.466 [DEBUG] [o.s.b.f.s.DefaultListableBeanFactory] Creating shared instance of singleton bean 'sortCustomizer'
2019-04-22 16:44:04.480 [DEBUG] [o.s.b.f.s.DefaultListableBeanFactory] Creating shared instance of singleton bean 'pageableResolver'
2019-04-22 16:44:04.516 [DEBUG] [o.s.b.f.s.DefaultListableBeanFactory] Creating shared instance of singleton bean 'sortResolver'
2019-04-22 16:44:04.529 [DEBUG] [o.s.b.f.s.DefaultListableBeanFactory] Creating shared instance of singleton bean 'org.springframework.boot.autoconfigure.http.codec.CodecsAutoConfiguration$LoggingCodecConfiguration'
2019-04-22 16:44:04.535 [DEBUG] [o.s.b.f.s.DefaultListableBeanFactory] Creating shared instance of singleton bean 'loggingCodecCustomizer'
2019-04-22 16:44:04.535 [DEBUG] [o.s.b.f.s.DefaultListableBeanFactory] Autowiring by type from bean name 'loggingCodecCustomizer' via factory method to bean named 'spring.http-org.springframework.boot.autoconfigure.http.HttpProperties'
2019-04-22 16:44:04.542 [DEBUG] [o.s.b.f.s.DefaultListableBeanFactory] Creating shared instance of singleton bean 'org.springframework.boot.autoconfigure.http.codec.CodecsAutoConfiguration$JacksonCodecConfiguration'
2019-04-22 16:44:04.550 [DEBUG] [o.s.b.f.s.DefaultListableBeanFactory] Creating shared instance of singleton bean 'jacksonCodecCustomizer'
2019-04-22 16:44:04.550 [DEBUG] [o.s.b.f.s.DefaultListableBeanFactory] Autowiring by type from bean name 'jacksonCodecCustomizer' via factory method to bean named 'jacksonObjectMapper'
2019-04-22 16:44:04.555 [DEBUG] [o.s.b.f.s.DefaultListableBeanFactory] Creating shared instance of singleton bean 'org.springframework.boot.autoconfigure.http.codec.CodecsAutoConfiguration'
2019-04-22 16:44:04.559 [DEBUG] [o.s.b.f.s.DefaultListableBeanFactory] Creating shared instance of singleton bean 'org.springframework.boot.autoconfigure.info.ProjectInfoAutoConfiguration'
2019-04-22 16:44:04.560 [DEBUG] [o.s.c.LocalVariableTableParameterNameDiscoverer] Cannot find '.class' file for class [class org.springframework.boot.autoconfigure.info.ProjectInfoAutoConfiguration$$EnhancerBySpringCGLIB$$174cec31] - unable to determine constructor/method parameter names
2019-04-22 16:44:04.561 [DEBUG] [o.s.b.f.s.DefaultListableBeanFactory] Creating shared instance of singleton bean 'spring.info-org.springframework.boot.autoconfigure.info.ProjectInfoProperties'
2019-04-22 16:44:04.565 [DEBUG] [o.s.b.f.s.DefaultListableBeanFactory] Autowiring by type from bean name 'org.springframework.boot.autoconfigure.info.ProjectInfoAutoConfiguration' via constructor to bean named 'spring.info-org.springframework.boot.autoconfigure.info.ProjectInfoProperties'
2019-04-22 16:44:04.569 [DEBUG] [o.s.b.f.s.DefaultListableBeanFactory] Creating shared instance of singleton bean 'org.springframework.boot.autoconfigure.jdbc.JdbcTemplateAutoConfiguration$JdbcTemplateConfiguration'
2019-04-22 16:44:04.570 [DEBUG] [o.s.c.LocalVariableTableParameterNameDiscoverer] Cannot find '.class' file for class [class org.springframework.boot.autoconfigure.jdbc.JdbcTemplateAutoConfiguration$JdbcTemplateConfiguration$$EnhancerBySpringCGLIB$$f3de0d85] - unable to determine constructor/method parameter names
2019-04-22 16:44:04.573 [DEBUG] [o.s.b.f.s.DefaultListableBeanFactory] Creating shared instance of singleton bean 'spring.jdbc-org.springframework.boot.autoconfigure.jdbc.JdbcProperties'
2019-04-22 16:44:04.579 [DEBUG] [o.s.b.f.s.DefaultListableBeanFactory] Autowiring by type from bean name 'org.springframework.boot.autoconfigure.jdbc.JdbcTemplateAutoConfiguration$JdbcTemplateConfiguration' via constructor to bean named 'dataSource'
2019-04-22 16:44:04.579 [DEBUG] [o.s.b.f.s.DefaultListableBeanFactory] Autowiring by type from bean name 'org.springframework.boot.autoconfigure.jdbc.JdbcTemplateAutoConfiguration$JdbcTemplateConfiguration' via constructor to bean named 'spring.jdbc-org.springframework.boot.autoconfigure.jdbc.JdbcProperties'
2019-04-22 16:44:04.585 [DEBUG] [o.s.b.f.s.DefaultListableBeanFactory] Creating shared instance of singleton bean 'jdbcTemplate'
2019-04-22 16:44:04.633 [DEBUG] [o.s.b.f.s.DefaultListableBeanFactory] Creating shared instance of singleton bean 'org.springframework.boot.autoconfigure.jdbc.JdbcTemplateAutoConfiguration$NamedParameterJdbcTemplateConfiguration'
2019-04-22 16:44:04.637 [DEBUG] [o.s.b.f.s.DefaultListableBeanFactory] Creating shared instance of singleton bean 'namedParameterJdbcTemplate'
2019-04-22 16:44:04.640 [DEBUG] [o.s.b.f.s.DefaultListableBeanFactory] Autowiring by type from bean name 'namedParameterJdbcTemplate' via factory method to bean named 'jdbcTemplate'
2019-04-22 16:44:04.655 [DEBUG] [o.s.b.f.s.DefaultListableBeanFactory] Creating shared instance of singleton bean 'org.springframework.boot.autoconfigure.jdbc.JdbcTemplateAutoConfiguration'
2019-04-22 16:44:04.661 [DEBUG] [o.s.b.f.s.DefaultListableBeanFactory] Creating shared instance of singleton bean 'org.springframework.boot.autoconfigure.task.TaskSchedulingAutoConfiguration'
2019-04-22 16:44:04.665 [DEBUG] [o.s.b.f.s.DefaultListableBeanFactory] Creating shared instance of singleton bean 'taskSchedulerBuilder'
2019-04-22 16:44:04.666 [DEBUG] [o.s.b.f.s.DefaultListableBeanFactory] Creating shared instance of singleton bean 'spring.task.scheduling-org.springframework.boot.autoconfigure.task.TaskSchedulingProperties'
2019-04-22 16:44:04.668 [DEBUG] [o.s.b.f.s.DefaultListableBeanFactory] Autowiring by type from bean name 'taskSchedulerBuilder' via factory method to bean named 'spring.task.scheduling-org.springframework.boot.autoconfigure.task.TaskSchedulingProperties'
2019-04-22 16:44:04.679 [DEBUG] [o.s.b.f.s.DefaultListableBeanFactory] Creating shared instance of singleton bean 'org.springframework.boot.autoconfigure.thymeleaf.ThymeleafAutoConfiguration$ThymeleafJava8TimeDialect'
2019-04-22 16:44:04.686 [DEBUG] [o.s.b.f.s.DefaultListableBeanFactory] Creating shared instance of singleton bean 'java8TimeDialect'
2019-04-22 16:44:04.694 [DEBUG] [o.s.b.f.s.DefaultListableBeanFactory] Creating shared instance of singleton bean 'org.springframework.boot.autoconfigure.thymeleaf.ThymeleafAutoConfiguration$ThymeleafWebMvcConfiguration$ThymeleafViewResolverConfiguration'
2019-04-22 16:44:04.695 [DEBUG] [o.s.c.LocalVariableTableParameterNameDiscoverer] Cannot find '.class' file for class [class org.springframework.boot.autoconfigure.thymeleaf.ThymeleafAutoConfiguration$ThymeleafWebMvcConfiguration$ThymeleafViewResolverConfiguration$$EnhancerBySpringCGLIB$$6ed3dde3] - unable to determine constructor/method parameter names
2019-04-22 16:44:04.696 [DEBUG] [o.s.b.f.s.DefaultListableBeanFactory] Creating shared instance of singleton bean 'spring.thymeleaf-org.springframework.boot.autoconfigure.thymeleaf.ThymeleafProperties'
2019-04-22 16:44:04.705 [DEBUG] [o.s.b.f.s.DefaultListableBeanFactory] Creating shared instance of singleton bean 'templateEngine'
2019-04-22 16:44:04.709 [DEBUG] [o.s.b.f.s.DefaultListableBeanFactory] Creating shared instance of singleton bean 'org.springframework.boot.autoconfigure.thymeleaf.ThymeleafAutoConfiguration$ThymeleafDefaultConfiguration'
2019-04-22 16:44:04.713 [DEBUG] [o.s.c.LocalVariableTableParameterNameDiscoverer] Cannot find '.class' file for class [class org.springframework.boot.autoconfigure.thymeleaf.ThymeleafAutoConfiguration$ThymeleafDefaultConfiguration$$EnhancerBySpringCGLIB$$9a1b21b4] - unable to determine constructor/method parameter names
2019-04-22 16:44:04.718 [DEBUG] [o.s.b.f.s.DefaultListableBeanFactory] Creating shared instance of singleton bean 'defaultTemplateResolver'
2019-04-22 16:44:04.719 [DEBUG] [o.s.b.f.s.DefaultListableBeanFactory] Creating shared instance of singleton bean 'org.springframework.boot.autoconfigure.thymeleaf.ThymeleafAutoConfiguration$DefaultTemplateResolverConfiguration'
2019-04-22 16:44:04.719 [DEBUG] [o.s.c.LocalVariableTableParameterNameDiscoverer] Cannot find '.class' file for class [class org.springframework.boot.autoconfigure.thymeleaf.ThymeleafAutoConfiguration$DefaultTemplateResolverConfiguration$$EnhancerBySpringCGLIB$$584ba70b] - unable to determine constructor/method parameter names
2019-04-22 16:44:04.720 [DEBUG] [o.s.b.f.s.DefaultListableBeanFactory] Autowiring by type from bean name 'org.springframework.boot.autoconfigure.thymeleaf.ThymeleafAutoConfiguration$DefaultTemplateResolverConfiguration' via constructor to bean named 'spring.thymeleaf-org.springframework.boot.autoconfigure.thymeleaf.ThymeleafProperties'
2019-04-22 16:44:04.722 [DEBUG] [o.s.b.f.s.DefaultListableBeanFactory] Autowiring by type from bean name 'org.springframework.boot.autoconfigure.thymeleaf.ThymeleafAutoConfiguration$DefaultTemplateResolverConfiguration' via constructor to bean named 'org.springframework.boot.web.servlet.context.AnnotationConfigServletWebServerApplicationContext@1b8a29df'
2019-04-22 16:44:04.764 [WARN ] [o.t.templatemode.TemplateMode] [THYMELEAF][main] Template Mode 'LEGACYHTML5' is deprecated. Using Template Mode 'HTML' instead.
2019-04-22 16:44:04.777 [DEBUG] [o.s.b.f.s.DefaultListableBeanFactory] Autowiring by type from bean name 'org.springframework.boot.autoconfigure.thymeleaf.ThymeleafAutoConfiguration$ThymeleafDefaultConfiguration' via constructor to bean named 'spring.thymeleaf-org.springframework.boot.autoconfigure.thymeleaf.ThymeleafProperties'
2019-04-22 16:44:04.777 [DEBUG] [o.s.b.f.s.DefaultListableBeanFactory] Autowiring by type from bean name 'org.springframework.boot.autoconfigure.thymeleaf.ThymeleafAutoConfiguration$ThymeleafDefaultConfiguration' via constructor to bean named 'defaultTemplateResolver'
2019-04-22 16:44:04.831 [DEBUG] [o.s.b.f.s.DefaultListableBeanFactory] Autowiring by type from bean name 'org.springframework.boot.autoconfigure.thymeleaf.ThymeleafAutoConfiguration$ThymeleafWebMvcConfiguration$ThymeleafViewResolverConfiguration' via constructor to bean named 'spring.thymeleaf-org.springframework.boot.autoconfigure.thymeleaf.ThymeleafProperties'
2019-04-22 16:44:04.831 [DEBUG] [o.s.b.f.s.DefaultListableBeanFactory] Autowiring by type from bean name 'org.springframework.boot.autoconfigure.thymeleaf.ThymeleafAutoConfiguration$ThymeleafWebMvcConfiguration$ThymeleafViewResolverConfiguration' via constructor to bean named 'templateEngine'
2019-04-22 16:44:04.838 [DEBUG] [o.s.b.f.s.DefaultListableBeanFactory] Creating shared instance of singleton bean 'thymeleafViewResolver'
2019-04-22 16:44:04.887 [DEBUG] [o.s.b.f.s.DefaultListableBeanFactory] Creating shared instance of singleton bean 'org.springframework.boot.autoconfigure.thymeleaf.ThymeleafAutoConfiguration$ThymeleafWebMvcConfiguration'
2019-04-22 16:44:04.892 [DEBUG] [o.s.b.f.s.DefaultListableBeanFactory] Creating shared instance of singleton bean 'org.springframework.boot.autoconfigure.thymeleaf.ThymeleafAutoConfiguration'
2019-04-22 16:44:04.901 [DEBUG] [o.s.b.f.s.DefaultListableBeanFactory] Creating shared instance of singleton bean 'org.springframework.boot.autoconfigure.jdbc.DataSourceTransactionManagerAutoConfiguration$DataSourceTransactionManagerConfiguration'
2019-04-22 16:44:04.911 [DEBUG] [o.s.c.LocalVariableTableParameterNameDiscoverer] Cannot find '.class' file for class [class org.springframework.boot.autoconfigure.jdbc.DataSourceTransactionManagerAutoConfiguration$DataSourceTransactionManagerConfiguration$$EnhancerBySpringCGLIB$$88537787] - unable to determine constructor/method parameter names
2019-04-22 16:44:04.912 [DEBUG] [o.s.b.f.s.DefaultListableBeanFactory] Autowiring by type from bean name 'org.springframework.boot.autoconfigure.jdbc.DataSourceTransactionManagerAutoConfiguration$DataSourceTransactionManagerConfiguration' via constructor to bean named 'dataSource'
2019-04-22 16:44:04.919 [DEBUG] [o.s.b.f.s.DefaultListableBeanFactory] Creating shared instance of singleton bean 'org.springframework.boot.autoconfigure.jdbc.DataSourceTransactionManagerAutoConfiguration'
2019-04-22 16:44:04.923 [DEBUG] [o.s.b.f.s.DefaultListableBeanFactory] Creating shared instance of singleton bean 'org.springframework.boot.autoconfigure.transaction.TransactionAutoConfiguration$EnableTransactionManagementConfiguration$CglibAutoProxyConfiguration'
2019-04-22 16:44:04.927 [DEBUG] [o.s.b.f.s.DefaultListableBeanFactory] Creating shared instance of singleton bean 'org.springframework.boot.autoconfigure.transaction.TransactionAutoConfiguration$EnableTransactionManagementConfiguration'
2019-04-22 16:44:04.934 [DEBUG] [o.s.b.f.s.DefaultListableBeanFactory] Creating shared instance of singleton bean 'org.springframework.boot.autoconfigure.transaction.TransactionAutoConfiguration$TransactionTemplateConfiguration'
2019-04-22 16:44:04.935 [DEBUG] [o.s.c.LocalVariableTableParameterNameDiscoverer] Cannot find '.class' file for class [class org.springframework.boot.autoconfigure.transaction.TransactionAutoConfiguration$TransactionTemplateConfiguration$$EnhancerBySpringCGLIB$$d9dd3c5a] - unable to determine constructor/method parameter names
2019-04-22 16:44:04.937 [DEBUG] [o.s.b.f.s.DefaultListableBeanFactory] Autowiring by type from bean name 'org.springframework.boot.autoconfigure.transaction.TransactionAutoConfiguration$TransactionTemplateConfiguration' via constructor to bean named 'transactionManager'
2019-04-22 16:44:04.946 [DEBUG] [o.s.b.f.s.DefaultListableBeanFactory] Creating shared instance of singleton bean 'transactionTemplate'
2019-04-22 16:44:04.961 [DEBUG] [o.s.b.f.s.DefaultListableBeanFactory] Creating shared instance of singleton bean 'org.springframework.boot.autoconfigure.web.client.RestTemplateAutoConfiguration'
2019-04-22 16:44:04.963 [DEBUG] [o.s.c.LocalVariableTableParameterNameDiscoverer] Cannot find '.class' file for class [class org.springframework.boot.autoconfigure.web.client.RestTemplateAutoConfiguration$$EnhancerBySpringCGLIB$$7668d899] - unable to determine constructor/method parameter names
2019-04-22 16:44:04.969 [DEBUG] [o.s.b.f.s.DefaultListableBeanFactory] Creating shared instance of singleton bean 'restTemplateBuilder'
2019-04-22 16:44:04.990 [DEBUG] [o.s.b.f.s.DefaultListableBeanFactory] Creating shared instance of singleton bean 'org.springframework.boot.autoconfigure.web.embedded.EmbeddedWebServerFactoryCustomizerAutoConfiguration'
2019-04-22 16:44:05.000 [DEBUG] [o.s.b.f.s.DefaultListableBeanFactory] Creating shared instance of singleton bean 'multipartResolver'
2019-04-22 16:44:05.005 [DEBUG] [o.s.b.f.s.DefaultListableBeanFactory] Creating shared instance of singleton bean 'org.springframework.boot.test.web.client.TestRestTemplate'
2019-04-22 16:44:05.127 [DEBUG] [o.s.c.s.DefaultLifecycleProcessor] Starting beans in phase 2147483647
2019-04-22 16:44:05.127 [INFO ] [s.d.s.w.p.DocumentationPluginsBootstrapper] Context refreshed
2019-04-22 16:44:05.235 [INFO ] [s.d.s.w.p.DocumentationPluginsBootstrapper] Found 1 custom documentation plugin(s)
2019-04-22 16:44:05.271 [INFO ] [s.d.s.w.s.ApiListingReferenceScanner] Scanning for api listing references
2019-04-22 16:44:05.324 [DEBUG] [s.d.s.w.r.o.OperationModelsProvider] Adding return parameter of type Ljava/lang/String;
2019-04-22 16:44:05.325 [DEBUG] [s.d.s.w.r.o.OperationModelsProvider] Reading parameters models for handlerMethod |index|
2019-04-22 16:44:05.327 [DEBUG] [s.d.s.w.r.o.OperationModelsProvider] Finished reading parameters models for handlerMethod |index|
2019-04-22 16:44:05.331 [DEBUG] [s.d.s.r.o.SwaggerOperationModelsProvider] Reading parameters models for handlerMethod |index|
2019-04-22 16:44:05.346 [DEBUG] [s.d.schema.DefaultModelProvider] Skipping model of type Ljava/lang/String; as its either a container type, map, enum or base type, or its already been handled
2019-04-22 16:44:05.348 [DEBUG] [s.d.s.w.scanners.ApiModelReader] Did not find any parameter models for java.lang.String
2019-04-22 16:44:05.350 [DEBUG] [s.d.s.DefaultModelDependencyProvider] Marking base type Ljava/lang/String; as seen
2019-04-22 16:44:05.377 [DEBUG] [s.d.s.w.r.o.OperationResponseClassReader] Setting spring response class to:string
2019-04-22 16:44:05.392 [DEBUG] [s.d.s.r.o.OperationAuthReader] Authorization count 0 for method index
2019-04-22 16:44:05.395 [DEBUG] [s.d.s.r.o.SwaggerOperationResponseClassReader] Setting response class to:string
2019-04-22 16:44:05.414 [DEBUG] [s.d.s.w.r.o.OperationResponseClassReader] Setting spring response class to:string
2019-04-22 16:44:05.432 [DEBUG] [s.d.s.r.o.OperationAuthReader] Authorization count 0 for method index
2019-04-22 16:44:05.435 [DEBUG] [s.d.s.r.o.SwaggerOperationResponseClassReader] Setting response class to:string
2019-04-22 16:44:05.439 [DEBUG] [s.d.s.w.r.o.OperationResponseClassReader] Setting spring response class to:string
2019-04-22 16:44:05.445 [DEBUG] [s.d.s.r.o.OperationAuthReader] Authorization count 0 for method index
2019-04-22 16:44:05.446 [DEBUG] [s.d.s.r.o.SwaggerOperationResponseClassReader] Setting response class to:string
2019-04-22 16:44:05.448 [DEBUG] [s.d.s.w.r.o.OperationResponseClassReader] Setting spring response class to:string
2019-04-22 16:44:05.452 [DEBUG] [s.d.s.r.o.OperationAuthReader] Authorization count 0 for method index
2019-04-22 16:44:05.453 [DEBUG] [s.d.s.r.o.SwaggerOperationResponseClassReader] Setting response class to:string
2019-04-22 16:44:05.459 [DEBUG] [s.d.s.w.r.o.OperationResponseClassReader] Setting spring response class to:string
2019-04-22 16:44:05.461 [DEBUG] [s.d.s.r.o.OperationAuthReader] Authorization count 0 for method index
2019-04-22 16:44:05.462 [DEBUG] [s.d.s.r.o.SwaggerOperationResponseClassReader] Setting response class to:string
2019-04-22 16:44:05.471 [DEBUG] [s.d.s.w.r.o.OperationResponseClassReader] Setting spring response class to:string
2019-04-22 16:44:05.473 [DEBUG] [s.d.s.r.o.OperationAuthReader] Authorization count 0 for method index
2019-04-22 16:44:05.487 [DEBUG] [s.d.s.r.o.SwaggerOperationResponseClassReader] Setting response class to:string
2019-04-22 16:44:05.491 [DEBUG] [s.d.s.w.r.o.OperationResponseClassReader] Setting spring response class to:string
2019-04-22 16:44:05.493 [DEBUG] [s.d.s.r.o.OperationAuthReader] Authorization count 0 for method index
2019-04-22 16:44:05.495 [DEBUG] [s.d.s.r.o.SwaggerOperationResponseClassReader] Setting response class to:string
2019-04-22 16:44:05.497 [DEBUG] [s.d.s.w.r.o.OperationResponseClassReader] Setting spring response class to:string
2019-04-22 16:44:05.498 [DEBUG] [s.d.s.r.o.OperationAuthReader] Authorization count 0 for method index
2019-04-22 16:44:05.499 [DEBUG] [s.d.s.r.o.SwaggerOperationResponseClassReader] Setting response class to:string
2019-04-22 16:44:05.563 [DEBUG] [s.d.s.w.r.o.OperationResponseClassReader] Setting spring response class to:string
2019-04-22 16:44:05.564 [DEBUG] [s.d.s.r.o.OperationAuthReader] Authorization count 0 for method index
2019-04-22 16:44:05.564 [DEBUG] [s.d.s.r.o.SwaggerOperationResponseClassReader] Setting response class to:string
2019-04-22 16:44:05.565 [INFO ] [s.d.s.w.r.o.CachingOperationNameGenerator] Generating unique operation named: indexUsingGET_1
2019-04-22 16:44:05.566 [DEBUG] [s.d.s.w.r.o.OperationResponseClassReader] Setting spring response class to:string
2019-04-22 16:44:05.567 [DEBUG] [s.d.s.r.o.OperationAuthReader] Authorization count 0 for method index
2019-04-22 16:44:05.568 [DEBUG] [s.d.s.r.o.SwaggerOperationResponseClassReader] Setting response class to:string
2019-04-22 16:44:05.569 [INFO ] [s.d.s.w.r.o.CachingOperationNameGenerator] Generating unique operation named: indexUsingHEAD_1
2019-04-22 16:44:05.570 [DEBUG] [s.d.s.w.r.o.OperationResponseClassReader] Setting spring response class to:string
2019-04-22 16:44:05.570 [DEBUG] [s.d.s.r.o.OperationAuthReader] Authorization count 0 for method index
2019-04-22 16:44:05.571 [DEBUG] [s.d.s.r.o.SwaggerOperationResponseClassReader] Setting response class to:string
2019-04-22 16:44:05.572 [INFO ] [s.d.s.w.r.o.CachingOperationNameGenerator] Generating unique operation named: indexUsingPOST_1
2019-04-22 16:44:05.573 [DEBUG] [s.d.s.w.r.o.OperationResponseClassReader] Setting spring response class to:string
2019-04-22 16:44:05.573 [DEBUG] [s.d.s.r.o.OperationAuthReader] Authorization count 0 for method index
2019-04-22 16:44:05.574 [DEBUG] [s.d.s.r.o.SwaggerOperationResponseClassReader] Setting response class to:string
2019-04-22 16:44:05.575 [INFO ] [s.d.s.w.r.o.CachingOperationNameGenerator] Generating unique operation named: indexUsingPUT_1
2019-04-22 16:44:05.577 [DEBUG] [s.d.s.w.r.o.OperationResponseClassReader] Setting spring response class to:string
2019-04-22 16:44:05.579 [DEBUG] [s.d.s.r.o.OperationAuthReader] Authorization count 0 for method index
2019-04-22 16:44:05.580 [DEBUG] [s.d.s.r.o.SwaggerOperationResponseClassReader] Setting response class to:string
2019-04-22 16:44:05.581 [INFO ] [s.d.s.w.r.o.CachingOperationNameGenerator] Generating unique operation named: indexUsingPATCH_1
2019-04-22 16:44:05.581 [DEBUG] [s.d.s.w.r.o.OperationResponseClassReader] Setting spring response class to:string
2019-04-22 16:44:05.582 [DEBUG] [s.d.s.r.o.OperationAuthReader] Authorization count 0 for method index
2019-04-22 16:44:05.584 [DEBUG] [s.d.s.r.o.SwaggerOperationResponseClassReader] Setting response class to:string
2019-04-22 16:44:05.585 [INFO ] [s.d.s.w.r.o.CachingOperationNameGenerator] Generating unique operation named: indexUsingDELETE_1
2019-04-22 16:44:05.587 [DEBUG] [s.d.s.w.r.o.OperationResponseClassReader] Setting spring response class to:string
2019-04-22 16:44:05.590 [DEBUG] [s.d.s.r.o.OperationAuthReader] Authorization count 0 for method index
2019-04-22 16:44:05.591 [DEBUG] [s.d.s.r.o.SwaggerOperationResponseClassReader] Setting response class to:string
2019-04-22 16:44:05.592 [INFO ] [s.d.s.w.r.o.CachingOperationNameGenerator] Generating unique operation named: indexUsingOPTIONS_1
2019-04-22 16:44:05.594 [DEBUG] [s.d.s.w.r.o.OperationResponseClassReader] Setting spring response class to:string
2019-04-22 16:44:05.596 [DEBUG] [s.d.s.r.o.OperationAuthReader] Authorization count 0 for method index
2019-04-22 16:44:05.596 [DEBUG] [s.d.s.r.o.SwaggerOperationResponseClassReader] Setting response class to:string
2019-04-22 16:44:05.597 [INFO ] [s.d.s.w.r.o.CachingOperationNameGenerator] Generating unique operation named: indexUsingTRACE_1
2019-04-22 16:44:05.598 [DEBUG] [s.d.s.w.r.o.OperationModelsProvider] Adding return parameter of type Lcom/willpower/clap/util/ApiResult;
2019-04-22 16:44:05.598 [DEBUG] [s.d.s.w.r.o.OperationModelsProvider] Reading parameters models for handlerMethod |login|
2019-04-22 16:44:05.601 [DEBUG] [s.d.s.w.r.o.OperationModelsProvider] Finished reading parameters models for handlerMethod |login|
2019-04-22 16:44:05.601 [DEBUG] [s.d.s.r.o.SwaggerOperationModelsProvider] Reading parameters models for handlerMethod |login|
2019-04-22 16:44:05.689 [DEBUG] [s.d.s.p.OptimizedModelPropertiesProvider] Reading property status
2019-04-22 16:44:05.694 [DEBUG] [s.d.s.p.bean.BeanModelProperty] Evaluating unwrapped getter for member getStatus
2019-04-22 16:44:05.695 [DEBUG] [s.d.s.p.ObjectMapperBeanPropertyNamingStrategy] Name 'status' renamed to 'status'
2019-04-22 16:44:05.696 [DEBUG] [s.d.s.p.OptimizedModelPropertiesProvider] Adding property status to model
2019-04-22 16:44:05.697 [DEBUG] [s.d.s.p.bean.BeanModelProperty] Evaluating unwrapped getter for member getStatus
2019-04-22 16:44:05.697 [DEBUG] [s.d.s.p.bean.BeanModelProperty] Evaluating unwrapped getter for member getStatus
2019-04-22 16:44:05.697 [DEBUG] [s.d.s.p.bean.BeanModelProperty] Evaluating unwrapped getter for member getStatus
2019-04-22 16:44:05.700 [DEBUG] [s.d.s.p.bean.BeanModelProperty] Evaluating unwrapped getter for member getStatus
2019-04-22 16:44:05.704 [DEBUG] [s.d.s.p.OptimizedModelPropertiesProvider] Reading property message
2019-04-22 16:44:05.704 [DEBUG] [s.d.s.p.bean.BeanModelProperty] Evaluating unwrapped getter for member getMessage
2019-04-22 16:44:05.704 [DEBUG] [s.d.s.p.ObjectMapperBeanPropertyNamingStrategy] Name 'message' renamed to 'message'
2019-04-22 16:44:05.704 [DEBUG] [s.d.s.p.OptimizedModelPropertiesProvider] Adding property message to model
2019-04-22 16:44:05.704 [DEBUG] [s.d.s.p.bean.BeanModelProperty] Evaluating unwrapped getter for member getMessage
2019-04-22 16:44:05.705 [DEBUG] [s.d.s.p.bean.BeanModelProperty] Evaluating unwrapped getter for member getMessage
2019-04-22 16:44:05.705 [DEBUG] [s.d.s.p.bean.BeanModelProperty] Evaluating unwrapped getter for member getMessage
2019-04-22 16:44:05.705 [DEBUG] [s.d.s.p.bean.BeanModelProperty] Evaluating unwrapped getter for member getMessage
2019-04-22 16:44:05.705 [DEBUG] [s.d.s.p.OptimizedModelPropertiesProvider] Reading property data
2019-04-22 16:44:05.705 [DEBUG] [s.d.s.p.bean.BeanModelProperty] Evaluating unwrapped getter for member getData
2019-04-22 16:44:05.705 [DEBUG] [s.d.s.p.ObjectMapperBeanPropertyNamingStrategy] Name 'data' renamed to 'data'
2019-04-22 16:44:05.705 [DEBUG] [s.d.s.p.OptimizedModelPropertiesProvider] Adding property data to model
2019-04-22 16:44:05.706 [DEBUG] [s.d.s.p.bean.BeanModelProperty] Evaluating unwrapped getter for member getData
2019-04-22 16:44:05.706 [DEBUG] [s.d.s.p.bean.BeanModelProperty] Evaluating unwrapped getter for member getData
2019-04-22 16:44:05.706 [DEBUG] [s.d.s.p.bean.BeanModelProperty] Evaluating unwrapped getter for member getData
2019-04-22 16:44:05.706 [DEBUG] [s.d.s.p.bean.BeanModelProperty] Evaluating unwrapped getter for member getData
2019-04-22 16:44:05.707 [DEBUG] [s.d.s.p.OptimizedModelPropertiesProvider] Reading property pageInfo
2019-04-22 16:44:05.707 [DEBUG] [s.d.s.p.bean.BeanModelProperty] Evaluating unwrapped getter for member getPageInfo
2019-04-22 16:44:05.708 [DEBUG] [s.d.s.p.ObjectMapperBeanPropertyNamingStrategy] Name 'pageInfo' renamed to 'pageInfo'
2019-04-22 16:44:05.708 [DEBUG] [s.d.s.p.OptimizedModelPropertiesProvider] Adding property pageInfo to model
2019-04-22 16:44:05.708 [DEBUG] [s.d.s.p.bean.BeanModelProperty] Evaluating unwrapped getter for member getPageInfo
2019-04-22 16:44:05.709 [DEBUG] [s.d.s.p.bean.BeanModelProperty] Evaluating unwrapped getter for member getPageInfo
2019-04-22 16:44:05.709 [DEBUG] [s.d.s.p.bean.BeanModelProperty] Evaluating unwrapped getter for member getPageInfo
2019-04-22 16:44:05.709 [DEBUG] [s.d.s.p.bean.BeanModelProperty] Evaluating unwrapped getter for member getPageInfo
2019-04-22 16:44:05.713 [DEBUG] [s.d.s.p.OptimizedModelPropertiesProvider] Reading property ext
2019-04-22 16:44:05.714 [DEBUG] [s.d.s.p.bean.BeanModelProperty] Evaluating unwrapped getter for member getExt
2019-04-22 16:44:05.715 [DEBUG] [s.d.s.p.ObjectMapperBeanPropertyNamingStrategy] Name 'ext' renamed to 'ext'
2019-04-22 16:44:05.715 [DEBUG] [s.d.s.p.OptimizedModelPropertiesProvider] Adding property ext to model
2019-04-22 16:44:05.715 [DEBUG] [s.d.s.p.bean.BeanModelProperty] Evaluating unwrapped getter for member getExt
2019-04-22 16:44:05.716 [DEBUG] [s.d.s.p.bean.BeanModelProperty] Evaluating unwrapped getter for member getExt
2019-04-22 16:44:05.716 [DEBUG] [s.d.s.p.bean.BeanModelProperty] Evaluating unwrapped getter for member getExt
2019-04-22 16:44:05.716 [DEBUG] [s.d.s.p.bean.BeanModelProperty] Evaluating unwrapped getter for member getExt
2019-04-22 16:44:05.732 [DEBUG] [s.d.schema.DefaultModelProvider] Inferred 5 properties. Properties found data, ext, message, pageInfo, status
2019-04-22 16:44:05.736 [DEBUG] [s.d.s.w.scanners.ApiModelReader] Generated parameter model id: ApiResult, name: ApiResult, schema: {} models
2019-04-22 16:44:05.736 [DEBUG] [s.d.s.w.scanners.ApiModelReader] Adding a new model with key ApiResult
2019-04-22 16:44:05.738 [DEBUG] [s.d.s.DefaultModelDependencyProvider] Adding type Lcom/willpower/clap/util/PageInfo; for parameter pageInfo
2019-04-22 16:44:05.739 [DEBUG] [s.d.s.DefaultModelDependencyProvider] Recursively resolving dependencies for type Lcom/willpower/clap/util/PageInfo;
2019-04-22 16:44:05.746 [DEBUG] [s.d.s.p.OptimizedModelPropertiesProvider] Reading property total
2019-04-22 16:44:05.747 [DEBUG] [s.d.s.p.bean.BeanModelProperty] Evaluating unwrapped getter for member getTotal
2019-04-22 16:44:05.747 [DEBUG] [s.d.s.p.ObjectMapperBeanPropertyNamingStrategy] Name 'total' renamed to 'total'
2019-04-22 16:44:05.747 [DEBUG] [s.d.s.p.OptimizedModelPropertiesProvider] Adding property total to model
2019-04-22 16:44:05.748 [DEBUG] [s.d.s.p.bean.BeanModelProperty] Evaluating unwrapped getter for member getTotal
2019-04-22 16:44:05.748 [DEBUG] [s.d.s.p.bean.BeanModelProperty] Evaluating unwrapped getter for member getTotal
2019-04-22 16:44:05.748 [DEBUG] [s.d.s.p.bean.BeanModelProperty] Evaluating unwrapped getter for member getTotal
2019-04-22 16:44:05.748 [DEBUG] [s.d.s.p.bean.BeanModelProperty] Evaluating unwrapped getter for member getTotal
2019-04-22 16:44:05.749 [DEBUG] [s.d.s.p.OptimizedModelPropertiesProvider] Reading property totalPages
2019-04-22 16:44:05.749 [DEBUG] [s.d.s.p.bean.BeanModelProperty] Evaluating unwrapped getter for member getTotalPages
2019-04-22 16:44:05.749 [DEBUG] [s.d.s.p.ObjectMapperBeanPropertyNamingStrategy] Name 'totalPages' renamed to 'totalPages'
2019-04-22 16:44:05.750 [DEBUG] [s.d.s.p.OptimizedModelPropertiesProvider] Adding property totalPages to model
2019-04-22 16:44:05.750 [DEBUG] [s.d.s.p.bean.BeanModelProperty] Evaluating unwrapped getter for member getTotalPages
2019-04-22 16:44:05.750 [DEBUG] [s.d.s.p.bean.BeanModelProperty] Evaluating unwrapped getter for member getTotalPages
2019-04-22 16:44:05.751 [DEBUG] [s.d.s.p.bean.BeanModelProperty] Evaluating unwrapped getter for member getTotalPages
2019-04-22 16:44:05.751 [DEBUG] [s.d.s.p.bean.BeanModelProperty] Evaluating unwrapped getter for member getTotalPages
2019-04-22 16:44:05.751 [DEBUG] [s.d.s.p.OptimizedModelPropertiesProvider] Reading property pageNo
2019-04-22 16:44:05.752 [DEBUG] [s.d.s.p.bean.BeanModelProperty] Evaluating unwrapped getter for member getPageNo
2019-04-22 16:44:05.752 [DEBUG] [s.d.s.p.ObjectMapperBeanPropertyNamingStrategy] Name 'pageNo' renamed to 'pageNo'
2019-04-22 16:44:05.752 [DEBUG] [s.d.s.p.OptimizedModelPropertiesProvider] Adding property pageNo to model
2019-04-22 16:44:05.753 [DEBUG] [s.d.s.p.bean.BeanModelProperty] Evaluating unwrapped getter for member getPageNo
2019-04-22 16:44:05.753 [DEBUG] [s.d.s.p.bean.BeanModelProperty] Evaluating unwrapped getter for member getPageNo
2019-04-22 16:44:05.754 [DEBUG] [s.d.s.p.bean.BeanModelProperty] Evaluating unwrapped getter for member getPageNo
2019-04-22 16:44:05.754 [DEBUG] [s.d.s.p.bean.BeanModelProperty] Evaluating unwrapped getter for member getPageNo
2019-04-22 16:44:05.754 [DEBUG] [s.d.s.p.OptimizedModelPropertiesProvider] Reading property pageSize
2019-04-22 16:44:05.754 [DEBUG] [s.d.s.p.bean.BeanModelProperty] Evaluating unwrapped getter for member getPageSize
2019-04-22 16:44:05.754 [DEBUG] [s.d.s.p.ObjectMapperBeanPropertyNamingStrategy] Name 'pageSize' renamed to 'pageSize'
2019-04-22 16:44:05.755 [DEBUG] [s.d.s.p.OptimizedModelPropertiesProvider] Adding property pageSize to model
2019-04-22 16:44:05.755 [DEBUG] [s.d.s.p.bean.BeanModelProperty] Evaluating unwrapped getter for member getPageSize
2019-04-22 16:44:05.755 [DEBUG] [s.d.s.p.bean.BeanModelProperty] Evaluating unwrapped getter for member getPageSize
2019-04-22 16:44:05.755 [DEBUG] [s.d.s.p.bean.BeanModelProperty] Evaluating unwrapped getter for member getPageSize
2019-04-22 16:44:05.756 [DEBUG] [s.d.s.p.bean.BeanModelProperty] Evaluating unwrapped getter for member getPageSize
2019-04-22 16:44:05.757 [DEBUG] [s.d.schema.DefaultModelProvider] Inferred 4 properties. Properties found pageNo, pageSize, total, totalPages
2019-04-22 16:44:05.757 [DEBUG] [s.d.s.w.scanners.ApiModelReader] Adding a new model with key PageInfo
2019-04-22 16:44:05.767 [DEBUG] [s.d.s.w.r.o.OperationResponseClassReader] Setting spring response class to:ApiResult
2019-04-22 16:44:05.767 [DEBUG] [s.d.s.r.o.OperationAuthReader] Authorization count 0 for method login
2019-04-22 16:44:05.796 [DEBUG] [s.d.s.r.o.SwaggerOperationResponseClassReader] Setting response class to:ApiResult
2019-04-22 16:44:05.802 [DEBUG] [s.d.s.r.o.VendorExtensionsReader] Extension count 1 for method login
2019-04-22 16:44:05.804 [DEBUG] [s.d.s.w.r.o.OperationResponseClassReader] Setting spring response class to:ApiResult
2019-04-22 16:44:05.807 [DEBUG] [s.d.s.r.o.OperationAuthReader] Authorization count 0 for method login
2019-04-22 16:44:05.807 [DEBUG] [s.d.s.r.o.SwaggerOperationResponseClassReader] Setting response class to:ApiResult
2019-04-22 16:44:05.809 [DEBUG] [s.d.s.r.o.VendorExtensionsReader] Extension count 1 for method login
2019-04-22 16:44:05.812 [DEBUG] [s.d.s.w.r.o.OperationResponseClassReader] Setting spring response class to:ApiResult
2019-04-22 16:44:05.813 [DEBUG] [s.d.s.r.o.OperationAuthReader] Authorization count 0 for method login
2019-04-22 16:44:05.814 [DEBUG] [s.d.s.r.o.SwaggerOperationResponseClassReader] Setting response class to:ApiResult
2019-04-22 16:44:05.815 [DEBUG] [s.d.s.r.o.VendorExtensionsReader] Extension count 1 for method login
2019-04-22 16:44:05.817 [DEBUG] [s.d.s.w.r.o.OperationResponseClassReader] Setting spring response class to:ApiResult
2019-04-22 16:44:05.819 [DEBUG] [s.d.s.r.o.OperationAuthReader] Authorization count 0 for method login
2019-04-22 16:44:05.820 [DEBUG] [s.d.s.r.o.SwaggerOperationResponseClassReader] Setting response class to:ApiResult
2019-04-22 16:44:05.821 [DEBUG] [s.d.s.r.o.VendorExtensionsReader] Extension count 1 for method login
2019-04-22 16:44:05.824 [DEBUG] [s.d.s.w.r.o.OperationResponseClassReader] Setting spring response class to:ApiResult
2019-04-22 16:44:05.825 [DEBUG] [s.d.s.r.o.OperationAuthReader] Authorization count 0 for method login
2019-04-22 16:44:05.826 [DEBUG] [s.d.s.r.o.SwaggerOperationResponseClassReader] Setting response class to:ApiResult
2019-04-22 16:44:05.826 [DEBUG] [s.d.s.r.o.VendorExtensionsReader] Extension count 1 for method login
2019-04-22 16:44:05.828 [DEBUG] [s.d.s.w.r.o.OperationResponseClassReader] Setting spring response class to:ApiResult
2019-04-22 16:44:05.828 [DEBUG] [s.d.s.r.o.OperationAuthReader] Authorization count 0 for method login
2019-04-22 16:44:05.829 [DEBUG] [s.d.s.r.o.SwaggerOperationResponseClassReader] Setting response class to:ApiResult
2019-04-22 16:44:05.831 [DEBUG] [s.d.s.r.o.VendorExtensionsReader] Extension count 1 for method login
2019-04-22 16:44:05.873 [DEBUG] [s.d.s.w.r.o.OperationResponseClassReader] Setting spring response class to:ApiResult
2019-04-22 16:44:05.876 [DEBUG] [s.d.s.r.o.OperationAuthReader] Authorization count 0 for method login
2019-04-22 16:44:05.877 [DEBUG] [s.d.s.r.o.SwaggerOperationResponseClassReader] Setting response class to:ApiResult
2019-04-22 16:44:05.878 [DEBUG] [s.d.s.r.o.VendorExtensionsReader] Extension count 1 for method login
2019-04-22 16:44:05.881 [DEBUG] [s.d.s.w.r.o.OperationResponseClassReader] Setting spring response class to:ApiResult
2019-04-22 16:44:05.883 [DEBUG] [s.d.s.r.o.OperationAuthReader] Authorization count 0 for method login
2019-04-22 16:44:05.884 [DEBUG] [s.d.s.r.o.SwaggerOperationResponseClassReader] Setting response class to:ApiResult
2019-04-22 16:44:05.885 [DEBUG] [s.d.s.r.o.VendorExtensionsReader] Extension count 1 for method login
2019-04-22 16:44:05.886 [DEBUG] [s.d.s.w.r.o.OperationModelsProvider] Adding return parameter of type Ljava/lang/String;
2019-04-22 16:44:05.886 [DEBUG] [s.d.s.w.r.o.OperationModelsProvider] Reading parameters models for handlerMethod |unauthorizedRole|
2019-04-22 16:44:05.887 [DEBUG] [s.d.s.w.r.o.OperationModelsProvider] Finished reading parameters models for handlerMethod |unauthorizedRole|
2019-04-22 16:44:05.888 [DEBUG] [s.d.s.r.o.SwaggerOperationModelsProvider] Reading parameters models for handlerMethod |unauthorizedRole|
2019-04-22 16:44:05.888 [DEBUG] [s.d.s.w.scanners.ApiModelReader] Did not find any parameter models for java.lang.String
2019-04-22 16:44:05.889 [DEBUG] [s.d.s.w.r.o.OperationResponseClassReader] Setting spring response class to:string
2019-04-22 16:44:05.891 [DEBUG] [s.d.s.r.o.OperationAuthReader] Authorization count 0 for method unauthorizedRole
2019-04-22 16:44:05.892 [DEBUG] [s.d.s.r.o.SwaggerOperationResponseClassReader] Setting response class to:string
2019-04-22 16:44:05.894 [DEBUG] [s.d.s.w.r.o.OperationResponseClassReader] Setting spring response class to:string
2019-04-22 16:44:05.895 [DEBUG] [s.d.s.r.o.OperationAuthReader] Authorization count 0 for method unauthorizedRole
2019-04-22 16:44:05.895 [DEBUG] [s.d.s.r.o.SwaggerOperationResponseClassReader] Setting response class to:string
2019-04-22 16:44:05.897 [DEBUG] [s.d.s.w.r.o.OperationResponseClassReader] Setting spring response class to:string
2019-04-22 16:44:05.898 [DEBUG] [s.d.s.r.o.OperationAuthReader] Authorization count 0 for method unauthorizedRole
2019-04-22 16:44:05.898 [DEBUG] [s.d.s.r.o.SwaggerOperationResponseClassReader] Setting response class to:string
2019-04-22 16:44:05.900 [DEBUG] [s.d.s.w.r.o.OperationResponseClassReader] Setting spring response class to:string
2019-04-22 16:44:05.901 [DEBUG] [s.d.s.r.o.OperationAuthReader] Authorization count 0 for method unauthorizedRole
2019-04-22 16:44:05.902 [DEBUG] [s.d.s.r.o.SwaggerOperationResponseClassReader] Setting response class to:string
2019-04-22 16:44:05.904 [DEBUG] [s.d.s.w.r.o.OperationResponseClassReader] Setting spring response class to:string
2019-04-22 16:44:05.908 [DEBUG] [s.d.s.r.o.OperationAuthReader] Authorization count 0 for method unauthorizedRole
2019-04-22 16:44:05.912 [DEBUG] [s.d.s.r.o.SwaggerOperationResponseClassReader] Setting response class to:string
2019-04-22 16:44:05.914 [DEBUG] [s.d.s.w.r.o.OperationResponseClassReader] Setting spring response class to:string
2019-04-22 16:44:05.915 [DEBUG] [s.d.s.r.o.OperationAuthReader] Authorization count 0 for method unauthorizedRole
2019-04-22 16:44:05.916 [DEBUG] [s.d.s.r.o.SwaggerOperationResponseClassReader] Setting response class to:string
2019-04-22 16:44:05.918 [DEBUG] [s.d.s.w.r.o.OperationResponseClassReader] Setting spring response class to:string
2019-04-22 16:44:05.920 [DEBUG] [s.d.s.r.o.OperationAuthReader] Authorization count 0 for method unauthorizedRole
2019-04-22 16:44:05.924 [DEBUG] [s.d.s.r.o.SwaggerOperationResponseClassReader] Setting response class to:string
2019-04-22 16:44:05.926 [DEBUG] [s.d.s.w.r.o.OperationResponseClassReader] Setting spring response class to:string
2019-04-22 16:44:05.928 [DEBUG] [s.d.s.r.o.OperationAuthReader] Authorization count 0 for method unauthorizedRole
2019-04-22 16:44:05.929 [DEBUG] [s.d.s.r.o.SwaggerOperationResponseClassReader] Setting response class to:string
2019-04-22 16:44:05.949 [DEBUG] [s.d.s.w.r.o.OperationModelsProvider] Adding return parameter of type Lcom/willpower/clap/util/ApiResult;
2019-04-22 16:44:05.950 [DEBUG] [s.d.s.w.r.o.OperationModelsProvider] Reading parameters models for handlerMethod |getAllPersons|
2019-04-22 16:44:05.957 [DEBUG] [s.d.s.w.r.o.OperationModelsProvider] Finished reading parameters models for handlerMethod |getAllPersons|
2019-04-22 16:44:05.960 [DEBUG] [s.d.s.r.o.SwaggerOperationModelsProvider] Reading parameters models for handlerMethod |getAllPersons|
2019-04-22 16:44:05.961 [DEBUG] [s.d.s.w.scanners.ApiModelReader] Generated parameter model id: ApiResult, name: ApiResult, schema: {} models
2019-04-22 16:44:05.961 [DEBUG] [s.d.s.w.scanners.ApiModelReader] Adding a new model with key ApiResult
2019-04-22 16:44:05.962 [DEBUG] [s.d.schema.DefaultModelProvider] Inferred 4 properties. Properties found pageNo, pageSize, total, totalPages
2019-04-22 16:44:05.963 [DEBUG] [s.d.s.w.scanners.ApiModelReader] Adding a new model with key PageInfo
2019-04-22 16:44:05.967 [DEBUG] [s.d.s.w.r.o.OperationResponseClassReader] Setting spring response class to:ApiResult
2019-04-22 16:44:05.968 [DEBUG] [s.d.s.r.o.OperationAuthReader] Authorization count 0 for method getAllPersons
2019-04-22 16:44:05.969 [DEBUG] [s.d.s.r.o.SwaggerOperationResponseClassReader] Setting response class to:ApiResult
2019-04-22 16:44:05.971 [DEBUG] [s.d.s.r.o.VendorExtensionsReader] Extension count 1 for method getAllPersons
2019-04-22 16:44:05.981 [DEBUG] [s.d.s.w.r.o.OperationResponseClassReader] Setting spring response class to:ApiResult
2019-04-22 16:44:05.991 [DEBUG] [s.d.s.r.o.OperationAuthReader] Authorization count 0 for method getAllPersons
2019-04-22 16:44:05.993 [DEBUG] [s.d.s.r.o.SwaggerOperationResponseClassReader] Setting response class to:ApiResult
2019-04-22 16:44:06.001 [DEBUG] [s.d.s.r.o.VendorExtensionsReader] Extension count 1 for method getAllPersons
2019-04-22 16:44:06.005 [DEBUG] [s.d.s.w.r.o.OperationResponseClassReader] Setting spring response class to:ApiResult
2019-04-22 16:44:06.020 [DEBUG] [s.d.s.r.o.OperationAuthReader] Authorization count 0 for method getAllPersons
2019-04-22 16:44:06.024 [DEBUG] [s.d.s.r.o.SwaggerOperationResponseClassReader] Setting response class to:ApiResult
2019-04-22 16:44:06.027 [DEBUG] [s.d.s.r.o.VendorExtensionsReader] Extension count 1 for method getAllPersons
2019-04-22 16:44:06.029 [DEBUG] [s.d.s.w.r.o.OperationResponseClassReader] Setting spring response class to:ApiResult
2019-04-22 16:44:06.030 [DEBUG] [s.d.s.r.o.OperationAuthReader] Authorization count 0 for method getAllPersons
2019-04-22 16:44:06.031 [DEBUG] [s.d.s.r.o.SwaggerOperationResponseClassReader] Setting response class to:ApiResult
2019-04-22 16:44:06.032 [DEBUG] [s.d.s.r.o.VendorExtensionsReader] Extension count 1 for method getAllPersons
2019-04-22 16:44:06.034 [DEBUG] [s.d.s.w.r.o.OperationResponseClassReader] Setting spring response class to:ApiResult
2019-04-22 16:44:06.034 [DEBUG] [s.d.s.r.o.OperationAuthReader] Authorization count 0 for method getAllPersons
2019-04-22 16:44:06.035 [DEBUG] [s.d.s.r.o.SwaggerOperationResponseClassReader] Setting response class to:ApiResult
2019-04-22 16:44:06.036 [DEBUG] [s.d.s.r.o.VendorExtensionsReader] Extension count 1 for method getAllPersons
2019-04-22 16:44:06.036 [DEBUG] [s.d.s.w.r.o.OperationResponseClassReader] Setting spring response class to:ApiResult
2019-04-22 16:44:06.037 [DEBUG] [s.d.s.r.o.OperationAuthReader] Authorization count 0 for method getAllPersons
2019-04-22 16:44:06.038 [DEBUG] [s.d.s.r.o.SwaggerOperationResponseClassReader] Setting response class to:ApiResult
2019-04-22 16:44:06.039 [DEBUG] [s.d.s.r.o.VendorExtensionsReader] Extension count 1 for method getAllPersons
2019-04-22 16:44:06.041 [DEBUG] [s.d.s.w.r.o.OperationResponseClassReader] Setting spring response class to:ApiResult
2019-04-22 16:44:06.042 [DEBUG] [s.d.s.r.o.OperationAuthReader] Authorization count 0 for method getAllPersons
2019-04-22 16:44:06.048 [DEBUG] [s.d.s.r.o.SwaggerOperationResponseClassReader] Setting response class to:ApiResult
2019-04-22 16:44:06.050 [DEBUG] [s.d.s.r.o.VendorExtensionsReader] Extension count 1 for method getAllPersons
2019-04-22 16:44:06.053 [DEBUG] [s.d.s.w.r.o.OperationResponseClassReader] Setting spring response class to:ApiResult
2019-04-22 16:44:06.082 [DEBUG] [s.d.s.r.o.OperationAuthReader] Authorization count 0 for method getAllPersons
2019-04-22 16:44:06.082 [DEBUG] [s.d.s.r.o.SwaggerOperationResponseClassReader] Setting response class to:ApiResult
2019-04-22 16:44:06.083 [DEBUG] [s.d.s.r.o.VendorExtensionsReader] Extension count 1 for method getAllPersons
2019-04-22 16:44:06.084 [DEBUG] [s.d.s.w.r.o.OperationModelsProvider] Adding return parameter of type Lcom/willpower/clap/entity/Persons;
2019-04-22 16:44:06.085 [DEBUG] [s.d.s.w.r.o.OperationModelsProvider] Reading parameters models for handlerMethod |getPerson|
2019-04-22 16:44:06.085 [DEBUG] [s.d.s.w.r.o.OperationModelsProvider] Finished reading parameters models for handlerMethod |getPerson|
2019-04-22 16:44:06.086 [DEBUG] [s.d.s.r.o.SwaggerOperationModelsProvider] Reading parameters models for handlerMethod |getPerson|
2019-04-22 16:44:06.094 [DEBUG] [s.d.s.p.OptimizedModelPropertiesProvider] Reading property id
2019-04-22 16:44:06.095 [DEBUG] [s.d.s.p.bean.BeanModelProperty] Evaluating unwrapped getter for member getId
2019-04-22 16:44:06.095 [DEBUG] [s.d.s.p.ObjectMapperBeanPropertyNamingStrategy] Name 'id' renamed to 'id'
2019-04-22 16:44:06.095 [DEBUG] [s.d.s.p.OptimizedModelPropertiesProvider] Adding property id to model
2019-04-22 16:44:06.095 [DEBUG] [s.d.s.p.bean.BeanModelProperty] Evaluating unwrapped getter for member getId
2019-04-22 16:44:06.096 [DEBUG] [s.d.s.p.bean.BeanModelProperty] Evaluating unwrapped getter for member getId
2019-04-22 16:44:06.096 [DEBUG] [s.d.s.p.bean.BeanModelProperty] Evaluating unwrapped getter for member getId
2019-04-22 16:44:06.096 [DEBUG] [s.d.s.p.bean.BeanModelProperty] Evaluating unwrapped getter for member getId
2019-04-22 16:44:06.096 [DEBUG] [s.d.s.p.OptimizedModelPropertiesProvider] Reading property createDatetime
2019-04-22 16:44:06.096 [DEBUG] [s.d.s.p.bean.BeanModelProperty] Evaluating unwrapped getter for member getCreateDatetime
2019-04-22 16:44:06.096 [DEBUG] [s.d.s.p.ObjectMapperBeanPropertyNamingStrategy] Name 'createDatetime' renamed to 'createDatetime'
2019-04-22 16:44:06.096 [DEBUG] [s.d.s.p.OptimizedModelPropertiesProvider] Adding property createDatetime to model
2019-04-22 16:44:06.097 [DEBUG] [s.d.s.p.bean.BeanModelProperty] Evaluating unwrapped getter for member getCreateDatetime
2019-04-22 16:44:06.097 [DEBUG] [s.d.s.p.bean.BeanModelProperty] Evaluating unwrapped getter for member getCreateDatetime
2019-04-22 16:44:06.097 [DEBUG] [s.d.s.p.bean.BeanModelProperty] Evaluating unwrapped getter for member getCreateDatetime
2019-04-22 16:44:06.097 [DEBUG] [s.d.s.p.bean.BeanModelProperty] Evaluating unwrapped getter for member getCreateDatetime
2019-04-22 16:44:06.097 [DEBUG] [s.d.s.p.OptimizedModelPropertiesProvider] Reading property email
2019-04-22 16:44:06.098 [DEBUG] [s.d.s.p.bean.BeanModelProperty] Evaluating unwrapped getter for member getEmail
2019-04-22 16:44:06.098 [DEBUG] [s.d.s.p.ObjectMapperBeanPropertyNamingStrategy] Name 'email' renamed to 'email'
2019-04-22 16:44:06.098 [DEBUG] [s.d.s.p.OptimizedModelPropertiesProvider] Adding property email to model
2019-04-22 16:44:06.098 [DEBUG] [s.d.s.p.bean.BeanModelProperty] Evaluating unwrapped getter for member getEmail
2019-04-22 16:44:06.098 [DEBUG] [s.d.s.p.bean.BeanModelProperty] Evaluating unwrapped getter for member getEmail
2019-04-22 16:44:06.098 [DEBUG] [s.d.s.p.bean.BeanModelProperty] Evaluating unwrapped getter for member getEmail
2019-04-22 16:44:06.099 [DEBUG] [s.d.s.p.bean.BeanModelProperty] Evaluating unwrapped getter for member getEmail
2019-04-22 16:44:06.099 [DEBUG] [s.d.s.p.OptimizedModelPropertiesProvider] Reading property phone
2019-04-22 16:44:06.099 [DEBUG] [s.d.s.p.bean.BeanModelProperty] Evaluating unwrapped getter for member getPhone
2019-04-22 16:44:06.099 [DEBUG] [s.d.s.p.ObjectMapperBeanPropertyNamingStrategy] Name 'phone' renamed to 'phone'
2019-04-22 16:44:06.099 [DEBUG] [s.d.s.p.OptimizedModelPropertiesProvider] Adding property phone to model
2019-04-22 16:44:06.099 [DEBUG] [s.d.s.p.bean.BeanModelProperty] Evaluating unwrapped getter for member getPhone
2019-04-22 16:44:06.099 [DEBUG] [s.d.s.p.bean.BeanModelProperty] Evaluating unwrapped getter for member getPhone
2019-04-22 16:44:06.099 [DEBUG] [s.d.s.p.bean.BeanModelProperty] Evaluating unwrapped getter for member getPhone
2019-04-22 16:44:06.099 [DEBUG] [s.d.s.p.bean.BeanModelProperty] Evaluating unwrapped getter for member getPhone
2019-04-22 16:44:06.099 [DEBUG] [s.d.s.p.OptimizedModelPropertiesProvider] Reading property sex
2019-04-22 16:44:06.100 [DEBUG] [s.d.s.p.bean.BeanModelProperty] Evaluating unwrapped getter for member getSex
2019-04-22 16:44:06.100 [DEBUG] [s.d.s.p.ObjectMapperBeanPropertyNamingStrategy] Name 'sex' renamed to 'sex'
2019-04-22 16:44:06.100 [DEBUG] [s.d.s.p.OptimizedModelPropertiesProvider] Adding property sex to model
2019-04-22 16:44:06.100 [DEBUG] [s.d.s.p.bean.BeanModelProperty] Evaluating unwrapped getter for member getSex
2019-04-22 16:44:06.100 [DEBUG] [s.d.s.p.bean.BeanModelProperty] Evaluating unwrapped getter for member getSex
2019-04-22 16:44:06.100 [DEBUG] [s.d.s.p.bean.BeanModelProperty] Evaluating unwrapped getter for member getSex
2019-04-22 16:44:06.100 [DEBUG] [s.d.s.p.bean.BeanModelProperty] Evaluating unwrapped getter for member getSex
2019-04-22 16:44:06.100 [DEBUG] [s.d.s.p.OptimizedModelPropertiesProvider] Reading property username
2019-04-22 16:44:06.101 [DEBUG] [s.d.s.p.bean.BeanModelProperty] Evaluating unwrapped getter for member getUsername
2019-04-22 16:44:06.101 [DEBUG] [s.d.s.p.ObjectMapperBeanPropertyNamingStrategy] Name 'username' renamed to 'username'
2019-04-22 16:44:06.101 [DEBUG] [s.d.s.p.OptimizedModelPropertiesProvider] Adding property username to model
2019-04-22 16:44:06.101 [DEBUG] [s.d.s.p.bean.BeanModelProperty] Evaluating unwrapped getter for member getUsername
2019-04-22 16:44:06.101 [DEBUG] [s.d.s.p.bean.BeanModelProperty] Evaluating unwrapped getter for member getUsername
2019-04-22 16:44:06.101 [DEBUG] [s.d.s.p.bean.BeanModelProperty] Evaluating unwrapped getter for member getUsername
2019-04-22 16:44:06.102 [DEBUG] [s.d.s.p.bean.BeanModelProperty] Evaluating unwrapped getter for member getUsername
2019-04-22 16:44:06.102 [DEBUG] [s.d.s.p.OptimizedModelPropertiesProvider] Reading property zone
2019-04-22 16:44:06.102 [DEBUG] [s.d.s.p.bean.BeanModelProperty] Evaluating unwrapped getter for member getZone
2019-04-22 16:44:06.103 [DEBUG] [s.d.s.p.ObjectMapperBeanPropertyNamingStrategy] Name 'zone' renamed to 'zone'
2019-04-22 16:44:06.103 [DEBUG] [s.d.s.p.OptimizedModelPropertiesProvider] Adding property zone to model
2019-04-22 16:44:06.103 [DEBUG] [s.d.s.p.bean.BeanModelProperty] Evaluating unwrapped getter for member getZone
2019-04-22 16:44:06.103 [DEBUG] [s.d.s.p.bean.BeanModelProperty] Evaluating unwrapped getter for member getZone
2019-04-22 16:44:06.103 [DEBUG] [s.d.s.p.bean.BeanModelProperty] Evaluating unwrapped getter for member getZone
2019-04-22 16:44:06.104 [DEBUG] [s.d.s.p.bean.BeanModelProperty] Evaluating unwrapped getter for member getZone
2019-04-22 16:44:06.104 [DEBUG] [s.d.schema.DefaultModelProvider] Inferred 7 properties. Properties found createDatetime, email, id, phone, sex, username, zone
2019-04-22 16:44:06.105 [DEBUG] [s.d.s.w.scanners.ApiModelReader] Generated parameter model id: Persons, name: Persons, schema: {} models
2019-04-22 16:44:06.105 [DEBUG] [s.d.s.w.scanners.ApiModelReader] Adding a new model with key Persons
2019-04-22 16:44:06.106 [DEBUG] [s.d.s.DefaultModelDependencyProvider] Adding type [B for parameter zone
2019-04-22 16:44:06.107 [DEBUG] [s.d.s.DefaultModelDependencyProvider] Recursively resolving dependencies for collectionElement type B
2019-04-22 16:44:06.107 [DEBUG] [s.d.s.DefaultModelDependencyProvider] Marking base type B as seen
2019-04-22 16:44:06.107 [DEBUG] [s.d.schema.DefaultModelProvider] Skipping model of type [B as its either a container type, map, enum or base type, or its already been handled
2019-04-22 16:44:06.112 [DEBUG] [s.d.s.w.r.o.OperationResponseClassReader] Setting spring response class to:Persons
2019-04-22 16:44:06.114 [DEBUG] [s.d.s.r.o.OperationAuthReader] Authorization count 0 for method getPerson
2019-04-22 16:44:06.114 [DEBUG] [s.d.s.r.o.SwaggerOperationResponseClassReader] Setting response class to:Persons
2019-04-22 16:44:06.115 [DEBUG] [s.d.s.w.r.o.OperationResponseClassReader] Setting spring response class to:Persons
2019-04-22 16:44:06.117 [DEBUG] [s.d.s.r.o.OperationAuthReader] Authorization count 0 for method getPerson
2019-04-22 16:44:06.118 [DEBUG] [s.d.s.r.o.SwaggerOperationResponseClassReader] Setting response class to:Persons
2019-04-22 16:44:06.119 [DEBUG] [s.d.s.w.r.o.OperationResponseClassReader] Setting spring response class to:Persons
2019-04-22 16:44:06.121 [DEBUG] [s.d.s.r.o.OperationAuthReader] Authorization count 0 for method getPerson
2019-04-22 16:44:06.122 [DEBUG] [s.d.s.r.o.SwaggerOperationResponseClassReader] Setting response class to:Persons
2019-04-22 16:44:06.124 [DEBUG] [s.d.s.w.r.o.OperationResponseClassReader] Setting spring response class to:Persons
2019-04-22 16:44:06.124 [DEBUG] [s.d.s.r.o.OperationAuthReader] Authorization count 0 for method getPerson
2019-04-22 16:44:06.124 [DEBUG] [s.d.s.r.o.SwaggerOperationResponseClassReader] Setting response class to:Persons
2019-04-22 16:44:06.125 [DEBUG] [s.d.s.w.r.o.OperationResponseClassReader] Setting spring response class to:Persons
2019-04-22 16:44:06.126 [DEBUG] [s.d.s.r.o.OperationAuthReader] Authorization count 0 for method getPerson
2019-04-22 16:44:06.126 [DEBUG] [s.d.s.r.o.SwaggerOperationResponseClassReader] Setting response class to:Persons
2019-04-22 16:44:06.127 [DEBUG] [s.d.s.w.r.o.OperationResponseClassReader] Setting spring response class to:Persons
2019-04-22 16:44:06.127 [DEBUG] [s.d.s.r.o.OperationAuthReader] Authorization count 0 for method getPerson
2019-04-22 16:44:06.128 [DEBUG] [s.d.s.r.o.SwaggerOperationResponseClassReader] Setting response class to:Persons
2019-04-22 16:44:06.129 [DEBUG] [s.d.s.w.r.o.OperationResponseClassReader] Setting spring response class to:Persons
2019-04-22 16:44:06.129 [DEBUG] [s.d.s.r.o.OperationAuthReader] Authorization count 0 for method getPerson
2019-04-22 16:44:06.129 [DEBUG] [s.d.s.r.o.SwaggerOperationResponseClassReader] Setting response class to:Persons
2019-04-22 16:44:06.130 [DEBUG] [s.d.s.w.r.o.OperationResponseClassReader] Setting spring response class to:Persons
2019-04-22 16:44:06.130 [DEBUG] [s.d.s.r.o.OperationAuthReader] Authorization count 0 for method getPerson
2019-04-22 16:44:06.130 [DEBUG] [s.d.s.r.o.SwaggerOperationResponseClassReader] Setting response class to:Persons
2019-04-22 16:44:06.133 [DEBUG] [s.d.s.w.r.o.OperationModelsProvider] Adding return parameter of type Lcom/willpower/clap/util/ApiResult<Lcom/willpower/clap/entity/SysRole;>;
2019-04-22 16:44:06.133 [DEBUG] [s.d.s.w.r.o.OperationModelsProvider] Reading parameters models for handlerMethod |addRole|
2019-04-22 16:44:06.134 [DEBUG] [s.d.s.w.r.o.OperationModelsProvider] Adding input parameter of type Lcom/willpower/clap/entity/SysRole;
2019-04-22 16:44:06.134 [DEBUG] [s.d.s.w.r.o.OperationModelsProvider] Finished reading parameters models for handlerMethod |addRole|
2019-04-22 16:44:06.134 [DEBUG] [s.d.s.r.o.SwaggerOperationModelsProvider] Reading parameters models for handlerMethod |addRole|
2019-04-22 16:44:06.136 [DEBUG] [s.d.s.p.OptimizedModelPropertiesProvider] Reading property status
2019-04-22 16:44:06.138 [DEBUG] [s.d.s.p.bean.BeanModelProperty] Evaluating unwrapped getter for member getStatus
2019-04-22 16:44:06.138 [DEBUG] [s.d.s.p.ObjectMapperBeanPropertyNamingStrategy] Name 'status' renamed to 'status'
2019-04-22 16:44:06.138 [DEBUG] [s.d.s.p.OptimizedModelPropertiesProvider] Adding property status to model
2019-04-22 16:44:06.138 [DEBUG] [s.d.s.p.bean.BeanModelProperty] Evaluating unwrapped getter for member getStatus
2019-04-22 16:44:06.138 [DEBUG] [s.d.s.p.bean.BeanModelProperty] Evaluating unwrapped getter for member getStatus
2019-04-22 16:44:06.138 [DEBUG] [s.d.s.p.bean.BeanModelProperty] Evaluating unwrapped getter for member getStatus
2019-04-22 16:44:06.138 [DEBUG] [s.d.s.p.bean.BeanModelProperty] Evaluating unwrapped getter for member getStatus
2019-04-22 16:44:06.139 [DEBUG] [s.d.s.p.OptimizedModelPropertiesProvider] Reading property message
2019-04-22 16:44:06.139 [DEBUG] [s.d.s.p.bean.BeanModelProperty] Evaluating unwrapped getter for member getMessage
2019-04-22 16:44:06.139 [DEBUG] [s.d.s.p.ObjectMapperBeanPropertyNamingStrategy] Name 'message' renamed to 'message'
2019-04-22 16:44:06.139 [DEBUG] [s.d.s.p.OptimizedModelPropertiesProvider] Adding property message to model
2019-04-22 16:44:06.139 [DEBUG] [s.d.s.p.bean.BeanModelProperty] Evaluating unwrapped getter for member getMessage
2019-04-22 16:44:06.140 [DEBUG] [s.d.s.p.bean.BeanModelProperty] Evaluating unwrapped getter for member getMessage
2019-04-22 16:44:06.140 [DEBUG] [s.d.s.p.bean.BeanModelProperty] Evaluating unwrapped getter for member getMessage
2019-04-22 16:44:06.140 [DEBUG] [s.d.s.p.bean.BeanModelProperty] Evaluating unwrapped getter for member getMessage
2019-04-22 16:44:06.140 [DEBUG] [s.d.s.p.OptimizedModelPropertiesProvider] Reading property data
2019-04-22 16:44:06.140 [DEBUG] [s.d.s.p.bean.BeanModelProperty] Evaluating unwrapped getter for member getData
2019-04-22 16:44:06.140 [DEBUG] [s.d.s.p.ObjectMapperBeanPropertyNamingStrategy] Name 'data' renamed to 'data'
2019-04-22 16:44:06.140 [DEBUG] [s.d.s.p.OptimizedModelPropertiesProvider] Adding property data to model
2019-04-22 16:44:06.141 [DEBUG] [s.d.s.p.bean.BeanModelProperty] Evaluating unwrapped getter for member getData
2019-04-22 16:44:06.141 [DEBUG] [s.d.s.p.bean.BeanModelProperty] Evaluating unwrapped getter for member getData
2019-04-22 16:44:06.141 [DEBUG] [s.d.s.p.bean.BeanModelProperty] Evaluating unwrapped getter for member getData
2019-04-22 16:44:06.141 [DEBUG] [s.d.s.p.bean.BeanModelProperty] Evaluating unwrapped getter for member getData
2019-04-22 16:44:06.141 [DEBUG] [s.d.s.p.OptimizedModelPropertiesProvider] Reading property pageInfo
2019-04-22 16:44:06.141 [DEBUG] [s.d.s.p.bean.BeanModelProperty] Evaluating unwrapped getter for member getPageInfo
2019-04-22 16:44:06.141 [DEBUG] [s.d.s.p.ObjectMapperBeanPropertyNamingStrategy] Name 'pageInfo' renamed to 'pageInfo'
2019-04-22 16:44:06.141 [DEBUG] [s.d.s.p.OptimizedModelPropertiesProvider] Adding property pageInfo to model
2019-04-22 16:44:06.141 [DEBUG] [s.d.s.p.bean.BeanModelProperty] Evaluating unwrapped getter for member getPageInfo
2019-04-22 16:44:06.142 [DEBUG] [s.d.s.p.bean.BeanModelProperty] Evaluating unwrapped getter for member getPageInfo
2019-04-22 16:44:06.142 [DEBUG] [s.d.s.p.bean.BeanModelProperty] Evaluating unwrapped getter for member getPageInfo
2019-04-22 16:44:06.142 [DEBUG] [s.d.s.p.bean.BeanModelProperty] Evaluating unwrapped getter for member getPageInfo
2019-04-22 16:44:06.142 [DEBUG] [s.d.s.p.OptimizedModelPropertiesProvider] Reading property ext
2019-04-22 16:44:06.142 [DEBUG] [s.d.s.p.bean.BeanModelProperty] Evaluating unwrapped getter for member getExt
2019-04-22 16:44:06.142 [DEBUG] [s.d.s.p.ObjectMapperBeanPropertyNamingStrategy] Name 'ext' renamed to 'ext'
2019-04-22 16:44:06.142 [DEBUG] [s.d.s.p.OptimizedModelPropertiesProvider] Adding property ext to model
2019-04-22 16:44:06.142 [DEBUG] [s.d.s.p.bean.BeanModelProperty] Evaluating unwrapped getter for member getExt
2019-04-22 16:44:06.142 [DEBUG] [s.d.s.p.bean.BeanModelProperty] Evaluating unwrapped getter for member getExt
2019-04-22 16:44:06.142 [DEBUG] [s.d.s.p.bean.BeanModelProperty] Evaluating unwrapped getter for member getExt
2019-04-22 16:44:06.142 [DEBUG] [s.d.s.p.bean.BeanModelProperty] Evaluating unwrapped getter for member getExt
2019-04-22 16:44:06.143 [DEBUG] [s.d.schema.DefaultModelProvider] Inferred 5 properties. Properties found data, ext, message, pageInfo, status
2019-04-22 16:44:06.144 [DEBUG] [s.d.s.w.scanners.ApiModelReader] Generated parameter model id: ApiResult«SysRole», name: ApiResult«SysRole», schema: {} models
2019-04-22 16:44:06.144 [DEBUG] [s.d.s.w.scanners.ApiModelReader] Adding a new model with key ApiResult«SysRole»
2019-04-22 16:44:06.146 [DEBUG] [s.d.s.DefaultModelDependencyProvider] Adding type for parameter Lcom/willpower/clap/entity/SysRole;
2019-04-22 16:44:06.146 [DEBUG] [s.d.s.DefaultModelDependencyProvider] Recursively resolving dependencies for parameter Lcom/willpower/clap/entity/SysRole;
2019-04-22 16:44:06.148 [DEBUG] [s.d.s.p.OptimizedModelPropertiesProvider] Reading property id
2019-04-22 16:44:06.150 [DEBUG] [s.d.s.p.bean.BeanModelProperty] Evaluating unwrapped getter for member getId
2019-04-22 16:44:06.151 [DEBUG] [s.d.s.p.ObjectMapperBeanPropertyNamingStrategy] Name 'id' renamed to 'id'
2019-04-22 16:44:06.151 [DEBUG] [s.d.s.p.OptimizedModelPropertiesProvider] Adding property id to model
2019-04-22 16:44:06.151 [DEBUG] [s.d.s.p.bean.BeanModelProperty] Evaluating unwrapped getter for member getId
2019-04-22 16:44:06.151 [DEBUG] [s.d.s.p.bean.BeanModelProperty] Evaluating unwrapped getter for member getId
2019-04-22 16:44:06.151 [DEBUG] [s.d.s.p.bean.BeanModelProperty] Evaluating unwrapped getter for member getId
2019-04-22 16:44:06.152 [DEBUG] [s.d.s.p.bean.BeanModelProperty] Evaluating unwrapped getter for member getId
2019-04-22 16:44:06.152 [DEBUG] [s.d.s.p.OptimizedModelPropertiesProvider] Reading property role
2019-04-22 16:44:06.152 [DEBUG] [s.d.s.p.bean.BeanModelProperty] Evaluating unwrapped getter for member getRole
2019-04-22 16:44:06.152 [DEBUG] [s.d.s.p.ObjectMapperBeanPropertyNamingStrategy] Name 'role' renamed to 'role'
2019-04-22 16:44:06.152 [DEBUG] [s.d.s.p.OptimizedModelPropertiesProvider] Adding property role to model
2019-04-22 16:44:06.152 [DEBUG] [s.d.s.p.bean.BeanModelProperty] Evaluating unwrapped getter for member getRole
2019-04-22 16:44:06.152 [DEBUG] [s.d.s.p.bean.BeanModelProperty] Evaluating unwrapped getter for member getRole
2019-04-22 16:44:06.152 [DEBUG] [s.d.s.p.bean.BeanModelProperty] Evaluating unwrapped getter for member getRole
2019-04-22 16:44:06.154 [DEBUG] [s.d.s.p.bean.BeanModelProperty] Evaluating unwrapped getter for member getRole
2019-04-22 16:44:06.155 [DEBUG] [s.d.s.p.OptimizedModelPropertiesProvider] Reading property description
2019-04-22 16:44:06.156 [DEBUG] [s.d.s.p.bean.BeanModelProperty] Evaluating unwrapped getter for member getDescription
2019-04-22 16:44:06.156 [DEBUG] [s.d.s.p.ObjectMapperBeanPropertyNamingStrategy] Name 'description' renamed to 'description'
2019-04-22 16:44:06.156 [DEBUG] [s.d.s.p.OptimizedModelPropertiesProvider] Adding property description to model
2019-04-22 16:44:06.157 [DEBUG] [s.d.s.p.bean.BeanModelProperty] Evaluating unwrapped getter for member getDescription
2019-04-22 16:44:06.157 [DEBUG] [s.d.s.p.bean.BeanModelProperty] Evaluating unwrapped getter for member getDescription
2019-04-22 16:44:06.157 [DEBUG] [s.d.s.p.bean.BeanModelProperty] Evaluating unwrapped getter for member getDescription
2019-04-22 16:44:06.157 [DEBUG] [s.d.s.p.bean.BeanModelProperty] Evaluating unwrapped getter for member getDescription
2019-04-22 16:44:06.157 [DEBUG] [s.d.s.p.OptimizedModelPropertiesProvider] Reading property available
2019-04-22 16:44:06.158 [DEBUG] [s.d.s.p.bean.BeanModelProperty] Evaluating unwrapped getter for member getAvailable
2019-04-22 16:44:06.158 [DEBUG] [s.d.s.p.ObjectMapperBeanPropertyNamingStrategy] Name 'available' renamed to 'available'
2019-04-22 16:44:06.158 [DEBUG] [s.d.s.p.OptimizedModelPropertiesProvider] Adding property available to model
2019-04-22 16:44:06.158 [DEBUG] [s.d.s.p.bean.BeanModelProperty] Evaluating unwrapped getter for member getAvailable
2019-04-22 16:44:06.158 [DEBUG] [s.d.s.p.bean.BeanModelProperty] Evaluating unwrapped getter for member getAvailable
2019-04-22 16:44:06.158 [DEBUG] [s.d.s.p.bean.BeanModelProperty] Evaluating unwrapped getter for member getAvailable
2019-04-22 16:44:06.158 [DEBUG] [s.d.s.p.bean.BeanModelProperty] Evaluating unwrapped getter for member getAvailable
2019-04-22 16:44:06.160 [DEBUG] [s.d.s.DefaultModelDependencyProvider] Adding type Lcom/willpower/clap/entity/SysRole; for parameter data
2019-04-22 16:44:06.160 [DEBUG] [s.d.s.DefaultModelDependencyProvider] Recursively resolving dependencies for type Lcom/willpower/clap/entity/SysRole;
2019-04-22 16:44:06.161 [DEBUG] [s.d.s.DefaultModelDependencyProvider] Adding type Lcom/willpower/clap/util/PageInfo; for parameter pageInfo
2019-04-22 16:44:06.162 [DEBUG] [s.d.s.DefaultModelDependencyProvider] Recursively resolving dependencies for type Lcom/willpower/clap/util/PageInfo;
2019-04-22 16:44:06.163 [DEBUG] [s.d.schema.DefaultModelProvider] Inferred 4 properties. Properties found available, description, id, role
2019-04-22 16:44:06.165 [DEBUG] [s.d.schema.DefaultModelProvider] Inferred 4 properties. Properties found pageNo, pageSize, total, totalPages
2019-04-22 16:44:06.165 [DEBUG] [s.d.s.w.scanners.ApiModelReader] Adding a new model with key PageInfo
2019-04-22 16:44:06.166 [DEBUG] [s.d.s.w.scanners.ApiModelReader] Adding a new model with key SysRole
2019-04-22 16:44:06.167 [DEBUG] [s.d.s.p.OptimizedModelPropertiesProvider] Reading property id
2019-04-22 16:44:06.167 [DEBUG] [s.d.s.p.bean.BeanModelProperty] Evaluating unwrapped setter for member setId
2019-04-22 16:44:06.168 [DEBUG] [s.d.s.p.ObjectMapperBeanPropertyNamingStrategy] Name 'id' renamed to 'id'
2019-04-22 16:44:06.168 [DEBUG] [s.d.s.p.OptimizedModelPropertiesProvider] Adding property id to model
2019-04-22 16:44:06.168 [DEBUG] [s.d.s.p.bean.BeanModelProperty] Evaluating unwrapped setter for member setId
2019-04-22 16:44:06.168 [DEBUG] [s.d.s.p.bean.BeanModelProperty] Evaluating unwrapped setter for member setId
2019-04-22 16:44:06.168 [DEBUG] [s.d.s.p.bean.BeanModelProperty] Evaluating unwrapped setter for member setId
2019-04-22 16:44:06.169 [DEBUG] [s.d.s.p.bean.BeanModelProperty] Evaluating unwrapped setter for member setId
2019-04-22 16:44:06.169 [DEBUG] [s.d.s.p.OptimizedModelPropertiesProvider] Reading property role
2019-04-22 16:44:06.169 [DEBUG] [s.d.s.p.bean.BeanModelProperty] Evaluating unwrapped setter for member setRole
2019-04-22 16:44:06.170 [DEBUG] [s.d.s.p.ObjectMapperBeanPropertyNamingStrategy] Name 'role' renamed to 'role'
2019-04-22 16:44:06.170 [DEBUG] [s.d.s.p.OptimizedModelPropertiesProvider] Adding property role to model
2019-04-22 16:44:06.170 [DEBUG] [s.d.s.p.bean.BeanModelProperty] Evaluating unwrapped setter for member setRole
2019-04-22 16:44:06.170 [DEBUG] [s.d.s.p.bean.BeanModelProperty] Evaluating unwrapped setter for member setRole
2019-04-22 16:44:06.170 [DEBUG] [s.d.s.p.bean.BeanModelProperty] Evaluating unwrapped setter for member setRole
2019-04-22 16:44:06.170 [DEBUG] [s.d.s.p.bean.BeanModelProperty] Evaluating unwrapped setter for member setRole
2019-04-22 16:44:06.171 [DEBUG] [s.d.s.p.OptimizedModelPropertiesProvider] Reading property description
2019-04-22 16:44:06.172 [DEBUG] [s.d.s.p.bean.BeanModelProperty] Evaluating unwrapped setter for member setDescription
2019-04-22 16:44:06.172 [DEBUG] [s.d.s.p.ObjectMapperBeanPropertyNamingStrategy] Name 'description' renamed to 'description'
2019-04-22 16:44:06.172 [DEBUG] [s.d.s.p.OptimizedModelPropertiesProvider] Adding property description to model
2019-04-22 16:44:06.173 [DEBUG] [s.d.s.p.bean.BeanModelProperty] Evaluating unwrapped setter for member setDescription
2019-04-22 16:44:06.173 [DEBUG] [s.d.s.p.bean.BeanModelProperty] Evaluating unwrapped setter for member setDescription
2019-04-22 16:44:06.174 [DEBUG] [s.d.s.p.bean.BeanModelProperty] Evaluating unwrapped setter for member setDescription
2019-04-22 16:44:06.174 [DEBUG] [s.d.s.p.bean.BeanModelProperty] Evaluating unwrapped setter for member setDescription
2019-04-22 16:44:06.174 [DEBUG] [s.d.s.p.OptimizedModelPropertiesProvider] Reading property available
2019-04-22 16:44:06.176 [DEBUG] [s.d.s.p.bean.BeanModelProperty] Evaluating unwrapped setter for member setAvailable
2019-04-22 16:44:06.178 [DEBUG] [s.d.s.p.ObjectMapperBeanPropertyNamingStrategy] Name 'available' renamed to 'available'
2019-04-22 16:44:06.178 [DEBUG] [s.d.s.p.OptimizedModelPropertiesProvider] Adding property available to model
2019-04-22 16:44:06.179 [DEBUG] [s.d.s.p.bean.BeanModelProperty] Evaluating unwrapped setter for member setAvailable
2019-04-22 16:44:06.179 [DEBUG] [s.d.s.p.bean.BeanModelProperty] Evaluating unwrapped setter for member setAvailable
2019-04-22 16:44:06.179 [DEBUG] [s.d.s.p.bean.BeanModelProperty] Evaluating unwrapped setter for member setAvailable
2019-04-22 16:44:06.180 [DEBUG] [s.d.s.p.bean.BeanModelProperty] Evaluating unwrapped setter for member setAvailable
2019-04-22 16:44:06.180 [DEBUG] [s.d.schema.DefaultModelProvider] Inferred 4 properties. Properties found available, description, id, role
2019-04-22 16:44:06.181 [DEBUG] [s.d.s.w.scanners.ApiModelReader] Generated parameter model id: SysRole, name: SysRole, schema: {} models
2019-04-22 16:44:06.184 [DEBUG] [s.d.s.w.r.o.OperationResponseClassReader] Setting spring response class to:ApiResult«SysRole»
2019-04-22 16:44:06.185 [DEBUG] [s.d.s.r.o.OperationAuthReader] Authorization count 0 for method addRole
2019-04-22 16:44:06.187 [DEBUG] [s.d.s.r.o.SwaggerOperationResponseClassReader] Setting response class to:ApiResult«SysRole»
2019-04-22 16:44:06.188 [DEBUG] [s.d.s.r.o.VendorExtensionsReader] Extension count 1 for method addRole
2019-04-22 16:44:06.191 [DEBUG] [s.d.s.w.r.o.OperationResponseClassReader] Setting spring response class to:ApiResult«SysRole»
2019-04-22 16:44:06.193 [DEBUG] [s.d.s.r.o.OperationAuthReader] Authorization count 0 for method addRole
2019-04-22 16:44:06.193 [DEBUG] [s.d.s.r.o.SwaggerOperationResponseClassReader] Setting response class to:ApiResult«SysRole»
2019-04-22 16:44:06.194 [DEBUG] [s.d.s.r.o.VendorExtensionsReader] Extension count 1 for method addRole
2019-04-22 16:44:06.195 [DEBUG] [s.d.s.w.r.o.OperationResponseClassReader] Setting spring response class to:ApiResult«SysRole»
2019-04-22 16:44:06.195 [DEBUG] [s.d.s.r.o.OperationAuthReader] Authorization count 0 for method addRole
2019-04-22 16:44:06.196 [DEBUG] [s.d.s.r.o.SwaggerOperationResponseClassReader] Setting response class to:ApiResult«SysRole»
2019-04-22 16:44:06.196 [DEBUG] [s.d.s.r.o.VendorExtensionsReader] Extension count 1 for method addRole
2019-04-22 16:44:06.197 [DEBUG] [s.d.s.w.r.o.OperationResponseClassReader] Setting spring response class to:ApiResult«SysRole»
2019-04-22 16:44:06.198 [DEBUG] [s.d.s.r.o.OperationAuthReader] Authorization count 0 for method addRole
2019-04-22 16:44:06.198 [DEBUG] [s.d.s.r.o.SwaggerOperationResponseClassReader] Setting response class to:ApiResult«SysRole»
2019-04-22 16:44:06.199 [DEBUG] [s.d.s.r.o.VendorExtensionsReader] Extension count 1 for method addRole
2019-04-22 16:44:06.200 [DEBUG] [s.d.s.w.r.o.OperationResponseClassReader] Setting spring response class to:ApiResult«SysRole»
2019-04-22 16:44:06.200 [DEBUG] [s.d.s.r.o.OperationAuthReader] Authorization count 0 for method addRole
2019-04-22 16:44:06.201 [DEBUG] [s.d.s.r.o.SwaggerOperationResponseClassReader] Setting response class to:ApiResult«SysRole»
2019-04-22 16:44:06.201 [DEBUG] [s.d.s.r.o.VendorExtensionsReader] Extension count 1 for method addRole
2019-04-22 16:44:06.202 [DEBUG] [s.d.s.w.r.o.OperationResponseClassReader] Setting spring response class to:ApiResult«SysRole»
2019-04-22 16:44:06.203 [DEBUG] [s.d.s.r.o.OperationAuthReader] Authorization count 0 for method addRole
2019-04-22 16:44:06.204 [DEBUG] [s.d.s.r.o.SwaggerOperationResponseClassReader] Setting response class to:ApiResult«SysRole»
2019-04-22 16:44:06.205 [DEBUG] [s.d.s.r.o.VendorExtensionsReader] Extension count 1 for method addRole
2019-04-22 16:44:06.206 [DEBUG] [s.d.s.w.r.o.OperationResponseClassReader] Setting spring response class to:ApiResult«SysRole»
2019-04-22 16:44:06.206 [DEBUG] [s.d.s.r.o.OperationAuthReader] Authorization count 0 for method addRole
2019-04-22 16:44:06.207 [DEBUG] [s.d.s.r.o.SwaggerOperationResponseClassReader] Setting response class to:ApiResult«SysRole»
2019-04-22 16:44:06.208 [DEBUG] [s.d.s.r.o.VendorExtensionsReader] Extension count 1 for method addRole
2019-04-22 16:44:06.210 [DEBUG] [s.d.s.w.r.o.OperationResponseClassReader] Setting spring response class to:ApiResult«SysRole»
2019-04-22 16:44:06.211 [DEBUG] [s.d.s.r.o.OperationAuthReader] Authorization count 0 for method addRole
2019-04-22 16:44:06.212 [DEBUG] [s.d.s.r.o.SwaggerOperationResponseClassReader] Setting response class to:ApiResult«SysRole»
2019-04-22 16:44:06.214 [DEBUG] [s.d.s.r.o.VendorExtensionsReader] Extension count 1 for method addRole
2019-04-22 16:44:06.215 [DEBUG] [s.d.s.w.r.o.OperationModelsProvider] Adding return parameter of type Lcom/willpower/clap/util/ApiResult<Lcom/willpower/clap/entity/SysRole;>;
2019-04-22 16:44:06.215 [DEBUG] [s.d.s.w.r.o.OperationModelsProvider] Reading parameters models for handlerMethod |findRoleAll|
2019-04-22 16:44:06.216 [DEBUG] [s.d.s.w.r.o.OperationModelsProvider] Finished reading parameters models for handlerMethod |findRoleAll|
2019-04-22 16:44:06.217 [DEBUG] [s.d.s.r.o.SwaggerOperationModelsProvider] Reading parameters models for handlerMethod |findRoleAll|
2019-04-22 16:44:06.217 [DEBUG] [s.d.s.w.scanners.ApiModelReader] Generated parameter model id: ApiResult«SysRole», name: ApiResult«SysRole», schema: {} models
2019-04-22 16:44:06.217 [DEBUG] [s.d.schema.DefaultModelProvider] Inferred 4 properties. Properties found available, description, id, role
2019-04-22 16:44:06.218 [DEBUG] [s.d.schema.DefaultModelProvider] Inferred 4 properties. Properties found pageNo, pageSize, total, totalPages
2019-04-22 16:44:06.222 [DEBUG] [s.d.s.w.r.o.OperationResponseClassReader] Setting spring response class to:ApiResult«SysRole»
2019-04-22 16:44:06.226 [DEBUG] [s.d.s.r.o.OperationAuthReader] Authorization count 0 for method findRoleAll
2019-04-22 16:44:06.228 [DEBUG] [s.d.s.r.o.SwaggerOperationResponseClassReader] Setting response class to:ApiResult«SysRole»
2019-04-22 16:44:06.229 [DEBUG] [s.d.s.r.o.VendorExtensionsReader] Extension count 1 for method findRoleAll
2019-04-22 16:44:06.231 [DEBUG] [s.d.s.w.r.o.OperationResponseClassReader] Setting spring response class to:ApiResult«SysRole»
2019-04-22 16:44:06.233 [DEBUG] [s.d.s.r.o.OperationAuthReader] Authorization count 0 for method findRoleAll
2019-04-22 16:44:06.234 [DEBUG] [s.d.s.r.o.SwaggerOperationResponseClassReader] Setting response class to:ApiResult«SysRole»
2019-04-22 16:44:06.235 [DEBUG] [s.d.s.r.o.VendorExtensionsReader] Extension count 1 for method findRoleAll
2019-04-22 16:44:06.237 [DEBUG] [s.d.s.w.r.o.OperationResponseClassReader] Setting spring response class to:ApiResult«SysRole»
2019-04-22 16:44:06.238 [DEBUG] [s.d.s.r.o.OperationAuthReader] Authorization count 0 for method findRoleAll
2019-04-22 16:44:06.240 [DEBUG] [s.d.s.r.o.SwaggerOperationResponseClassReader] Setting response class to:ApiResult«SysRole»
2019-04-22 16:44:06.241 [DEBUG] [s.d.s.r.o.VendorExtensionsReader] Extension count 1 for method findRoleAll
2019-04-22 16:44:06.244 [DEBUG] [s.d.s.w.r.o.OperationResponseClassReader] Setting spring response class to:ApiResult«SysRole»
2019-04-22 16:44:06.245 [DEBUG] [s.d.s.r.o.OperationAuthReader] Authorization count 0 for method findRoleAll
2019-04-22 16:44:06.246 [DEBUG] [s.d.s.r.o.SwaggerOperationResponseClassReader] Setting response class to:ApiResult«SysRole»
2019-04-22 16:44:06.247 [DEBUG] [s.d.s.r.o.VendorExtensionsReader] Extension count 1 for method findRoleAll
2019-04-22 16:44:06.249 [DEBUG] [s.d.s.w.r.o.OperationResponseClassReader] Setting spring response class to:ApiResult«SysRole»
2019-04-22 16:44:06.250 [DEBUG] [s.d.s.r.o.OperationAuthReader] Authorization count 0 for method findRoleAll
2019-04-22 16:44:06.250 [DEBUG] [s.d.s.r.o.SwaggerOperationResponseClassReader] Setting response class to:ApiResult«SysRole»
2019-04-22 16:44:06.252 [DEBUG] [s.d.s.r.o.VendorExtensionsReader] Extension count 1 for method findRoleAll
2019-04-22 16:44:06.258 [DEBUG] [s.d.s.w.r.o.OperationResponseClassReader] Setting spring response class to:ApiResult«SysRole»
2019-04-22 16:44:06.266 [DEBUG] [s.d.s.r.o.OperationAuthReader] Authorization count 0 for method findRoleAll
2019-04-22 16:44:06.267 [DEBUG] [s.d.s.r.o.SwaggerOperationResponseClassReader] Setting response class to:ApiResult«SysRole»
2019-04-22 16:44:06.268 [DEBUG] [s.d.s.r.o.VendorExtensionsReader] Extension count 1 for method findRoleAll
2019-04-22 16:44:06.270 [DEBUG] [s.d.s.w.r.o.OperationResponseClassReader] Setting spring response class to:ApiResult«SysRole»
2019-04-22 16:44:06.271 [DEBUG] [s.d.s.r.o.OperationAuthReader] Authorization count 0 for method findRoleAll
2019-04-22 16:44:06.272 [DEBUG] [s.d.s.r.o.SwaggerOperationResponseClassReader] Setting response class to:ApiResult«SysRole»
2019-04-22 16:44:06.272 [DEBUG] [s.d.s.r.o.VendorExtensionsReader] Extension count 1 for method findRoleAll
2019-04-22 16:44:06.273 [DEBUG] [s.d.s.w.r.o.OperationResponseClassReader] Setting spring response class to:ApiResult«SysRole»
2019-04-22 16:44:06.274 [DEBUG] [s.d.s.r.o.OperationAuthReader] Authorization count 0 for method findRoleAll
2019-04-22 16:44:06.277 [DEBUG] [s.d.s.r.o.SwaggerOperationResponseClassReader] Setting response class to:ApiResult«SysRole»
2019-04-22 16:44:06.280 [DEBUG] [s.d.s.r.o.VendorExtensionsReader] Extension count 1 for method findRoleAll
2019-04-22 16:44:06.284 [DEBUG] [s.d.s.w.r.o.OperationModelsProvider] Adding return parameter of type Lcom/willpower/clap/util/ApiResult<Lcom/willpower/clap/entity/SysRole;>;
2019-04-22 16:44:06.284 [DEBUG] [s.d.s.w.r.o.OperationModelsProvider] Reading parameters models for handlerMethod |updateRle|
2019-04-22 16:44:06.287 [DEBUG] [s.d.s.w.r.o.OperationModelsProvider] Adding input parameter of type Lcom/willpower/clap/entity/SysRole;
2019-04-22 16:44:06.287 [DEBUG] [s.d.s.w.r.o.OperationModelsProvider] Finished reading parameters models for handlerMethod |updateRle|
2019-04-22 16:44:06.289 [DEBUG] [s.d.s.r.o.SwaggerOperationModelsProvider] Reading parameters models for handlerMethod |updateRle|
2019-04-22 16:44:06.289 [DEBUG] [s.d.s.w.scanners.ApiModelReader] Generated parameter model id: ApiResult«SysRole», name: ApiResult«SysRole», schema: {} models
2019-04-22 16:44:06.290 [DEBUG] [s.d.schema.DefaultModelProvider] Inferred 4 properties. Properties found available, description, id, role
2019-04-22 16:44:06.290 [DEBUG] [s.d.schema.DefaultModelProvider] Inferred 4 properties. Properties found pageNo, pageSize, total, totalPages
2019-04-22 16:44:06.290 [DEBUG] [s.d.s.w.scanners.ApiModelReader] Generated parameter model id: SysRole, name: SysRole, schema: {} models
2019-04-22 16:44:06.291 [DEBUG] [s.d.s.w.r.o.OperationResponseClassReader] Setting spring response class to:ApiResult«SysRole»
2019-04-22 16:44:06.292 [DEBUG] [s.d.s.r.o.OperationAuthReader] Authorization count 0 for method updateRle
2019-04-22 16:44:06.292 [DEBUG] [s.d.s.r.o.SwaggerOperationResponseClassReader] Setting response class to:ApiResult«SysRole»
2019-04-22 16:44:06.293 [DEBUG] [s.d.s.r.o.VendorExtensionsReader] Extension count 1 for method updateRle
2019-04-22 16:44:06.296 [DEBUG] [s.d.s.w.r.o.OperationResponseClassReader] Setting spring response class to:ApiResult«SysRole»
2019-04-22 16:44:06.297 [DEBUG] [s.d.s.r.o.OperationAuthReader] Authorization count 0 for method updateRle
2019-04-22 16:44:06.298 [DEBUG] [s.d.s.r.o.SwaggerOperationResponseClassReader] Setting response class to:ApiResult«SysRole»
2019-04-22 16:44:06.298 [DEBUG] [s.d.s.r.o.VendorExtensionsReader] Extension count 1 for method updateRle
2019-04-22 16:44:06.300 [DEBUG] [s.d.s.w.r.o.OperationResponseClassReader] Setting spring response class to:ApiResult«SysRole»
2019-04-22 16:44:06.301 [DEBUG] [s.d.s.r.o.OperationAuthReader] Authorization count 0 for method updateRle
2019-04-22 16:44:06.302 [DEBUG] [s.d.s.r.o.SwaggerOperationResponseClassReader] Setting response class to:ApiResult«SysRole»
2019-04-22 16:44:06.303 [DEBUG] [s.d.s.r.o.VendorExtensionsReader] Extension count 1 for method updateRle
2019-04-22 16:44:06.304 [DEBUG] [s.d.s.w.r.o.OperationResponseClassReader] Setting spring response class to:ApiResult«SysRole»
2019-04-22 16:44:06.304 [DEBUG] [s.d.s.r.o.OperationAuthReader] Authorization count 0 for method updateRle
2019-04-22 16:44:06.305 [DEBUG] [s.d.s.r.o.SwaggerOperationResponseClassReader] Setting response class to:ApiResult«SysRole»
2019-04-22 16:44:06.306 [DEBUG] [s.d.s.r.o.VendorExtensionsReader] Extension count 1 for method updateRle
2019-04-22 16:44:06.307 [DEBUG] [s.d.s.w.r.o.OperationResponseClassReader] Setting spring response class to:ApiResult«SysRole»
2019-04-22 16:44:06.309 [DEBUG] [s.d.s.r.o.OperationAuthReader] Authorization count 0 for method updateRle
2019-04-22 16:44:06.309 [DEBUG] [s.d.s.r.o.SwaggerOperationResponseClassReader] Setting response class to:ApiResult«SysRole»
2019-04-22 16:44:06.312 [DEBUG] [s.d.s.r.o.VendorExtensionsReader] Extension count 1 for method updateRle
2019-04-22 16:44:06.313 [DEBUG] [s.d.s.w.r.o.OperationResponseClassReader] Setting spring response class to:ApiResult«SysRole»
2019-04-22 16:44:06.314 [DEBUG] [s.d.s.r.o.OperationAuthReader] Authorization count 0 for method updateRle
2019-04-22 16:44:06.315 [DEBUG] [s.d.s.r.o.SwaggerOperationResponseClassReader] Setting response class to:ApiResult«SysRole»
2019-04-22 16:44:06.316 [DEBUG] [s.d.s.r.o.VendorExtensionsReader] Extension count 1 for method updateRle
2019-04-22 16:44:06.318 [DEBUG] [s.d.s.w.r.o.OperationResponseClassReader] Setting spring response class to:ApiResult«SysRole»
2019-04-22 16:44:06.319 [DEBUG] [s.d.s.r.o.OperationAuthReader] Authorization count 0 for method updateRle
2019-04-22 16:44:06.321 [DEBUG] [s.d.s.r.o.SwaggerOperationResponseClassReader] Setting response class to:ApiResult«SysRole»
2019-04-22 16:44:06.322 [DEBUG] [s.d.s.r.o.VendorExtensionsReader] Extension count 1 for method updateRle
2019-04-22 16:44:06.323 [DEBUG] [s.d.s.w.r.o.OperationResponseClassReader] Setting spring response class to:ApiResult«SysRole»
2019-04-22 16:44:06.324 [DEBUG] [s.d.s.r.o.OperationAuthReader] Authorization count 0 for method updateRle
2019-04-22 16:44:06.325 [DEBUG] [s.d.s.r.o.SwaggerOperationResponseClassReader] Setting response class to:ApiResult«SysRole»
2019-04-22 16:44:06.325 [DEBUG] [s.d.s.r.o.VendorExtensionsReader] Extension count 1 for method updateRle
2019-04-22 16:44:06.326 [DEBUG] [s.d.s.w.r.o.OperationModelsProvider] Adding return parameter of type Ljava/lang/String;
2019-04-22 16:44:06.327 [DEBUG] [s.d.s.w.r.o.OperationModelsProvider] Reading parameters models for handlerMethod |userDel|
2019-04-22 16:44:06.327 [DEBUG] [s.d.s.w.r.o.OperationModelsProvider] Finished reading parameters models for handlerMethod |userDel|
2019-04-22 16:44:06.327 [DEBUG] [s.d.s.r.o.SwaggerOperationModelsProvider] Reading parameters models for handlerMethod |userDel|
2019-04-22 16:44:06.327 [DEBUG] [s.d.s.w.scanners.ApiModelReader] Did not find any parameter models for java.lang.String
2019-04-22 16:44:06.328 [DEBUG] [s.d.s.w.r.o.OperationResponseClassReader] Setting spring response class to:string
2019-04-22 16:44:06.329 [DEBUG] [s.d.s.r.o.OperationAuthReader] Authorization count 0 for method userDel
2019-04-22 16:44:06.329 [DEBUG] [s.d.s.r.o.SwaggerOperationResponseClassReader] Setting response class to:string
2019-04-22 16:44:06.329 [DEBUG] [s.d.s.w.r.o.OperationResponseClassReader] Setting spring response class to:string
2019-04-22 16:44:06.330 [DEBUG] [s.d.s.r.o.OperationAuthReader] Authorization count 0 for method userDel
2019-04-22 16:44:06.331 [DEBUG] [s.d.s.r.o.SwaggerOperationResponseClassReader] Setting response class to:string
2019-04-22 16:44:06.331 [DEBUG] [s.d.s.w.r.o.OperationResponseClassReader] Setting spring response class to:string
2019-04-22 16:44:06.332 [DEBUG] [s.d.s.r.o.OperationAuthReader] Authorization count 0 for method userDel
2019-04-22 16:44:06.332 [DEBUG] [s.d.s.r.o.SwaggerOperationResponseClassReader] Setting response class to:string
2019-04-22 16:44:06.334 [DEBUG] [s.d.s.w.r.o.OperationResponseClassReader] Setting spring response class to:string
2019-04-22 16:44:06.335 [DEBUG] [s.d.s.r.o.OperationAuthReader] Authorization count 0 for method userDel
2019-04-22 16:44:06.335 [DEBUG] [s.d.s.r.o.SwaggerOperationResponseClassReader] Setting response class to:string
2019-04-22 16:44:06.336 [DEBUG] [s.d.s.w.r.o.OperationResponseClassReader] Setting spring response class to:string
2019-04-22 16:44:06.336 [DEBUG] [s.d.s.r.o.OperationAuthReader] Authorization count 0 for method userDel
2019-04-22 16:44:06.336 [DEBUG] [s.d.s.r.o.SwaggerOperationResponseClassReader] Setting response class to:string
2019-04-22 16:44:06.337 [DEBUG] [s.d.s.w.r.o.OperationResponseClassReader] Setting spring response class to:string
2019-04-22 16:44:06.337 [DEBUG] [s.d.s.r.o.OperationAuthReader] Authorization count 0 for method userDel
2019-04-22 16:44:06.338 [DEBUG] [s.d.s.r.o.SwaggerOperationResponseClassReader] Setting response class to:string
2019-04-22 16:44:06.338 [DEBUG] [s.d.s.w.r.o.OperationResponseClassReader] Setting spring response class to:string
2019-04-22 16:44:06.339 [DEBUG] [s.d.s.r.o.OperationAuthReader] Authorization count 0 for method userDel
2019-04-22 16:44:06.340 [DEBUG] [s.d.s.r.o.SwaggerOperationResponseClassReader] Setting response class to:string
2019-04-22 16:44:06.341 [DEBUG] [s.d.s.w.r.o.OperationResponseClassReader] Setting spring response class to:string
2019-04-22 16:44:06.341 [DEBUG] [s.d.s.r.o.OperationAuthReader] Authorization count 0 for method userDel
2019-04-22 16:44:06.344 [DEBUG] [s.d.s.r.o.SwaggerOperationResponseClassReader] Setting response class to:string
2019-04-22 16:44:06.348 [DEBUG] [s.d.s.w.r.o.OperationModelsProvider] Adding return parameter of type Ljava/lang/String;
2019-04-22 16:44:06.348 [DEBUG] [s.d.s.w.r.o.OperationModelsProvider] Reading parameters models for handlerMethod |userInfo|
2019-04-22 16:44:06.349 [DEBUG] [s.d.s.w.r.o.OperationModelsProvider] Finished reading parameters models for handlerMethod |userInfo|
2019-04-22 16:44:06.349 [DEBUG] [s.d.s.r.o.SwaggerOperationModelsProvider] Reading parameters models for handlerMethod |userInfo|
2019-04-22 16:44:06.350 [DEBUG] [s.d.s.w.scanners.ApiModelReader] Did not find any parameter models for java.lang.String
2019-04-22 16:44:06.352 [DEBUG] [s.d.s.w.r.o.OperationResponseClassReader] Setting spring response class to:string
2019-04-22 16:44:06.357 [DEBUG] [s.d.s.r.o.OperationAuthReader] Authorization count 0 for method userInfo
2019-04-22 16:44:06.359 [DEBUG] [s.d.s.r.o.SwaggerOperationResponseClassReader] Setting response class to:string
2019-04-22 16:44:06.360 [DEBUG] [s.d.s.w.r.o.OperationResponseClassReader] Setting spring response class to:string
2019-04-22 16:44:06.370 [DEBUG] [s.d.s.r.o.OperationAuthReader] Authorization count 0 for method userInfo
2019-04-22 16:44:06.371 [DEBUG] [s.d.s.r.o.SwaggerOperationResponseClassReader] Setting response class to:string
2019-04-22 16:44:06.373 [DEBUG] [s.d.s.w.r.o.OperationResponseClassReader] Setting spring response class to:string
2019-04-22 16:44:06.374 [DEBUG] [s.d.s.r.o.OperationAuthReader] Authorization count 0 for method userInfo
2019-04-22 16:44:06.374 [DEBUG] [s.d.s.r.o.SwaggerOperationResponseClassReader] Setting response class to:string
2019-04-22 16:44:06.375 [DEBUG] [s.d.s.w.r.o.OperationResponseClassReader] Setting spring response class to:string
2019-04-22 16:44:06.376 [DEBUG] [s.d.s.r.o.OperationAuthReader] Authorization count 0 for method userInfo
2019-04-22 16:44:06.377 [DEBUG] [s.d.s.r.o.SwaggerOperationResponseClassReader] Setting response class to:string
2019-04-22 16:44:06.378 [DEBUG] [s.d.s.w.r.o.OperationResponseClassReader] Setting spring response class to:string
2019-04-22 16:44:06.379 [DEBUG] [s.d.s.r.o.OperationAuthReader] Authorization count 0 for method userInfo
2019-04-22 16:44:06.379 [DEBUG] [s.d.s.r.o.SwaggerOperationResponseClassReader] Setting response class to:string
2019-04-22 16:44:06.382 [DEBUG] [s.d.s.w.r.o.OperationResponseClassReader] Setting spring response class to:string
2019-04-22 16:44:06.389 [DEBUG] [s.d.s.r.o.OperationAuthReader] Authorization count 0 for method userInfo
2019-04-22 16:44:06.390 [DEBUG] [s.d.s.r.o.SwaggerOperationResponseClassReader] Setting response class to:string
2019-04-22 16:44:06.390 [DEBUG] [s.d.s.w.r.o.OperationResponseClassReader] Setting spring response class to:string
2019-04-22 16:44:06.391 [DEBUG] [s.d.s.r.o.OperationAuthReader] Authorization count 0 for method userInfo
2019-04-22 16:44:06.391 [DEBUG] [s.d.s.r.o.SwaggerOperationResponseClassReader] Setting response class to:string
2019-04-22 16:44:06.392 [DEBUG] [s.d.s.w.r.o.OperationResponseClassReader] Setting spring response class to:string
2019-04-22 16:44:06.392 [DEBUG] [s.d.s.r.o.OperationAuthReader] Authorization count 0 for method userInfo
2019-04-22 16:44:06.393 [DEBUG] [s.d.s.r.o.SwaggerOperationResponseClassReader] Setting response class to:string
2019-04-22 16:44:06.393 [DEBUG] [s.d.s.w.r.o.OperationModelsProvider] Adding return parameter of type Ljava/lang/String;
2019-04-22 16:44:06.393 [DEBUG] [s.d.s.w.r.o.OperationModelsProvider] Reading parameters models for handlerMethod |userInfoAdd|
2019-04-22 16:44:06.394 [DEBUG] [s.d.s.w.r.o.OperationModelsProvider] Finished reading parameters models for handlerMethod |userInfoAdd|
2019-04-22 16:44:06.394 [DEBUG] [s.d.s.r.o.SwaggerOperationModelsProvider] Reading parameters models for handlerMethod |userInfoAdd|
2019-04-22 16:44:06.394 [DEBUG] [s.d.s.w.scanners.ApiModelReader] Did not find any parameter models for java.lang.String
2019-04-22 16:44:06.395 [DEBUG] [s.d.s.w.r.o.OperationResponseClassReader] Setting spring response class to:string
2019-04-22 16:44:06.396 [DEBUG] [s.d.s.r.o.OperationAuthReader] Authorization count 0 for method userInfoAdd
2019-04-22 16:44:06.396 [DEBUG] [s.d.s.r.o.SwaggerOperationResponseClassReader] Setting response class to:string
2019-04-22 16:44:06.397 [DEBUG] [s.d.s.w.r.o.OperationResponseClassReader] Setting spring response class to:string
2019-04-22 16:44:06.398 [DEBUG] [s.d.s.r.o.OperationAuthReader] Authorization count 0 for method userInfoAdd
2019-04-22 16:44:06.398 [DEBUG] [s.d.s.r.o.SwaggerOperationResponseClassReader] Setting response class to:string
2019-04-22 16:44:06.399 [DEBUG] [s.d.s.w.r.o.OperationResponseClassReader] Setting spring response class to:string
2019-04-22 16:44:06.400 [DEBUG] [s.d.s.r.o.OperationAuthReader] Authorization count 0 for method userInfoAdd
2019-04-22 16:44:06.400 [DEBUG] [s.d.s.r.o.SwaggerOperationResponseClassReader] Setting response class to:string
2019-04-22 16:44:06.401 [DEBUG] [s.d.s.w.r.o.OperationResponseClassReader] Setting spring response class to:string
2019-04-22 16:44:06.401 [DEBUG] [s.d.s.r.o.OperationAuthReader] Authorization count 0 for method userInfoAdd
2019-04-22 16:44:06.402 [DEBUG] [s.d.s.r.o.SwaggerOperationResponseClassReader] Setting response class to:string
2019-04-22 16:44:06.402 [DEBUG] [s.d.s.w.r.o.OperationResponseClassReader] Setting spring response class to:string
2019-04-22 16:44:06.402 [DEBUG] [s.d.s.r.o.OperationAuthReader] Authorization count 0 for method userInfoAdd
2019-04-22 16:44:06.403 [DEBUG] [s.d.s.r.o.SwaggerOperationResponseClassReader] Setting response class to:string
2019-04-22 16:44:06.404 [DEBUG] [s.d.s.w.r.o.OperationResponseClassReader] Setting spring response class to:string
2019-04-22 16:44:06.404 [DEBUG] [s.d.s.r.o.OperationAuthReader] Authorization count 0 for method userInfoAdd
2019-04-22 16:44:06.405 [DEBUG] [s.d.s.r.o.SwaggerOperationResponseClassReader] Setting response class to:string
2019-04-22 16:44:06.405 [DEBUG] [s.d.s.w.r.o.OperationResponseClassReader] Setting spring response class to:string
2019-04-22 16:44:06.406 [DEBUG] [s.d.s.r.o.OperationAuthReader] Authorization count 0 for method userInfoAdd
2019-04-22 16:44:06.406 [DEBUG] [s.d.s.r.o.SwaggerOperationResponseClassReader] Setting response class to:string
2019-04-22 16:44:06.410 [DEBUG] [s.d.s.w.r.o.OperationResponseClassReader] Setting spring response class to:string
2019-04-22 16:44:06.411 [DEBUG] [s.d.s.r.o.OperationAuthReader] Authorization count 0 for method userInfoAdd
2019-04-22 16:44:06.412 [DEBUG] [s.d.s.r.o.SwaggerOperationResponseClassReader] Setting response class to:string
2019-04-22 16:44:06.415 [DEBUG] [s.d.s.w.r.o.OperationModelsProvider] Adding return parameter of type Lcom/willpower/clap/util/ApiResult<Lcom/willpower/clap/entity/UserInfo;>;
2019-04-22 16:44:06.415 [DEBUG] [s.d.s.w.r.o.OperationModelsProvider] Reading parameters models for handlerMethod |userInfoAll|
2019-04-22 16:44:06.417 [DEBUG] [s.d.s.w.r.o.OperationModelsProvider] Finished reading parameters models for handlerMethod |userInfoAll|
2019-04-22 16:44:06.418 [DEBUG] [s.d.s.r.o.SwaggerOperationModelsProvider] Reading parameters models for handlerMethod |userInfoAll|
2019-04-22 16:44:06.425 [DEBUG] [s.d.s.p.OptimizedModelPropertiesProvider] Reading property status
2019-04-22 16:44:06.425 [DEBUG] [s.d.s.p.bean.BeanModelProperty] Evaluating unwrapped getter for member getStatus
2019-04-22 16:44:06.426 [DEBUG] [s.d.s.p.ObjectMapperBeanPropertyNamingStrategy] Name 'status' renamed to 'status'
2019-04-22 16:44:06.426 [DEBUG] [s.d.s.p.OptimizedModelPropertiesProvider] Adding property status to model
2019-04-22 16:44:06.426 [DEBUG] [s.d.s.p.bean.BeanModelProperty] Evaluating unwrapped getter for member getStatus
2019-04-22 16:44:06.427 [DEBUG] [s.d.s.p.bean.BeanModelProperty] Evaluating unwrapped getter for member getStatus
2019-04-22 16:44:06.427 [DEBUG] [s.d.s.p.bean.BeanModelProperty] Evaluating unwrapped getter for member getStatus
2019-04-22 16:44:06.427 [DEBUG] [s.d.s.p.bean.BeanModelProperty] Evaluating unwrapped getter for member getStatus
2019-04-22 16:44:06.428 [DEBUG] [s.d.s.p.OptimizedModelPropertiesProvider] Reading property message
2019-04-22 16:44:06.428 [DEBUG] [s.d.s.p.bean.BeanModelProperty] Evaluating unwrapped getter for member getMessage
2019-04-22 16:44:06.429 [DEBUG] [s.d.s.p.ObjectMapperBeanPropertyNamingStrategy] Name 'message' renamed to 'message'
2019-04-22 16:44:06.429 [DEBUG] [s.d.s.p.OptimizedModelPropertiesProvider] Adding property message to model
2019-04-22 16:44:06.429 [DEBUG] [s.d.s.p.bean.BeanModelProperty] Evaluating unwrapped getter for member getMessage
2019-04-22 16:44:06.429 [DEBUG] [s.d.s.p.bean.BeanModelProperty] Evaluating unwrapped getter for member getMessage
2019-04-22 16:44:06.430 [DEBUG] [s.d.s.p.bean.BeanModelProperty] Evaluating unwrapped getter for member getMessage
2019-04-22 16:44:06.430 [DEBUG] [s.d.s.p.bean.BeanModelProperty] Evaluating unwrapped getter for member getMessage
2019-04-22 16:44:06.430 [DEBUG] [s.d.s.p.OptimizedModelPropertiesProvider] Reading property data
2019-04-22 16:44:06.430 [DEBUG] [s.d.s.p.bean.BeanModelProperty] Evaluating unwrapped getter for member getData
2019-04-22 16:44:06.430 [DEBUG] [s.d.s.p.ObjectMapperBeanPropertyNamingStrategy] Name 'data' renamed to 'data'
2019-04-22 16:44:06.431 [DEBUG] [s.d.s.p.OptimizedModelPropertiesProvider] Adding property data to model
2019-04-22 16:44:06.431 [DEBUG] [s.d.s.p.bean.BeanModelProperty] Evaluating unwrapped getter for member getData
2019-04-22 16:44:06.431 [DEBUG] [s.d.s.p.bean.BeanModelProperty] Evaluating unwrapped getter for member getData
2019-04-22 16:44:06.431 [DEBUG] [s.d.s.p.bean.BeanModelProperty] Evaluating unwrapped getter for member getData
2019-04-22 16:44:06.431 [DEBUG] [s.d.s.p.bean.BeanModelProperty] Evaluating unwrapped getter for member getData
2019-04-22 16:44:06.431 [DEBUG] [s.d.s.p.OptimizedModelPropertiesProvider] Reading property pageInfo
2019-04-22 16:44:06.431 [DEBUG] [s.d.s.p.bean.BeanModelProperty] Evaluating unwrapped getter for member getPageInfo
2019-04-22 16:44:06.432 [DEBUG] [s.d.s.p.ObjectMapperBeanPropertyNamingStrategy] Name 'pageInfo' renamed to 'pageInfo'
2019-04-22 16:44:06.432 [DEBUG] [s.d.s.p.OptimizedModelPropertiesProvider] Adding property pageInfo to model
2019-04-22 16:44:06.432 [DEBUG] [s.d.s.p.bean.BeanModelProperty] Evaluating unwrapped getter for member getPageInfo
2019-04-22 16:44:06.432 [DEBUG] [s.d.s.p.bean.BeanModelProperty] Evaluating unwrapped getter for member getPageInfo
2019-04-22 16:44:06.432 [DEBUG] [s.d.s.p.bean.BeanModelProperty] Evaluating unwrapped getter for member getPageInfo
2019-04-22 16:44:06.432 [DEBUG] [s.d.s.p.bean.BeanModelProperty] Evaluating unwrapped getter for member getPageInfo
2019-04-22 16:44:06.432 [DEBUG] [s.d.s.p.OptimizedModelPropertiesProvider] Reading property ext
2019-04-22 16:44:06.433 [DEBUG] [s.d.s.p.bean.BeanModelProperty] Evaluating unwrapped getter for member getExt
2019-04-22 16:44:06.433 [DEBUG] [s.d.s.p.ObjectMapperBeanPropertyNamingStrategy] Name 'ext' renamed to 'ext'
2019-04-22 16:44:06.433 [DEBUG] [s.d.s.p.OptimizedModelPropertiesProvider] Adding property ext to model
2019-04-22 16:44:06.433 [DEBUG] [s.d.s.p.bean.BeanModelProperty] Evaluating unwrapped getter for member getExt
2019-04-22 16:44:06.434 [DEBUG] [s.d.s.p.bean.BeanModelProperty] Evaluating unwrapped getter for member getExt
2019-04-22 16:44:06.434 [DEBUG] [s.d.s.p.bean.BeanModelProperty] Evaluating unwrapped getter for member getExt
2019-04-22 16:44:06.435 [DEBUG] [s.d.s.p.bean.BeanModelProperty] Evaluating unwrapped getter for member getExt
2019-04-22 16:44:06.436 [DEBUG] [s.d.schema.DefaultModelProvider] Inferred 5 properties. Properties found data, ext, message, pageInfo, status
2019-04-22 16:44:06.437 [DEBUG] [s.d.s.w.scanners.ApiModelReader] Generated parameter model id: ApiResult«UserInfo», name: ApiResult«UserInfo», schema: {} models
2019-04-22 16:44:06.438 [DEBUG] [s.d.s.w.scanners.ApiModelReader] Adding a new model with key ApiResult«UserInfo»
2019-04-22 16:44:06.439 [DEBUG] [s.d.s.DefaultModelDependencyProvider] Adding type for parameter Lcom/willpower/clap/entity/UserInfo;
2019-04-22 16:44:06.439 [DEBUG] [s.d.s.DefaultModelDependencyProvider] Recursively resolving dependencies for parameter Lcom/willpower/clap/entity/UserInfo;
2019-04-22 16:44:06.444 [DEBUG] [s.d.s.p.OptimizedModelPropertiesProvider] Reading property uid
2019-04-22 16:44:06.445 [DEBUG] [s.d.s.p.bean.BeanModelProperty] Evaluating unwrapped getter for member getUid
2019-04-22 16:44:06.445 [DEBUG] [s.d.s.p.ObjectMapperBeanPropertyNamingStrategy] Name 'uid' renamed to 'uid'
2019-04-22 16:44:06.446 [DEBUG] [s.d.s.p.OptimizedModelPropertiesProvider] Adding property uid to model
2019-04-22 16:44:06.446 [DEBUG] [s.d.s.p.bean.BeanModelProperty] Evaluating unwrapped getter for member getUid
2019-04-22 16:44:06.446 [DEBUG] [s.d.s.p.bean.BeanModelProperty] Evaluating unwrapped getter for member getUid
2019-04-22 16:44:06.446 [DEBUG] [s.d.s.p.bean.BeanModelProperty] Evaluating unwrapped getter for member getUid
2019-04-22 16:44:06.446 [DEBUG] [s.d.s.p.bean.BeanModelProperty] Evaluating unwrapped getter for member getUid
2019-04-22 16:44:06.447 [DEBUG] [s.d.s.p.OptimizedModelPropertiesProvider] Reading property username
2019-04-22 16:44:06.447 [DEBUG] [s.d.s.p.bean.BeanModelProperty] Evaluating unwrapped getter for member getUsername
2019-04-22 16:44:06.447 [DEBUG] [s.d.s.p.ObjectMapperBeanPropertyNamingStrategy] Name 'username' renamed to 'username'
2019-04-22 16:44:06.447 [DEBUG] [s.d.s.p.OptimizedModelPropertiesProvider] Adding property username to model
2019-04-22 16:44:06.448 [DEBUG] [s.d.s.p.bean.BeanModelProperty] Evaluating unwrapped getter for member getUsername
2019-04-22 16:44:06.448 [DEBUG] [s.d.s.p.bean.BeanModelProperty] Evaluating unwrapped getter for member getUsername
2019-04-22 16:44:06.449 [DEBUG] [s.d.s.p.bean.BeanModelProperty] Evaluating unwrapped getter for member getUsername
2019-04-22 16:44:06.449 [DEBUG] [s.d.s.p.bean.BeanModelProperty] Evaluating unwrapped getter for member getUsername
2019-04-22 16:44:06.450 [DEBUG] [s.d.s.p.OptimizedModelPropertiesProvider] Reading property name
2019-04-22 16:44:06.451 [DEBUG] [s.d.s.p.bean.BeanModelProperty] Evaluating unwrapped getter for member getName
2019-04-22 16:44:06.451 [DEBUG] [s.d.s.p.ObjectMapperBeanPropertyNamingStrategy] Name 'name' renamed to 'name'
2019-04-22 16:44:06.451 [DEBUG] [s.d.s.p.OptimizedModelPropertiesProvider] Adding property name to model
2019-04-22 16:44:06.451 [DEBUG] [s.d.s.p.bean.BeanModelProperty] Evaluating unwrapped getter for member getName
2019-04-22 16:44:06.454 [DEBUG] [s.d.s.p.bean.BeanModelProperty] Evaluating unwrapped getter for member getName
2019-04-22 16:44:06.455 [DEBUG] [s.d.s.p.bean.BeanModelProperty] Evaluating unwrapped getter for member getName
2019-04-22 16:44:06.455 [DEBUG] [s.d.s.p.bean.BeanModelProperty] Evaluating unwrapped getter for member getName
2019-04-22 16:44:06.455 [DEBUG] [s.d.s.p.OptimizedModelPropertiesProvider] Reading property password
2019-04-22 16:44:06.456 [DEBUG] [s.d.s.p.bean.BeanModelProperty] Evaluating unwrapped getter for member getPassword
2019-04-22 16:44:06.456 [DEBUG] [s.d.s.p.ObjectMapperBeanPropertyNamingStrategy] Name 'password' renamed to 'password'
2019-04-22 16:44:06.456 [DEBUG] [s.d.s.p.OptimizedModelPropertiesProvider] Adding property password to model
2019-04-22 16:44:06.456 [DEBUG] [s.d.s.p.bean.BeanModelProperty] Evaluating unwrapped getter for member getPassword
2019-04-22 16:44:06.456 [DEBUG] [s.d.s.p.bean.BeanModelProperty] Evaluating unwrapped getter for member getPassword
2019-04-22 16:44:06.456 [DEBUG] [s.d.s.p.bean.BeanModelProperty] Evaluating unwrapped getter for member getPassword
2019-04-22 16:44:06.457 [DEBUG] [s.d.s.p.bean.BeanModelProperty] Evaluating unwrapped getter for member getPassword
2019-04-22 16:44:06.457 [DEBUG] [s.d.s.p.OptimizedModelPropertiesProvider] Reading property salt
2019-04-22 16:44:06.457 [DEBUG] [s.d.s.p.bean.BeanModelProperty] Evaluating unwrapped getter for member getSalt
2019-04-22 16:44:06.457 [DEBUG] [s.d.s.p.ObjectMapperBeanPropertyNamingStrategy] Name 'salt' renamed to 'salt'
2019-04-22 16:44:06.457 [DEBUG] [s.d.s.p.OptimizedModelPropertiesProvider] Adding property salt to model
2019-04-22 16:44:06.458 [DEBUG] [s.d.s.p.bean.BeanModelProperty] Evaluating unwrapped getter for member getSalt
2019-04-22 16:44:06.458 [DEBUG] [s.d.s.p.bean.BeanModelProperty] Evaluating unwrapped getter for member getSalt
2019-04-22 16:44:06.458 [DEBUG] [s.d.s.p.bean.BeanModelProperty] Evaluating unwrapped getter for member getSalt
2019-04-22 16:44:06.458 [DEBUG] [s.d.s.p.bean.BeanModelProperty] Evaluating unwrapped getter for member getSalt
2019-04-22 16:44:06.458 [DEBUG] [s.d.s.p.OptimizedModelPropertiesProvider] Reading property sysRoleList
2019-04-22 16:44:06.459 [DEBUG] [s.d.s.p.bean.BeanModelProperty] Evaluating unwrapped getter for member getSysRoleList
2019-04-22 16:44:06.459 [DEBUG] [s.d.s.p.ObjectMapperBeanPropertyNamingStrategy] Name 'sysRoleList' renamed to 'sysRoleList'
2019-04-22 16:44:06.459 [DEBUG] [s.d.s.p.OptimizedModelPropertiesProvider] Adding property sysRoleList to model
2019-04-22 16:44:06.459 [DEBUG] [s.d.s.p.bean.BeanModelProperty] Evaluating unwrapped getter for member getSysRoleList
2019-04-22 16:44:06.460 [DEBUG] [s.d.s.p.bean.BeanModelProperty] Evaluating unwrapped getter for member getSysRoleList
2019-04-22 16:44:06.460 [DEBUG] [s.d.s.p.bean.BeanModelProperty] Evaluating unwrapped getter for member getSysRoleList
2019-04-22 16:44:06.460 [DEBUG] [s.d.s.p.bean.BeanModelProperty] Evaluating unwrapped getter for member getSysRoleList
2019-04-22 16:44:06.461 [DEBUG] [s.d.s.p.OptimizedModelPropertiesProvider] Reading property state
2019-04-22 16:44:06.461 [DEBUG] [s.d.s.p.bean.BeanModelProperty] Evaluating unwrapped getter for member getState
2019-04-22 16:44:06.461 [DEBUG] [s.d.s.p.ObjectMapperBeanPropertyNamingStrategy] Name 'state' renamed to 'state'
2019-04-22 16:44:06.461 [DEBUG] [s.d.s.p.OptimizedModelPropertiesProvider] Adding property state to model
2019-04-22 16:44:06.462 [DEBUG] [s.d.s.p.bean.BeanModelProperty] Evaluating unwrapped getter for member getState
2019-04-22 16:44:06.462 [DEBUG] [s.d.s.p.bean.BeanModelProperty] Evaluating unwrapped getter for member getState
2019-04-22 16:44:06.462 [DEBUG] [s.d.s.p.bean.BeanModelProperty] Evaluating unwrapped getter for member getState
2019-04-22 16:44:06.462 [DEBUG] [s.d.s.p.bean.BeanModelProperty] Evaluating unwrapped getter for member getState
2019-04-22 16:44:06.462 [DEBUG] [s.d.s.p.OptimizedModelPropertiesProvider] Reading property credentialsSalt
2019-04-22 16:44:06.463 [DEBUG] [s.d.s.p.bean.BeanModelProperty] Evaluating unwrapped getter for member getCredentialsSalt
2019-04-22 16:44:06.464 [DEBUG] [s.d.s.p.ObjectMapperBeanPropertyNamingStrategy] Name 'credentialsSalt' renamed to 'credentialsSalt'
2019-04-22 16:44:06.465 [DEBUG] [s.d.s.p.OptimizedModelPropertiesProvider] Adding property credentialsSalt to model
2019-04-22 16:44:06.465 [DEBUG] [s.d.s.p.bean.BeanModelProperty] Evaluating unwrapped getter for member getCredentialsSalt
2019-04-22 16:44:06.466 [DEBUG] [s.d.s.p.bean.BeanModelProperty] Evaluating unwrapped getter for member getCredentialsSalt
2019-04-22 16:44:06.466 [DEBUG] [s.d.s.p.bean.BeanModelProperty] Evaluating unwrapped getter for member getCredentialsSalt
2019-04-22 16:44:06.467 [DEBUG] [s.d.s.p.bean.BeanModelProperty] Evaluating unwrapped getter for member getCredentialsSalt
2019-04-22 16:44:06.469 [DEBUG] [s.d.s.DefaultModelDependencyProvider] Adding type Ljava/util/List<Lcom/willpower/clap/entity/SysRole;>; for parameter sysRoleList
2019-04-22 16:44:06.470 [DEBUG] [s.d.s.DefaultModelDependencyProvider] Adding collectionElement type Lcom/willpower/clap/entity/SysRole;
2019-04-22 16:44:06.471 [DEBUG] [s.d.s.DefaultModelDependencyProvider] Recursively resolving dependencies for collectionElement type Lcom/willpower/clap/entity/SysRole;
2019-04-22 16:44:06.471 [DEBUG] [s.d.s.DefaultModelDependencyProvider] Adding type Lcom/willpower/clap/entity/UserInfo; for parameter data
2019-04-22 16:44:06.472 [DEBUG] [s.d.s.DefaultModelDependencyProvider] Recursively resolving dependencies for type Lcom/willpower/clap/entity/UserInfo;
2019-04-22 16:44:06.473 [DEBUG] [s.d.s.DefaultModelDependencyProvider] Adding type Ljava/util/List<Lcom/willpower/clap/entity/SysRole;>; for parameter sysRoleList
2019-04-22 16:44:06.481 [DEBUG] [s.d.s.DefaultModelDependencyProvider] Adding collectionElement type Lcom/willpower/clap/entity/SysRole;
2019-04-22 16:44:06.481 [DEBUG] [s.d.s.DefaultModelDependencyProvider] Recursively resolving dependencies for collectionElement type Lcom/willpower/clap/entity/SysRole;
2019-04-22 16:44:06.482 [DEBUG] [s.d.s.DefaultModelDependencyProvider] Adding type Lcom/willpower/clap/util/PageInfo; for parameter pageInfo
2019-04-22 16:44:06.482 [DEBUG] [s.d.s.DefaultModelDependencyProvider] Recursively resolving dependencies for type Lcom/willpower/clap/util/PageInfo;
2019-04-22 16:44:06.483 [DEBUG] [s.d.schema.DefaultModelProvider] Inferred 8 properties. Properties found credentialsSalt, name, password, salt, state, sysRoleList, uid, username
2019-04-22 16:44:06.484 [DEBUG] [s.d.schema.DefaultModelProvider] Skipping model of type Ljava/util/List<Lcom/willpower/clap/entity/SysRole;>; as its either a container type, map, enum or base type, or its already been handled
2019-04-22 16:44:06.485 [DEBUG] [s.d.schema.DefaultModelProvider] Inferred 4 properties. Properties found available, description, id, role
2019-04-22 16:44:06.487 [DEBUG] [s.d.schema.DefaultModelProvider] Inferred 4 properties. Properties found pageNo, pageSize, total, totalPages
2019-04-22 16:44:06.487 [DEBUG] [s.d.s.w.scanners.ApiModelReader] Adding a new model with key PageInfo
2019-04-22 16:44:06.487 [DEBUG] [s.d.s.w.scanners.ApiModelReader] Adding a new model with key SysRole
2019-04-22 16:44:06.488 [DEBUG] [s.d.s.w.scanners.ApiModelReader] Adding a new model with key UserInfo
2019-04-22 16:44:06.492 [DEBUG] [s.d.s.w.r.o.OperationResponseClassReader] Setting spring response class to:ApiResult«UserInfo»
2019-04-22 16:44:06.493 [DEBUG] [s.d.s.r.o.OperationAuthReader] Authorization count 0 for method userInfoAll
2019-04-22 16:44:06.495 [DEBUG] [s.d.s.r.o.SwaggerOperationResponseClassReader] Setting response class to:ApiResult«UserInfo»
2019-04-22 16:44:06.497 [DEBUG] [s.d.s.r.o.VendorExtensionsReader] Extension count 1 for method userInfoAll
2019-04-22 16:44:06.500 [DEBUG] [s.d.s.w.r.o.OperationResponseClassReader] Setting spring response class to:ApiResult«UserInfo»
2019-04-22 16:44:06.501 [DEBUG] [s.d.s.r.o.OperationAuthReader] Authorization count 0 for method userInfoAll
2019-04-22 16:44:06.502 [DEBUG] [s.d.s.r.o.SwaggerOperationResponseClassReader] Setting response class to:ApiResult«UserInfo»
2019-04-22 16:44:06.503 [DEBUG] [s.d.s.r.o.VendorExtensionsReader] Extension count 1 for method userInfoAll
2019-04-22 16:44:06.504 [DEBUG] [s.d.s.w.r.o.OperationResponseClassReader] Setting spring response class to:ApiResult«UserInfo»
2019-04-22 16:44:06.505 [DEBUG] [s.d.s.r.o.OperationAuthReader] Authorization count 0 for method userInfoAll
2019-04-22 16:44:06.505 [DEBUG] [s.d.s.r.o.SwaggerOperationResponseClassReader] Setting response class to:ApiResult«UserInfo»
2019-04-22 16:44:06.506 [DEBUG] [s.d.s.r.o.VendorExtensionsReader] Extension count 1 for method userInfoAll
2019-04-22 16:44:06.507 [DEBUG] [s.d.s.w.r.o.OperationResponseClassReader] Setting spring response class to:ApiResult«UserInfo»
2019-04-22 16:44:06.508 [DEBUG] [s.d.s.r.o.OperationAuthReader] Authorization count 0 for method userInfoAll
2019-04-22 16:44:06.508 [DEBUG] [s.d.s.r.o.SwaggerOperationResponseClassReader] Setting response class to:ApiResult«UserInfo»
2019-04-22 16:44:06.509 [DEBUG] [s.d.s.r.o.VendorExtensionsReader] Extension count 1 for method userInfoAll
2019-04-22 16:44:06.512 [DEBUG] [s.d.s.w.r.o.OperationResponseClassReader] Setting spring response class to:ApiResult«UserInfo»
2019-04-22 16:44:06.513 [DEBUG] [s.d.s.r.o.OperationAuthReader] Authorization count 0 for method userInfoAll
2019-04-22 16:44:06.514 [DEBUG] [s.d.s.r.o.SwaggerOperationResponseClassReader] Setting response class to:ApiResult«UserInfo»
2019-04-22 16:44:06.515 [DEBUG] [s.d.s.r.o.VendorExtensionsReader] Extension count 1 for method userInfoAll
2019-04-22 16:44:06.517 [DEBUG] [s.d.s.w.r.o.OperationResponseClassReader] Setting spring response class to:ApiResult«UserInfo»
2019-04-22 16:44:06.517 [DEBUG] [s.d.s.r.o.OperationAuthReader] Authorization count 0 for method userInfoAll
2019-04-22 16:44:06.518 [DEBUG] [s.d.s.r.o.SwaggerOperationResponseClassReader] Setting response class to:ApiResult«UserInfo»
2019-04-22 16:44:06.520 [DEBUG] [s.d.s.r.o.VendorExtensionsReader] Extension count 1 for method userInfoAll
2019-04-22 16:44:06.523 [DEBUG] [s.d.s.w.r.o.OperationResponseClassReader] Setting spring response class to:ApiResult«UserInfo»
2019-04-22 16:44:06.524 [DEBUG] [s.d.s.r.o.OperationAuthReader] Authorization count 0 for method userInfoAll
2019-04-22 16:44:06.527 [DEBUG] [s.d.s.r.o.SwaggerOperationResponseClassReader] Setting response class to:ApiResult«UserInfo»
2019-04-22 16:44:06.528 [DEBUG] [s.d.s.r.o.VendorExtensionsReader] Extension count 1 for method userInfoAll
2019-04-22 16:44:06.529 [DEBUG] [s.d.s.w.r.o.OperationResponseClassReader] Setting spring response class to:ApiResult«UserInfo»
2019-04-22 16:44:06.529 [DEBUG] [s.d.s.r.o.OperationAuthReader] Authorization count 0 for method userInfoAll
2019-04-22 16:44:06.530 [DEBUG] [s.d.s.r.o.SwaggerOperationResponseClassReader] Setting response class to:ApiResult«UserInfo»
2019-04-22 16:44:06.531 [DEBUG] [s.d.s.r.o.VendorExtensionsReader] Extension count 1 for method userInfoAll
2019-04-22 16:44:06.581 [DEBUG] [o.s.c.s.DefaultLifecycleProcessor] Successfully started bean 'documentationPluginsBootstrapper'
2019-04-22 16:44:06.636 [DEBUG] [o.s.b.a.l.ConditionEvaluationReportLoggingListener] 


============================
CONDITIONS EVALUATION REPORT
============================


Positive matches:
-----------------

   AopAutoConfiguration matched:
      - @ConditionalOnClass found required classes 'org.springframework.context.annotation.EnableAspectJAutoProxy', 'org.aspectj.lang.annotation.Aspect', 'org.aspectj.lang.reflect.Advice', 'org.aspectj.weaver.AnnotatedElement' (OnClassCondition)
      - @ConditionalOnProperty (spring.aop.auto=true) matched (OnPropertyCondition)

   AopAutoConfiguration.CglibAutoProxyConfiguration matched:
      - @ConditionalOnProperty (spring.aop.proxy-target-class=true) matched (OnPropertyCondition)

   CodecsAutoConfiguration matched:
      - @ConditionalOnClass found required class 'org.springframework.http.codec.CodecConfigurer' (OnClassCondition)

   CodecsAutoConfiguration.JacksonCodecConfiguration matched:
      - @ConditionalOnClass found required class 'com.fasterxml.jackson.databind.ObjectMapper' (OnClassCondition)

   CodecsAutoConfiguration.JacksonCodecConfiguration#jacksonCodecCustomizer matched:
      - @ConditionalOnBean (types: com.fasterxml.jackson.databind.ObjectMapper; SearchStrategy: all) found bean 'jacksonObjectMapper' (OnBeanCondition)

   DataSourceAutoConfiguration matched:
      - @ConditionalOnClass found required classes 'javax.sql.DataSource', 'org.springframework.jdbc.datasource.embedded.EmbeddedDatabaseType' (OnClassCondition)

   DataSourceAutoConfiguration.PooledDataSourceConfiguration matched:
      - AnyNestedCondition 1 matched 1 did not; NestedCondition on DataSourceAutoConfiguration.PooledDataSourceCondition.PooledDataSourceAvailable PooledDataSource found supported DataSource; NestedCondition on DataSourceAutoConfiguration.PooledDataSourceCondition.ExplicitType @ConditionalOnProperty (spring.datasource.type) did not find property 'type' (DataSourceAutoConfiguration.PooledDataSourceCondition)
      - @ConditionalOnMissingBean (types: javax.sql.DataSource,javax.sql.XADataSource; SearchStrategy: all) did not find any beans (OnBeanCondition)

   DataSourceConfiguration.Hikari matched:
      - @ConditionalOnClass found required class 'com.zaxxer.hikari.HikariDataSource' (OnClassCondition)
      - @ConditionalOnProperty (spring.datasource.type=com.zaxxer.hikari.HikariDataSource) matched (OnPropertyCondition)
      - @ConditionalOnMissingBean (types: javax.sql.DataSource; SearchStrategy: all) did not find any beans (OnBeanCondition)

   DataSourcePoolMetadataProvidersConfiguration.HikariPoolDataSourceMetadataProviderConfiguration matched:
      - @ConditionalOnClass found required class 'com.zaxxer.hikari.HikariDataSource' (OnClassCondition)

   DataSourceTransactionManagerAutoConfiguration matched:
      - @ConditionalOnClass found required classes 'org.springframework.jdbc.core.JdbcTemplate', 'org.springframework.transaction.PlatformTransactionManager' (OnClassCondition)

   DataSourceTransactionManagerAutoConfiguration.DataSourceTransactionManagerConfiguration matched:
      - @ConditionalOnSingleCandidate (types: javax.sql.DataSource; SearchStrategy: all) found a primary bean from beans 'dataSource' (OnBeanCondition)

   DispatcherServletAutoConfiguration matched:
      - @ConditionalOnClass found required class 'org.springframework.web.servlet.DispatcherServlet' (OnClassCondition)
      - found 'session' scope (OnWebApplicationCondition)

   DispatcherServletAutoConfiguration.DispatcherServletConfiguration matched:
      - @ConditionalOnClass found required class 'javax.servlet.ServletRegistration' (OnClassCondition)
      - Default DispatcherServlet did not find dispatcher servlet beans (DispatcherServletAutoConfiguration.DefaultDispatcherServletCondition)

   DispatcherServletAutoConfiguration.DispatcherServletRegistrationConfiguration matched:
      - @ConditionalOnClass found required class 'javax.servlet.ServletRegistration' (OnClassCondition)
      - DispatcherServlet Registration did not find servlet registration bean (DispatcherServletAutoConfiguration.DispatcherServletRegistrationCondition)

   DispatcherServletAutoConfiguration.DispatcherServletRegistrationConfiguration#dispatcherServletRegistration matched:
      - @ConditionalOnBean (names: dispatcherServlet; types: org.springframework.web.servlet.DispatcherServlet; SearchStrategy: all) found bean 'dispatcherServlet' (OnBeanCondition)

   EmbeddedWebServerFactoryCustomizerAutoConfiguration matched:
      - @ConditionalOnWebApplication (required) found 'session' scope (OnWebApplicationCondition)

   EmbeddedWebServerFactoryCustomizerAutoConfiguration.TomcatWebServerFactoryCustomizerConfiguration matched:
      - @ConditionalOnClass found required classes 'org.apache.catalina.startup.Tomcat', 'org.apache.coyote.UpgradeProtocol' (OnClassCondition)

   ErrorMvcAutoConfiguration matched:
      - @ConditionalOnClass found required classes 'javax.servlet.Servlet', 'org.springframework.web.servlet.DispatcherServlet' (OnClassCondition)
      - found 'session' scope (OnWebApplicationCondition)

   ErrorMvcAutoConfiguration#basicErrorController matched:
      - @ConditionalOnMissingBean (types: org.springframework.boot.web.servlet.error.ErrorController; SearchStrategy: current) did not find any beans (OnBeanCondition)

   ErrorMvcAutoConfiguration#errorAttributes matched:
      - @ConditionalOnMissingBean (types: org.springframework.boot.web.servlet.error.ErrorAttributes; SearchStrategy: current) did not find any beans (OnBeanCondition)

   ErrorMvcAutoConfiguration.DefaultErrorViewResolverConfiguration#conventionErrorViewResolver matched:
      - @ConditionalOnBean (types: org.springframework.web.servlet.DispatcherServlet; SearchStrategy: all) found bean 'dispatcherServlet'; @ConditionalOnMissingBean (types: org.springframework.boot.autoconfigure.web.servlet.error.DefaultErrorViewResolver; SearchStrategy: all) did not find any beans (OnBeanCondition)

   ErrorMvcAutoConfiguration.WhitelabelErrorViewConfiguration matched:
      - @ConditionalOnProperty (server.error.whitelabel.enabled) matched (OnPropertyCondition)
      - ErrorTemplate Missing did not find error template view (ErrorMvcAutoConfiguration.ErrorTemplateMissingCondition)

   ErrorMvcAutoConfiguration.WhitelabelErrorViewConfiguration#beanNameViewResolver matched:
      - @ConditionalOnMissingBean (types: org.springframework.web.servlet.view.BeanNameViewResolver; SearchStrategy: all) did not find any beans (OnBeanCondition)

   ErrorMvcAutoConfiguration.WhitelabelErrorViewConfiguration#defaultErrorView matched:
      - @ConditionalOnMissingBean (names: error; SearchStrategy: all) did not find any beans (OnBeanCondition)

   GenericCacheConfiguration matched:
      - Cache org.springframework.boot.autoconfigure.cache.GenericCacheConfiguration automatic cache type (CacheCondition)

   HibernateJpaAutoConfiguration matched:
      - @ConditionalOnClass found required classes 'org.springframework.orm.jpa.LocalContainerEntityManagerFactoryBean', 'javax.persistence.EntityManager' (OnClassCondition)
      - HibernateEntityManager found class 'org.hibernate.ejb.HibernateEntityManager' (HibernateJpaAutoConfiguration.HibernateEntityManagerCondition)

   HibernateJpaConfiguration matched:
      - @ConditionalOnSingleCandidate (types: javax.sql.DataSource; SearchStrategy: all) found a primary bean from beans 'dataSource' (OnBeanCondition)

   HttpEncodingAutoConfiguration matched:
      - @ConditionalOnClass found required class 'org.springframework.web.filter.CharacterEncodingFilter' (OnClassCondition)
      - found 'session' scope (OnWebApplicationCondition)
      - @ConditionalOnProperty (spring.http.encoding.enabled) matched (OnPropertyCondition)

   HttpEncodingAutoConfiguration#characterEncodingFilter matched:
      - @ConditionalOnMissingBean (types: org.springframework.web.filter.CharacterEncodingFilter; SearchStrategy: all) did not find any beans (OnBeanCondition)

   HttpMessageConvertersAutoConfiguration matched:
      - @ConditionalOnClass found required class 'org.springframework.http.converter.HttpMessageConverter' (OnClassCondition)

   HttpMessageConvertersAutoConfiguration#messageConverters matched:
      - @ConditionalOnMissingBean (types: org.springframework.boot.autoconfigure.http.HttpMessageConverters; SearchStrategy: all) did not find any beans (OnBeanCondition)

   HttpMessageConvertersAutoConfiguration.StringHttpMessageConverterConfiguration matched:
      - @ConditionalOnClass found required class 'org.springframework.http.converter.StringHttpMessageConverter' (OnClassCondition)

   HttpMessageConvertersAutoConfiguration.StringHttpMessageConverterConfiguration#stringHttpMessageConverter matched:
      - @ConditionalOnMissingBean (types: org.springframework.http.converter.StringHttpMessageConverter; SearchStrategy: all) did not find any beans (OnBeanCondition)

   JacksonAutoConfiguration matched:
      - @ConditionalOnClass found required class 'com.fasterxml.jackson.databind.ObjectMapper' (OnClassCondition)

   JacksonAutoConfiguration.Jackson2ObjectMapperBuilderCustomizerConfiguration matched:
      - @ConditionalOnClass found required class 'org.springframework.http.converter.json.Jackson2ObjectMapperBuilder' (OnClassCondition)

   JacksonAutoConfiguration.JacksonObjectMapperBuilderConfiguration matched:
      - @ConditionalOnClass found required class 'org.springframework.http.converter.json.Jackson2ObjectMapperBuilder' (OnClassCondition)

   JacksonAutoConfiguration.JacksonObjectMapperBuilderConfiguration#jacksonObjectMapperBuilder matched:
      - @ConditionalOnMissingBean (types: org.springframework.http.converter.json.Jackson2ObjectMapperBuilder; SearchStrategy: all) did not find any beans (OnBeanCondition)

   JacksonAutoConfiguration.JacksonObjectMapperConfiguration matched:
      - @ConditionalOnClass found required class 'org.springframework.http.converter.json.Jackson2ObjectMapperBuilder' (OnClassCondition)

   JacksonAutoConfiguration.JacksonObjectMapperConfiguration#jacksonObjectMapper matched:
      - @ConditionalOnMissingBean (types: com.fasterxml.jackson.databind.ObjectMapper; SearchStrategy: all) did not find any beans (OnBeanCondition)

   JacksonAutoConfiguration.ParameterNamesModuleConfiguration matched:
      - @ConditionalOnClass found required class 'com.fasterxml.jackson.module.paramnames.ParameterNamesModule' (OnClassCondition)

   JacksonAutoConfiguration.ParameterNamesModuleConfiguration#parameterNamesModule matched:
      - @ConditionalOnMissingBean (types: com.fasterxml.jackson.module.paramnames.ParameterNamesModule; SearchStrategy: all) did not find any beans (OnBeanCondition)

   JacksonHttpMessageConvertersConfiguration.MappingJackson2HttpMessageConverterConfiguration matched:
      - @ConditionalOnClass found required class 'com.fasterxml.jackson.databind.ObjectMapper' (OnClassCondition)
      - @ConditionalOnProperty (spring.http.converters.preferred-json-mapper=jackson) matched (OnPropertyCondition)
      - @ConditionalOnBean (types: com.fasterxml.jackson.databind.ObjectMapper; SearchStrategy: all) found bean 'jacksonObjectMapper' (OnBeanCondition)

   JacksonHttpMessageConvertersConfiguration.MappingJackson2HttpMessageConverterConfiguration#mappingJackson2HttpMessageConverter matched:
      - @ConditionalOnMissingBean (types: org.springframework.http.converter.json.MappingJackson2HttpMessageConverter; SearchStrategy: all) did not find any beans (OnBeanCondition)

   JdbcTemplateAutoConfiguration matched:
      - @ConditionalOnClass found required classes 'javax.sql.DataSource', 'org.springframework.jdbc.core.JdbcTemplate' (OnClassCondition)
      - @ConditionalOnSingleCandidate (types: javax.sql.DataSource; SearchStrategy: all) found a primary bean from beans 'dataSource' (OnBeanCondition)

   JdbcTemplateAutoConfiguration.JdbcTemplateConfiguration#jdbcTemplate matched:
      - @ConditionalOnMissingBean (types: org.springframework.jdbc.core.JdbcOperations; SearchStrategy: all) did not find any beans (OnBeanCondition)

   JdbcTemplateAutoConfiguration.NamedParameterJdbcTemplateConfiguration#namedParameterJdbcTemplate matched:
      - @ConditionalOnSingleCandidate (types: org.springframework.jdbc.core.JdbcTemplate; SearchStrategy: all) found a primary bean from beans 'jdbcTemplate'; @ConditionalOnMissingBean (types: org.springframework.jdbc.core.namedparam.NamedParameterJdbcOperations; SearchStrategy: all) did not find any beans (OnBeanCondition)

   JpaBaseConfiguration#entityManagerFactory matched:
      - @ConditionalOnMissingBean (types: org.springframework.orm.jpa.LocalContainerEntityManagerFactoryBean,javax.persistence.EntityManagerFactory; SearchStrategy: all) did not find any beans (OnBeanCondition)

   JpaBaseConfiguration#entityManagerFactoryBuilder matched:
      - @ConditionalOnMissingBean (types: org.springframework.boot.orm.jpa.EntityManagerFactoryBuilder; SearchStrategy: all) did not find any beans (OnBeanCondition)

   JpaBaseConfiguration#jpaVendorAdapter matched:
      - @ConditionalOnMissingBean (types: org.springframework.orm.jpa.JpaVendorAdapter; SearchStrategy: all) did not find any beans (OnBeanCondition)

   JpaBaseConfiguration#transactionManager matched:
      - @ConditionalOnMissingBean (types: org.springframework.transaction.PlatformTransactionManager; SearchStrategy: all) did not find any beans (OnBeanCondition)

   JpaBaseConfiguration.JpaWebConfiguration matched:
      - @ConditionalOnClass found required class 'org.springframework.web.servlet.config.annotation.WebMvcConfigurer' (OnClassCondition)
      - found 'session' scope (OnWebApplicationCondition)
      - @ConditionalOnProperty (spring.jpa.open-in-view=true) matched (OnPropertyCondition)
      - @ConditionalOnMissingBean (types: org.springframework.orm.jpa.support.OpenEntityManagerInViewInterceptor,org.springframework.orm.jpa.support.OpenEntityManagerInViewFilter; SearchStrategy: all) did not find any beans (OnBeanCondition)

   JpaRepositoriesAutoConfiguration matched:
      - @ConditionalOnClass found required class 'org.springframework.data.jpa.repository.JpaRepository' (OnClassCondition)
      - @ConditionalOnProperty (spring.data.jpa.repositories.enabled=true) matched (OnPropertyCondition)
      - @ConditionalOnBean (types: javax.sql.DataSource; SearchStrategy: all) found bean 'dataSource'; @ConditionalOnMissingBean (types: org.springframework.data.jpa.repository.support.JpaRepositoryFactoryBean,org.springframework.data.jpa.repository.config.JpaRepositoryConfigExtension; SearchStrategy: all) did not find any beans (OnBeanCondition)

   JtaAutoConfiguration matched:
      - @ConditionalOnClass found required class 'javax.transaction.Transaction' (OnClassCondition)
      - @ConditionalOnProperty (spring.jta.enabled) matched (OnPropertyCondition)

   MultipartAutoConfiguration matched:
      - @ConditionalOnClass found required classes 'javax.servlet.Servlet', 'org.springframework.web.multipart.support.StandardServletMultipartResolver', 'javax.servlet.MultipartConfigElement' (OnClassCondition)
      - found 'session' scope (OnWebApplicationCondition)
      - @ConditionalOnProperty (spring.servlet.multipart.enabled) matched (OnPropertyCondition)

   MultipartAutoConfiguration#multipartConfigElement matched:
      - @ConditionalOnMissingBean (types: javax.servlet.MultipartConfigElement,org.springframework.web.multipart.commons.CommonsMultipartResolver; SearchStrategy: all) did not find any beans (OnBeanCondition)

   MultipartAutoConfiguration#multipartResolver matched:
      - @ConditionalOnMissingBean (types: org.springframework.web.multipart.MultipartResolver; SearchStrategy: all) did not find any beans (OnBeanCondition)

   MybatisAutoConfiguration matched:
      - @ConditionalOnClass found required classes 'org.apache.ibatis.session.SqlSessionFactory', 'org.mybatis.spring.SqlSessionFactoryBean' (OnClassCondition)
      - @ConditionalOnBean (types: javax.sql.DataSource; SearchStrategy: all) found bean 'dataSource' (OnBeanCondition)

   MybatisAutoConfiguration#sqlSessionFactory matched:
      - @ConditionalOnMissingBean (types: org.apache.ibatis.session.SqlSessionFactory; SearchStrategy: all) did not find any beans (OnBeanCondition)

   MybatisAutoConfiguration#sqlSessionTemplate matched:
      - @ConditionalOnMissingBean (types: org.mybatis.spring.SqlSessionTemplate; SearchStrategy: all) did not find any beans (OnBeanCondition)

   MybatisAutoConfiguration.MapperScannerRegistrarNotFoundConfiguration matched:
      - @ConditionalOnMissingBean (types: org.mybatis.spring.mapper.MapperFactoryBean; SearchStrategy: all) did not find any beans (OnBeanCondition)

   NoOpCacheConfiguration matched:
      - Cache org.springframework.boot.autoconfigure.cache.NoOpCacheConfiguration automatic cache type (CacheCondition)

   PageHelperAutoConfiguration matched:
      - @ConditionalOnBean (types: org.apache.ibatis.session.SqlSessionFactory; SearchStrategy: all) found bean 'sqlSessionFactory' (OnBeanCondition)

   PersistenceExceptionTranslationAutoConfiguration matched:
      - @ConditionalOnClass found required class 'org.springframework.dao.annotation.PersistenceExceptionTranslationPostProcessor' (OnClassCondition)

   PersistenceExceptionTranslationAutoConfiguration#persistenceExceptionTranslationPostProcessor matched:
      - @ConditionalOnProperty (spring.dao.exceptiontranslation.enabled) matched (OnPropertyCondition)
      - @ConditionalOnMissingBean (types: org.springframework.dao.annotation.PersistenceExceptionTranslationPostProcessor; SearchStrategy: all) did not find any beans (OnBeanCondition)

   PropertyPlaceholderAutoConfiguration#propertySourcesPlaceholderConfigurer matched:
      - @ConditionalOnMissingBean (types: org.springframework.context.support.PropertySourcesPlaceholderConfigurer; SearchStrategy: current) did not find any beans (OnBeanCondition)

   RestTemplateAutoConfiguration matched:
      - @ConditionalOnClass found required class 'org.springframework.web.client.RestTemplate' (OnClassCondition)

   RestTemplateAutoConfiguration#restTemplateBuilder matched:
      - @ConditionalOnMissingBean (types: org.springframework.boot.web.client.RestTemplateBuilder; SearchStrategy: all) did not find any beans (OnBeanCondition)

   ServletWebServerFactoryAutoConfiguration matched:
      - @ConditionalOnClass found required class 'javax.servlet.ServletRequest' (OnClassCondition)
      - found 'session' scope (OnWebApplicationCondition)

   ServletWebServerFactoryAutoConfiguration#tomcatServletWebServerFactoryCustomizer matched:
      - @ConditionalOnClass found required class 'org.apache.catalina.startup.Tomcat' (OnClassCondition)

   ServletWebServerFactoryConfiguration.EmbeddedTomcat matched:
      - @ConditionalOnClass found required classes 'javax.servlet.Servlet', 'org.apache.catalina.startup.Tomcat', 'org.apache.coyote.UpgradeProtocol' (OnClassCondition)
      - @ConditionalOnMissingBean (types: org.springframework.boot.web.servlet.server.ServletWebServerFactory; SearchStrategy: current) did not find any beans (OnBeanCondition)

   SimpleCacheConfiguration matched:
      - Cache org.springframework.boot.autoconfigure.cache.SimpleCacheConfiguration automatic cache type (CacheCondition)

   SpringDataWebAutoConfiguration matched:
      - @ConditionalOnClass found required classes 'org.springframework.data.web.PageableHandlerMethodArgumentResolver', 'org.springframework.web.servlet.config.annotation.WebMvcConfigurer' (OnClassCondition)
      - found 'session' scope (OnWebApplicationCondition)
      - @ConditionalOnMissingBean (types: org.springframework.data.web.PageableHandlerMethodArgumentResolver; SearchStrategy: all) did not find any beans (OnBeanCondition)

   SpringDataWebAutoConfiguration#pageableCustomizer matched:
      - @ConditionalOnMissingBean (types: org.springframework.data.web.config.PageableHandlerMethodArgumentResolverCustomizer; SearchStrategy: all) did not find any beans (OnBeanCondition)

   SpringDataWebAutoConfiguration#sortCustomizer matched:
      - @ConditionalOnMissingBean (types: org.springframework.data.web.config.SortHandlerMethodArgumentResolverCustomizer; SearchStrategy: all) did not find any beans (OnBeanCondition)

   TaskExecutionAutoConfiguration matched:
      - @ConditionalOnClass found required class 'org.springframework.scheduling.concurrent.ThreadPoolTaskExecutor' (OnClassCondition)

   TaskExecutionAutoConfiguration#applicationTaskExecutor matched:
      - @ConditionalOnMissingBean (types: java.util.concurrent.Executor; SearchStrategy: all) did not find any beans (OnBeanCondition)

   TaskExecutionAutoConfiguration#taskExecutorBuilder matched:
      - @ConditionalOnMissingBean (types: org.springframework.boot.task.TaskExecutorBuilder; SearchStrategy: all) did not find any beans (OnBeanCondition)

   TaskSchedulingAutoConfiguration matched:
      - @ConditionalOnClass found required class 'org.springframework.scheduling.concurrent.ThreadPoolTaskScheduler' (OnClassCondition)

   TaskSchedulingAutoConfiguration#taskSchedulerBuilder matched:
      - @ConditionalOnMissingBean (types: org.springframework.boot.task.TaskSchedulerBuilder; SearchStrategy: all) did not find any beans (OnBeanCondition)

   ThymeleafAutoConfiguration matched:
      - @ConditionalOnClass found required class 'org.thymeleaf.templatemode.TemplateMode' (OnClassCondition)

   ThymeleafAutoConfiguration.DefaultTemplateResolverConfiguration matched:
      - @ConditionalOnMissingBean (names: defaultTemplateResolver; SearchStrategy: all) did not find any beans (OnBeanCondition)

   ThymeleafAutoConfiguration.ThymeleafDefaultConfiguration#templateEngine matched:
      - @ConditionalOnMissingBean (types: org.thymeleaf.spring5.SpringTemplateEngine; SearchStrategy: all) did not find any beans (OnBeanCondition)

   ThymeleafAutoConfiguration.ThymeleafJava8TimeDialect matched:
      - @ConditionalOnClass found required class 'org.thymeleaf.extras.java8time.dialect.Java8TimeDialect' (OnClassCondition)

   ThymeleafAutoConfiguration.ThymeleafJava8TimeDialect#java8TimeDialect matched:
      - @ConditionalOnMissingBean (types: org.thymeleaf.extras.java8time.dialect.Java8TimeDialect; SearchStrategy: all) did not find any beans (OnBeanCondition)

   ThymeleafAutoConfiguration.ThymeleafWebMvcConfiguration matched:
      - found 'session' scope (OnWebApplicationCondition)
      - @ConditionalOnProperty (spring.thymeleaf.enabled) matched (OnPropertyCondition)

   ThymeleafAutoConfiguration.ThymeleafWebMvcConfiguration.ThymeleafViewResolverConfiguration#thymeleafViewResolver matched:
      - @ConditionalOnMissingBean (names: thymeleafViewResolver; SearchStrategy: all) did not find any beans (OnBeanCondition)

   TransactionAutoConfiguration matched:
      - @ConditionalOnClass found required class 'org.springframework.transaction.PlatformTransactionManager' (OnClassCondition)

   TransactionAutoConfiguration#platformTransactionManagerCustomizers matched:
      - @ConditionalOnMissingBean (types: org.springframework.boot.autoconfigure.transaction.TransactionManagerCustomizers; SearchStrategy: all) did not find any beans (OnBeanCondition)

   TransactionAutoConfiguration.EnableTransactionManagementConfiguration matched:
      - @ConditionalOnBean (types: org.springframework.transaction.PlatformTransactionManager; SearchStrategy: all) found bean 'transactionManager'; @ConditionalOnMissingBean (types: org.springframework.transaction.annotation.AbstractTransactionManagementConfiguration; SearchStrategy: all) did not find any beans (OnBeanCondition)

   TransactionAutoConfiguration.EnableTransactionManagementConfiguration.CglibAutoProxyConfiguration matched:
      - @ConditionalOnProperty (spring.aop.proxy-target-class=true) matched (OnPropertyCondition)

   TransactionAutoConfiguration.TransactionTemplateConfiguration matched:
      - @ConditionalOnSingleCandidate (types: org.springframework.transaction.PlatformTransactionManager; SearchStrategy: all) found a primary bean from beans 'transactionManager' (OnBeanCondition)

   TransactionAutoConfiguration.TransactionTemplateConfiguration#transactionTemplate matched:
      - @ConditionalOnMissingBean (types: org.springframework.transaction.support.TransactionTemplate; SearchStrategy: all) did not find any beans (OnBeanCondition)

   ValidationAutoConfiguration matched:
      - @ConditionalOnClass found required class 'javax.validation.executable.ExecutableValidator' (OnClassCondition)
      - @ConditionalOnResource found location classpath:META-INF/services/javax.validation.spi.ValidationProvider (OnResourceCondition)

   ValidationAutoConfiguration#defaultValidator matched:
      - @ConditionalOnMissingBean (types: javax.validation.Validator; SearchStrategy: all) did not find any beans (OnBeanCondition)

   ValidationAutoConfiguration#methodValidationPostProcessor matched:
      - @ConditionalOnMissingBean (types: org.springframework.validation.beanvalidation.MethodValidationPostProcessor; SearchStrategy: all) did not find any beans (OnBeanCondition)

   WebSocketServletAutoConfiguration matched:
      - @ConditionalOnClass found required classes 'javax.servlet.Servlet', 'javax.websocket.server.ServerContainer' (OnClassCondition)
      - found 'session' scope (OnWebApplicationCondition)

   WebSocketServletAutoConfiguration.TomcatWebSocketConfiguration matched:
      - @ConditionalOnClass found required classes 'org.apache.catalina.startup.Tomcat', 'org.apache.tomcat.websocket.server.WsSci' (OnClassCondition)

   WebSocketServletAutoConfiguration.TomcatWebSocketConfiguration#websocketServletWebServerCustomizer matched:
      - @ConditionalOnMissingBean (names: websocketServletWebServerCustomizer; SearchStrategy: all) did not find any beans (OnBeanCondition)


Negative matches:
-----------------

   ActiveMQAutoConfiguration:
      Did not match:
         - @ConditionalOnClass did not find required class 'javax.jms.ConnectionFactory' (OnClassCondition)

   AopAutoConfiguration.JdkDynamicAutoProxyConfiguration:
      Did not match:
         - @ConditionalOnProperty (spring.aop.proxy-target-class=false) did not find property 'proxy-target-class' (OnPropertyCondition)

   ArtemisAutoConfiguration:
      Did not match:
         - @ConditionalOnClass did not find required class 'javax.jms.ConnectionFactory' (OnClassCondition)

   AtomikosJtaConfiguration:
      Did not match:
         - @ConditionalOnClass did not find required class 'com.atomikos.icatch.jta.UserTransactionManager' (OnClassCondition)

   BatchAutoConfiguration:
      Did not match:
         - @ConditionalOnClass did not find required class 'org.springframework.batch.core.launch.JobLauncher' (OnClassCondition)

   BitronixJtaConfiguration:
      Did not match:
         - @ConditionalOnClass did not find required class 'bitronix.tm.jndi.BitronixContext' (OnClassCondition)

   CacheAutoConfiguration:
      Did not match:
         - @ConditionalOnBean (types: org.springframework.cache.interceptor.CacheAspectSupport; SearchStrategy: all) did not find any beans of type org.springframework.cache.interceptor.CacheAspectSupport (OnBeanCondition)
      Matched:
         - @ConditionalOnClass found required class 'org.springframework.cache.CacheManager' (OnClassCondition)

   CacheAutoConfiguration.CacheManagerJpaDependencyConfiguration:
      Did not match:
         - Ancestor org.springframework.boot.autoconfigure.cache.CacheAutoConfiguration did not match (ConditionEvaluationReport.AncestorsMatchedCondition)
      Matched:
         - @ConditionalOnClass found required class 'org.springframework.orm.jpa.LocalContainerEntityManagerFactoryBean' (OnClassCondition)

   CaffeineCacheConfiguration:
      Did not match:
         - @ConditionalOnClass did not find required classes 'com.github.benmanes.caffeine.cache.Caffeine', 'org.springframework.cache.caffeine.CaffeineCacheManager' (OnClassCondition)

   CassandraAutoConfiguration:
      Did not match:
         - @ConditionalOnClass did not find required class 'com.datastax.driver.core.Cluster' (OnClassCondition)

   CassandraDataAutoConfiguration:
      Did not match:
         - @ConditionalOnClass did not find required class 'com.datastax.driver.core.Cluster' (OnClassCondition)

   CassandraReactiveDataAutoConfiguration:
      Did not match:
         - @ConditionalOnClass did not find required class 'com.datastax.driver.core.Cluster' (OnClassCondition)

   CassandraReactiveRepositoriesAutoConfiguration:
      Did not match:
         - @ConditionalOnClass did not find required class 'org.springframework.data.cassandra.ReactiveSession' (OnClassCondition)

   CassandraRepositoriesAutoConfiguration:
      Did not match:
         - @ConditionalOnClass did not find required class 'com.datastax.driver.core.Session' (OnClassCondition)

   ClientHttpConnectorAutoConfiguration:
      Did not match:
         - @ConditionalOnClass did not find required class 'org.springframework.web.reactive.function.client.WebClient' (OnClassCondition)

   CloudServiceConnectorsAutoConfiguration:
      Did not match:
         - @ConditionalOnClass did not find required class 'org.springframework.cloud.config.java.CloudScanConfiguration' (OnClassCondition)

   CouchbaseAutoConfiguration:
      Did not match:
         - @ConditionalOnClass did not find required class 'com.couchbase.client.java.Cluster' (OnClassCondition)

   CouchbaseCacheConfiguration:
      Did not match:
         - @ConditionalOnClass did not find required classes 'com.couchbase.client.java.Bucket', 'com.couchbase.client.spring.cache.CouchbaseCacheManager' (OnClassCondition)

   CouchbaseDataAutoConfiguration:
      Did not match:
         - @ConditionalOnClass did not find required class 'com.couchbase.client.java.Bucket' (OnClassCondition)

   CouchbaseReactiveDataAutoConfiguration:
      Did not match:
         - @ConditionalOnClass did not find required class 'com.couchbase.client.java.Bucket' (OnClassCondition)

   CouchbaseReactiveRepositoriesAutoConfiguration:
      Did not match:
         - @ConditionalOnClass did not find required class 'com.couchbase.client.java.Bucket' (OnClassCondition)

   CouchbaseRepositoriesAutoConfiguration:
      Did not match:
         - @ConditionalOnClass did not find required class 'com.couchbase.client.java.Bucket' (OnClassCondition)

   DataSourceAutoConfiguration.EmbeddedDatabaseConfiguration:
      Did not match:
         - EmbeddedDataSource found supported pooled data source (DataSourceAutoConfiguration.EmbeddedDatabaseCondition)

   DataSourceConfiguration.Dbcp2:
      Did not match:
         - @ConditionalOnClass did not find required class 'org.apache.commons.dbcp2.BasicDataSource' (OnClassCondition)

   DataSourceConfiguration.Generic:
      Did not match:
         - @ConditionalOnProperty (spring.datasource.type) did not find property 'spring.datasource.type' (OnPropertyCondition)

   DataSourceConfiguration.Tomcat:
      Did not match:
         - @ConditionalOnClass did not find required class 'org.apache.tomcat.jdbc.pool.DataSource' (OnClassCondition)

   DataSourceJmxConfiguration:
      Did not match:
         - @ConditionalOnProperty (spring.jmx.enabled=true) found different value in property 'enabled' (OnPropertyCondition)

   DataSourcePoolMetadataProvidersConfiguration.CommonsDbcp2PoolDataSourceMetadataProviderConfiguration:
      Did not match:
         - @ConditionalOnClass did not find required class 'org.apache.commons.dbcp2.BasicDataSource' (OnClassCondition)

   DataSourcePoolMetadataProvidersConfiguration.TomcatDataSourcePoolMetadataProviderConfiguration:
      Did not match:
         - @ConditionalOnClass did not find required class 'org.apache.tomcat.jdbc.pool.DataSource' (OnClassCondition)

   DataSourceTransactionManagerAutoConfiguration.DataSourceTransactionManagerConfiguration#transactionManager:
      Did not match:
         - @ConditionalOnMissingBean (types: org.springframework.transaction.PlatformTransactionManager; SearchStrategy: all) found beans of type 'org.springframework.transaction.PlatformTransactionManager' transactionManager (OnBeanCondition)

   DispatcherServletAutoConfiguration.DispatcherServletConfiguration#multipartResolver:
      Did not match:
         - @ConditionalOnBean (types: org.springframework.web.multipart.MultipartResolver; SearchStrategy: all) did not find any beans of type org.springframework.web.multipart.MultipartResolver (OnBeanCondition)

   EhCacheCacheConfiguration:
      Did not match:
         - @ConditionalOnClass did not find required class 'org.springframework.cache.ehcache.EhCacheCacheManager' (OnClassCondition)

   ElasticsearchAutoConfiguration:
      Did not match:
         - @ConditionalOnClass did not find required class 'org.elasticsearch.client.Client' (OnClassCondition)

   ElasticsearchDataAutoConfiguration:
      Did not match:
         - @ConditionalOnClass did not find required class 'org.elasticsearch.client.Client' (OnClassCondition)

   ElasticsearchRepositoriesAutoConfiguration:
      Did not match:
         - @ConditionalOnClass did not find required class 'org.elasticsearch.client.Client' (OnClassCondition)

   EmbeddedLdapAutoConfiguration:
      Did not match:
         - @ConditionalOnClass did not find required class 'com.unboundid.ldap.listener.InMemoryDirectoryServer' (OnClassCondition)

   EmbeddedMongoAutoConfiguration:
      Did not match:
         - @ConditionalOnClass did not find required class 'com.mongodb.MongoClient' (OnClassCondition)

   EmbeddedWebServerFactoryCustomizerAutoConfiguration.JettyWebServerFactoryCustomizerConfiguration:
      Did not match:
         - @ConditionalOnClass did not find required classes 'org.eclipse.jetty.server.Server', 'org.eclipse.jetty.util.Loader', 'org.eclipse.jetty.webapp.WebAppContext' (OnClassCondition)

   EmbeddedWebServerFactoryCustomizerAutoConfiguration.NettyWebServerFactoryCustomizerConfiguration:
      Did not match:
         - @ConditionalOnClass did not find required class 'reactor.netty.http.server.HttpServer' (OnClassCondition)

   EmbeddedWebServerFactoryCustomizerAutoConfiguration.UndertowWebServerFactoryCustomizerConfiguration:
      Did not match:
         - @ConditionalOnClass did not find required classes 'io.undertow.Undertow', 'org.xnio.SslClientAuthMode' (OnClassCondition)

   ErrorWebFluxAutoConfiguration:
      Did not match:
         - @ConditionalOnClass did not find required class 'org.springframework.web.reactive.config.WebFluxConfigurer' (OnClassCondition)

   FlywayAutoConfiguration:
      Did not match:
         - @ConditionalOnClass did not find required class 'org.flywaydb.core.Flyway' (OnClassCondition)

   FreeMarkerAutoConfiguration:
      Did not match:
         - @ConditionalOnClass did not find required class 'freemarker.template.Configuration' (OnClassCondition)

   GroovyTemplateAutoConfiguration:
      Did not match:
         - @ConditionalOnClass did not find required class 'groovy.text.markup.MarkupTemplateEngine' (OnClassCondition)

   GsonAutoConfiguration:
      Did not match:
         - @ConditionalOnClass did not find required class 'com.google.gson.Gson' (OnClassCondition)

   GsonHttpMessageConvertersConfiguration:
      Did not match:
         - @ConditionalOnClass did not find required class 'com.google.gson.Gson' (OnClassCondition)

   H2ConsoleAutoConfiguration:
      Did not match:
         - @ConditionalOnClass did not find required class 'org.h2.server.web.WebServlet' (OnClassCondition)

   HazelcastAutoConfiguration:
      Did not match:
         - @ConditionalOnClass did not find required class 'com.hazelcast.core.HazelcastInstance' (OnClassCondition)

   HazelcastCacheConfiguration:
      Did not match:
         - @ConditionalOnClass did not find required classes 'com.hazelcast.core.HazelcastInstance', 'com.hazelcast.spring.cache.HazelcastCacheManager' (OnClassCondition)

   HazelcastJpaDependencyAutoConfiguration:
      Did not match:
         - @ConditionalOnClass did not find required class 'com.hazelcast.core.HazelcastInstance' (OnClassCondition)

   HttpHandlerAutoConfiguration:
      Did not match:
         - @ConditionalOnClass did not find required class 'org.springframework.web.reactive.DispatcherHandler' (OnClassCondition)

   HypermediaAutoConfiguration:
      Did not match:
         - @ConditionalOnClass did not find required class 'org.springframework.hateoas.Resource' (OnClassCondition)

   InfinispanCacheConfiguration:
      Did not match:
         - @ConditionalOnClass did not find required class 'org.infinispan.spring.provider.SpringEmbeddedCacheManager' (OnClassCondition)

   InfluxDbAutoConfiguration:
      Did not match:
         - @ConditionalOnClass did not find required class 'org.influxdb.InfluxDB' (OnClassCondition)

   IntegrationAutoConfiguration:
      Did not match:
         - @ConditionalOnClass did not find required class 'org.springframework.integration.config.EnableIntegration' (OnClassCondition)

   JCacheCacheConfiguration:
      Did not match:
         - @ConditionalOnClass did not find required classes 'javax.cache.Caching', 'org.springframework.cache.jcache.JCacheCacheManager' (OnClassCondition)

   JacksonAutoConfiguration.JodaDateTimeJacksonConfiguration:
      Did not match:
         - @ConditionalOnClass did not find required classes 'org.joda.time.DateTime', 'com.fasterxml.jackson.datatype.joda.ser.DateTimeSerializer', 'com.fasterxml.jackson.datatype.joda.cfg.JacksonJodaDateFormat' (OnClassCondition)

   JacksonHttpMessageConvertersConfiguration.MappingJackson2XmlHttpMessageConverterConfiguration:
      Did not match:
         - @ConditionalOnClass did not find required class 'com.fasterxml.jackson.dataformat.xml.XmlMapper' (OnClassCondition)

   JdbcRepositoriesAutoConfiguration:
      Did not match:
         - @ConditionalOnClass did not find required class 'org.springframework.data.jdbc.repository.config.JdbcConfiguration' (OnClassCondition)

   JerseyAutoConfiguration:
      Did not match:
         - @ConditionalOnClass did not find required class 'org.glassfish.jersey.server.spring.SpringComponentProvider' (OnClassCondition)

   JestAutoConfiguration:
      Did not match:
         - @ConditionalOnClass did not find required class 'io.searchbox.client.JestClient' (OnClassCondition)

   JmsAutoConfiguration:
      Did not match:
         - @ConditionalOnClass did not find required class 'javax.jms.Message' (OnClassCondition)

   JmxAutoConfiguration:
      Did not match:
         - @ConditionalOnProperty (spring.jmx.enabled=true) found different value in property 'enabled' (OnPropertyCondition)
      Matched:
         - @ConditionalOnClass found required class 'org.springframework.jmx.export.MBeanExporter' (OnClassCondition)

   JndiConnectionFactoryAutoConfiguration:
      Did not match:
         - @ConditionalOnClass did not find required class 'org.springframework.jms.core.JmsTemplate' (OnClassCondition)

   JndiDataSourceAutoConfiguration:
      Did not match:
         - @ConditionalOnProperty (spring.datasource.jndi-name) did not find property 'jndi-name' (OnPropertyCondition)
      Matched:
         - @ConditionalOnClass found required classes 'javax.sql.DataSource', 'org.springframework.jdbc.datasource.embedded.EmbeddedDatabaseType' (OnClassCondition)

   JndiJtaConfiguration:
      Did not match:
         - @ConditionalOnJndi JNDI environment is not available (OnJndiCondition)
      Matched:
         - @ConditionalOnClass found required class 'org.springframework.transaction.jta.JtaTransactionManager' (OnClassCondition)

   JooqAutoConfiguration:
      Did not match:
         - @ConditionalOnClass did not find required class 'org.jooq.DSLContext' (OnClassCondition)

   JpaRepositoriesAutoConfiguration#entityManagerFactoryBootstrapExecutorCustomizer:
      Did not match:
         - AnyNestedCondition 0 matched 2 did not; NestedCondition on JpaRepositoriesAutoConfiguration.BootstrapExecutorCondition.LazyBootstrapMode @ConditionalOnProperty (spring.data.jpa.repositories.bootstrap-mode=lazy) did not find property 'bootstrap-mode'; NestedCondition on JpaRepositoriesAutoConfiguration.BootstrapExecutorCondition.DeferredBootstrapMode @ConditionalOnProperty (spring.data.jpa.repositories.bootstrap-mode=deferred) did not find property 'bootstrap-mode' (JpaRepositoriesAutoConfiguration.BootstrapExecutorCondition)

   JsonbAutoConfiguration:
      Did not match:
         - @ConditionalOnClass did not find required class 'javax.json.bind.Jsonb' (OnClassCondition)

   JsonbHttpMessageConvertersConfiguration:
      Did not match:
         - @ConditionalOnClass did not find required class 'javax.json.bind.Jsonb' (OnClassCondition)

   KafkaAutoConfiguration:
      Did not match:
         - @ConditionalOnClass did not find required class 'org.springframework.kafka.core.KafkaTemplate' (OnClassCondition)

   LdapAutoConfiguration:
      Did not match:
         - @ConditionalOnClass did not find required class 'org.springframework.ldap.core.ContextSource' (OnClassCondition)

   LdapRepositoriesAutoConfiguration:
      Did not match:
         - @ConditionalOnClass did not find required class 'org.springframework.data.ldap.repository.LdapRepository' (OnClassCondition)

   LiquibaseAutoConfiguration:
      Did not match:
         - @ConditionalOnClass did not find required class 'liquibase.change.DatabaseChange' (OnClassCondition)

   MailSenderAutoConfiguration:
      Did not match:
         - @ConditionalOnClass did not find required class 'javax.mail.internet.MimeMessage' (OnClassCondition)

   MailSenderValidatorAutoConfiguration:
      Did not match:
         - @ConditionalOnSingleCandidate did not find required type 'org.springframework.mail.javamail.JavaMailSenderImpl' (OnBeanCondition)

   MessageSourceAutoConfiguration:
      Did not match:
         - ResourceBundle did not find bundle with basename messages (MessageSourceAutoConfiguration.ResourceBundleCondition)

   MongoAutoConfiguration:
      Did not match:
         - @ConditionalOnClass did not find required class 'com.mongodb.MongoClient' (OnClassCondition)

   MongoDataAutoConfiguration:
      Did not match:
         - @ConditionalOnClass did not find required class 'com.mongodb.client.MongoClient' (OnClassCondition)

   MongoReactiveAutoConfiguration:
      Did not match:
         - @ConditionalOnClass did not find required class 'com.mongodb.reactivestreams.client.MongoClient' (OnClassCondition)

   MongoReactiveDataAutoConfiguration:
      Did not match:
         - @ConditionalOnClass did not find required class 'com.mongodb.reactivestreams.client.MongoClient' (OnClassCondition)

   MongoReactiveRepositoriesAutoConfiguration:
      Did not match:
         - @ConditionalOnClass did not find required class 'com.mongodb.reactivestreams.client.MongoClient' (OnClassCondition)

   MongoRepositoriesAutoConfiguration:
      Did not match:
         - @ConditionalOnClass did not find required class 'com.mongodb.MongoClient' (OnClassCondition)

   MustacheAutoConfiguration:
      Did not match:
         - @ConditionalOnClass did not find required class 'com.samskivert.mustache.Mustache' (OnClassCondition)

   Neo4jDataAutoConfiguration:
      Did not match:
         - @ConditionalOnClass did not find required class 'org.neo4j.ogm.session.SessionFactory' (OnClassCondition)

   Neo4jRepositoriesAutoConfiguration:
      Did not match:
         - @ConditionalOnClass did not find required class 'org.neo4j.ogm.session.Neo4jSession' (OnClassCondition)

   OAuth2ClientAutoConfiguration:
      Did not match:
         - @ConditionalOnClass did not find required class 'org.springframework.security.config.annotation.web.configuration.EnableWebSecurity' (OnClassCondition)

   OAuth2ResourceServerAutoConfiguration:
      Did not match:
         - @ConditionalOnClass did not find required class 'org.springframework.security.oauth2.jwt.JwtDecoder' (OnClassCondition)

   ProjectInfoAutoConfiguration#buildProperties:
      Did not match:
         - @ConditionalOnResource did not find resource '${spring.info.build.location:classpath:META-INF/build-info.properties}' (OnResourceCondition)

   ProjectInfoAutoConfiguration#gitProperties:
      Did not match:
         - GitResource did not find git info at classpath:git.properties (ProjectInfoAutoConfiguration.GitResourceAvailableCondition)

   QuartzAutoConfiguration:
      Did not match:
         - @ConditionalOnClass did not find required class 'org.quartz.Scheduler' (OnClassCondition)

   RabbitAutoConfiguration:
      Did not match:
         - @ConditionalOnClass did not find required class 'com.rabbitmq.client.Channel' (OnClassCondition)

   ReactiveOAuth2ClientAutoConfiguration:
      Did not match:
         - @ConditionalOnClass did not find required class 'reactor.core.publisher.Flux' (OnClassCondition)

   ReactiveOAuth2ResourceServerAutoConfiguration:
      Did not match:
         - @ConditionalOnClass did not find required class 'org.springframework.security.config.annotation.web.reactive.EnableWebFluxSecurity' (OnClassCondition)

   ReactiveSecurityAutoConfiguration:
      Did not match:
         - @ConditionalOnClass did not find required class 'reactor.core.publisher.Flux' (OnClassCondition)

   ReactiveUserDetailsServiceAutoConfiguration:
      Did not match:
         - @ConditionalOnClass did not find required class 'org.springframework.security.authentication.ReactiveAuthenticationManager' (OnClassCondition)

   ReactiveWebServerFactoryAutoConfiguration:
      Did not match:
         - @ConditionalOnWebApplication did not find reactive web application classes (OnWebApplicationCondition)

   ReactorCoreAutoConfiguration:
      Did not match:
         - @ConditionalOnClass did not find required class 'reactor.core.publisher.Flux' (OnClassCondition)

   RedisAutoConfiguration:
      Did not match:
         - @ConditionalOnClass did not find required class 'org.springframework.data.redis.core.RedisOperations' (OnClassCondition)

   RedisCacheConfiguration:
      Did not match:
         - @ConditionalOnClass did not find required class 'org.springframework.data.redis.connection.RedisConnectionFactory' (OnClassCondition)

   RedisReactiveAutoConfiguration:
      Did not match:
         - @ConditionalOnClass did not find required class 'reactor.core.publisher.Flux' (OnClassCondition)

   RedisRepositoriesAutoConfiguration:
      Did not match:
         - @ConditionalOnClass did not find required class 'org.springframework.data.redis.repository.configuration.EnableRedisRepositories' (OnClassCondition)

   RepositoryRestMvcAutoConfiguration:
      Did not match:
         - @ConditionalOnClass did not find required class 'org.springframework.data.rest.webmvc.config.RepositoryRestMvcConfiguration' (OnClassCondition)

   RestClientAutoConfiguration:
      Did not match:
         - @ConditionalOnClass did not find required class 'org.elasticsearch.client.RestClient' (OnClassCondition)

   SecurityAutoConfiguration:
      Did not match:
         - @ConditionalOnClass did not find required class 'org.springframework.security.authentication.DefaultAuthenticationEventPublisher' (OnClassCondition)

   SecurityFilterAutoConfiguration:
      Did not match:
         - @ConditionalOnClass did not find required class 'org.springframework.security.config.http.SessionCreationPolicy' (OnClassCondition)

   SecurityRequestMatcherProviderAutoConfiguration:
      Did not match:
         - @ConditionalOnClass did not find required class 'org.springframework.security.web.util.matcher.RequestMatcher' (OnClassCondition)

   SendGridAutoConfiguration:
      Did not match:
         - @ConditionalOnClass did not find required class 'com.sendgrid.SendGrid' (OnClassCondition)

   ServletWebServerFactoryConfiguration.EmbeddedJetty:
      Did not match:
         - @ConditionalOnClass did not find required classes 'org.eclipse.jetty.server.Server', 'org.eclipse.jetty.util.Loader', 'org.eclipse.jetty.webapp.WebAppContext' (OnClassCondition)

   ServletWebServerFactoryConfiguration.EmbeddedUndertow:
      Did not match:
         - @ConditionalOnClass did not find required classes 'io.undertow.Undertow', 'org.xnio.SslClientAuthMode' (OnClassCondition)

   SessionAutoConfiguration:
      Did not match:
         - @ConditionalOnClass did not find required class 'org.springframework.session.Session' (OnClassCondition)

   SolrAutoConfiguration:
      Did not match:
         - @ConditionalOnClass did not find required class 'org.apache.solr.client.solrj.impl.CloudSolrClient' (OnClassCondition)

   SolrRepositoriesAutoConfiguration:
      Did not match:
         - @ConditionalOnClass did not find required class 'org.apache.solr.client.solrj.SolrClient' (OnClassCondition)

   SpringApplicationAdminJmxAutoConfiguration:
      Did not match:
         - @ConditionalOnProperty (spring.application.admin.enabled=true) did not find property 'enabled' (OnPropertyCondition)

   TaskSchedulingAutoConfiguration#taskScheduler:
      Did not match:
         - @ConditionalOnBean (names: org.springframework.context.annotation.internalScheduledAnnotationProcessor; SearchStrategy: all) did not find any beans named org.springframework.context.annotation.internalScheduledAnnotationProcessor (OnBeanCondition)

   ThymeleafAutoConfiguration.DataAttributeDialectConfiguration:
      Did not match:
         - @ConditionalOnClass did not find required class 'com.github.mxab.thymeleaf.extras.dataattribute.dialect.DataAttributeDialect' (OnClassCondition)

   ThymeleafAutoConfiguration.ThymeleafReactiveConfiguration:
      Did not match:
         - did not find reactive web application classes (OnWebApplicationCondition)

   ThymeleafAutoConfiguration.ThymeleafSecurityDialectConfiguration:
      Did not match:
         - @ConditionalOnClass did not find required class 'org.thymeleaf.extras.springsecurity5.dialect.SpringSecurityDialect' (OnClassCondition)

   ThymeleafAutoConfiguration.ThymeleafWebFluxConfiguration:
      Did not match:
         - did not find reactive web application classes (OnWebApplicationCondition)

   ThymeleafAutoConfiguration.ThymeleafWebLayoutConfiguration:
      Did not match:
         - @ConditionalOnClass did not find required class 'nz.net.ultraq.thymeleaf.LayoutDialect' (OnClassCondition)

   ThymeleafAutoConfiguration.ThymeleafWebMvcConfiguration#resourceUrlEncodingFilter:
      Did not match:
         - @ConditionalOnEnabledResourceChain did not find class org.webjars.WebJarAssetLocator (OnEnabledResourceChainCondition)

   TransactionAutoConfiguration.EnableTransactionManagementConfiguration.JdkDynamicAutoProxyConfiguration:
      Did not match:
         - @ConditionalOnProperty (spring.aop.proxy-target-class=false) did not find property 'proxy-target-class' (OnPropertyCondition)

   UserDetailsServiceAutoConfiguration:
      Did not match:
         - @ConditionalOnClass did not find required class 'org.springframework.security.authentication.AuthenticationManager' (OnClassCondition)

   WebClientAutoConfiguration:
      Did not match:
         - @ConditionalOnClass did not find required class 'org.springframework.web.reactive.function.client.WebClient' (OnClassCondition)

   WebFluxAutoConfiguration:
      Did not match:
         - @ConditionalOnClass did not find required class 'org.springframework.web.reactive.config.WebFluxConfigurer' (OnClassCondition)

   WebMvcAutoConfiguration:
      Did not match:
         - @ConditionalOnMissingBean (types: org.springframework.web.servlet.config.annotation.WebMvcConfigurationSupport; SearchStrategy: all) found beans of type 'org.springframework.web.servlet.config.annotation.WebMvcConfigurationSupport' springWebMvcConfig (OnBeanCondition)
      Matched:
         - @ConditionalOnClass found required classes 'javax.servlet.Servlet', 'org.springframework.web.servlet.DispatcherServlet', 'org.springframework.web.servlet.config.annotation.WebMvcConfigurer' (OnClassCondition)
         - found 'session' scope (OnWebApplicationCondition)

   WebMvcAutoConfiguration.ResourceChainCustomizerConfiguration:
      Did not match:
         - @ConditionalOnEnabledResourceChain did not find class org.webjars.WebJarAssetLocator (OnEnabledResourceChainCondition)
         - Ancestor org.springframework.boot.autoconfigure.web.servlet.WebMvcAutoConfiguration did not match (ConditionEvaluationReport.AncestorsMatchedCondition)

   WebMvcAutoConfiguration.WebMvcAutoConfigurationAdapter.FaviconConfiguration:
      Did not match:
         - Ancestor org.springframework.boot.autoconfigure.web.servlet.WebMvcAutoConfiguration did not match (ConditionEvaluationReport.AncestorsMatchedCondition)
      Matched:
         - @ConditionalOnProperty (spring.mvc.favicon.enabled) matched (OnPropertyCondition)

   WebServiceTemplateAutoConfiguration:
      Did not match:
         - @ConditionalOnClass did not find required class 'org.springframework.oxm.Marshaller' (OnClassCondition)

   WebServicesAutoConfiguration:
      Did not match:
         - @ConditionalOnClass did not find required class 'org.springframework.ws.transport.http.MessageDispatcherServlet' (OnClassCondition)

   WebSocketMessagingAutoConfiguration:
      Did not match:
         - @ConditionalOnClass did not find required class 'org.springframework.web.socket.config.annotation.WebSocketMessageBrokerConfigurer' (OnClassCondition)

   WebSocketReactiveAutoConfiguration:
      Did not match:
         - @ConditionalOnWebApplication did not find reactive web application classes (OnWebApplicationCondition)

   WebSocketServletAutoConfiguration.JettyWebSocketConfiguration:
      Did not match:
         - @ConditionalOnClass did not find required class 'org.eclipse.jetty.websocket.jsr356.server.deploy.WebSocketServerContainerInitializer' (OnClassCondition)

   WebSocketServletAutoConfiguration.UndertowWebSocketConfiguration:
      Did not match:
         - @ConditionalOnClass did not find required class 'io.undertow.websockets.jsr.Bootstrap' (OnClassCondition)

   XADataSourceAutoConfiguration:
      Did not match:
         - @ConditionalOnBean (types: org.springframework.boot.jdbc.XADataSourceWrapper; SearchStrategy: all) did not find any beans of type org.springframework.boot.jdbc.XADataSourceWrapper (OnBeanCondition)
      Matched:
         - @ConditionalOnClass found required classes 'javax.sql.DataSource', 'javax.transaction.TransactionManager', 'org.springframework.jdbc.datasource.embedded.EmbeddedDatabaseType' (OnClassCondition)


Exclusions:
-----------

    None


Unconditional classes:
----------------------

    org.springframework.boot.autoconfigure.context.ConfigurationPropertiesAutoConfiguration

    org.springframework.boot.autoconfigure.context.PropertyPlaceholderAutoConfiguration

    org.springframework.boot.autoconfigure.info.ProjectInfoAutoConfiguration



2019-04-22 16:44:06.664 [INFO ] [o.a.c.http11.Http11NioProtocol] Starting ProtocolHandler ["http-nio-auto-1"]
2019-04-22 16:44:06.728 [INFO ] [o.s.b.w.e.tomcat.TomcatWebServer] Tomcat started on port(s): 60606 (http) with context path ''
2019-04-22 16:44:06.734 [INFO ] [c.w.c.w.c.HomeControllerTest] Started HomeControllerTest in 16.911 seconds (JVM running for 18.46)
2019-04-22 16:44:06.738 [DEBUG] [o.s.t.c.c.DefaultCacheAwareContextLoaderDelegate] Storing ApplicationContext in cache under key [[WebMergedContextConfiguration@17f9d882 testClass = HomeControllerTest, locations = '{}', classes = '{class com.willpower.clap.ServiceApplication}', contextInitializerClasses = '[]', activeProfiles = '{}', propertySourceLocations = '{}', propertySourceProperties = '{org.springframework.boot.test.context.SpringBootTestContextBootstrapper=true, server.port=0}', contextCustomizers = set[org.springframework.boot.test.context.filter.ExcludeFilterContextCustomizer@3911c2a7, org.springframework.boot.test.json.DuplicateJsonObjectContextCustomizerFactory$DuplicateJsonObjectContextCustomizer@76508ed1, org.springframework.boot.test.mock.mockito.MockitoContextCustomizer@0, org.springframework.boot.test.web.client.TestRestTemplateContextCustomizer@50eac852, org.springframework.boot.test.autoconfigure.properties.PropertyMappingContextCustomizer@0, org.springframework.boot.test.autoconfigure.web.servlet.WebDriverContextCustomizerFactory$Customizer@6e171cd7], resourceBasePath = 'src/main/webapp', contextLoader = 'org.springframework.boot.test.context.SpringBootContextLoader', parent = [null]]]
2019-04-22 16:44:06.739 [DEBUG] [o.s.test.context.cache] Spring test ApplicationContext cache statistics: [DefaultContextCache@79445efb size = 1, maxSize = 32, parentContextCount = 0, hitCount = 0, missCount = 1]
2019-04-22 16:44:06.753 [DEBUG] [o.s.t.c.s.AbstractDirtiesContextTestExecutionListener] Before test method: context [DefaultTestContext@1c5920df testClass = HomeControllerTest, testInstance = com.willpower.clap.web.controller.HomeControllerTest@7a35b0f5, testMethod = login@HomeControllerTest, testException = [null], mergedContextConfiguration = [WebMergedContextConfiguration@17f9d882 testClass = HomeControllerTest, locations = '{}', classes = '{class com.willpower.clap.ServiceApplication}', contextInitializerClasses = '[]', activeProfiles = '{}', propertySourceLocations = '{}', propertySourceProperties = '{org.springframework.boot.test.context.SpringBootTestContextBootstrapper=true, server.port=0}', contextCustomizers = set[org.springframework.boot.test.context.filter.ExcludeFilterContextCustomizer@3911c2a7, org.springframework.boot.test.json.DuplicateJsonObjectContextCustomizerFactory$DuplicateJsonObjectContextCustomizer@76508ed1, org.springframework.boot.test.mock.mockito.MockitoContextCustomizer@0, org.springframework.boot.test.web.client.TestRestTemplateContextCustomizer@50eac852, org.springframework.boot.test.autoconfigure.properties.PropertyMappingContextCustomizer@0, org.springframework.boot.test.autoconfigure.web.servlet.WebDriverContextCustomizerFactory$Customizer@6e171cd7], resourceBasePath = 'src/main/webapp', contextLoader = 'org.springframework.boot.test.context.SpringBootContextLoader', parent = [null]], attributes = map['org.springframework.test.context.web.ServletTestExecutionListener.activateListener' -> false]], class annotated with @DirtiesContext [false] with mode [null], method annotated with @DirtiesContext [false] with mode [null].
2019-04-22 16:44:06.764 [DEBUG] [o.s.t.c.c.DefaultCacheAwareContextLoaderDelegate] Retrieved ApplicationContext from cache with key [[WebMergedContextConfiguration@17f9d882 testClass = HomeControllerTest, locations = '{}', classes = '{class com.willpower.clap.ServiceApplication}', contextInitializerClasses = '[]', activeProfiles = '{}', propertySourceLocations = '{}', propertySourceProperties = '{org.springframework.boot.test.context.SpringBootTestContextBootstrapper=true, server.port=0}', contextCustomizers = set[org.springframework.boot.test.context.filter.ExcludeFilterContextCustomizer@3911c2a7, org.springframework.boot.test.json.DuplicateJsonObjectContextCustomizerFactory$DuplicateJsonObjectContextCustomizer@76508ed1, org.springframework.boot.test.mock.mockito.MockitoContextCustomizer@0, org.springframework.boot.test.web.client.TestRestTemplateContextCustomizer@50eac852, org.springframework.boot.test.autoconfigure.properties.PropertyMappingContextCustomizer@0, org.springframework.boot.test.autoconfigure.web.servlet.WebDriverContextCustomizerFactory$Customizer@6e171cd7], resourceBasePath = 'src/main/webapp', contextLoader = 'org.springframework.boot.test.context.SpringBootContextLoader', parent = [null]]]
2019-04-22 16:44:06.764 [DEBUG] [o.s.test.context.cache] Spring test ApplicationContext cache statistics: [DefaultContextCache@79445efb size = 1, maxSize = 32, parentContextCount = 0, hitCount = 1, missCount = 1]
2019-04-22 16:44:06.866 [INFO ] [o.a.c.c.C.[.[localhost].[/]] Initializing Spring TestDispatcherServlet ''
2019-04-22 16:44:06.866 [INFO ] [o.s.t.w.s.TestDispatcherServlet] Initializing Servlet ''
2019-04-22 16:44:06.867 [DEBUG] [o.s.t.w.s.TestDispatcherServlet] Detected StandardServletMultipartResolver
2019-04-22 16:44:06.913 [DEBUG] [o.s.t.w.s.TestDispatcherServlet] enableLoggingRequestDetails='false': request parameters and headers will be masked to prevent unsafe logging of potentially sensitive data
2019-04-22 16:44:06.913 [INFO ] [o.s.t.w.s.TestDispatcherServlet] Completed initialization in 46 ms
2019-04-22 16:44:06.969 [DEBUG] [o.s.t.w.s.TestDispatcherServlet] POST "/login", parameters={masked}
2019-04-22 16:44:06.977 [DEBUG] [o.s.w.s.m.m.a.RequestMappingHandlerMapping] Mapped to public com.willpower.clap.util.ApiResult com.willpower.clap.web.controller.HomeController.login(java.lang.String,java.lang.String,java.util.Map<java.lang.String, java.lang.Object>) throws java.lang.Exception
HomeController.login
2019-04-22 16:44:07.025 [DEBUG] [o.s.t.w.s.TestDispatcherServlet] Failed to complete request: org.apache.shiro.UnavailableSecurityManagerException: No SecurityManager accessible to the calling code, either bound to the org.apache.shiro.util.ThreadContext or as a vm static singleton.  This is an invalid application configuration.
2019-04-22 16:44:07.032 [DEBUG] [o.s.t.c.c.DefaultCacheAwareContextLoaderDelegate] Retrieved ApplicationContext from cache with key [[WebMergedContextConfiguration@17f9d882 testClass = HomeControllerTest, locations = '{}', classes = '{class com.willpower.clap.ServiceApplication}', contextInitializerClasses = '[]', activeProfiles = '{}', propertySourceLocations = '{}', propertySourceProperties = '{org.springframework.boot.test.context.SpringBootTestContextBootstrapper=true, server.port=0}', contextCustomizers = set[org.springframework.boot.test.context.filter.ExcludeFilterContextCustomizer@3911c2a7, org.springframework.boot.test.json.DuplicateJsonObjectContextCustomizerFactory$DuplicateJsonObjectContextCustomizer@76508ed1, org.springframework.boot.test.mock.mockito.MockitoContextCustomizer@0, org.springframework.boot.test.web.client.TestRestTemplateContextCustomizer@50eac852, org.springframework.boot.test.autoconfigure.properties.PropertyMappingContextCustomizer@0, org.springframework.boot.test.autoconfigure.web.servlet.WebDriverContextCustomizerFactory$Customizer@6e171cd7], resourceBasePath = 'src/main/webapp', contextLoader = 'org.springframework.boot.test.context.SpringBootContextLoader', parent = [null]]]
2019-04-22 16:44:07.037 [DEBUG] [o.s.test.context.cache] Spring test ApplicationContext cache statistics: [DefaultContextCache@79445efb size = 1, maxSize = 32, parentContextCount = 0, hitCount = 2, missCount = 1]
2019-04-22 16:44:07.039 [DEBUG] [o.s.t.c.c.DefaultCacheAwareContextLoaderDelegate] Retrieved ApplicationContext from cache with key [[WebMergedContextConfiguration@17f9d882 testClass = HomeControllerTest, locations = '{}', classes = '{class com.willpower.clap.ServiceApplication}', contextInitializerClasses = '[]', activeProfiles = '{}', propertySourceLocations = '{}', propertySourceProperties = '{org.springframework.boot.test.context.SpringBootTestContextBootstrapper=true, server.port=0}', contextCustomizers = set[org.springframework.boot.test.context.filter.ExcludeFilterContextCustomizer@3911c2a7, org.springframework.boot.test.json.DuplicateJsonObjectContextCustomizerFactory$DuplicateJsonObjectContextCustomizer@76508ed1, org.springframework.boot.test.mock.mockito.MockitoContextCustomizer@0, org.springframework.boot.test.web.client.TestRestTemplateContextCustomizer@50eac852, org.springframework.boot.test.autoconfigure.properties.PropertyMappingContextCustomizer@0, org.springframework.boot.test.autoconfigure.web.servlet.WebDriverContextCustomizerFactory$Customizer@6e171cd7], resourceBasePath = 'src/main/webapp', contextLoader = 'org.springframework.boot.test.context.SpringBootContextLoader', parent = [null]]]
2019-04-22 16:44:07.051 [DEBUG] [o.s.test.context.cache] Spring test ApplicationContext cache statistics: [DefaultContextCache@79445efb size = 1, maxSize = 32, parentContextCount = 0, hitCount = 3, missCount = 1]
2019-04-22 16:44:07.054 [DEBUG] [o.s.t.c.c.DefaultCacheAwareContextLoaderDelegate] Retrieved ApplicationContext from cache with key [[WebMergedContextConfiguration@17f9d882 testClass = HomeControllerTest, locations = '{}', classes = '{class com.willpower.clap.ServiceApplication}', contextInitializerClasses = '[]', activeProfiles = '{}', propertySourceLocations = '{}', propertySourceProperties = '{org.springframework.boot.test.context.SpringBootTestContextBootstrapper=true, server.port=0}', contextCustomizers = set[org.springframework.boot.test.context.filter.ExcludeFilterContextCustomizer@3911c2a7, org.springframework.boot.test.json.DuplicateJsonObjectContextCustomizerFactory$DuplicateJsonObjectContextCustomizer@76508ed1, org.springframework.boot.test.mock.mockito.MockitoContextCustomizer@0, org.springframework.boot.test.web.client.TestRestTemplateContextCustomizer@50eac852, org.springframework.boot.test.autoconfigure.properties.PropertyMappingContextCustomizer@0, org.springframework.boot.test.autoconfigure.web.servlet.WebDriverContextCustomizerFactory$Customizer@6e171cd7], resourceBasePath = 'src/main/webapp', contextLoader = 'org.springframework.boot.test.context.SpringBootContextLoader', parent = [null]]]
2019-04-22 16:44:07.055 [DEBUG] [o.s.test.context.cache] Spring test ApplicationContext cache statistics: [DefaultContextCache@79445efb size = 1, maxSize = 32, parentContextCount = 0, hitCount = 4, missCount = 1]
2019-04-22 16:44:07.075 [DEBUG] [o.s.t.c.c.DefaultCacheAwareContextLoaderDelegate] Retrieved ApplicationContext from cache with key [[WebMergedContextConfiguration@17f9d882 testClass = HomeControllerTest, locations = '{}', classes = '{class com.willpower.clap.ServiceApplication}', contextInitializerClasses = '[]', activeProfiles = '{}', propertySourceLocations = '{}', propertySourceProperties = '{org.springframework.boot.test.context.SpringBootTestContextBootstrapper=true, server.port=0}', contextCustomizers = set[org.springframework.boot.test.context.filter.ExcludeFilterContextCustomizer@3911c2a7, org.springframework.boot.test.json.DuplicateJsonObjectContextCustomizerFactory$DuplicateJsonObjectContextCustomizer@76508ed1, org.springframework.boot.test.mock.mockito.MockitoContextCustomizer@0, org.springframework.boot.test.web.client.TestRestTemplateContextCustomizer@50eac852, org.springframework.boot.test.autoconfigure.properties.PropertyMappingContextCustomizer@0, org.springframework.boot.test.autoconfigure.web.servlet.WebDriverContextCustomizerFactory$Customizer@6e171cd7], resourceBasePath = 'src/main/webapp', contextLoader = 'org.springframework.boot.test.context.SpringBootContextLoader', parent = [null]]]
2019-04-22 16:44:07.080 [DEBUG] [o.s.test.context.cache] Spring test ApplicationContext cache statistics: [DefaultContextCache@79445efb size = 1, maxSize = 32, parentContextCount = 0, hitCount = 5, missCount = 1]
2019-04-22 16:44:07.090 [DEBUG] [o.s.t.c.s.AbstractDirtiesContextTestExecutionListener] After test method: context [DefaultTestContext@1c5920df testClass = HomeControllerTest, testInstance = com.willpower.clap.web.controller.HomeControllerTest@7a35b0f5, testMethod = login@HomeControllerTest, testException = org.springframework.web.util.NestedServletException: Request processing failed; nested exception is org.apache.shiro.UnavailableSecurityManagerException: No SecurityManager accessible to the calling code, either bound to the org.apache.shiro.util.ThreadContext or as a vm static singleton.  This is an invalid application configuration., mergedContextConfiguration = [WebMergedContextConfiguration@17f9d882 testClass = HomeControllerTest, locations = '{}', classes = '{class com.willpower.clap.ServiceApplication}', contextInitializerClasses = '[]', activeProfiles = '{}', propertySourceLocations = '{}', propertySourceProperties = '{org.springframework.boot.test.context.SpringBootTestContextBootstrapper=true, server.port=0}', contextCustomizers = set[org.springframework.boot.test.context.filter.ExcludeFilterContextCustomizer@3911c2a7, org.springframework.boot.test.json.DuplicateJsonObjectContextCustomizerFactory$DuplicateJsonObjectContextCustomizer@76508ed1, org.springframework.boot.test.mock.mockito.MockitoContextCustomizer@0, org.springframework.boot.test.web.client.TestRestTemplateContextCustomizer@50eac852, org.springframework.boot.test.autoconfigure.properties.PropertyMappingContextCustomizer@0, org.springframework.boot.test.autoconfigure.web.servlet.WebDriverContextCustomizerFactory$Customizer@6e171cd7], resourceBasePath = 'src/main/webapp', contextLoader = 'org.springframework.boot.test.context.SpringBootContextLoader', parent = [null]], attributes = map['org.springframework.test.context.web.ServletTestExecutionListener.activateListener' -> false]], class annotated with @DirtiesContext [false] with mode [null], method annotated with @DirtiesContext [false] with mode [null].
]]></system-out>
    <system-err><![CDATA[Mon Apr 22 16:43:57 CST 2019 WARN: Establishing SSL connection without server's identity verification is not recommended. According to MySQL 5.5.45+, 5.6.26+ and 5.7.6+ requirements SSL connection must be established by default if explicit option isn't set. For compliance with existing applications not using SSL the verifyServerCertificate property is set to 'false'. You need either to explicitly disable SSL by setting useSSL=false, or set useSSL=true and provide truststore for server certificate verification.
Mon Apr 22 16:43:57 CST 2019 WARN: Establishing SSL connection without server's identity verification is not recommended. According to MySQL 5.5.45+, 5.6.26+ and 5.7.6+ requirements SSL connection must be established by default if explicit option isn't set. For compliance with existing applications not using SSL the verifyServerCertificate property is set to 'false'. You need either to explicitly disable SSL by setting useSSL=false, or set useSSL=true and provide truststore for server certificate verification.
Mon Apr 22 16:43:57 CST 2019 WARN: Establishing SSL connection without server's identity verification is not recommended. According to MySQL 5.5.45+, 5.6.26+ and 5.7.6+ requirements SSL connection must be established by default if explicit option isn't set. For compliance with existing applications not using SSL the verifyServerCertificate property is set to 'false'. You need either to explicitly disable SSL by setting useSSL=false, or set useSSL=true and provide truststore for server certificate verification.
Mon Apr 22 16:43:57 CST 2019 WARN: Establishing SSL connection without server's identity verification is not recommended. According to MySQL 5.5.45+, 5.6.26+ and 5.7.6+ requirements SSL connection must be established by default if explicit option isn't set. For compliance with existing applications not using SSL the verifyServerCertificate property is set to 'false'. You need either to explicitly disable SSL by setting useSSL=false, or set useSSL=true and provide truststore for server certificate verification.
Mon Apr 22 16:43:57 CST 2019 WARN: Establishing SSL connection without server's identity verification is not recommended. According to MySQL 5.5.45+, 5.6.26+ and 5.7.6+ requirements SSL connection must be established by default if explicit option isn't set. For compliance with existing applications not using SSL the verifyServerCertificate property is set to 'false'. You need either to explicitly disable SSL by setting useSSL=false, or set useSSL=true and provide truststore for server certificate verification.
Mon Apr 22 16:43:57 CST 2019 WARN: Establishing SSL connection without server's identity verification is not recommended. According to MySQL 5.5.45+, 5.6.26+ and 5.7.6+ requirements SSL connection must be established by default if explicit option isn't set. For compliance with existing applications not using SSL the verifyServerCertificate property is set to 'false'. You need either to explicitly disable SSL by setting useSSL=false, or set useSSL=true and provide truststore for server certificate verification.
Mon Apr 22 16:43:58 CST 2019 WARN: Establishing SSL connection without server's identity verification is not recommended. According to MySQL 5.5.45+, 5.6.26+ and 5.7.6+ requirements SSL connection must be established by default if explicit option isn't set. For compliance with existing applications not using SSL the verifyServerCertificate property is set to 'false'. You need either to explicitly disable SSL by setting useSSL=false, or set useSSL=true and provide truststore for server certificate verification.
Mon Apr 22 16:43:58 CST 2019 WARN: Establishing SSL connection without server's identity verification is not recommended. According to MySQL 5.5.45+, 5.6.26+ and 5.7.6+ requirements SSL connection must be established by default if explicit option isn't set. For compliance with existing applications not using SSL the verifyServerCertificate property is set to 'false'. You need either to explicitly disable SSL by setting useSSL=false, or set useSSL=true and provide truststore for server certificate verification.
Mon Apr 22 16:43:58 CST 2019 WARN: Establishing SSL connection without server's identity verification is not recommended. According to MySQL 5.5.45+, 5.6.26+ and 5.7.6+ requirements SSL connection must be established by default if explicit option isn't set. For compliance with existing applications not using SSL the verifyServerCertificate property is set to 'false'. You need either to explicitly disable SSL by setting useSSL=false, or set useSSL=true and provide truststore for server certificate verification.
Mon Apr 22 16:43:58 CST 2019 WARN: Establishing SSL connection without server's identity verification is not recommended. According to MySQL 5.5.45+, 5.6.26+ and 5.7.6+ requirements SSL connection must be established by default if explicit option isn't set. For compliance with existing applications not using SSL the verifyServerCertificate property is set to 'false'. You need either to explicitly disable SSL by setting useSSL=false, or set useSSL=true and provide truststore for server certificate verification.
]]></system-err>
  </testcase>
</testsuite>